NODE_103_length_1350_cov_88.2718_ID_32116	CR382136.2	96.67	1351	37	8	1	1347	210483	211829	0.0	2239.0
NODE_103_length_1350_cov_88.2718_ID_32116	CR382138.2	96.45	1354	40	8	1	1350	344108	342759	0.0	2228.0
NODE_43_length_49480_cov_37.8212_ID_16377	CR382135.2	95.51	1603	58	13	12145	13741	580488	578894	0.0	2549.0
NODE_1_length_868079_cov_35.4867_ID_3457	CR382136.2	94.96	1111	39	16	21670	22771	781787	782889	0.0	1725.0
NODE_1_length_868079_cov_35.4867_ID_3457	CR382136.2	94.51	2512	114	24	287443	289943	1061683	1064181	0.0	3853.0
NODE_5_length_492603_cov_35.8368_ID_3167	CR382136.2	94.07	1215	51	18	367211	368416	1453447	1454649	0.0	1825.0
NODE_44_length_44469_cov_37.7959_ID_14331	CR382134.2	93.88	1339	65	16	24955	26284	87381	86051	0.0	2002.0
NODE_26_length_188724_cov_36.181_ID_10266	CR382136.2	93.33	1319	64	23	181766	183074	685928	687232	0.0	1927.0
NODE_68_length_4005_cov_29.0228_ID_19172	CR382137.2	93.14	1923	101	25	943	2853	23330	25233	0.0	2791.0
NODE_68_length_4005_cov_29.0228_ID_19172	CR382133.2	92.87	1613	93	16	1211	2816	1235261	1233664	0.0	2322.0
NODE_7_length_477912_cov_33.9664_ID_3898	CR382133.2	92.8	3599	190	63	438327	441893	725345	721784	0.0	5147.0
NODE_5_length_492603_cov_35.8368_ID_3167	CR382136.2	92.78	1385	73	23	290070	291435	1375556	1376932	0.0	1978.0
NODE_83_length_2082_cov_74.7282_ID_32194	CR382138.2	91.81	1637	103	20	396	2028	2300080	2301689	0.0	2252.0
NODE_83_length_2082_cov_74.7282_ID_32194	CR382139.2	91.68	1647	104	27	396	2028	8330	6703	0.0	2252.0
NODE_83_length_2082_cov_74.7282_ID_32194	CR382138.2	91.62	1646	110	22	396	2028	4966	3336	0.0	2250.0
NODE_30_length_154374_cov_33.7699_ID_5271	CR382138.2	91.5	3389	274	11	105223	108605	1501950	1505330	0.0	4650.0
NODE_9_length_405733_cov_34.5204_ID_6323	CR382138.2	91.39	2486	169	38	11322	13788	355101	357560	0.0	3363.0
NODE_62_length_5509_cov_765.714_ID_31570	CR382137.2	91.35	3065	235	30	2460	5509	7735	10784	0.0	4165.0
NODE_3_length_610127_cov_34.1103_ID_9381	CR382137.2	91.16	2263	178	20	82872	85121	612499	614752	0.0	3051.0
NODE_113_length_1143_cov_1140.03_ID_30681	CR382137.2	91.02	1091	86	12	59	1143	9700	10784	0.0	1461.0
NODE_83_length_2082_cov_74.7282_ID_32194	CR382135.2	91.01	1646	111	27	396	2028	5415	3794	0.0	2185.0
NODE_3_length_610127_cov_34.1103_ID_9381	CR382137.2	90.95	1481	99	29	434064	435525	961540	963004	0.0	1960.0
NODE_17_length_261917_cov_32.8292_ID_15277	CR382137.2	90.95	1481	99	29	174603	176064	963004	961540	0.0	1960.0
NODE_1_length_868079_cov_35.4867_ID_3457	CR382138.2	90.9	1307	111	8	782578	783878	2175512	2176816	0.0	1748.0
NODE_13_length_281259_cov_34.196_ID_5079	CR382138.2	90.91	1166	68	33	116680	117833	174419	175558	0.0	1531.0
NODE_83_length_2082_cov_74.7282_ID_32194	CR382133.2	90.88	1655	105	31	396	2028	6116	4486	0.0	2178.0
NODE_27_length_180801_cov_34.1253_ID_5551	CR382135.2	90.59	1923	149	29	48026	49930	1513432	1511524	0.0	2519.0
NODE_2_length_632767_cov_34.637_ID_14960	CR382138.2	90.56	2002	144	37	555929	557904	824624	822642	0.0	2608.0
NODE_113_length_1143_cov_1140.03_ID_30681	CR382136.2	90.5	1000	81	13	70	1063	19424	20415	0.0	1308.0
NODE_18_length_256572_cov_33.9778_ID_8571	CR382139.2	90.43	2142	172	33	41381	43506	244896	242772	0.0	2789.0
NODE_8_length_420801_cov_34.7658_ID_10030	CR382134.2	90.35	2094	181	20	193510	195590	384358	386443	0.0	2728.0
NODE_7_length_477912_cov_33.9664_ID_3898	CR382133.2	90.34	1139	71	28	16024	17129	1174026	1172894	0.0	1458.0
NODE_8_length_420801_cov_34.7658_ID_10030	CR382134.2	90.32	2480	174	49	399852	402314	594652	597082	0.0	3190.0
NODE_24_length_209967_cov_36.188_ID_7943	CR382134.2	90.31	1569	80	57	160790	162325	1204454	1205983	0.0	1989.0
NODE_8_length_420801_cov_34.7658_ID_10030	CR382134.2	90.28	1482	99	33	70747	72205	255405	256864	0.0	1897.0
NODE_2_length_632767_cov_34.637_ID_14960	CR382138.2	90.28	1163	61	47	98385	99518	1290939	1289800	0.0	1474.0
NODE_1_length_868079_cov_35.4867_ID_3457	CR382138.2	90.25	1497	120	23	817896	819380	2211171	2212653	0.0	1932.0
NODE_26_length_188724_cov_36.181_ID_10266	CR382136.2	90.21	1788	145	22	5238	7017	500421	502186	0.0	2305.0
NODE_4_length_568668_cov_34.0918_ID_5933	CR382137.2	90.19	2131	183	22	184398	186518	1533270	1531156	0.0	2754.0
NODE_62_length_5509_cov_765.714_ID_31570	CR382138.2	90.09	1918	164	25	3522	5426	2297036	2295132	0.0	2466.0
NODE_8_length_420801_cov_34.7658_ID_10030	CR382134.2	90.08	1432	113	26	28169	29588	212675	214089	0.0	1831.0
NODE_65_length_5096_cov_54.9155_ID_18888	CR382138.2	89.96	1983	168	30	540	2503	2291674	2293644	0.0	2531.0
NODE_20_length_253091_cov_31.9017_ID_7645	CR382139.2	89.95	2329	190	39	37201	39501	1986304	1983992	0.0	2964.0
NODE_5_length_492603_cov_35.8368_ID_3167	CR382138.2	89.94	3925	375	17	95351	99264	1798890	1802805	0.0	5042.0
NODE_1_length_868079_cov_35.4867_ID_3457	CR382136.2	89.93	2255	146	61	227059	229276	1002162	1004372	0.0	2832.0
NODE_24_length_209967_cov_36.188_ID_7943	CR382134.2	89.9	1812	131	47	157029	158813	1200646	1202432	0.0	2285.0
NODE_3_length_610127_cov_34.1103_ID_9381	CR382137.2	89.84	2382	167	57	594412	596760	1123253	1125592	0.0	2988.0
NODE_17_length_261917_cov_32.8292_ID_15277	CR382137.2	89.84	2382	167	57	13368	15716	1125592	1123253	0.0	2988.0
NODE_27_length_180801_cov_34.1253_ID_5551	CR382135.2	89.83	1278	73	47	175248	176490	1370284	1369029	0.0	1587.0
NODE_14_length_281205_cov_35.3676_ID_4577	CR382135.2	89.77	3969	361	41	41105	45053	836056	832113	0.0	5038.0
NODE_22_length_220368_cov_33.797_ID_9083	CR382137.2	89.74	3811	307	78	178305	182074	312964	309197	0.0	4795.0
NODE_1_length_868079_cov_35.4867_ID_3457	CR382136.2	89.66	1441	135	14	377571	379005	1152238	1153670	0.0	1823.0
NODE_16_length_262415_cov_32.3107_ID_9639	CR382137.2	89.58	1506	104	25	86083	87554	1897328	1895842	0.0	1862.0
NODE_20_length_253091_cov_31.9017_ID_7645	CR382139.2	89.52	2137	164	46	76227	78334	1947089	1944984	0.0	2651.0
NODE_34_length_120205_cov_33.3615_ID_12456	CR382136.2	89.52	2081	193	24	86444	88510	127208	125139	0.0	2612.0
NODE_65_length_5096_cov_54.9155_ID_18888	CR382134.2	89.44	1998	164	40	543	2517	1323973	1325946	0.0	2477.0
NODE_2_length_632767_cov_34.637_ID_14960	CR382138.2	89.38	6123	523	105	129248	135300	1259005	1252940	0.0	7589.0
NODE_1_length_868079_cov_35.4867_ID_3457	CR382138.2	89.38	2675	244	37	779555	782206	2172470	2175127	0.0	3330.0
NODE_20_length_253091_cov_31.9017_ID_7645	CR382139.2	89.38	1883	163	28	157772	159641	1863752	1861894	0.0	2335.0
NODE_92_length_1843_cov_1156_ID_30433	CR382136.2	89.38	1130	90	21	59	1181	19309	20415	0.0	1395.0
NODE_26_length_188724_cov_36.181_ID_10266	CR382136.2	89.36	4528	373	94	7484	11960	502694	507163	0.0	5590.0
NODE_21_length_250673_cov_35.6228_ID_7397	CR382139.2	89.31	3329	301	50	47798	51100	1170374	1167075	0.0	4124.0
NODE_7_length_477912_cov_33.9664_ID_3898	CR382133.2	89.31	1973	186	23	79541	81500	1109866	1107906	0.0	2451.0
NODE_15_length_270991_cov_35.1685_ID_3788	CR382139.2	89.28	2986	264	44	72603	75557	483381	480421	0.0	3690.0
NODE_2_length_632767_cov_34.637_ID_14960	CR382138.2	89.28	1782	156	30	241655	243409	1142963	1141190	0.0	2200.0
NODE_31_length_146827_cov_33.8537_ID_8789	CR382137.2	89.27	3559	295	71	17222	20739	207316	203804	0.0	4375.0
NODE_33_length_127585_cov_34.6327_ID_5437	CR382138.2	89.23	3799	342	60	21	3779	1574105	1577876	0.0	4687.0
NODE_21_length_250673_cov_35.6228_ID_7397	CR382139.2	89.23	3769	341	57	122832	126567	1095133	1091397	0.0	4650.0
NODE_37_length_94236_cov_36.9742_ID_19563	CR382135.2	89.23	2274	163	75	59819	62049	947939	950173	0.0	2767.0
NODE_62_length_5509_cov_765.714_ID_31570	CR382136.2	89.21	1214	101	21	4223	5429	19225	20415	0.0	1489.0
NODE_92_length_1843_cov_1156_ID_30433	CR382138.2	89.21	1131	100	21	59	1178	2296251	2295132	0.0	1393.0
NODE_113_length_1143_cov_1140.03_ID_30681	CR382136.2	89.21	1001	93	15	61	1053	58195	59188	0.0	1236.0
NODE_3_length_610127_cov_34.1103_ID_9381	CR382137.2	89.18	6680	588	120	58320	64928	586402	593017	0.0	8205.0
NODE_14_length_281205_cov_35.3676_ID_4577	CR382135.2	89.16	1836	162	31	89382	91194	787715	785894	0.0	2254.0
NODE_4_length_568668_cov_34.0918_ID_5933	CR382137.2	89.1	5230	459	90	547958	553125	1159705	1154525	0.0	6397.0
NODE_6_length_488230_cov_34.2678_ID_6955	CR382135.2	89.14	3774	363	45	444717	448464	488668	492420	0.0	4654.0
NODE_15_length_270991_cov_35.1685_ID_3788	CR382139.2	89.12	2418	211	51	56389	58782	499549	497160	0.0	2961.0
NODE_15_length_270991_cov_35.1685_ID_3788	CR382139.2	89.12	1847	176	24	230786	232621	327039	325207	0.0	2274.0
NODE_24_length_209967_cov_36.188_ID_7943	CR382134.2	89.12	1764	162	27	132039	133787	1175286	1177034	0.0	2167.0
NODE_11_length_330750_cov_34.3281_ID_10803	CR382133.2	89.12	1517	129	31	114126	115621	474898	476399	0.0	1855.0
NODE_3_length_610127_cov_34.1103_ID_9381	CR382137.2	89.11	2359	191	55	123761	126089	654409	656731	0.0	2872.0
NODE_1_length_868079_cov_35.4867_ID_3457	CR382136.2	89.11	2176	195	37	404902	407053	1179703	1181860	0.0	2667.0
NODE_20_length_253091_cov_31.9017_ID_7645	CR382139.2	89.09	1805	153	40	74306	76082	1949009	1947221	0.0	2202.0
NODE_34_length_120205_cov_33.3615_ID_12456	CR382136.2	89.07	1400	120	28	84539	85923	114367	112986	0.0	1707.0
NODE_26_length_188724_cov_36.181_ID_10266	CR382136.2	89.02	1266	122	13	141949	143204	640414	641672	0.0	1552.0
NODE_7_length_477912_cov_33.9664_ID_3898	CR382133.2	88.81	9624	927	120	280499	290033	889758	880196	0.0	11670.0
NODE_65_length_5096_cov_54.9155_ID_18888	CR382134.2	88.81	2002	167	47	543	2517	1338842	1340813	0.0	2403.0
NODE_6_length_488230_cov_34.2678_ID_6955	CR382135.2	88.7	1354	134	16	319238	320582	354769	356112	0.0	1635.0
NODE_29_length_155608_cov_35.6359_ID_13269	CR382139.2	88.67	3161	271	76	8746	11858	799520	802641	0.0	3773.0
NODE_2_length_632767_cov_34.637_ID_14960	CR382138.2	88.6	2659	261	37	358127	360760	1021589	1018948	0.0	3193.0
NODE_92_length_1843_cov_1156_ID_30433	CR382136.2	88.61	1124	106	22	59	1171	58076	59188	0.0	1347.0
NODE_22_length_220368_cov_33.797_ID_9083	CR382137.2	88.58	4237	398	79	197252	201444	293738	289544	0.0	5064.0
NODE_65_length_5096_cov_54.9155_ID_18888	CR382138.2	88.56	1985	186	35	540	2503	29799	27835	0.0	2370.0
NODE_5_length_492603_cov_35.8368_ID_3167	CR382136.2	88.54	1169	121	11	178381	179540	1263558	1264722	0.0	1404.0
NODE_113_length_1143_cov_1140.03_ID_30681	CR382138.2	88.54	1012	96	19	59	1060	2296133	2295132	0.0	1208.0
NODE_1_length_868079_cov_35.4867_ID_3457	CR382136.2	88.51	1827	184	26	303754	305565	1082345	1084160	0.0	2187.0
NODE_17_length_261917_cov_32.8292_ID_15277	CR382137.2	88.46	1733	167	24	62387	64100	1076638	1074920	0.0	2061.0
NODE_3_length_610127_cov_34.1103_ID_9381	CR382137.2	88.46	1733	167	24	546028	547741	1074920	1076638	0.0	2061.0
NODE_12_length_282693_cov_34.3642_ID_29696	CR382133.2	88.45	4875	466	74	186040	190857	136041	131207	0.0	5794.0
NODE_1_length_868079_cov_35.4867_ID_3457	CR382136.2	88.44	1099	78	45	160400	161474	924987	926060	0.0	1280.0
NODE_65_length_5096_cov_54.9155_ID_18888	CR382135.2	88.42	1995	175	50	540	2506	8548	6582	0.0	2353.0
NODE_1_length_868079_cov_35.4867_ID_3457	CR382136.2	88.41	2537	193	81	13564	16058	773664	776141	0.0	2963.0
NODE_12_length_282693_cov_34.3642_ID_29696	CR382133.2	88.38	1291	128	16	209750	211033	112977	111702	0.0	1533.0
NODE_7_length_477912_cov_33.9664_ID_3898	CR382133.2	88.37	2382	204	61	346203	348547	816654	814309	0.0	2796.0
NODE_6_length_488230_cov_34.2678_ID_6955	CR382135.2	88.35	2086	209	31	425939	428003	469922	471994	0.0	2475.0
NODE_113_length_1143_cov_1140.03_ID_30681	CR382138.2	88.32	1002	95	19	60	1053	22581	23568	0.0	1182.0
NODE_13_length_281259_cov_34.196_ID_5079	CR382138.2	88.29	1196	92	35	118121	119290	175836	177009	0.0	1389.0
NODE_13_length_281259_cov_34.196_ID_5079	CR382138.2	88.28	2014	168	61	39227	41198	94866	96853	0.0	2350.0
NODE_22_length_220368_cov_33.797_ID_9083	CR382137.2	88.28	1280	87	47	74516	75766	423779	422534	0.0	1474.0
NODE_21_length_250673_cov_35.6228_ID_7397	CR382139.2	88.27	5020	491	84	35825	40800	1182387	1177422	0.0	5917.0
NODE_7_length_477912_cov_33.9664_ID_3898	CR382133.2	88.27	1151	118	17	151621	152761	1026669	1025526	0.0	1362.0
NODE_6_length_488230_cov_34.2678_ID_6955	CR382135.2	88.26	2334	240	30	84285	86605	108464	110776	0.0	2761.0
NODE_1_length_868079_cov_35.4867_ID_3457	CR382136.2	88.25	1813	187	24	179773	181571	944369	946169	0.0	2145.0
NODE_6_length_488230_cov_34.2678_ID_6955	CR382133.2	88.24	1046	114	9	19067	20107	9355	8314	0.0	1242.0
NODE_92_length_1843_cov_1156_ID_30433	CR382138.2	88.22	1121	110	19	59	1171	22462	23568	0.0	1319.0
NODE_56_length_9550_cov_32.4313_ID_17571	CR382139.2	88.2	2025	201	38	4524	6529	10745	8740	0.0	2381.0
NODE_37_length_94236_cov_36.9742_ID_19563	CR382135.2	88.17	10844	1067	191	46607	57337	934537	945277	0.0	12720.0
NODE_8_length_420801_cov_34.7658_ID_10030	CR382134.2	88.14	1054	83	41	192308	193337	383166	384201	0.0	1216.0
NODE_15_length_270991_cov_35.1685_ID_3788	CR382139.2	88.12	5448	577	62	215804	221216	341994	336582	0.0	6412.0
NODE_56_length_9550_cov_32.4313_ID_17571	CR382136.2	88.12	2112	209	39	4524	6612	1590780	1592872	0.0	2471.0
NODE_10_length_353885_cov_37.9152_ID_12638	CR382135.2	88.09	2528	247	46	270329	272823	1077504	1074998	0.0	2952.0
NODE_4_length_568668_cov_34.0918_ID_5933	CR382137.2	88.09	2191	231	30	425171	427345	1282008	1279832	0.0	2573.0
NODE_20_length_253091_cov_31.9017_ID_7645	CR382139.2	88.09	1411	129	38	212071	213460	1809146	1807754	0.0	1639.0
NODE_62_length_5509_cov_765.714_ID_31570	CR382138.2	88.08	1158	116	19	4270	5419	22425	23568	0.0	1354.0
NODE_10_length_353885_cov_37.9152_ID_12638	CR382135.2	88.07	6715	663	119	160459	167107	1185138	1178496	0.0	7836.0
NODE_65_length_5096_cov_54.9155_ID_18888	CR382136.2	88.07	1987	195	39	540	2503	1597584	1599551	0.0	2318.0
NODE_8_length_420801_cov_34.7658_ID_10030	CR382134.2	88.02	8675	869	139	19174	27768	203700	212284	0.0	10110.0
NODE_2_length_632767_cov_34.637_ID_14960	CR382138.2	88.02	12054	1331	106	64664	76658	1325107	1313108	0.0	14160.0
NODE_1_length_868079_cov_35.4867_ID_3457	CR382136.2	88.01	11042	1055	224	338765	349687	1119392	1130283	0.0	12810.0
NODE_34_length_120205_cov_33.3615_ID_12456	CR382136.2	87.97	3432	304	95	11365	14738	199325	195945	0.0	3949.0
NODE_33_length_127585_cov_34.6327_ID_5437	CR382138.2	87.97	2743	237	71	57007	59700	1633161	1635859	0.0	3151.0
NODE_3_length_610127_cov_34.1103_ID_9381	CR382137.2	87.96	5073	520	74	353631	358655	880082	885111	0.0	5899.0
NODE_17_length_261917_cov_32.8292_ID_15277	CR382137.2	87.96	5073	520	74	251473	256497	885111	880082	0.0	5899.0
NODE_29_length_155608_cov_35.6359_ID_13269	CR382139.2	87.93	1094	91	24	123504	124568	914787	915868	0.0	1251.0
NODE_7_length_477912_cov_33.9664_ID_3898	CR382133.2	87.92	2450	273	22	374069	376505	788826	786387	0.0	2863.0
NODE_10_length_353885_cov_37.9152_ID_12638	CR382135.2	87.89	2717	260	60	330297	332977	1011038	1008355	0.0	3131.0
NODE_1_length_868079_cov_35.4867_ID_3457	CR382136.2	87.89	1346	136	24	181855	183189	946452	947781	0.0	1557.0
NODE_25_length_194275_cov_35.4501_ID_11218	CR382139.2	87.85	1531	150	31	27458	28973	1733012	1731503	0.0	1764.0
NODE_7_length_477912_cov_33.9664_ID_3898	CR382133.2	87.84	3577	293	114	363861	367353	799230	795712	0.0	4065.0
NODE_19_length_254950_cov_35.2287_ID_25256	CR382134.2	87.83	2013	185	52	128823	130808	862887	864866	0.0	2305.0
NODE_23_length_218689_cov_33.6681_ID_12020	CR382139.2	87.83	1651	168	29	135561	137198	708111	709741	0.0	1905.0
NODE_5_length_492603_cov_35.8368_ID_3167	CR382138.2	87.81	1837	156	58	50054	51859	1750597	1752396	0.0	2089.0
NODE_4_length_568668_cov_34.0918_ID_5933	CR382137.2	87.77	3393	371	42	486071	489441	1220877	1217507	0.0	3927.0
NODE_31_length_146827_cov_33.8537_ID_8789	CR382137.2	87.76	4201	471	42	67241	71418	157969	153789	0.0	4870.0
NODE_48_length_33243_cov_36.3183_ID_15068	CR382139.2	87.7	6399	652	107	23797	30119	1553206	1559545	0.0	7332.0
NODE_21_length_250673_cov_35.6228_ID_7397	CR382139.2	87.76	14817	1487	267	181454	196091	1036282	1021613	0.0	17020.0
NODE_1_length_868079_cov_35.4867_ID_3457	CR382138.2	87.74	14246	1498	206	552934	567054	1946034	1960155	0.0	16400.0
NODE_16_length_262415_cov_32.3107_ID_9639	CR382137.2	87.74	10609	1109	171	167793	178312	1816553	1806048	0.0	12210.0
NODE_8_length_420801_cov_34.7658_ID_10030	CR382134.2	87.72	9183	992	122	273375	282493	465124	474234	0.0	10580.0
NODE_1_length_868079_cov_35.4867_ID_3457	CR382138.2	87.71	2546	275	30	504974	507502	1897793	1900317	0.0	2933.0
NODE_8_length_420801_cov_34.7658_ID_10030	CR382134.2	87.67	2449	256	43	270146	272570	461877	464303	0.0	2808.0
NODE_38_length_79920_cov_33.2095_ID_9753	CR382136.2	87.66	6691	722	91	66086	72718	343930	350574	0.0	7685.0
NODE_5_length_492603_cov_35.8368_ID_3167	CR382136.2	87.6	4242	411	96	187713	191906	1272953	1277127	0.0	4813.0
NODE_8_length_420801_cov_34.7658_ID_10030	CR382134.2	87.62	8956	984	114	273621	282521	465373	474258	0.0	10280.0
NODE_20_length_253091_cov_31.9017_ID_7645	CR382139.2	87.61	5438	597	70	93039	98436	1929988	1924588	0.0	6237.0
NODE_1_length_868079_cov_35.4867_ID_3457	CR382136.2	87.58	8240	803	192	88380	96502	852496	860632	0.0	9347.0
NODE_20_length_253091_cov_31.9017_ID_7645	CR382139.2	87.57	7934	809	145	203910	211735	1817422	1809558	0.0	9025.0
NODE_14_length_281205_cov_35.3676_ID_4577	CR382135.2	87.56	8030	861	121	187681	195641	689998	682038	0.0	9167.0
NODE_32_length_128222_cov_72.563_ID_9879	CR382139.2	87.55	7060	697	154	3	6979	1227302	1234262	0.0	8000.0
NODE_21_length_250673_cov_35.6228_ID_7397	CR382139.2	87.55	1638	172	29	248845	250465	960902	959280	0.0	1866.0
NODE_7_length_477912_cov_33.9664_ID_3898	CR382133.2	87.54	2055	196	49	258120	260141	916753	914726	0.0	2322.0
NODE_15_length_270991_cov_35.1685_ID_3788	CR382139.2	87.53	1235	136	18	54964	56190	500976	499752	0.0	1411.0
NODE_35_length_119143_cov_34.8498_ID_11472	CR382136.2	87.5	1752	191	26	116452	118191	359855	358120	0.0	1997.0
NODE_10_length_353885_cov_37.9152_ID_12638	CR382135.2	87.51	3675	394	56	76002	79644	1278454	1274813	0.0	4183.0
NODE_49_length_28131_cov_33.6774_ID_16779	CR382135.2	87.49	1255	127	30	1	1238	1561590	1562831	0.0	1421.0
NODE_22_length_220368_cov_33.797_ID_9083	CR382137.2	87.47	2865	294	57	48024	50855	451399	448567	0.0	3241.0
NODE_8_length_420801_cov_34.7658_ID_10030	CR382134.2	87.47	1261	126	27	402274	403525	597075	598312	0.0	1424.0
NODE_23_length_218689_cov_33.6681_ID_12020	CR382139.2	87.46	1420	133	40	111708	113105	682463	683859	0.0	1594.0
NODE_6_length_488230_cov_34.2678_ID_6955	CR382135.2	87.45	2342	196	82	106289	108569	130980	133284	0.0	2606.0
NODE_83_length_2082_cov_74.7282_ID_32194	CR382133.2	87.45	1944	149	55	94	2028	1245671	1247528	0.0	2150.0
NODE_31_length_146827_cov_33.8537_ID_8789	CR382137.2	87.44	7111	787	91	81220	88273	144250	137189	0.0	8087.0
NODE_22_length_220368_cov_33.797_ID_9083	CR382137.2	87.44	1433	143	29	186041	187459	305259	303850	0.0	1615.0
NODE_23_length_218689_cov_33.6681_ID_12020	CR382139.2	87.43	6930	715	133	207743	214582	779911	786774	0.0	7829.0
NODE_5_length_492603_cov_35.8368_ID_3167	CR382136.2	87.43	4048	401	87	292142	296125	1377808	1381811	0.0	4556.0
NODE_35_length_119143_cov_34.8498_ID_11472	CR382136.2	87.3	8617	891	162	17401	25921	462624	454115	0.0	9664.0
NODE_29_length_155608_cov_35.6359_ID_13269	CR382139.2	87.37	2913	306	56	34658	37533	825387	828274	0.0	3284.0
NODE_21_length_250673_cov_35.6228_ID_7397	CR382139.2	87.37	14054	1446	280	130281	144153	1087647	1073742	0.0	15820.0
NODE_9_length_405733_cov_34.5204_ID_6323	CR382138.2	87.36	5925	565	150	372156	377980	713465	719305	0.0	6623.0
NODE_65_length_5096_cov_54.9155_ID_18888	CR382133.2	87.36	2010	184	60	540	2517	19394	17423	0.0	2241.0
NODE_1_length_868079_cov_35.4867_ID_3457	CR382138.2	87.35	2570	265	56	520490	523026	1913375	1915917	0.0	2891.0
NODE_5_length_492603_cov_35.8368_ID_3167	CR382136.2	87.34	1667	190	21	467433	469089	1555783	1557438	0.0	1890.0
NODE_10_length_353885_cov_37.9152_ID_12638	CR382135.2	87.33	4184	475	45	306079	310225	1035408	1031243	0.0	4739.0
NODE_34_length_120205_cov_33.3615_ID_12456	CR382136.2	87.31	6468	636	145	88664	95008	124929	118524	0.0	7225.0
NODE_37_length_94236_cov_36.9742_ID_19563	CR382135.2	87.3	15718	1607	324	65755	81295	953995	969500	0.0	17610.0
NODE_10_length_353885_cov_37.9152_ID_12638	CR382135.2	87.31	3025	306	55	100086	103070	1251692	1248706	0.0	3387.0
NODE_113_length_1143_cov_1140.03_ID_30681	CR382136.2	87.29	1015	102	26	60	1060	1601831	1600830	0.0	1134.0
NODE_33_length_127585_cov_34.6327_ID_5437	CR382138.2	87.28	6479	702	112	34437	40847	1610430	1616854	0.0	7287.0
NODE_19_length_254950_cov_35.2287_ID_25256	CR382134.2	87.28	2721	306	34	147295	149998	881505	884202	0.0	3072.0
NODE_2_length_632767_cov_34.637_ID_14960	CR382138.2	87.27	7016	736	130	21776	28712	1368088	1361151	0.0	7864.0
NODE_15_length_270991_cov_35.1685_ID_3788	CR382139.2	87.27	5115	564	75	91502	96579	464456	459392	0.0	5758.0
NODE_42_length_54719_cov_36.3968_ID_13079	CR382136.2	87.27	15672	1665	278	23902	39388	728791	713265	0.0	17580.0
NODE_24_length_209967_cov_36.188_ID_7943	CR382134.2	87.26	1115	101	33	85462	86555	1127407	1128501	0.0	1234.0
NODE_1_length_868079_cov_35.4867_ID_3457	CR382138.2	87.2	5405	519	143	425433	430724	1819567	1824911	0.0	5987.0
NODE_114_length_1116_cov_86.3139_ID_32108	CR382138.2	87.25	1098	128	12	1	1092	1389967	1391058	0.0	1242.0
NODE_7_length_477912_cov_33.9664_ID_3898	CR382133.2	87.24	3095	336	49	442093	445150	721591	718519	0.0	3472.0
NODE_1_length_868079_cov_35.4867_ID_3457	CR382138.2	87.24	1857	199	34	819935	821769	2212919	2214759	0.0	2082.0
NODE_29_length_155608_cov_35.6359_ID_13269	CR382139.2	87.24	1481	151	32	85908	87367	877083	878546	0.0	1653.0
NODE_8_length_420801_cov_34.7658_ID_10030	CR382134.2	87.23	3845	413	74	324320	328119	518986	522797	0.0	4309.0
NODE_2_length_632767_cov_34.637_ID_14960	CR382138.2	87.23	2067	200	57	465656	467692	913159	911127	0.0	2296.0
NODE_48_length_33243_cov_36.3183_ID_15068	CR382139.2	87.23	1777	212	15	19955	21723	1549332	1551101	0.0	2010.0
NODE_1_length_868079_cov_35.4867_ID_3457	CR382138.2	87.23	1151	92	52	464764	465886	1857505	1858628	0.0	1260.0
NODE_9_length_405733_cov_34.5204_ID_6323	CR382138.2	87.2	1836	182	46	4246	6049	348092	349906	0.0	2039.0
NODE_5_length_492603_cov_35.8368_ID_3167	CR382136.2	87.2	1078	103	22	384452	385514	1471494	1472551	0.0	1194.0
NODE_1_length_868079_cov_35.4867_ID_3457	CR382136.2	87.18	4182	460	72	16957	21103	777041	781181	0.0	4684.0
NODE_3_length_610127_cov_34.1103_ID_9381	CR382137.2	87.14	3430	359	75	142309	145699	672854	676240	0.0	3816.0
NODE_36_length_112246_cov_36.9411_ID_11052	CR382134.2	87.1	2946	303	67	108666	111573	614476	611570	0.0	3264.0
NODE_9_length_405733_cov_34.5204_ID_6323	CR382138.2	87.12	8271	821	185	89047	97197	433442	441588	0.0	9149.0
NODE_23_length_218689_cov_33.6681_ID_12020	CR382139.2	87.12	4000	447	64	94678	98641	665546	669513	0.0	4471.0
NODE_19_length_254950_cov_35.2287_ID_25256	CR382134.2	87.12	14966	1526	338	48590	63352	780664	795431	0.0	16590.0
NODE_1_length_868079_cov_35.4867_ID_3457	CR382138.2	87.11	1931	201	37	482071	483975	1874738	1876646	0.0	2143.0
NODE_5_length_492603_cov_35.8368_ID_3167	CR382136.2	87.11	1358	118	52	382569	383898	1469534	1470862	0.0	1485.0
NODE_5_length_492603_cov_35.8368_ID_3167	CR382136.2	87.09	3400	363	63	192104	195459	1277311	1280678	0.0	3777.0
NODE_1_length_868079_cov_35.4867_ID_3457	CR382136.2	87.08	5184	582	87	232752	237894	1007875	1013011	0.0	5781.0
NODE_92_length_1843_cov_1156_ID_30433	CR382137.2	87.08	1826	176	47	59	1843	9582	11388	0.0	2010.0
NODE_6_length_488230_cov_34.2678_ID_6955	CR382135.2	87.07	5570	564	141	131961	137448	171046	176541	0.0	6154.0
NODE_41_length_60039_cov_36.8745_ID_13547	CR382134.2	87.06	6754	699	164	27942	34600	146863	140190	0.0	7468.0
NODE_37_length_94236_cov_36.9742_ID_19563	CR382135.2	87.06	15397	1601	331	67697	82908	955939	971128	0.0	17030.0
NODE_7_length_477912_cov_33.9664_ID_3898	CR382133.2	87.05	5476	578	117	70287	75692	1119453	1114039	0.0	6063.0
NODE_24_length_209967_cov_36.188_ID_7943	CR382134.2	87.05	3661	425	46	149422	153058	1192671	1196306	0.0	4089.0
NODE_1_length_868079_cov_35.4867_ID_3457	CR382136.2	87.05	2231	232	48	402581	404776	1177344	1179552	0.0	2466.0
NODE_31_length_146827_cov_33.8537_ID_8789	CR382137.2	87.04	8566	933	161	4959	13447	219824	211359	0.0	9505.0
NODE_32_length_128222_cov_72.563_ID_9879	CR382139.2	87.04	2902	335	39	71981	74861	1301581	1304462	0.0	3238.0
NODE_18_length_256572_cov_33.9778_ID_8571	CR382139.2	87.04	1219	90	59	31216	32399	255048	253863	0.0	1314.0
NODE_31_length_146827_cov_33.8537_ID_8789	CR382137.2	87.03	2436	268	46	71554	73963	153647	151234	0.0	2704.0
NODE_3_length_610127_cov_34.1103_ID_9381	CR382137.2	87.02	3197	357	54	168631	171797	697842	701010	0.0	3552.0
NODE_42_length_54719_cov_36.3968_ID_13079	CR382136.2	87.0	14930	1633	264	26223	40977	726466	711670	0.0	16530.0
NODE_13_length_281259_cov_34.196_ID_5079	CR382138.2	87.01	3740	412	62	95793	99497	153300	157000	0.0	4146.0
NODE_7_length_477912_cov_33.9664_ID_3898	CR382133.2	87.0	13603	1436	293	43469	56897	1146516	1133072	0.0	15020.0
NODE_1_length_868079_cov_35.4867_ID_3457	CR382138.2	87.01	2686	261	65	841618	844254	2236664	2239310	0.0	2946.0
NODE_51_length_21200_cov_27.3094_ID_16523	CR382136.2	87.0	1238	132	26	19488	20707	68478	67252	0.0	1367.0
NODE_23_length_218689_cov_33.6681_ID_12020	CR382139.2	86.9	9214	926	239	63411	72457	634129	643228	0.0	10070.0
NODE_22_length_220368_cov_33.797_ID_9083	CR382137.2	86.98	3519	322	126	182429	185880	308870	305421	0.0	3836.0
NODE_11_length_330750_cov_34.3281_ID_10803	CR382133.2	86.98	10072	1031	235	242918	252838	604367	614309	0.0	11080.0
NODE_38_length_79920_cov_33.2095_ID_9753	CR382136.2	86.96	6892	771	116	59089	65921	336935	343757	0.0	7629.0
NODE_5_length_492603_cov_35.8368_ID_3167	CR382136.2	86.96	2737	263	83	296371	299067	1382019	1384701	0.0	2990.0
NODE_4_length_568668_cov_34.0918_ID_5933	CR382137.2	86.95	3057	336	53	50782	53800	1670078	1667047	0.0	3376.0
NODE_48_length_33243_cov_36.3183_ID_15068	CR382139.2	86.95	2307	215	78	30787	33044	1560549	1562818	0.0	2514.0
NODE_29_length_155608_cov_35.6359_ID_13269	CR382139.2	86.94	3171	351	55	30362	33497	821125	824267	0.0	3504.0
NODE_22_length_220368_cov_33.797_ID_9083	CR382137.2	86.94	10248	1153	169	150198	160354	344300	334147	0.0	11340.0
NODE_36_length_112246_cov_36.9411_ID_11052	CR382134.2	86.93	13475	1425	290	65889	79182	657333	644014	0.0	14820.0
NODE_4_length_568668_cov_34.0918_ID_5933	CR382137.2	86.92	7941	887	140	436432	444299	1270683	1262822	0.0	8769.0
NODE_6_length_488230_cov_34.2678_ID_6955	CR382135.2	86.92	6323	692	116	417459	423714	461391	467645	0.0	6970.0
NODE_6_length_488230_cov_34.2678_ID_6955	CR382135.2	86.92	3785	407	79	428492	432233	472554	476293	0.0	4167.0
NODE_12_length_282693_cov_34.3642_ID_29696	CR382133.2	86.9	11355	1179	234	93198	104387	250872	239661	0.0	12450.0
NODE_92_length_1843_cov_1156_ID_30433	CR382136.2	86.91	1138	113	35	59	1178	1601949	1600830	0.0	1243.0
NODE_62_length_5509_cov_765.714_ID_31570	CR382136.2	86.89	1304	141	29	4129	5419	57902	59188	0.0	1434.0
NODE_2_length_632767_cov_34.637_ID_14960	CR382138.2	86.89	1266	140	24	562146	563398	818414	817162	0.0	1395.0
NODE_3_length_610127_cov_34.1103_ID_9381	CR382137.2	86.89	10064	1037	243	576682	586581	1105457	1115402	0.0	11020.0
NODE_17_length_261917_cov_32.8292_ID_15277	CR382137.2	86.89	10064	1037	243	23547	33446	1115402	1105457	0.0	11020.0
NODE_1_length_868079_cov_35.4867_ID_3457	CR382136.2	86.88	1235	136	24	410338	411557	1185461	1186684	0.0	1360.0
NODE_12_length_282693_cov_34.3642_ID_29696	CR382133.2	86.87	6663	725	129	78311	84889	265685	259089	0.0	7319.0
NODE_48_length_33243_cov_36.3183_ID_15068	CR382139.2	86.86	9684	1015	201	206	9761	1526216	1535770	0.0	10600.0
NODE_1_length_868079_cov_35.4867_ID_3457	CR382136.2	86.86	2283	239	49	328697	330952	1109132	1111380	0.0	2497.0
NODE_20_length_253091_cov_31.9017_ID_7645	CR382139.2	86.85	15196	1596	352	109629	124634	1913406	1898424	0.0	16620.0
NODE_1_length_868079_cov_35.4867_ID_3457	CR382138.2	86.84	4649	512	85	657344	661935	2047617	2052222	0.0	5103.0
NODE_7_length_477912_cov_33.9664_ID_3898	CR382133.2	86.84	1482	121	42	82180	83624	1107227	1105783	0.0	1589.0
NODE_3_length_610127_cov_34.1103_ID_9381	CR382137.2	86.82	8443	962	135	87226	95591	617868	626236	0.0	9286.0
NODE_37_length_94236_cov_36.9742_ID_19563	CR382135.2	86.82	6227	623	167	22050	28156	903666	909814	0.0	6769.0
NODE_14_length_281205_cov_35.3676_ID_4577	CR382135.2	86.81	8422	917	168	168284	176597	708420	700085	0.0	9219.0
NODE_9_length_405733_cov_34.5204_ID_6323	CR382138.2	86.81	6587	682	142	102555	109064	446913	453389	0.0	7177.0
NODE_25_length_194275_cov_35.4501_ID_11218	CR382139.2	86.81	15153	1659	281	98719	113688	1662069	1647073	0.0	16600.0
NODE_15_length_270991_cov_35.1685_ID_3788	CR382139.2	86.79	5057	507	142	232884	237855	324942	319962	0.0	5489.0
NODE_28_length_168978_cov_32.4593_ID_13939	CR382139.2	86.79	12904	1396	273	80830	93581	1444211	1431464	0.0	14110.0
NODE_6_length_488230_cov_34.2678_ID_6955	CR382135.2	86.79	10351	1123	220	139277	149507	178357	188583	0.0	11320.0
NODE_1_length_868079_cov_35.4867_ID_3457	CR382138.2	86.77	2298	251	48	772090	774364	2164711	2166978	0.0	2510.0
NODE_21_length_250673_cov_35.6228_ID_7397	CR382139.2	86.76	9564	1076	172	144353	153810	1073539	1064060	0.0	10470.0
NODE_14_length_281205_cov_35.3676_ID_4577	CR382135.2	86.7	6819	739	133	230980	237701	646704	639957	0.0	7413.0
NODE_26_length_188724_cov_36.181_ID_10266	CR382136.2	86.76	3815	431	64	23930	27708	519429	523205	0.0	4180.0
NODE_2_length_632767_cov_34.637_ID_14960	CR382138.2	86.76	1609	182	31	108935	110526	1280036	1278442	0.0	1762.0
NODE_8_length_420801_cov_34.7658_ID_10030	CR382134.2	86.76	10663	1147	207	109924	120450	295281	305814	0.0	11620.0
NODE_1_length_868079_cov_35.4867_ID_3457	CR382136.2	86.75	8439	890	195	359785	368097	1140390	1148726	0.0	9180.0
NODE_6_length_488230_cov_34.2678_ID_6955	CR382135.2	86.7	5453	583	122	100332	105706	124991	130379	0.0	5923.0
NODE_29_length_155608_cov_35.6359_ID_13269	CR382139.2	86.75	2520	289	43	71906	74400	862963	865462	0.0	2761.0
NODE_37_length_94236_cov_36.9742_ID_19563	CR382135.2	86.74	7889	820	199	64103	71888	952349	960114	0.0	8565.0
NODE_2_length_632767_cov_34.637_ID_14960	CR382138.2	86.74	3710	362	106	278389	282023	1102490	1098836	0.0	4006.0
NODE_18_length_256572_cov_33.9778_ID_8571	CR382139.2	86.7	3730	423	67	128350	132047	156547	152859	0.0	4072.0
NODE_5_length_492603_cov_35.8368_ID_3167	CR382138.2	86.73	5012	529	126	89843	94788	1793366	1798307	0.0	5446.0
NODE_5_length_492603_cov_35.8368_ID_3167	CR382136.2	86.72	2477	262	54	346201	348643	1432519	1434962	0.0	2689.0
NODE_4_length_568668_cov_34.0918_ID_5933	CR382137.2	86.71	4137	456	79	540914	545006	1166787	1162701	0.0	4506.0
NODE_124_length_1029_cov_107.373_ID_32162	CR382138.2	86.7	1030	133	4	2	1029	1393188	1392161	0.0	1140.0
NODE_7_length_477912_cov_33.9664_ID_3898	CR382133.2	86.69	1691	170	50	297460	299122	870350	868687	0.0	1825.0
NODE_16_length_262415_cov_32.3107_ID_9639	CR382137.2	86.69	14979	1660	294	163234	178043	1821131	1806318	0.0	16310.0
NODE_4_length_568668_cov_34.0918_ID_5933	CR382137.2	86.69	1473	165	29	68868	70322	1651866	1650407	0.0	1605.0
NODE_8_length_420801_cov_34.7658_ID_10030	CR382134.2	86.69	1465	161	32	261441	262888	453213	454660	0.0	1594.0
NODE_29_length_155608_cov_35.6359_ID_13269	CR382139.2	86.68	1441	162	27	136212	137637	927716	929141	0.0	1570.0
NODE_48_length_33243_cov_36.3183_ID_15068	CR382139.2	86.67	8110	886	153	21915	29935	1551342	1559345	0.0	8807.0
NODE_15_length_270991_cov_35.1685_ID_3788	CR382139.2	86.67	6795	770	124	258424	265147	299222	292493	0.0	7404.0
NODE_22_length_220368_cov_33.797_ID_9083	CR382137.2	86.67	1470	171	23	6897	8354	496481	495025	0.0	1605.0
NODE_56_length_9550_cov_32.4313_ID_17571	CR382133.2	86.67	1433	151	29	7400	8811	1240659	1239246	0.0	1552.0
NODE_29_length_155608_cov_35.6359_ID_13269	CR382139.2	86.67	1110	101	36	74547	75636	865602	866684	0.0	1186.0
NODE_25_length_194275_cov_35.4501_ID_11218	CR382139.2	86.66	14893	1663	286	94081	108786	1666727	1651971	0.0	16200.0
NODE_27_length_180801_cov_34.1253_ID_5551	CR382135.2	86.66	1267	146	23	222	1477	1561251	1559997	0.0	1382.0
NODE_12_length_282693_cov_34.3642_ID_29696	CR382133.2	86.6	6075	666	130	86501	92498	257568	251565	0.0	6573.0
NODE_17_length_261917_cov_32.8292_ID_15277	CR382137.2	86.65	4292	419	139	64598	68806	1074435	1070215	0.0	4610.0
NODE_3_length_610127_cov_34.1103_ID_9381	CR382137.2	86.65	4292	419	139	541322	545530	1070215	1074435	0.0	4610.0
NODE_34_length_120205_cov_33.3615_ID_12456	CR382136.2	86.65	1701	197	29	112636	114323	96715	95032	0.0	1857.0
NODE_28_length_168978_cov_32.4593_ID_13939	CR382139.2	86.64	10896	1196	228	83711	94478	1441326	1430563	0.0	11820.0
NODE_15_length_270991_cov_35.1685_ID_3788	CR382139.2	86.63	7718	798	205	58977	66573	496993	489389	0.0	8320.0
NODE_16_length_262415_cov_32.3107_ID_9639	CR382137.2	86.63	3873	415	86	183222	187051	1801065	1797253	0.0	4187.0
NODE_46_length_42446_cov_33.1791_ID_15503	CR382137.2	86.63	3351	363	68	27409	30710	238628	235314	0.0	3627.0
NODE_9_length_405733_cov_34.5204_ID_6323	CR382138.2	86.62	7550	755	214	250465	257890	595472	602890	0.0	8111.0
NODE_4_length_568668_cov_34.0918_ID_5933	CR382137.2	86.61	6363	704	124	20155	26442	1700394	1694105	0.0	6894.0
NODE_21_length_250673_cov_35.6228_ID_7397	CR382139.2	86.57	3878	428	68	25599	29434	1192989	1189163	0.0	4189.0
NODE_2_length_632767_cov_34.637_ID_14960	CR382138.2	86.57	3641	385	84	169498	173083	1215509	1211918	0.0	3919.0
NODE_9_length_405733_cov_34.5204_ID_6323	CR382138.2	86.57	1996	218	47	356347	358321	695053	697019	0.0	2156.0
NODE_10_length_353885_cov_37.9152_ID_12638	CR382135.2	86.56	1473	169	29	35949	37407	1316007	1314550	0.0	1596.0
NODE_24_length_209967_cov_36.188_ID_7943	CR382134.2	86.54	5504	614	111	72497	77938	1114324	1119762	0.0	5941.0
NODE_31_length_146827_cov_33.8537_ID_8789	CR382137.2	86.53	10513	1218	171	38369	48770	186760	176335	0.0	11390.0
NODE_29_length_155608_cov_35.6359_ID_13269	CR382139.2	86.52	9591	1029	218	75857	85279	866918	876412	0.0	10310.0
NODE_8_length_420801_cov_34.7658_ID_10030	CR382134.2	86.52	5837	603	145	318314	324021	512912	518693	0.0	6250.0
NODE_18_length_256572_cov_33.9778_ID_8571	CR382139.2	86.52	13967	1471	349	44268	58041	241065	227318	0.0	14980.0
NODE_27_length_180801_cov_34.1253_ID_5551	CR382135.2	86.5	1437	148	41	116404	117819	1442907	1441496	0.0	1537.0
NODE_15_length_270991_cov_35.1685_ID_3788	CR382139.2	86.49	3842	429	79	207970	211767	350232	346437	0.0	4137.0
NODE_29_length_155608_cov_35.6359_ID_13269	CR382139.2	86.48	8211	880	187	1	8107	790814	798898	0.0	8802.0
NODE_39_length_64552_cov_34.1915_ID_12350	CR382136.2	86.47	1604	183	34	57434	59018	218912	217324	0.0	1729.0
NODE_13_length_281259_cov_34.196_ID_5079	CR382138.2	86.4	6808	759	139	129154	135864	186822	193559	0.0	7287.0
NODE_3_length_610127_cov_34.1103_ID_9381	CR382137.2	86.46	7848	875	167	403347	411096	930702	938459	0.0	8431.0
NODE_17_length_261917_cov_32.8292_ID_15277	CR382137.2	86.46	7848	875	167	199032	206781	938459	930702	0.0	8431.0
NODE_20_length_253091_cov_31.9017_ID_7645	CR382139.2	86.46	1691	217	12	7428	9112	2015908	2014224	0.0	1844.0
NODE_30_length_154374_cov_33.7699_ID_5271	CR382138.2	86.45	1387	106	56	38132	39473	1434859	1436208	0.0	1445.0
NODE_9_length_405733_cov_34.5204_ID_6323	CR382138.2	86.44	3423	354	92	358752	362112	697446	700820	0.0	3650.0
NODE_1_length_868079_cov_35.4867_ID_3457	CR382136.2	86.44	3369	360	81	283914	287227	1058114	1061440	0.0	3600.0
NODE_28_length_168978_cov_32.4593_ID_13939	CR382139.2	86.44	1622	162	43	5150	6759	1520441	1518866	0.0	1724.0
NODE_20_length_253091_cov_31.9017_ID_7645	CR382139.2	86.44	14746	1564	370	105218	119752	1917829	1903308	0.0	15750.0
NODE_12_length_282693_cov_34.3642_ID_29696	CR382133.2	86.44	1364	159	25	124707	126058	197795	196446	0.0	1471.0
NODE_2_length_632767_cov_34.637_ID_14960	CR382138.2	86.43	2277	226	76	245347	247588	1139209	1136981	0.0	2416.0
NODE_41_length_60039_cov_36.8745_ID_13547	CR382134.2	86.43	1511	170	35	44793	46287	129645	128154	0.0	1622.0
NODE_11_length_330750_cov_34.3281_ID_10803	CR382133.2	86.42	8654	981	166	13676	22213	371858	380433	0.0	9293.0
NODE_12_length_282693_cov_34.3642_ID_29696	CR382133.2	86.4	2464	247	74	198111	200532	123940	121523	0.0	2614.0
NODE_5_length_492603_cov_35.8368_ID_3167	CR382136.2	86.42	2010	227	40	325369	327356	1410970	1412955	0.0	2158.0
NODE_27_length_180801_cov_34.1253_ID_5551	CR382135.2	86.42	1694	179	35	141962	143637	1417095	1415435	0.0	1807.0
NODE_46_length_42446_cov_33.1791_ID_15503	CR382137.2	86.4	2140	222	52	330	2426	265473	263360	0.0	2276.0
NODE_9_length_405733_cov_34.5204_ID_6323	CR382138.2	86.42	13281	1356	372	196781	209819	541496	554570	0.0	14120.0
NODE_10_length_353885_cov_37.9152_ID_12638	CR382135.2	86.42	1267	145	27	159155	160406	1186556	1185302	0.0	1362.0
NODE_20_length_253091_cov_31.9017_ID_7645	CR382139.2	86.42	1075	111	34	127141	128195	1895966	1894907	0.0	1144.0
NODE_9_length_405733_cov_34.5204_ID_6323	CR382138.2	86.4	1801	188	50	324671	326433	663240	665021	0.0	1916.0
NODE_1_length_868079_cov_35.4867_ID_3457	CR382138.2	86.41	2510	265	64	822431	824901	2217323	2219795	0.0	2676.0
NODE_13_length_281259_cov_34.196_ID_5079	CR382138.2	86.41	2156	247	43	185529	187660	247426	249559	0.0	2316.0
NODE_4_length_568668_cov_34.0918_ID_5933	CR382137.2	86.39	7897	866	179	370495	378291	1337111	1329324	0.0	8434.0
NODE_19_length_254950_cov_35.2287_ID_25256	CR382134.2	86.39	12714	1349	312	208050	220544	944282	956832	0.0	13540.0
NODE_7_length_477912_cov_33.9664_ID_3898	CR382133.2	86.38	14684	1600	342	44039	58509	1145946	1131450	0.0	15670.0
NODE_5_length_492603_cov_35.8368_ID_3167	CR382138.2	86.38	14622	1598	346	53154	67583	1757287	1771706	0.0	15600.0
NODE_11_length_330750_cov_34.3281_ID_10803	CR382133.2	86.37	3522	388	78	227526	231002	588759	592233	0.0	3760.0
NODE_3_length_610127_cov_34.1103_ID_9381	CR382137.2	86.37	3038	363	50	21981	24994	546993	550003	0.0	3269.0
NODE_6_length_488230_cov_34.2678_ID_6955	CR382135.2	86.37	1548	176	33	183364	184891	222694	224226	0.0	1657.0
NODE_9_length_405733_cov_34.5204_ID_6323	CR382138.2	86.37	12928	1325	369	198158	210850	542867	555592	0.0	13710.0
NODE_5_length_492603_cov_35.8368_ID_3167	CR382138.2	86.36	8364	924	195	60911	69173	1765040	1773287	0.0	8924.0
NODE_11_length_330750_cov_34.3281_ID_10803	CR382133.2	86.36	14644	1668	294	7025	21492	365216	379706	0.0	15680.0
NODE_3_length_610127_cov_34.1103_ID_9381	CR382137.2	86.35	4688	518	106	390920	395540	918181	922813	0.0	5000.0
NODE_17_length_261917_cov_32.8292_ID_15277	CR382137.2	86.35	4688	518	106	214588	219208	922813	918181	0.0	5000.0
NODE_31_length_146827_cov_33.8537_ID_8789	CR382137.2	86.35	1539	174	35	135343	136863	92416	90896	0.0	1646.0
NODE_20_length_253091_cov_31.9017_ID_7645	CR382139.2	86.33	2955	328	70	154381	157296	1867356	1864439	0.0	3149.0
NODE_2_length_632767_cov_34.637_ID_14960	CR382138.2	86.32	11551	1277	280	412799	424190	966188	954782	0.0	12300.0
NODE_21_length_250673_cov_35.6228_ID_7397	CR382139.2	86.31	4206	482	82	31646	35797	1186963	1182798	0.0	4490.0
NODE_1_length_868079_cov_35.4867_ID_3457	CR382136.2	86.2	9493	920	301	342736	352060	1123362	1132632	0.0	9913.0
NODE_5_length_492603_cov_35.8368_ID_3167	CR382136.2	86.29	3384	395	60	286532	289883	1372009	1375355	0.0	3615.0
NODE_65_length_5096_cov_54.9155_ID_18888	CR382138.2	86.29	1889	196	54	662	2517	20393	18535	0.0	1995.0
NODE_9_length_405733_cov_34.5204_ID_6323	CR382138.2	86.27	7021	797	150	317530	324459	656069	663013	0.0	7470.0
NODE_4_length_568668_cov_34.0918_ID_5933	CR382137.2	86.2	7682	860	175	120305	127879	1600360	1592772	0.0	8130.0
NODE_27_length_180801_cov_34.1253_ID_5551	CR382135.2	86.26	6064	700	120	157296	163290	1393723	1387724	0.0	6460.0
NODE_34_length_120205_cov_33.3615_ID_12456	CR382136.2	86.26	3290	368	74	95055	98304	118505	115260	0.0	3494.0
NODE_25_length_194275_cov_35.4501_ID_11218	CR382139.2	86.26	12245	1420	223	106809	118924	1653948	1641838	0.0	13050.0
NODE_7_length_477912_cov_33.9664_ID_3898	CR382133.2	86.26	11751	1333	248	215166	226760	961969	950344	0.0	12500.0
NODE_1_length_868079_cov_35.4867_ID_3457	CR382136.2	86.25	2451	293	44	121479	123907	885978	888406	0.0	2619.0
NODE_16_length_262415_cov_32.3107_ID_9639	CR382137.2	86.24	3647	398	100	210790	214377	1764350	1767951	0.0	3858.0
NODE_7_length_477912_cov_33.9664_ID_3898	CR382133.2	86.24	2950	328	71	131565	134482	1057180	1054277	0.0	3127.0
NODE_20_length_253091_cov_31.9017_ID_7645	CR382139.2	86.24	14287	1571	357	108502	122609	1914532	1900462	0.0	15130.0
NODE_14_length_281205_cov_35.3676_ID_4577	CR382135.2	86.22	9296	993	236	4738	13867	876450	867277	0.0	9804.0
NODE_8_length_420801_cov_34.7658_ID_10030	CR382134.2	86.22	2024	244	29	120686	122687	305999	308009	0.0	2159.0
NODE_7_length_477912_cov_33.9664_ID_3898	CR382133.2	86.21	5019	540	129	199313	204262	978733	973798	0.0	5295.0
NODE_34_length_120205_cov_33.3615_ID_12456	CR382136.2	86.21	1892	211	48	98915	100780	111972	110105	0.0	2002.0
NODE_10_length_353885_cov_37.9152_ID_12638	CR382135.2	86.21	1784	204	38	289466	291225	1052351	1050586	0.0	1893.0
NODE_5_length_492603_cov_35.8368_ID_3167	CR382136.2	86.19	6207	740	112	279959	286102	1365453	1371605	0.0	6606.0
NODE_26_length_188724_cov_36.181_ID_10266	CR382136.2	86.19	4736	555	93	105776	110464	604319	609002	0.0	5031.0
NODE_25_length_194275_cov_35.4501_ID_11218	CR382139.2	86.19	14470	1622	319	92139	106394	1668670	1654363	0.0	15310.0
NODE_12_length_282693_cov_34.3642_ID_29696	CR382133.2	86.19	13089	1462	285	51329	64223	292738	279801	0.0	13840.0
NODE_16_length_262415_cov_32.3107_ID_9639	CR382137.2	86.18	11632	1356	219	114247	125747	1868839	1857328	0.0	12350.0
NODE_29_length_155608_cov_35.6359_ID_13269	CR382139.2	86.17	9392	1085	192	87968	97262	879195	888469	0.0	9950.0
NODE_24_length_209967_cov_36.188_ID_7943	CR382134.2	86.17	6993	761	183	142038	148924	1185264	1192156	0.0	7367.0
NODE_47_length_39611_cov_29.8308_ID_14826	CR382134.2	86.17	2698	328	44	21263	23938	1303781	1301107	0.0	2874.0
NODE_16_length_262415_cov_32.3107_ID_9639	CR382137.2	86.16	2319	266	50	196505	198794	1787630	1785338	0.0	2453.0
NODE_1_length_868079_cov_35.4867_ID_3457	CR382138.2	86.16	14437	1734	232	544668	558965	1937754	1952065	0.0	15350.0
NODE_20_length_253091_cov_31.9017_ID_7645	CR382139.2	86.16	10742	1131	292	160365	170904	1861161	1850574	0.0	11270.0
NODE_5_length_492603_cov_35.8368_ID_3167	CR382136.2	86.15	4088	488	70	327407	331450	1412976	1417029	0.0	4342.0
NODE_6_length_488230_cov_34.2678_ID_6955	CR382135.2	86.15	14077	1553	335	347852	361705	389919	403821	0.0	14830.0
NODE_2_length_632767_cov_34.637_ID_14960	CR382138.2	86.15	13764	1538	317	394721	408286	983850	970257	0.0	14520.0
NODE_6_length_488230_cov_34.2678_ID_6955	CR382135.2	86.15	12977	1399	325	162164	174964	201263	214017	0.0	13640.0
NODE_27_length_180801_cov_34.1253_ID_5551	CR382135.2	86.14	7596	801	223	143942	151394	1415096	1407610	0.0	7962.0
NODE_19_length_254950_cov_35.2287_ID_25256	CR382134.2	86.14	1385	158	32	110827	112188	844507	845880	0.0	1463.0
NODE_4_length_568668_cov_34.0918_ID_5933	CR382137.2	86.13	4659	511	107	31047	35640	1689448	1684860	0.0	4900.0
NODE_12_length_282693_cov_34.3642_ID_29696	CR382133.2	86.13	4183	442	115	45376	49494	298744	294636	0.0	4385.0
NODE_15_length_270991_cov_35.1685_ID_3788	CR382139.2	86.12	1672	182	44	224809	226456	332969	331324	0.0	1757.0
NODE_55_length_10213_cov_37.9645_ID_17829	CR382138.2	86.12	1600	188	25	2677	4256	1566393	1567978	0.0	1694.0
NODE_1_length_868079_cov_35.4867_ID_3457	CR382136.2	86.12	14390	1606	325	353346	367530	1133955	1148157	0.0	15140.0
NODE_3_length_610127_cov_34.1103_ID_9381	CR382137.2	86.12	1290	142	35	35095	36366	560181	561451	0.0	1356.0
NODE_7_length_477912_cov_33.9664_ID_3898	CR382133.2	86.11	9787	1039	263	101786	111369	1087171	1077502	0.0	10250.0
NODE_31_length_146827_cov_33.8537_ID_8789	CR382137.2	86.11	12004	1345	279	91489	103330	134685	122842	0.0	12640.0
NODE_5_length_492603_cov_35.8368_ID_3167	CR382136.2	86.1	10977	1150	297	234861	245650	1320241	1331028	0.0	11470.0
NODE_38_length_79920_cov_33.2095_ID_9753	CR382136.2	86.09	3228	311	108	76748	79893	354646	357817	0.0	3347.0
NODE_19_length_254950_cov_35.2287_ID_25256	CR382134.2	86.09	14044	1593	313	203164	217017	939394	953267	0.0	14780.0
NODE_18_length_256572_cov_33.9778_ID_8571	CR382139.2	86.08	8699	1006	187	32514	41103	253752	245150	0.0	9166.0
NODE_9_length_405733_cov_34.5204_ID_6323	CR382138.2	86.08	13021	1486	282	378974	391803	721229	734114	0.0	13710.0
NODE_4_length_568668_cov_34.0918_ID_5933	CR382137.2	86.07	2426	287	49	38958	41358	1681871	1679472	0.0	2560.0
NODE_5_length_492603_cov_35.8368_ID_3167	CR382136.2	86.07	14074	1452	397	240370	254184	1325749	1339573	0.0	14660.0
NODE_26_length_188724_cov_36.181_ID_10266	CR382136.2	86.06	7530	898	137	79550	86994	577864	585326	0.0	7949.0
NODE_24_length_209967_cov_36.188_ID_7943	CR382134.2	86.06	3616	406	87	42266	45833	1084740	1088305	0.0	3795.0
NODE_3_length_610127_cov_34.1103_ID_9381	CR382137.2	86.03	5496	644	113	469052	474495	996902	1002325	0.0	5781.0
NODE_17_length_261917_cov_32.8292_ID_15277	CR382137.2	86.03	5496	644	113	135633	141076	1002325	996902	0.0	5781.0
NODE_1_length_868079_cov_35.4867_ID_3457	CR382138.2	86.03	2813	272	101	497355	500114	1890155	1892899	0.0	2905.0
NODE_6_length_488230_cov_34.2678_ID_6955	CR382135.2	86.03	11141	1151	328	346509	357438	388586	399532	0.0	11580.0
NODE_19_length_254950_cov_35.2287_ID_25256	CR382134.2	86.02	8248	893	217	161516	169628	897548	905670	0.0	8604.0
NODE_7_length_477912_cov_33.9664_ID_3898	CR382133.2	86.0	2535	267	64	17252	19732	1172766	1170266	0.0	2634.0
NODE_4_length_568668_cov_34.0918_ID_5933	CR382137.2	86.02	2203	237	62	422928	425092	1284276	1282107	0.0	2296.0
NODE_28_length_168978_cov_32.4593_ID_13939	CR382139.2	86.02	10649	1261	209	14163	24697	1511398	1500864	0.0	11210.0
NODE_32_length_128222_cov_72.563_ID_9879	CR382139.2	86.01	7367	813	188	97531	104774	1327127	1334398	0.0	7692.0
NODE_37_length_94236_cov_36.9742_ID_19563	CR382135.2	86.01	13776	1538	335	73060	86622	961280	974879	0.0	14400.0
NODE_1_length_868079_cov_35.4867_ID_3457	CR382138.2	86.0	10889	1178	276	509714	520430	1902574	1913287	0.0	11340.0
NODE_30_length_154374_cov_33.7699_ID_5271	CR382138.2	86.0	1057	112	34	115550	116588	1512301	1513339	0.0	1099.0
NODE_2_length_632767_cov_34.637_ID_14960	CR382138.2	85.99	7158	790	179	228621	235682	1155899	1148859	0.0	7465.0
NODE_44_length_44469_cov_37.7959_ID_14331	CR382134.2	85.99	4632	467	147	39930	44469	73369	68828	0.0	4791.0
NODE_32_length_128222_cov_72.563_ID_9879	CR382139.2	85.99	4361	490	95	67675	71974	1295453	1299753	0.0	4556.0
NODE_28_length_168978_cov_32.4593_ID_13939	CR382139.2	85.99	3827	406	127	58119	61881	1467363	1463603	0.0	3978.0
NODE_3_length_610127_cov_34.1103_ID_9381	CR382137.2	85.99	3148	354	67	252559	255660	782528	785634	0.0	3290.0
NODE_12_length_282693_cov_34.3642_ID_29696	CR382133.2	85.99	11087	1231	262	18406	29307	325765	314816	0.0	11570.0
NODE_3_length_610127_cov_34.1103_ID_9381	CR382137.2	85.98	1027	129	15	10460	11480	533998	535015	0.0	1085.0
NODE_16_length_262415_cov_32.3107_ID_9639	CR382137.2	85.9	7903	920	163	187146	194937	1797001	1789182	0.0	8244.0
NODE_10_length_353885_cov_37.9152_ID_12638	CR382135.2	85.9	7838	906	176	186762	194497	1158779	1151039	0.0	8168.0
NODE_14_length_281205_cov_35.3676_ID_4577	CR382135.2	85.97	4361	504	102	275870	280175	601616	597309	0.0	4564.0
NODE_3_length_610127_cov_34.1103_ID_9381	CR382137.2	85.96	3625	390	91	199689	203271	729358	732905	0.0	3764.0
NODE_19_length_254950_cov_35.2287_ID_25256	CR382134.2	85.96	3475	399	77	235578	239005	971856	975288	0.0	3631.0
NODE_48_length_33243_cov_36.3183_ID_15068	CR382139.2	85.96	12947	1443	302	709	13458	1526726	1539494	0.0	13490.0
NODE_1_length_868079_cov_35.4867_ID_3457	CR382138.2	85.96	11379	1254	296	508048	519257	1900920	1912123	0.0	11840.0
NODE_37_length_94236_cov_36.9742_ID_19563	CR382135.2	85.9	5895	681	128	10289	16086	891900	897741	0.0	6144.0
NODE_6_length_488230_cov_34.2678_ID_6955	CR382135.2	85.9	4929	568	114	117405	122264	142018	146888	0.0	5134.0
NODE_24_length_209967_cov_36.188_ID_7943	CR382134.2	85.93	4948	566	102	201024	205902	1246074	1250960	0.0	5162.0
NODE_20_length_253091_cov_31.9017_ID_7645	CR382139.2	85.93	14138	1568	367	133184	147109	1888546	1874618	0.0	14700.0
NODE_7_length_477912_cov_33.9664_ID_3898	CR382133.2	85.93	12254	1396	279	445973	458056	717620	705525	0.0	12780.0
NODE_13_length_281259_cov_34.196_ID_5079	CR382134.2	85.93	1102	123	32	3965	5050	16214	17299	0.0	1147.0
NODE_29_length_155608_cov_35.6359_ID_13269	CR382139.2	85.92	4220	443	127	137908	142054	929410	933551	0.0	4362.0
NODE_13_length_281259_cov_34.196_ID_5079	CR382138.2	85.92	2991	299	102	217769	220686	279846	282787	0.0	3079.0
NODE_10_length_353885_cov_37.9152_ID_12638	CR382135.2	85.92	14103	1601	333	254144	268031	1093781	1079849	0.0	14690.0
NODE_6_length_488230_cov_34.2678_ID_6955	CR382135.2	85.92	10972	1229	264	404990	415762	448898	459752	0.0	11410.0
NODE_13_length_281259_cov_34.196_ID_5079	CR382138.2	85.89	6053	638	170	255057	260981	317423	323387	0.0	6248.0
NODE_24_length_209967_cov_36.188_ID_7943	CR382134.2	85.89	4493	494	123	175419	179841	1220368	1224790	0.0	4656.0
NODE_21_length_250673_cov_35.6228_ID_7397	CR382139.2	85.89	13009	1309	414	165167	177913	1052587	1039844	0.0	13370.0
NODE_4_length_568668_cov_34.0918_ID_5933	CR382137.2	85.88	7041	795	152	209721	216619	1504805	1497822	0.0	7312.0
NODE_20_length_253091_cov_31.9017_ID_7645	CR382139.2	85.88	14169	1581	366	132605	146562	1889116	1875156	0.0	14700.0
NODE_2_length_632767_cov_34.637_ID_14960	CR382138.2	85.88	14139	1607	331	394239	408168	984332	970374	0.0	14690.0
NODE_28_length_168978_cov_32.4593_ID_13939	CR382139.2	85.88	10645	1159	286	24914	35387	1500621	1490150	0.0	11010.0
NODE_15_length_270991_cov_35.1685_ID_3788	CR382139.2	85.87	3121	372	67	221497	224583	336299	333214	0.0	3256.0
NODE_10_length_353885_cov_37.9152_ID_12638	CR382135.2	85.8	7192	791	196	332814	339889	1008436	1001359	0.0	7413.0
NODE_19_length_254950_cov_35.2287_ID_25256	CR382134.2	85.87	1755	220	27	252947	254687	989386	991126	0.0	1842.0
NODE_10_length_353885_cov_37.9152_ID_12638	CR382135.2	85.87	11961	1355	287	254112	265877	1093817	1081997	0.0	12420.0
NODE_36_length_112246_cov_36.9411_ID_11052	CR382134.2	85.86	4639	538	104	40957	45538	682603	678026	0.0	4824.0
NODE_12_length_282693_cov_34.3642_ID_29696	CR382133.2	85.85	9271	1042	231	158781	167896	163391	154236	0.0	9603.0
NODE_28_length_168978_cov_32.4593_ID_13939	CR382139.2	85.85	7690	905	154	117862	125449	1407361	1399753	0.0	8004.0
NODE_13_length_281259_cov_34.196_ID_5079	CR382138.2	85.85	1958	214	45	102282	104202	159812	161743	0.0	2023.0
NODE_1_length_868079_cov_35.4867_ID_3457	CR382136.2	85.85	1753	156	74	229494	231183	1004586	1006309	0.0	1779.0
NODE_38_length_79920_cov_33.2095_ID_9753	CR382136.2	85.85	10592	1220	244	45362	55814	323100	333551	0.0	11000.0
NODE_19_length_254950_cov_35.2287_ID_25256	CR382134.2	85.84	14091	1522	396	43794	57628	775837	789710	0.0	14530.0
NODE_20_length_253091_cov_31.9017_ID_7645	CR382139.2	85.84	14037	1561	353	98864	112691	1924176	1910357	0.0	14520.0
NODE_14_length_281205_cov_35.3676_ID_4577	CR382135.2	85.84	10682	1184	263	133825	144326	742781	732249	0.0	11040.0
NODE_39_length_64552_cov_34.1915_ID_12350	CR382136.2	85.83	2251	235	71	62348	64552	213990	211778	0.0	2313.0
NODE_14_length_281205_cov_35.3676_ID_4577	CR382135.2	85.83	14117	1614	327	247472	261379	630154	616215	0.0	14630.0
NODE_6_length_488230_cov_34.2678_ID_6955	CR382135.2	85.83	11368	1273	267	262675	273855	300563	311779	0.0	11760.0
NODE_9_length_405733_cov_34.5204_ID_6323	CR382138.2	85.82	12952	1513	289	240372	253141	585341	598151	0.0	13450.0
NODE_3_length_610127_cov_34.1103_ID_9381	CR382137.2	85.8	1437	144	52	164696	166096	695143	696555	0.0	1469.0
NODE_3_length_610127_cov_34.1103_ID_9381	CR382137.2	85.81	3910	465	74	132977	136838	663596	667463	0.0	4063.0
NODE_3_length_610127_cov_34.1103_ID_9381	CR382137.2	85.81	10398	1136	291	241507	251716	771414	781660	0.0	10720.0
NODE_7_length_477912_cov_33.9664_ID_3898	CR382133.2	85.79	2506	281	70	183018	185488	995147	992682	0.0	2586.0
NODE_29_length_155608_cov_35.6359_ID_13269	CR382139.2	85.78	6012	656	181	142418	148327	933914	939828	0.0	6181.0
NODE_8_length_420801_cov_34.7658_ID_10030	CR382134.2	85.78	4396	471	132	303614	307918	495398	499730	0.0	4514.0
NODE_23_length_218689_cov_33.6681_ID_12020	CR382139.2	85.78	3628	441	73	200192	203780	772396	775987	0.0	3771.0
NODE_2_length_632767_cov_34.637_ID_14960	CR382138.2	85.77	4724	525	117	617414	622049	763386	758722	0.0	4865.0
NODE_52_length_18297_cov_134.258_ID_29803	CR382134.2	85.77	1701	203	39	5933	7614	1283453	1281773	0.0	1764.0
NODE_12_length_282693_cov_34.3642_ID_29696	CR382133.2	85.76	2001	238	47	239138	241115	75037	73061	0.0	2073.0
NODE_5_length_492603_cov_35.8368_ID_3167	CR382136.2	85.75	9048	1014	237	369170	378056	1456070	1465003	0.0	9313.0
NODE_10_length_353885_cov_37.9152_ID_12638	CR382135.2	85.75	7244	861	147	262609	269754	1085271	1078101	0.0	7502.0
NODE_1_length_868079_cov_35.4867_ID_3457	CR382136.2	85.7	4587	491	134	290279	294792	1064397	1068891	0.0	4684.0
NODE_4_length_568668_cov_34.0918_ID_5933	CR382137.2	85.74	4494	518	103	411284	415719	1296241	1291813	0.0	4634.0
NODE_13_length_281259_cov_34.196_ID_5079	CR382138.2	85.74	2538	261	88	99631	102113	157175	159666	0.0	2588.0
NODE_34_length_120205_cov_33.3615_ID_12456	CR382136.2	85.74	1865	241	25	14969	16819	195749	193896	0.0	1947.0
NODE_25_length_194275_cov_35.4501_ID_11218	CR382139.2	85.7	3504	396	91	75485	78936	1685118	1681668	0.0	3598.0
NODE_15_length_270991_cov_35.1685_ID_3788	CR382139.2	85.73	1514	184	32	1393	2891	557169	555673	0.0	1570.0
NODE_21_length_250673_cov_35.6228_ID_7397	CR382139.2	85.73	14006	1605	336	192977	206780	1024737	1010923	0.0	14430.0
NODE_49_length_28131_cov_33.6774_ID_16779	CR382135.2	85.73	1268	158	23	8934	10189	1570532	1571788	0.0	1317.0
NODE_4_length_568668_cov_34.0918_ID_5933	CR382137.2	85.72	8254	935	217	553813	561932	1153857	1145714	0.0	8486.0
NODE_6_length_488230_cov_34.2678_ID_6955	CR382135.2	85.72	13988	1582	333	260041	273811	297946	311735	0.0	14380.0
NODE_2_length_632767_cov_34.637_ID_14960	CR382138.2	85.71	7021	818	157	118505	125423	1270366	1263429	0.0	7238.0
NODE_3_length_610127_cov_34.1103_ID_9381	CR382137.2	85.71	5205	580	136	452710	457844	980481	985591	0.0	5339.0
NODE_17_length_261917_cov_32.8292_ID_15277	CR382137.2	85.71	5205	580	136	152284	157418	985591	980481	0.0	5339.0
NODE_23_length_218689_cov_33.6681_ID_12020	CR382139.2	85.7	13961	1631	327	18891	32673	586528	600300	0.0	14380.0
NODE_14_length_281205_cov_35.3676_ID_4577	CR382135.2	85.7	12587	1408	341	255618	268005	621991	609598	0.0	12910.0
NODE_6_length_488230_cov_34.2678_ID_6955	CR382135.2	85.71	1554	192	29	123559	125097	152647	154185	0.0	1613.0
NODE_2_length_632767_cov_34.637_ID_14960	CR382138.2	85.71	13862	1552	363	111722	125362	1277145	1263492	0.0	14230.0
NODE_19_length_254950_cov_35.2287_ID_25256	CR382134.2	85.69	8637	963	219	73269	81757	805382	813893	0.0	8850.0
NODE_23_length_218689_cov_33.6681_ID_12020	CR382139.2	85.69	8597	941	227	126646	135104	699636	708081	0.0	8794.0
NODE_5_length_492603_cov_35.8368_ID_3167	CR382136.2	85.69	4949	554	123	424287	429159	1513053	1517923	0.0	5075.0
NODE_10_length_353885_cov_37.9152_ID_12638	CR382135.2	85.68	9102	987	274	222494	231419	1124251	1115290	0.0	9299.0
NODE_13_length_281259_cov_34.196_ID_5079	CR382138.2	85.68	5628	613	146	51106	56599	106731	112299	0.0	5749.0
NODE_4_length_568668_cov_34.0918_ID_5933	CR382137.2	85.68	5267	615	128	517020	522208	1189788	1184583	0.0	5421.0
NODE_5_length_492603_cov_35.8368_ID_3167	CR382136.2	85.68	2688	312	56	319732	322389	1405340	1407984	0.0	2763.0
NODE_30_length_154374_cov_33.7699_ID_5271	CR382138.2	85.68	2576	232	108	101927	104427	1498682	1501195	0.0	2586.0
NODE_22_length_220368_cov_33.797_ID_9083	CR382137.2	85.68	1920	224	40	141392	143282	355414	353517	0.0	1975.0
NODE_1_length_868079_cov_35.4867_ID_3457	CR382136.2	85.67	9492	1079	236	4260	13618	764330	773673	0.0	9734.0
NODE_10_length_353885_cov_37.9152_ID_12638	CR382135.2	85.67	7042	779	200	332799	339728	1008444	1001521	0.0	7203.0
NODE_21_length_250673_cov_35.6228_ID_7397	CR382139.2	85.67	4822	567	106	220035	224786	997452	992685	0.0	4963.0
NODE_4_length_568668_cov_34.0918_ID_5933	CR382137.2	85.67	11636	1354	266	448600	460073	1258530	1247046	0.0	11960.0
NODE_22_length_220368_cov_33.797_ID_9083	CR382137.2	85.66	5796	673	128	16532	22224	483238	477498	0.0	5954.0
NODE_35_length_119143_cov_34.8498_ID_11472	CR382136.2	85.66	4583	520	126	38981	43495	440907	436394	0.0	4697.0
NODE_22_length_220368_cov_33.797_ID_9083	CR382137.2	85.66	3767	417	102	77189	80895	421082	417379	0.0	3851.0
NODE_2_length_632767_cov_34.637_ID_14960	CR382138.2	85.66	11049	1267	276	145354	156215	1242924	1232006	0.0	11340.0
NODE_28_length_168978_cov_32.4593_ID_13939	CR382139.2	85.66	10957	1319	231	11158	21986	1514403	1503571	0.0	11300.0
NODE_1_length_868079_cov_35.4867_ID_3457	CR382138.2	85.66	10567	1252	242	451717	462160	1844418	1854844	0.0	10880.0
NODE_13_length_281259_cov_34.196_ID_5079	CR382138.2	85.65	9233	1063	232	119831	128929	177523	186627	0.0	9468.0
NODE_4_length_568668_cov_34.0918_ID_5933	CR382137.2	85.65	7556	848	203	350408	357843	1357967	1350528	0.0	7731.0
NODE_13_length_281259_cov_34.196_ID_5079	CR382138.2	85.65	5820	660	149	275529	281259	337080	342813	0.0	5960.0
NODE_34_length_120205_cov_33.3615_ID_12456	CR382136.2	85.65	2161	235	70	581	2703	210037	207914	0.0	2204.0
NODE_3_length_610127_cov_34.1103_ID_9381	CR382137.2	85.65	2056	226	57	488346	490364	1016244	1018267	0.0	2098.0
NODE_17_length_261917_cov_32.8292_ID_15277	CR382137.2	85.65	2056	226	57	119764	121782	1018267	1016244	0.0	2098.0
NODE_8_length_420801_cov_34.7658_ID_10030	CR382134.2	85.65	12695	1477	308	368394	380907	563078	575608	0.0	13030.0
NODE_22_length_220368_cov_33.797_ID_9083	CR382137.2	85.64	3113	380	62	31777	34857	467823	464746	0.0	3210.0
NODE_14_length_281205_cov_35.3676_ID_4577	CR382135.2	85.64	13918	1625	317	245833	259546	631808	618061	0.0	14280.0
NODE_1_length_868079_cov_35.4867_ID_3457	CR382138.2	85.64	1274	148	35	755523	756777	2148063	2149320	0.0	1306.0
NODE_18_length_256572_cov_33.9778_ID_8571	CR382139.2	85.63	5485	605	148	98075	103466	187029	181635	0.0	5594.0
NODE_9_length_405733_cov_34.5204_ID_6323	CR382138.2	85.63	3472	412	74	149646	153068	494108	497541	0.0	3567.0
NODE_3_length_610127_cov_34.1103_ID_9381	CR382137.2	85.63	1788	210	37	219130	220894	748825	750588	0.0	1834.0
NODE_23_length_218689_cov_33.6681_ID_12020	CR382139.2	85.62	6690	789	158	171170	177764	743463	750074	0.0	6865.0
NODE_10_length_353885_cov_37.9152_ID_12638	CR382135.2	85.6	2319	283	48	286836	289132	1054958	1052669	0.0	2385.0
NODE_2_length_632767_cov_34.637_ID_14960	CR382138.2	85.6	2312	246	73	337701	339966	1042998	1040728	0.0	2344.0
NODE_1_length_868079_cov_35.4867_ID_3457	CR382136.2	85.61	9966	1192	220	266842	276692	1041150	1050988	0.0	10240.0
NODE_8_length_420801_cov_34.7658_ID_10030	CR382134.2	85.6	13840	1614	338	368495	382129	563177	576842	0.0	14170.0
NODE_23_length_218689_cov_33.6681_ID_12020	CR382139.2	85.61	3767	420	105	73393	77102	644155	647856	0.0	3842.0
NODE_7_length_477912_cov_33.9664_ID_3898	CR382135.2	85.61	1863	194	72	461617	463443	1364284	1362460	0.0	1888.0
NODE_3_length_610127_cov_34.1103_ID_9381	CR382137.2	85.61	1605	192	35	346160	347738	875331	876922	0.0	1648.0
NODE_14_length_281205_cov_35.3676_ID_4577	CR382135.2	85.61	1598	185	43	2830	4401	878514	876936	0.0	1635.0
NODE_3_length_610127_cov_34.1103_ID_9381	CR382137.2	85.59	9948	1073	285	104471	114246	635155	644913	0.0	10090.0
NODE_5_length_492603_cov_35.8368_ID_3167	CR382138.2	85.59	9557	984	319	1727	11106	1702118	1711458	0.0	9657.0
NODE_43_length_49480_cov_37.8212_ID_16377	CR382135.2	85.59	1894	195	66	7364	9212	585582	583722	0.0	1914.0
NODE_2_length_632767_cov_34.637_ID_14960	CR382138.2	85.59	13708	1585	334	599391	612893	781421	767900	0.0	14010.0
NODE_7_length_477912_cov_33.9664_ID_3898	CR382133.2	85.59	10442	1199	253	445437	455711	718167	707865	0.0	10660.0
NODE_12_length_282693_cov_34.3642_ID_29696	CR382133.2	85.58	8496	1014	197	140232	148612	182280	173881	0.0	8708.0
NODE_1_length_868079_cov_35.4867_ID_3457	CR382138.2	85.58	2753	328	63	808494	811215	2201704	2204418	0.0	2820.0
NODE_27_length_180801_cov_34.1253_ID_5551	CR382135.2	85.58	2400	241	85	151345	153686	1399666	1397314	0.0	2418.0
NODE_1_length_868079_cov_35.4867_ID_3457	CR382136.2	85.58	12105	1397	292	352092	364012	1132698	1144638	0.0	12370.0
NODE_31_length_146827_cov_33.8537_ID_8789	CR382137.2	85.57	2203	234	71	127633	129789	96057	93893	0.0	2230.0
NODE_46_length_42446_cov_33.1791_ID_15503	CR382137.2	85.57	1934	227	52	32536	34443	233405	231498	0.0	1978.0
NODE_2_length_632767_cov_34.637_ID_14960	CR382138.2	85.57	13861	1569	377	142348	155961	1245936	1232260	0.0	14120.0
NODE_5_length_492603_cov_35.8368_ID_3167	CR382136.2	85.57	13854	1437	426	242407	255992	1327795	1341354	0.0	13990.0
NODE_27_length_180801_cov_34.1253_ID_5551	CR382135.2	85.56	6864	777	190	166807	173573	1379423	1372677	0.0	6988.0
NODE_7_length_477912_cov_33.9664_ID_3898	CR382133.2	85.56	6608	729	186	61537	68033	1128220	1121727	0.0	6709.0
NODE_21_length_250673_cov_35.6228_ID_7397	CR382139.2	85.56	5355	582	169	233571	238841	984002	978755	0.0	5430.0
NODE_3_length_610127_cov_34.1103_ID_9381	CR382137.2	85.56	3249	362	87	567451	570642	1096202	1099400	0.0	3302.0
NODE_17_length_261917_cov_32.8292_ID_15277	CR382137.2	85.56	3249	362	87	39486	42677	1099400	1096202	0.0	3302.0
NODE_51_length_21200_cov_27.3094_ID_16523	CR382136.2	85.56	1565	172	49	17632	19171	70350	68815	0.0	1589.0
NODE_14_length_281205_cov_35.3676_ID_4577	CR382135.2	85.56	13823	1645	309	67505	81145	809600	795947	0.0	14140.0
NODE_20_length_253091_cov_31.9017_ID_7645	CR382139.2	85.55	7869	949	173	171886	179659	1849574	1841799	0.0	8059.0
NODE_1_length_868079_cov_35.4867_ID_3457	CR382138.2	85.55	7690	908	176	485842	493422	1878622	1886217	0.0	7858.0
NODE_1_length_868079_cov_35.4867_ID_3457	CR382138.2	85.55	2208	253	57	838359	840531	2233402	2235578	0.0	2250.0
NODE_24_length_209967_cov_36.188_ID_7943	CR382134.2	85.55	1377	146	46	46084	47431	1088589	1089941	0.0	1391.0
NODE_20_length_253091_cov_31.9017_ID_7645	CR382139.2	85.55	1336	163	28	26151	27467	1997432	1996108	0.0	1371.0
NODE_18_length_256572_cov_33.9778_ID_8571	CR382139.2	85.55	13120	1517	323	58310	71223	227046	214100	0.0	13370.0
NODE_4_length_568668_cov_34.0918_ID_5933	CR382137.2	85.54	8633	1065	171	279351	287883	1434790	1426241	0.0	8859.0
NODE_15_length_270991_cov_35.1685_ID_3788	CR382139.2	85.54	7553	911	154	246265	253724	311400	303936	0.0	7731.0
NODE_12_length_282693_cov_34.3642_ID_29696	CR382133.2	85.54	7042	824	160	168186	175141	153941	147008	0.0	7186.0
NODE_10_length_353885_cov_37.9152_ID_12638	CR382135.2	85.5	4544	487	146	206765	211209	1140066	1135596	0.0	4582.0
NODE_2_length_632767_cov_34.637_ID_14960	CR382138.2	85.54	13548	1517	382	534263	547562	846495	833142	0.0	13760.0
NODE_26_length_188724_cov_36.181_ID_10266	CR382136.2	85.54	12753	1444	348	61351	73893	559639	572201	0.0	12970.0
NODE_30_length_154374_cov_33.7699_ID_5271	CR382138.2	85.53	8252	906	242	15802	23912	1411800	1419904	0.0	8359.0
NODE_1_length_868079_cov_35.4867_ID_3457	CR382138.2	85.53	2121	248	54	462370	464455	1855058	1857154	0.0	2161.0
NODE_4_length_568668_cov_34.0918_ID_5933	CR382137.2	85.53	13584	1530	363	104313	117652	1616414	1603022	0.0	13800.0
NODE_8_length_420801_cov_34.7658_ID_10030	CR382134.2	85.53	13100	1474	338	375907	388787	570623	583519	0.0	13300.0
NODE_12_length_282693_cov_34.3642_ID_29696	CR382133.2	85.53	10563	1218	260	211508	221932	111272	100882	0.0	10760.0
NODE_2_length_632767_cov_34.637_ID_14960	CR382138.2	85.52	3018	341	83	346732	349704	1033751	1030785	0.0	3064.0
NODE_2_length_632767_cov_34.637_ID_14960	CR382138.2	85.52	13815	1578	353	392978	406565	985597	971978	0.0	14040.0
NODE_62_length_5509_cov_765.714_ID_31570	CR382136.2	85.52	1319	144	45	4129	5426	1602122	1600830	0.0	1334.0
NODE_35_length_119143_cov_34.8498_ID_11472	CR382136.2	85.51	9762	1074	260	26490	36043	453554	443926	0.0	9873.0
NODE_26_length_188724_cov_36.181_ID_10266	CR382136.2	85.51	8130	994	167	131136	139177	629697	637730	0.0	8318.0
NODE_22_length_220368_cov_33.797_ID_9083	CR382137.2	85.51	5004	557	142	9426	14339	493831	488906	0.0	5070.0
NODE_2_length_632767_cov_34.637_ID_14960	CR382138.2	85.5	13764	1574	353	393110	406646	985465	971897	0.0	13970.0
NODE_31_length_146827_cov_33.8537_ID_8789	CR382137.2	85.49	9256	1087	217	96598	105712	129562	120422	0.0	9417.0
NODE_21_length_250673_cov_35.6228_ID_7397	CR382139.2	85.49	3729	486	52	102016	105717	1115880	1112180	0.0	3838.0
NODE_2_length_632767_cov_34.637_ID_14960	CR382138.2	85.4	9241	1076	223	392852	401931	985723	976595	0.0	9339.0
NODE_8_length_420801_cov_34.7658_ID_10030	CR382134.2	85.49	13759	1614	341	368854	382405	563536	577118	0.0	13990.0
NODE_5_length_492603_cov_35.8368_ID_3167	CR382136.2	85.49	1123	147	16	483177	484291	1561102	1562216	0.0	1157.0
NODE_24_length_209967_cov_36.188_ID_7943	CR382134.2	85.48	6771	780	187	35233	41890	1077656	1084336	0.0	6870.0
NODE_7_length_477912_cov_33.9664_ID_3898	CR382133.2	85.48	5626	638	152	368064	373614	794963	789442	0.0	5698.0
NODE_21_length_250673_cov_35.6228_ID_7397	CR382139.2	85.48	13708	1532	381	69309	82821	1148790	1135347	0.0	13860.0
NODE_5_length_492603_cov_35.8368_ID_3167	CR382136.2	85.4	7885	919	199	117743	125511	1201873	1209641	0.0	7971.0
NODE_4_length_568668_cov_34.0918_ID_5933	CR382137.2	85.47	5037	619	98	329203	334182	1379853	1374873	0.0	5142.0
NODE_18_length_256572_cov_33.9778_ID_8571	CR382139.2	85.47	1569	199	29	218565	220118	59541	57987	0.0	1607.0
NODE_27_length_180801_cov_34.1253_ID_5551	CR382136.2	85.47	1156	131	32	179648	180792	700548	699419	0.0	1170.0
NODE_6_length_488230_cov_34.2678_ID_6955	CR382135.2	85.46	9611	1085	263	322634	332088	363958	373412	0.0	9721.0
NODE_13_length_281259_cov_34.196_ID_5079	CR382138.2	85.46	6731	763	178	220887	227487	283050	289694	0.0	6807.0
NODE_1_length_868079_cov_35.4867_ID_3457	CR382136.2	85.46	10180	1166	263	270200	280252	1044511	1054503	0.0	10310.0
NODE_23_length_218689_cov_33.6681_ID_12020	CR382139.2	85.45	6905	852	137	18676	25512	586313	593132	0.0	7042.0
NODE_10_length_353885_cov_37.9152_ID_12638	CR382137.2	85.45	1546	187	38	80582	82108	1076446	1074920	0.0	1574.0
NODE_3_length_610127_cov_34.1103_ID_9381	CR382137.2	85.45	13694	1563	357	100297	113779	630969	644444	0.0	13860.0
NODE_2_length_632767_cov_34.637_ID_14960	CR382138.2	85.45	12090	1336	349	111350	123217	1277533	1265645	0.0	12190.0
NODE_5_length_492603_cov_35.8368_ID_3167	CR382136.2	85.44	11898	1378	300	370583	382292	1457497	1469228	0.0	12050.0
NODE_1_length_868079_cov_35.4867_ID_3457	CR382138.2	85.44	11453	1374	274	450709	462017	1843409	1854711	0.0	11640.0
NODE_27_length_180801_cov_34.1253_ID_5551	CR382135.2	85.43	9805	1137	261	92494	102133	1468744	1459067	0.0	9921.0
NODE_4_length_568668_cov_34.0918_ID_5933	CR382137.2	85.43	8067	909	208	506413	514330	1200390	1192441	0.0	8142.0
NODE_10_length_353885_cov_37.9152_ID_12638	CR382135.2	85.43	6624	743	198	236517	243025	1110953	1104437	0.0	6682.0
NODE_3_length_610127_cov_34.1103_ID_9381	CR382137.2	85.43	4474	542	91	447394	451800	975109	979539	0.0	4549.0
NODE_17_length_261917_cov_32.8292_ID_15277	CR382137.2	85.43	4474	542	91	158328	162734	979539	975109	0.0	4549.0
NODE_22_length_220368_cov_33.797_ID_9083	CR382137.2	85.43	3473	404	86	201625	205049	289391	285973	0.0	3517.0
NODE_8_length_420801_cov_34.7658_ID_10030	CR382134.2	85.4	3185	338	92	185283	188407	376933	380050	0.0	3188.0
NODE_42_length_54719_cov_36.3968_ID_13079	CR382136.2	85.43	13702	1621	328	19626	33122	733078	719547	0.0	13900.0
NODE_8_length_420801_cov_34.7658_ID_10030	CR382134.2	85.43	11780	1390	284	87738	99333	272915	284552	0.0	11950.0
NODE_28_length_168978_cov_32.4593_ID_13939	CR382139.2	85.42	6111	703	162	62353	68381	1463091	1457087	0.0	6176.0
NODE_4_length_568668_cov_34.0918_ID_5933	CR382137.2	85.42	2861	327	76	96952	99756	1623829	1621003	0.0	2891.0
NODE_13_length_281259_cov_34.196_ID_5079	CR382138.2	85.42	1523	205	17	26069	27582	69471	70985	0.0	1567.0
NODE_32_length_128222_cov_72.563_ID_9879	CR382139.2	85.4	1939	196	72	76853	78744	1306432	1308330	0.0	1932.0
NODE_13_length_281259_cov_34.196_ID_5079	CR382138.2	85.41	9045	1039	226	41413	50317	97070	105973	0.0	9130.0
NODE_21_length_250673_cov_35.6228_ID_7397	CR382139.2	85.4	1644	182	46	51453	53068	1166742	1165129	0.0	1653.0
NODE_40_length_64107_cov_30.9856_ID_14477	CR382137.2	85.4	1616	210	25	59991	61593	38439	40041	0.0	1653.0
NODE_5_length_492603_cov_35.8368_ID_3167	CR382136.2	85.41	5503	630	148	304422	309822	1389976	1395407	0.0	5553.0
NODE_5_length_492603_cov_35.8368_ID_3167	CR382138.2	85.41	2193	258	52	11832	13999	1712196	1714351	0.0	2220.0
NODE_5_length_492603_cov_35.8368_ID_3167	CR382138.2	85.41	13711	1621	331	23162	36641	1723518	1737080	0.0	13890.0
NODE_31_length_146827_cov_33.8537_ID_8789	CR382137.2	85.41	13534	1668	270	33713	47087	191418	178033	0.0	13770.0
NODE_21_length_250673_cov_35.6228_ID_7397	CR382139.2	85.39	1643	199	34	82971	84585	1135192	1133563	0.0	1666.0
NODE_15_length_270991_cov_35.1685_ID_3788	CR382139.2	85.39	12160	1459	294	75911	87910	480031	468029	0.0	12320.0
NODE_30_length_154374_cov_33.7699_ID_5271	CR382138.2	85.38	8206	914	215	24439	32477	1420426	1428512	0.0	8242.0
NODE_19_length_254950_cov_35.2287_ID_25256	CR382134.2	85.38	7382	835	199	21938	29184	749836	757108	0.0	7430.0
NODE_25_length_194275_cov_35.4501_ID_11218	CR382139.2	85.38	4740	573	114	38412	43089	1722190	1717509	0.0	4804.0
NODE_14_length_281205_cov_35.3676_ID_4577	CR382135.2	85.38	3700	435	91	26878	30507	852456	848793	0.0	3738.0
NODE_4_length_568668_cov_34.0918_ID_5933	CR382137.2	85.38	13555	1623	317	444685	458058	1262436	1249060	0.0	13720.0
NODE_33_length_127585_cov_34.6327_ID_5437	CR382138.2	85.38	1019	129	19	119799	120809	1692209	1693215	0.0	1038.0
NODE_21_length_250673_cov_35.6228_ID_7397	CR382139.2	85.37	3137	316	123	178126	181183	1039628	1036556	0.0	3118.0
NODE_5_length_492603_cov_35.8368_ID_3167	CR382136.2	85.36	8635	862	314	161749	170152	1246815	1255278	0.0	8573.0
NODE_13_length_281259_cov_34.196_ID_5079	CR382138.2	85.36	7441	838	195	43172	50485	98820	106136	0.0	7476.0
NODE_21_length_250673_cov_35.6228_ID_7397	CR382139.2	85.36	6338	700	189	41127	47332	1177090	1170849	0.0	6353.0
NODE_1_length_868079_cov_35.4867_ID_3457	CR382138.2	85.36	3210	344	104	477795	480945	1870471	1873613	0.0	3208.0
NODE_22_length_220368_cov_33.797_ID_9083	CR382137.2	85.3	6260	729	160	22148	28314	477526	471365	0.0	6287.0
NODE_5_length_492603_cov_35.8368_ID_3167	CR382138.2	85.36	13556	1602	343	25571	38887	1725941	1739352	0.0	13680.0
NODE_28_length_168978_cov_32.4593_ID_13939	CR382139.2	85.35	3017	356	58	99967	102939	1425205	1422231	0.0	3044.0
NODE_26_length_188724_cov_36.181_ID_10266	CR382136.2	85.3	4951	537	155	158404	163255	656867	661725	0.0	4933.0
NODE_28_length_168978_cov_32.4593_ID_13939	CR382139.2	85.34	5067	619	104	36301	41299	1489211	1484201	0.0	5127.0
NODE_27_length_180801_cov_34.1253_ID_5551	CR382135.2	85.34	13644	1625	324	18065	31513	1543114	1529651	0.0	13770.0
NODE_42_length_54719_cov_36.3968_ID_13079	CR382136.2	85.34	11666	1388	283	19586	31078	733118	721602	0.0	11770.0
NODE_1_length_868079_cov_35.4867_ID_3457	CR382136.2	85.33	8097	959	202	192869	200844	965593	973581	0.0	8159.0
NODE_42_length_54719_cov_36.3968_ID_13079	CR382136.2	85.33	7967	948	188	41795	49624	710803	702921	0.0	8032.0
NODE_3_length_610127_cov_34.1103_ID_9381	CR382137.2	85.33	3790	463	80	322058	325799	851418	855162	0.0	3832.0
NODE_16_length_262415_cov_32.3107_ID_9639	CR382137.2	85.33	3537	427	87	57962	61454	1946529	1943041	0.0	3572.0
NODE_36_length_112246_cov_36.9411_ID_11052	CR382134.2	85.33	2392	270	77	61194	63543	662234	659882	0.0	2398.0
NODE_33_length_127585_cov_34.6327_ID_5437	CR382138.2	85.33	2290	236	74	84517	86760	1661579	1663814	0.0	2276.0
NODE_3_length_610127_cov_34.1103_ID_9381	CR382137.2	85.33	13632	1622	314	87429	100850	618071	631534	0.0	13750.0
NODE_10_length_353885_cov_37.9152_ID_12638	CR382135.2	85.3	2727	324	65	113503	116190	1238158	1235470	0.0	2743.0
NODE_14_length_281205_cov_35.3676_ID_4577	CR382135.2	85.32	5027	509	174	14281	19173	866680	861749	0.0	4983.0
NODE_1_length_868079_cov_35.4867_ID_3457	CR382136.2	85.31	2553	288	76	280311	282824	1054490	1056994	0.0	2556.0
NODE_38_length_79920_cov_33.2095_ID_9753	CR382136.2	85.31	2124	244	56	1512	3599	278995	281086	0.0	2132.0
NODE_10_length_353885_cov_37.9152_ID_12638	CR382135.2	85.31	1688	195	36	40236	41899	1311617	1309959	0.0	1694.0
NODE_39_length_64552_cov_34.1915_ID_12350	CR382136.2	85.31	1144	129	29	45993	47120	230404	229284	0.0	1146.0
NODE_14_length_281205_cov_35.3676_ID_4577	CR382135.2	85.29	8921	1022	256	158309	167088	718206	709435	0.0	8938.0
NODE_20_length_253091_cov_31.9017_ID_7645	CR382139.2	85.29	13130	1520	360	131578	144501	1890143	1877220	0.0	13160.0
NODE_21_length_250673_cov_35.6228_ID_7397	CR382139.2	85.29	12609	1318	418	164748	177085	1053021	1040679	0.0	12510.0
NODE_1_length_868079_cov_35.4867_ID_3457	CR382138.2	85.29	10455	1233	270	687744	698031	2078850	2089166	0.0	10500.0
NODE_10_length_353885_cov_37.9152_ID_12638	CR382135.2	85.29	10384	1221	264	310337	320563	1031115	1020882	0.0	10430.0
NODE_51_length_21200_cov_27.3094_ID_16523	CR382138.2	85.28	2506	315	54	13221	15699	2276661	2279139	0.0	2534.0
NODE_28_length_168978_cov_32.4593_ID_13939	CR382139.2	85.28	1930	237	42	103279	105182	1421930	1420022	0.0	1947.0
NODE_26_length_188724_cov_36.181_ID_10266	CR382136.2	85.27	5763	654	162	124653	130329	623184	628837	0.0	5758.0
NODE_6_length_488230_cov_34.2678_ID_6955	CR382135.2	85.27	5580	676	134	469836	475339	513897	519406	0.0	5616.0
NODE_3_length_610127_cov_34.1103_ID_9381	CR382137.2	85.27	3924	417	121	229233	233070	758929	762777	0.0	3895.0
NODE_6_length_488230_cov_34.2678_ID_6955	CR382135.2	85.27	1684	194	51	33968	35624	22191	20535	0.0	1687.0
NODE_19_length_254950_cov_35.2287_ID_25256	CR382134.2	85.27	12745	1470	346	23351	35863	751237	763806	0.0	12760.0
NODE_28_length_168978_cov_32.4593_ID_13939	CR382139.2	85.27	1229	125	47	116439	117642	1408820	1407623	0.0	1216.0
NODE_5_length_492603_cov_35.8368_ID_3167	CR382136.2	85.26	1967	237	52	461820	463759	1550291	1552231	0.0	1977.0
NODE_1_length_868079_cov_35.4867_ID_3457	CR382138.2	85.26	13505	1589	336	625295	638579	2015846	2029169	0.0	13540.0
NODE_28_length_168978_cov_32.4593_ID_13939	CR382139.2	85.25	3994	501	82	73625	77570	1451546	1447593	0.0	4032.0
NODE_14_length_281205_cov_35.3676_ID_4577	CR382135.2	85.25	2379	274	64	182296	184634	695322	692981	0.0	2377.0
NODE_8_length_420801_cov_34.7658_ID_10030	CR382134.2	85.25	13555	1614	323	372366	385711	567048	580426	0.0	13600.0
NODE_5_length_492603_cov_35.8368_ID_3167	CR382136.2	85.25	1241	118	61	111468	112674	1195640	1196849	0.0	1218.0
NODE_2_length_632767_cov_34.637_ID_14960	CR382138.2	85.24	8782	990	257	100313	108929	1288730	1280090	0.0	8756.0
NODE_11_length_330750_cov_34.3281_ID_10803	CR382133.2	85.24	8246	1003	187	22654	30797	380882	389015	0.0	8288.0
NODE_7_length_477912_cov_33.9664_ID_3898	CR382133.2	85.24	6618	798	142	84065	90586	1105286	1098752	0.0	6643.0
NODE_31_length_146827_cov_33.8537_ID_8789	CR382137.2	85.24	4222	493	108	76879	81021	148637	144467	0.0	4226.0
NODE_34_length_120205_cov_33.3615_ID_12456	CR382136.2	85.24	4071	480	109	29310	33320	181643	177634	0.0	4076.0
NODE_14_length_281205_cov_35.3676_ID_4577	CR382135.2	85.24	2494	292	63	16	2463	881337	878874	0.0	2497.0
NODE_12_length_282693_cov_34.3642_ID_29696	CR382138.2	85.24	1998	238	56	239138	241107	244459	246427	0.0	2002.0
NODE_6_length_488230_cov_34.2678_ID_6955	CR382135.2	85.23	3852	474	82	276238	280042	314261	318064	0.0	3873.0
NODE_45_length_43290_cov_32.4015_ID_16155	CR382137.2	85.23	1686	212	35	19272	20939	48024	46358	0.0	1700.0
NODE_9_length_405733_cov_34.5204_ID_6323	CR382138.2	85.23	13012	1521	336	392088	404900	734407	747216	0.0	13010.0
NODE_2_length_632767_cov_34.637_ID_14960	CR382138.2	85.22	7613	883	197	392344	399810	986269	978753	0.0	7603.0
NODE_31_length_146827_cov_33.8537_ID_8789	CR382137.2	85.22	1563	220	9	105956	107514	120145	118590	0.0	1596.0
NODE_4_length_568668_cov_34.0918_ID_5933	CR382137.2	85.22	13528	1628	307	336151	349483	1372243	1358892	0.0	13560.0
NODE_19_length_254950_cov_35.2287_ID_25256	CR382134.2	85.22	11038	1232	335	43132	53956	775172	786023	0.0	10980.0
NODE_1_length_868079_cov_35.4867_ID_3457	CR382136.2	85.2	13479	1603	345	57428	70708	819143	832427	0.0	13480.0
NODE_3_length_610127_cov_34.1103_ID_9381	CR382137.2	85.2	12133	1464	289	262036	274011	791718	803675	0.0	12150.0
NODE_10_length_353885_cov_37.9152_ID_12638	CR382135.2	85.21	1846	195	63	252272	254080	1095599	1093795	0.0	1825.0
NODE_10_length_353885_cov_37.9152_ID_12638	CR382135.2	85.2	11368	1300	331	236379	247557	1111106	1099932	0.0	11320.0
NODE_10_length_353885_cov_37.9152_ID_12638	CR382135.2	85.19	4760	545	137	54922	59612	1296931	1292263	0.0	4737.0
NODE_12_length_282693_cov_34.3642_ID_29696	CR382133.2	85.19	1742	222	36	14479	16202	333315	331592	0.0	1755.0
NODE_5_length_492603_cov_35.8368_ID_3167	CR382138.2	85.19	13423	1591	349	22901	36086	1723263	1736525	0.0	13410.0
NODE_2_length_632767_cov_34.637_ID_14960	CR382138.2	85.18	6450	714	204	503250	509596	873235	866925	0.0	6392.0
NODE_7_length_477912_cov_33.9664_ID_3898	CR382133.2	85.18	4176	480	119	414532	418632	749068	744957	0.0	4154.0
NODE_26_length_188724_cov_36.181_ID_10266	CR382136.2	85.18	3746	449	83	11978	15648	507142	510856	0.0	3746.0
NODE_10_length_353885_cov_37.9152_ID_12638	CR382135.2	85.18	2415	222	105	117170	119504	1234555	1232197	0.0	2351.0
NODE_9_length_405733_cov_34.5204_ID_6323	CR382138.2	85.18	11558	1276	337	14156	25482	357949	369300	0.0	11450.0
NODE_18_length_256572_cov_33.9778_ID_8571	CR382139.2	85.17	8647	1058	200	65800	74341	219509	210982	0.0	8660.0
NODE_15_length_270991_cov_35.1685_ID_3788	CR382139.2	85.17	8470	1043	186	46157	54512	509865	501495	0.0	8486.0
NODE_11_length_330750_cov_34.3281_ID_10803	CR382133.2	85.17	1746	207	49	301452	303170	660591	662311	0.0	1742.0
NODE_23_length_218689_cov_33.6681_ID_12020	CR382139.2	85.16	6808	781	179	119218	125907	689978	696674	0.0	6765.0
NODE_20_length_253091_cov_31.9017_ID_7645	CR382139.2	85.16	1920	225	49	83665	85561	1939604	1937722	0.0	1912.0
NODE_5_length_492603_cov_35.8368_ID_3167	CR382136.2	85.16	13479	1422	442	244024	257224	1329409	1342587	0.0	13280.0
NODE_2_length_632767_cov_34.637_ID_14960	CR382138.2	85.16	13473	1544	387	537755	550974	842990	829720	0.0	13390.0
NODE_4_length_568668_cov_34.0918_ID_5933	CR382137.2	85.16	13345	1600	321	335056	348197	1373338	1360172	0.0	13320.0
NODE_13_length_281259_cov_34.196_ID_5079	CR382138.2	85.16	12642	1567	279	168812	181281	227873	240377	0.0	12670.0
NODE_10_length_353885_cov_37.9152_ID_12638	CR382135.2	85.16	10910	1281	293	141155	151899	1210462	1199726	0.0	10870.0
NODE_8_length_420801_cov_34.7658_ID_10030	CR382134.2	85.1	5858	695	154	282653	288413	474415	480191	0.0	5818.0
NODE_15_length_270991_cov_35.1685_ID_3788	CR382139.2	85.15	7163	854	188	103196	110245	453020	445955	0.0	7140.0
NODE_3_length_610127_cov_34.1103_ID_9381	CR382137.2	85.1	5552	658	148	358937	364408	885698	891160	0.0	5515.0
NODE_17_length_261917_cov_32.8292_ID_15277	CR382137.2	85.1	5552	658	148	245720	251191	891160	885698	0.0	5515.0
NODE_1_length_868079_cov_35.4867_ID_3457	CR382138.2	85.15	3993	483	99	675840	679775	2066901	2070840	0.0	3988.0
NODE_4_length_568668_cov_34.0918_ID_5933	CR382137.2	85.15	12008	1417	300	338146	349958	1370251	1358415	0.0	11960.0
NODE_15_length_270991_cov_35.1685_ID_3788	CR382139.2	85.14	7826	945	192	123558	131266	434977	427253	0.0	7808.0
NODE_12_length_282693_cov_34.3642_ID_29696	CR382133.2	85.14	6307	724	182	191223	197425	130808	124611	0.0	6259.0
NODE_33_length_127585_cov_34.6327_ID_5437	CR382138.2	85.14	3487	418	83	116146	119579	1688553	1691992	0.0	3478.0
NODE_29_length_155608_cov_35.6359_ID_13269	CR382139.2	85.14	13422	1588	356	54718	67895	845654	858913	0.0	13370.0
NODE_2_length_632767_cov_34.637_ID_14960	CR382138.2	85.14	11473	1396	277	48755	60062	1341031	1329703	0.0	11460.0
NODE_2_length_632767_cov_34.637_ID_14960	CR382138.2	85.13	2192	251	67	1	2154	1390021	1387867	0.0	2172.0
NODE_43_length_49480_cov_37.8212_ID_16377	CR382135.2	85.13	2105	233	71	13851	15912	578765	576698	0.0	2080.0
NODE_26_length_188724_cov_36.181_ID_10266	CR382136.2	85.13	12658	1500	324	144149	156607	642587	655061	0.0	12600.0
NODE_22_length_220368_cov_33.797_ID_9083	CR382137.2	85.13	11458	1299	336	88132	99367	410136	398862	0.0	11350.0
NODE_11_length_330750_cov_34.3281_ID_10803	CR382133.2	85.1	1765	213	44	117954	119687	478684	480429	0.0	1757.0
NODE_19_length_254950_cov_35.2287_ID_25256	CR382134.2	85.11	6925	829	165	202068	208881	938279	945112	0.0	6890.0
NODE_45_length_43290_cov_32.4015_ID_16155	CR382135.2	85.1	1349	171	30	26540	27873	49156	50489	0.0	1351.0
NODE_19_length_254950_cov_35.2287_ID_25256	CR382134.2	85.11	1974	220	66	159329	161265	895308	897244	0.0	1949.0
NODE_5_length_492603_cov_35.8368_ID_3167	CR382138.2	85.11	13381	1602	346	20707	33861	1721066	1734282	0.0	13320.0
NODE_25_length_194275_cov_35.4501_ID_11218	CR382139.2	85.09	9658	1133	257	91510	100988	1669306	1659777	0.0	9574.0
NODE_6_length_488230_cov_34.2678_ID_6955	CR382135.2	85.09	8301	990	214	220867	229029	260450	268640	0.0	8242.0
NODE_17_length_261917_cov_32.8292_ID_15277	CR382137.2	85.09	3467	374	124	9843	13248	1129128	1125744	0.0	3406.0
NODE_3_length_610127_cov_34.1103_ID_9381	CR382137.2	85.09	3467	374	124	596880	600285	1125744	1129128	0.0	3406.0
NODE_3_length_610127_cov_34.1103_ID_9381	CR382137.2	85.09	3334	395	91	36676	39962	561747	565025	0.0	3310.0
NODE_10_length_353885_cov_37.9152_ID_12638	CR382135.2	85.09	3299	423	63	134919	138186	1216863	1213603	0.0	3302.0
NODE_1_length_868079_cov_35.4867_ID_3457	CR382136.2	85.09	1845	217	57	296948	298765	1075317	1077130	0.0	1831.0
NODE_1_length_868079_cov_35.4867_ID_3457	CR382138.2	85.08	8762	1074	200	432911	441558	1825680	1834322	0.0	8724.0
NODE_5_length_492603_cov_35.8368_ID_3167	CR382136.2	85.08	7655	898	206	118291	125810	1202418	1209963	0.0	7585.0
NODE_14_length_281205_cov_35.3676_ID_4577	CR382135.2	85.08	7505	905	175	199823	207205	677606	670195	0.0	7456.0
NODE_29_length_155608_cov_35.6359_ID_13269	CR382139.2	85.08	6628	787	181	124802	131327	916131	922658	0.0	6575.0
NODE_16_length_262415_cov_32.3107_ID_9639	CR382137.2	85.08	4558	548	108	178369	182861	1805935	1801445	0.0	4529.0
NODE_6_length_488230_cov_34.2678_ID_6955	CR382135.2	85.08	11559	1305	350	157125	168476	196218	207563	0.0	11400.0
NODE_11_length_330750_cov_34.3281_ID_10803	CR382133.2	85.08	10247	1278	224	49088	59193	407614	417750	0.0	10220.0
NODE_6_length_488230_cov_34.2678_ID_6955	CR382135.2	85.07	4709	519	154	327524	332128	368826	373454	0.0	4632.0
NODE_2_length_632767_cov_34.637_ID_14960	CR382138.2	85.07	13394	1602	342	602065	615238	778753	765538	0.0	13290.0
NODE_20_length_253091_cov_31.9017_ID_7645	CR382139.2	85.06	8581	1017	237	28073	36498	1995442	1986972	0.0	8499.0
NODE_11_length_330750_cov_34.3281_ID_10803	CR382133.2	85.06	8020	973	202	231271	239177	592634	600541	0.0	7965.0
NODE_22_length_220368_cov_33.797_ID_9083	CR382137.2	85.06	2617	322	58	28989	31567	470657	468072	0.0	2603.0
NODE_26_length_188724_cov_36.181_ID_10266	CR382136.2	85.06	13230	1584	335	144252	157279	642694	655733	0.0	13120.0
NODE_6_length_488230_cov_34.2678_ID_6955	CR382135.2	85.06	1198	140	30	78981	80149	102892	104079	0.0	1184.0
NODE_41_length_60039_cov_36.8745_ID_13547	CR382134.2	85.05	9967	1185	272	34908	44737	139842	130044	0.0	9869.0
NODE_7_length_477912_cov_33.9664_ID_3898	CR382133.2	85.05	8115	995	199	165088	173096	1013036	1005034	0.0	8065.0
NODE_32_length_128222_cov_72.563_ID_9879	CR382139.2	85.05	6080	684	175	12162	18124	1239525	1245496	0.0	5984.0
NODE_6_length_488230_cov_34.2678_ID_6955	CR382135.2	85.05	5671	661	155	108902	114473	133580	139162	0.0	5602.0
NODE_6_length_488230_cov_34.2678_ID_6955	CR382135.2	85.05	4737	565	126	314390	319055	349917	354581	0.0	4693.0
NODE_3_length_610127_cov_34.1103_ID_9381	CR382137.2	85.05	13329	1562	358	100013	113127	630682	643793	0.0	13180.0
NODE_27_length_180801_cov_34.1253_ID_5551	CR382135.2	85.05	13322	1633	309	64993	78119	1496240	1483082	0.0	13240.0
NODE_2_length_632767_cov_34.637_ID_14960	CR382138.2	85.04	6671	768	204	516128	522667	864687	858116	0.0	6578.0
NODE_26_length_188724_cov_36.181_ID_10266	CR382136.2	85.04	4491	531	121	48107	52516	546644	551074	0.0	4440.0
NODE_7_length_477912_cov_33.9664_ID_3898	CR382133.2	85.04	2927	342	79	274636	277511	898153	895272	0.0	2891.0
NODE_9_length_405733_cov_34.5204_ID_6323	CR382138.2	85.04	2527	305	67	142142	144626	486539	489034	0.0	2505.0
NODE_43_length_49480_cov_37.8212_ID_16377	CR382135.2	85.04	1477	162	56	36274	37715	552211	550759	0.0	1448.0
NODE_24_length_209967_cov_36.188_ID_7943	CR382134.2	85.04	12038	1414	325	180117	191952	1225041	1236893	0.0	11900.0
NODE_20_length_253091_cov_31.9017_ID_7645	CR382139.2	85.0	4108	500	103	183938	187981	1837384	1833329	0.0	4067.0
NODE_16_length_262415_cov_32.3107_ID_9639	CR382137.2	85.03	5037	591	141	105913	110860	1877151	1872189	0.0	4974.0
NODE_11_length_330750_cov_34.3281_ID_10803	CR382133.2	85.02	8504	988	253	92268	100621	451086	459453	0.0	8383.0
NODE_10_length_353885_cov_37.9152_ID_12638	CR382135.2	85.01	9925	1219	240	184552	194339	1160984	1151192	0.0	9836.0
NODE_25_length_194275_cov_35.4501_ID_11218	CR382139.2	85.01	9244	1112	245	43061	52170	1717483	1708380	0.0	9140.0
NODE_27_length_180801_cov_34.1253_ID_5551	CR382135.2	85.01	9212	1104	245	73074	82144	1488135	1479060	0.0	9105.0
NODE_27_length_180801_cov_34.1253_ID_5551	CR382135.2	85.01	8806	1040	237	95072	103715	1466164	1457477	0.0	8691.0
NODE_16_length_262415_cov_32.3107_ID_9639	CR382137.2	85.01	2155	277	42	33737	35864	1974965	1972830	0.0	2148.0
NODE_14_length_281205_cov_35.3676_ID_4577	CR382135.2	85.01	1988	251	46	273840	275805	603706	601744	0.0	1977.0
NODE_7_length_477912_cov_33.9664_ID_3898	CR382133.2	85.01	1674	168	65	59816	61432	1129993	1128346	0.0	1624.0
NODE_20_length_253091_cov_31.9017_ID_7645	CR382139.2	85.01	13346	1550	392	136722	149833	1885013	1871884	0.0	13150.0
