jcf7180000016953	CR382136.2	94.65	1272	56	12	1	1266	210601	211866	0.0	1962.0
jcf7180000016930	CR382136.2	94.43	1077	44	16	132493	133560	781790	782859	0.0	1642.0
jcf7180000016936	CR382135.2	94.2	1415	71	11	1	1409	579080	580489	0.0	2148.0
jcf7180000016969	CR382137.2	94.15	1266	66	6	287	1548	961543	962804	0.0	1921.0
jcf7180000016958	CR382138.2	93.76	1057	54	12	4	1054	343272	344322	0.0	1576.0
jcf7180000016753	CR382139.2	93.43	3210	170	38	75661	78852	496917	493731	0.0	4721.0
jcf7180000017003	CR382136.2	93.42	1019	44	19	4	1012	211319	210314	0.0	1489.0
jcf7180000016724	CR382136.2	93.23	2408	123	38	9356	11740	1064177	1061787	0.0	3507.0
jcf7180000016737	CR382137.2	93.2	1014	53	14	82117	83120	174873	175880	0.0	1476.0
jcf7180000016776	CR382137.2	93.05	1151	71	9	11758	12904	9855	11000	0.0	1674.0
jcf7180000016943	CR382136.2	92.74	1171	69	11	14230	15389	1603271	1602106	0.0	1677.0
jcf7180000016737	CR382137.2	92.67	2810	181	23	113812	116610	204051	206846	0.0	4024.0
jcf7180000017073	CR382134.2	92.44	1350	78	23	74015	75354	86037	87372	0.0	1906.0
jcf7180000016930	CR382136.2	92.38	1313	68	26	55242	56538	685928	687224	0.0	1842.0
jcf7180000016943	CR382139.2	92.38	1168	71	17	14230	15389	2048656	2047499	0.0	1648.0
jcf7180000016943	CR382134.2	92.24	1172	73	13	14230	15389	1018	2183	0.0	1644.0
jcf7180000016773	CR382136.2	92.2	1192	65	25	13604	14779	1454609	1453430	0.0	1661.0
jcf7180000016943	CR382138.2	92.15	1172	76	11	14230	15389	2290134	2288967	0.0	1640.0
jcf7180000016958	CR382138.2	91.88	1441	80	29	90158	91584	433433	434850	0.0	1978.0
jcf7180000016729	CR382139.2	91.56	1363	74	37	64231	65575	1932440	1931101	0.0	1842.0
jcf7180000016943	CR382136.2	91.53	1169	79	19	14230	15389	56761	57918	0.0	1592.0
jcf7180000016970	CR382136.2	91.47	1371	84	20	102903	104245	1375556	1376921	0.0	1853.0
jcf7180000017080	CR382138.2	91.38	3342	270	15	37914	41248	1505338	1502008	0.0	4560.0
jcf7180000016755	CR382135.2	91.09	3445	259	46	9	3426	1191994	1188571	0.0	4617.0
jcf7180000016755	CR382134.2	91.0	3446	260	48	9	3426	332242	328819	0.0	4601.0
jcf7180000016755	CR382135.2	91.03	3445	261	46	9	3426	1074505	1071082	0.0	4606.0
jcf7180000016749	CR382134.2	90.91	2871	199	55	416	3259	1326064	1323229	0.0	3799.0
jcf7180000017015	CR382134.2	90.78	1388	95	24	88532	89906	256776	255409	0.0	1823.0
jcf7180000016979	CR382133.2	90.76	1093	63	34	151037	152111	1073645	1072573	0.0	1424.0
jcf7180000016998	CR382137.2	90.55	1460	87	40	5783	7215	682458	683893	0.0	1884.0
jcf7180000016971	CR382134.2	90.36	2863	213	58	814	3649	1323238	1326064	0.0	3699.0
jcf7180000016943	CR382135.2	90.16	1159	76	29	14230	15358	13303	14453	0.0	1474.0
jcf7180000016716	CR382137.2	90.07	2275	204	20	42	2303	612482	614747	0.0	2929.0
jcf7180000016951	CR382137.2	90.07	1319	95	24	5	1311	1896031	1897325	0.0	1677.0
jcf7180000016955	CR382134.2	90.07	1228	98	24	1911	3125	40	1256	0.0	1570.0
jcf7180000016955	CR382135.2	89.93	1350	113	19	1792	3125	12199	13541	0.0	1718.0
jcf7180000017065	CR382135.2	89.92	1924	160	29	175549	177453	1511524	1513432	0.0	2447.0
jcf7180000016749	CR382138.2	89.87	3020	209	66	556	3542	27835	30790	0.0	3792.0
jcf7180000016842	CR382139.2	89.81	2345	195	36	218559	220876	1039580	1037253	0.0	2966.0
jcf7180000016965	CR382138.2	89.74	2007	146	53	18960	20932	824623	822643	0.0	2510.0
jcf7180000016986	CR382137.2	89.57	2166	188	28	1440	3584	1533268	1531120	0.0	2713.0
jcf7180000016991	CR382138.2	89.57	1333	120	17	111877	113196	2175512	2176838	0.0	1674.0
jcf7180000016749	CR382138.2	89.56	2135	170	51	556	2663	2293644	2291536	0.0	2658.0
jcf7180000017088	CR382137.2	89.54	1491	129	20	9298	10770	2005441	2003960	0.0	1864.0
jcf7180000016708	CR382135.2	89.54	1281	79	47	9095	10340	1369020	1370280	0.0	1572.0
jcf7180000016738	CR382138.2	89.47	1168	70	48	98785	99923	1290952	1289809	0.0	1426.0
jcf7180000016718	CR382135.2	89.42	2562	210	48	13218	15741	1182319	1184857	0.0	3173.0
jcf7180000016938	CR382134.2	89.4	1792	130	55	63140	64901	1202391	1200630	0.0	2202.0
jcf7180000017088	CR382134.2	89.36	1616	139	22	9298	10888	377	1984	0.0	2001.0
jcf7180000016955	CR382136.2	89.34	1351	113	22	1792	3123	1604373	1603035	0.0	1668.0
jcf7180000017000	CR382135.2	89.32	3953	378	37	3558	7491	832113	836040	0.0	4922.0
jcf7180000016724	CR382136.2	89.32	2257	142	75	76421	78624	1004372	1002162	0.0	2741.0
jcf7180000017064	CR382139.2	89.3	2121	194	29	243629	245728	244885	242777	0.0	2628.0
jcf7180000016730	CR382139.2	89.31	1048	86	24	38005	39034	609655	608616	0.0	1291.0
jcf7180000016971	CR382138.2	89.28	2733	203	68	814	3509	30514	27835	0.0	3341.0
jcf7180000016971	CR382138.2	89.27	2135	173	54	1405	3509	2291536	2293644	0.0	2623.0
jcf7180000016750	CR382134.2	89.16	1781	146	43	1	1764	1324314	1326064	0.0	2176.0
jcf7180000017090	CR382136.2	89.16	1780	157	27	10130	11895	502186	500429	0.0	2185.0
jcf7180000017088	CR382136.2	89.1	1614	147	19	9298	10888	1603912	1602305	0.0	1978.0
jcf7180000017015	CR382134.2	89.11	1359	118	23	131191	132532	214020	212675	0.0	1663.0
jcf7180000016979	CR382133.2	89.05	2165	198	35	385021	387166	816650	814506	0.0	2649.0
jcf7180000016955	CR382137.2	89.05	1352	119	23	1792	3125	2005902	2004562	0.0	1650.0
jcf7180000016738	CR382138.2	89.03	1686	159	23	244254	245922	1142889	1141213	0.0	2065.0
jcf7180000017064	CR382139.2	88.98	2995	287	36	3137	6114	483389	480421	0.0	3663.0
jcf7180000016749	CR382134.2	88.97	3191	241	73	384	3542	1340957	1337846	0.0	3840.0
jcf7180000016749	CR382136.2	88.95	2307	204	49	556	2837	1599551	1597271	0.0	2800.0
jcf7180000016803	CR382137.2	88.89	1107	109	9	901	1996	1616414	1615311	0.0	1351.0
jcf7180000016716	CR382137.2	88.88	2276	202	42	40181	42430	654440	656690	0.0	2754.0
jcf7180000016738	CR382138.2	88.81	1805	166	33	476368	478154	912905	911119	0.0	2182.0
jcf7180000016776	CR382136.2	88.75	1325	125	23	9770	11081	1186677	1185364	0.0	1600.0
jcf7180000016749	CR382138.2	88.74	1900	163	45	527	2401	18520	20393	0.0	2276.0
jcf7180000017085	CR382139.2	88.73	1873	172	32	61748	63606	1861894	1863741	0.0	2254.0
jcf7180000016939	CR382137.2	88.66	2257	204	46	25497	27720	1072198	1074435	0.0	2702.0
jcf7180000016726	CR382138.2	88.65	5241	445	125	104299	109454	550341	555516	0.0	6244.0
jcf7180000016991	CR382138.2	88.6	1544	125	48	148907	150429	2211171	2212684	0.0	1829.0
jcf7180000016971	CR382134.2	88.58	2898	237	65	814	3681	1338124	1340957	0.0	3432.0
jcf7180000016927	CR382138.2	88.56	1949	179	42	6160	8086	157743	159669	0.0	2324.0
jcf7180000016955	CR382136.2	88.55	1354	122	26	1792	3125	55659	56999	0.0	1611.0
jcf7180000016971	CR382138.2	88.53	1900	167	45	1664	3538	20393	18520	0.0	2254.0
jcf7180000016979	CR382133.2	88.49	6897	602	175	476656	483458	725369	718571	0.0	8161.0
jcf7180000016955	CR382139.2	88.48	1337	122	29	1806	3125	2049739	2048418	0.0	1587.0
jcf7180000017042	CR382137.2	88.47	1110	113	14	115864	116965	1777859	1776757	0.0	1327.0
jcf7180000016971	CR382136.2	88.43	2308	208	56	1234	3509	1597271	1599551	0.0	2728.0
jcf7180000016991	CR382138.2	88.41	2709	269	41	108861	111543	2172458	2175147	0.0	3221.0
jcf7180000016729	CR382139.2	88.41	2114	198	33	49746	51840	1947094	1945009	0.0	2503.0
jcf7180000016928	CR382136.2	88.39	2748	232	66	113168	115856	1252307	1255026	0.0	3227.0
jcf7180000016979	CR382133.2	88.39	1214	115	19	186836	188033	1028273	1027070	0.0	1437.0
jcf7180000016738	CR382138.2	88.34	6160	556	138	129843	135915	1259004	1252920	0.0	7249.0
jcf7180000016749	CR382135.2	88.33	2339	212	54	527	2837	6556	8861	0.0	2750.0
jcf7180000016931	CR382137.2	88.26	5211	494	103	100351	105484	1159693	1154524	0.0	6124.0
jcf7180000017088	CR382136.2	88.26	1618	151	31	9298	10887	56120	57726	0.0	1899.0
jcf7180000016990	CR382135.2	88.2	2025	203	36	59924	61930	471937	469931	0.0	2383.0
jcf7180000016729	CR382139.2	88.19	2354	217	53	10825	13142	1986311	1983983	0.0	2750.0
jcf7180000016955	CR382138.2	88.17	1352	131	25	1792	3125	2291236	2289896	0.0	1583.0
jcf7180000017099	CR382138.2	88.15	3942	415	49	101059	104973	1802806	1798890	0.0	4645.0
jcf7180000016928	CR382136.2	88.14	1509	156	22	15847	17344	1152198	1153694	0.0	1773.0
jcf7180000016778	CR382137.2	88.13	6664	664	108	23737	30339	593018	586421	0.0	7806.0
jcf7180000016750	CR382138.2	88.05	1649	150	45	1	1624	2292018	2293644	0.0	1910.0
jcf7180000017074	CR382137.2	88.04	3821	347	91	87589	91357	309203	312965	0.0	4423.0
jcf7180000016941	CR382135.2	88.03	3518	367	49	32985	36470	891895	895390	0.0	4115.0
jcf7180000016750	CR382138.2	87.97	1646	155	42	2	1624	29460	27835	0.0	1903.0
jcf7180000016945	CR382139.2	87.94	1435	127	41	40088	41496	1581903	1580489	0.0	1650.0
jcf7180000016939	CR382137.2	87.91	2382	197	66	78077	80416	1123268	1125600	0.0	2719.0
jcf7180000016990	CR382135.2	87.86	3708	407	43	39657	43343	492421	488736	0.0	4314.0
jcf7180000017088	CR382139.2	87.86	1623	150	34	9297	10887	2049298	2047691	0.0	1862.0
jcf7180000016738	CR382138.2	87.8	2697	271	48	364867	367523	1021617	1018939	0.0	3105.0
jcf7180000016820	CR382135.2	87.82	1404	134	36	3060	4444	6603	7988	0.0	1611.0
jcf7180000016722	CR382135.2	87.82	1404	134	36	1	1385	7988	6603	0.0	1611.0
jcf7180000016971	CR382135.2	87.78	2341	215	63	1234	3538	8861	6556	0.0	2673.0
jcf7180000017064	CR382139.2	87.78	1890	184	42	160564	162436	327063	325204	0.0	2167.0
jcf7180000017058	CR382136.2	87.78	1105	105	29	704	1789	369131	370224	0.0	1266.0
jcf7180000016727	CR382136.2	87.7	7457	780	112	18960	26362	461574	454201	0.0	8564.0
jcf7180000017088	CR382138.2	87.77	1619	160	26	9298	10888	2290775	2289167	0.0	1858.0
jcf7180000016979	CR382133.2	87.76	9732	1007	157	317667	327293	889739	880087	0.0	11200.0
jcf7180000016735	CR382137.2	87.73	1402	133	31	7481	8861	1473619	1472236	0.0	1600.0
jcf7180000016842	CR382139.2	87.72	3397	336	75	88503	91860	1170374	1167020	0.0	3888.0
jcf7180000016938	CR382134.2	87.7	1089	96	33	142929	143996	1128501	1127430	0.0	1234.0
jcf7180000017072	CR382136.2	87.68	1997	201	32	3647	5626	625053	623085	0.0	2283.0
jcf7180000016714	CR382134.2	87.66	1110	106	27	9	1107	1075213	1076302	0.0	1262.0
jcf7180000016926	CR382134.2	87.64	3318	295	81	35395	38640	956821	953547	0.0	3749.0
jcf7180000017068	CR382133.2	87.63	3404	366	45	98971	102349	239935	243308	0.0	3903.0
jcf7180000016750	CR382138.2	87.6	1677	157	45	2	1653	20170	18520	0.0	1897.0
jcf7180000016842	CR382139.2	87.61	3752	400	58	163213	166930	1095108	1091388	0.0	4292.0
jcf7180000016963	CR382136.2	87.6	1161	106	34	13247	14390	1601720	1600581	0.0	1312.0
jcf7180000016993	CR382135.2	87.58	2222	189	77	13483	15662	947941	950117	0.0	2494.0
jcf7180000017053	CR382135.2	87.54	4182	462	51	128253	132397	1035402	1031243	0.0	4782.0
jcf7180000016842	CR382139.2	87.53	5420	498	146	212935	218260	1045203	1039868	0.0	6100.0
jcf7180000016963	CR382138.2	87.51	1161	111	30	13247	14392	2296021	2294880	0.0	1310.0
jcf7180000017060	CR382138.2	87.49	4899	483	110	203714	208529	1577847	1572996	0.0	5531.0
jcf7180000016738	CR382138.2	87.48	5415	567	92	23765	29120	1366541	1361179	0.0	6141.0
jcf7180000016894	CR382139.2	87.48	1046	99	25	24632	25655	915855	914820	0.0	1177.0
jcf7180000016990	CR382135.2	87.44	1361	147	23	170465	171812	356122	354773	0.0	1544.0
jcf7180000016729	CR382139.2	87.4	1794	165	45	47860	49605	1949001	1947221	0.0	2004.0
jcf7180000017003	CR382136.2	87.39	3481	316	108	12053	15472	199339	195921	0.0	3882.0
jcf7180000016749	CR382133.2	87.39	2212	203	62	415	2595	17301	19467	0.0	2470.0
jcf7180000016730	CR382139.2	87.37	8545	870	178	7818	16243	642591	634137	0.0	9609.0
jcf7180000016997	CR382136.2	87.37	1053	114	16	2139	3180	1471537	1472581	0.0	1190.0
jcf7180000016990	CR382135.2	87.36	1464	128	49	231286	232712	295068	293625	0.0	1626.0
jcf7180000016753	CR382139.2	87.35	2434	245	58	72992	75393	499562	497160	0.0	2730.0
jcf7180000016714	CR382134.2	87.35	1502	147	41	9388	10864	1084738	1086221	0.0	1681.0
jcf7180000016971	CR382133.2	87.34	2211	203	63	1471	3650	19465	17301	0.0	2460.0
jcf7180000016979	CR382133.2	87.34	1959	215	30	115188	117128	1109866	1107923	0.0	2213.0
jcf7180000016964	CR382136.2	87.33	2084	219	38	40096	42159	127171	125113	0.0	2344.0
jcf7180000016926	CR382134.2	87.33	1926	192	48	130366	132263	864783	862882	0.0	2158.0
jcf7180000016939	CR382137.2	87.33	1823	187	35	28066	29865	1074804	1076605	0.0	2047.0
jcf7180000016926	CR382134.2	87.31	4320	463	74	125875	130152	869282	865006	0.0	4863.0
jcf7180000017090	CR382136.2	87.25	6485	660	140	3267	9679	509105	502716	0.0	7239.0
jcf7180000016842	CR382139.2	87.2	4985	540	88	76582	81511	1182371	1177430	0.0	5581.0
jcf7180000016970	CR382136.2	87.24	4207	437	80	1235	5391	1272971	1277127	0.0	4702.0
jcf7180000016724	CR382136.2	87.24	1787	178	42	19578	21337	1060101	1058338	0.0	1991.0
jcf7180000016938	CR382134.2	87.2	3735	415	54	76555	80261	1188963	1185264	0.0	4191.0
jcf7180000016724	CR382136.2	87.22	1307	136	27	122363	123654	947781	946491	0.0	1459.0
jcf7180000017074	CR382137.2	87.2	1383	149	19	82254	83629	303883	305244	0.0	1548.0
jcf7180000016970	CR382136.2	87.21	3487	356	67	5586	9008	1277313	1280773	0.0	3886.0
jcf7180000017034	CR382133.2	87.2	1258	142	16	18589	19838	111731	112977	0.0	1413.0
jcf7180000016750	CR382134.2	87.17	1816	172	48	1	1796	1339183	1340957	0.0	2006.0
jcf7180000017061	CR382137.2	87.14	5031	539	94	57850	62819	885102	880119	0.0	5607.0
jcf7180000016833	CR382138.2	87.13	1733	199	24	25	1745	844706	842986	0.0	1943.0
jcf7180000016750	CR382136.2	87.08	1648	165	46	1	1624	1597928	1599551	0.0	1820.0
jcf7180000016729	CR382139.2	87.07	1315	121	40	13232	14519	1983875	1982583	0.0	1441.0
jcf7180000016820	CR382134.2	87.05	1552	150	41	2921	4444	1326064	1324536	0.0	1705.0
jcf7180000016722	CR382134.2	87.05	1552	150	41	1	1524	1324536	1326064	0.0	1705.0
jcf7180000016738	CR382138.2	87.03	11997	1391	157	65133	77040	1325044	1313124	0.0	13380.0
jcf7180000017027	CR382133.2	86.99	5273	547	117	17075	22271	320030	314821	0.0	5808.0
jcf7180000016985	CR382134.2	86.9	9188	1046	145	55071	64178	474245	465136	0.0	10150.0
jcf7180000016832	CR382138.2	86.99	1760	200	27	3	1749	844746	843003	0.0	1954.0
jcf7180000017088	CR382135.2	86.99	1637	160	38	9297	10889	12658	14285	0.0	1794.0
jcf7180000016938	CR382134.2	86.98	1682	153	55	149172	150823	1122050	1120405	0.0	1832.0
jcf7180000016960	CR382137.2	86.98	1659	140	59	3406	5034	1274723	1276335	0.0	1797.0
jcf7180000017060	CR382138.2	86.97	2664	265	69	147574	150192	1635784	1633158	0.0	2922.0
jcf7180000017051	CR382137.2	86.96	2891	318	49	25272	28130	758912	761775	0.0	3195.0
jcf7180000017074	CR382137.2	86.95	3517	333	111	83799	87254	305419	308870	0.0	3836.0
jcf7180000016718	CR382135.2	86.94	2917	306	58	73419	76299	1248709	1251586	0.0	3206.0
jcf7180000016738	CR382138.2	86.9	1229	104	44	379074	380278	1008743	1007548	0.0	1325.0
jcf7180000017042	CR382137.2	86.85	1620	166	38	42157	43756	1853133	1851541	0.0	1768.0
jcf7180000016738	CR382138.2	86.84	2576	289	44	191564	194107	1195581	1193024	0.0	2833.0
jcf7180000016979	CR382133.2	86.84	1763	182	43	52436	54180	1172702	1170972	0.0	1925.0
jcf7180000017015	CR382134.2	86.83	8416	888	166	132937	141220	212288	203961	0.0	9201.0
jcf7180000016926	CR382134.2	86.83	14147	1553	247	197435	211404	795434	781421	0.0	15520.0
jcf7180000016814	CR382139.2	86.8	3075	357	47	29259	32307	669520	666469	0.0	3384.0
jcf7180000017040	CR382134.2	86.81	1433	130	53	4749	6158	1333689	1332293	0.0	1544.0
jcf7180000016996	CR382136.2	86.79	3892	428	77	117955	121804	329701	333548	0.0	4261.0
jcf7180000016814	CR382139.2	86.77	1406	149	36	14875	16264	683849	682465	0.0	1531.0
jcf7180000016753	CR382139.2	86.77	1202	137	21	71536	72728	501018	499830	0.0	1319.0
jcf7180000017064	CR382139.2	86.73	2042	185	72	162737	164727	324914	322908	0.0	2191.0
jcf7180000016991	CR382138.2	86.73	1854	212	29	150964	152795	2212918	2214759	0.0	2030.0
jcf7180000017064	CR382139.2	86.71	5396	622	78	145683	151020	341940	336582	0.0	5904.0
jcf7180000016944	CR382135.2	86.71	3928	444	73	82183	86073	732247	736133	0.0	4290.0
jcf7180000016930	CR382136.2	86.71	2544	242	82	124487	126973	773664	776168	0.0	2737.0
jcf7180000016724	CR382136.2	86.69	1811	220	19	123986	125785	946169	944369	0.0	1989.0
jcf7180000016750	CR382134.2	86.68	1749	158	56	2703	4404	1331884	1333604	0.0	1869.0
jcf7180000016925	CR382138.2	86.68	11495	1313	198	2878	14266	1960143	1948761	0.0	12550.0
jcf7180000016935	CR382136.2	86.67	9232	945	238	50411	59520	1121219	1130286	0.0	9965.0
jcf7180000016965	CR382138.2	86.67	4848	563	68	62278	67071	781422	776604	0.0	5297.0
jcf7180000016974	CR382138.2	86.67	1403	160	25	15511	16900	49165	47777	0.0	1530.0
jcf7180000016948	CR382139.2	86.64	3197	311	100	34104	37234	802666	799520	0.0	3432.0
jcf7180000016774	CR382135.2	86.64	2335	230	65	37399	39679	133286	130980	0.0	2508.0
jcf7180000017055	CR382138.2	86.64	1969	172	68	58989	60917	96788	94871	0.0	2095.0
jcf7180000016992	CR382134.2	86.64	12534	1403	235	65763	78153	657325	644920	0.0	13620.0
jcf7180000016737	CR382137.2	86.63	7085	842	92	40607	47635	137204	144239	0.0	7740.0
jcf7180000017068	CR382133.2	86.63	3328	366	63	40700	43991	160109	163393	0.0	3607.0
jcf7180000016937	CR382139.2	86.62	6332	702	129	78361	84600	1437931	1444209	0.0	6866.0
jcf7180000016979	CR382133.2	86.62	2467	301	24	412685	415135	788830	786377	0.0	2700.0
jcf7180000016998	CR382137.2	86.61	2061	245	29	22462	24506	697842	699887	0.0	2248.0
jcf7180000016930	CR382136.2	86.59	7861	792	224	201663	209387	852898	860632	0.0	8436.0
jcf7180000016928	CR382136.2	86.59	6524	711	145	76	6521	1142271	1148708	0.0	7049.0
jcf7180000016738	CR382138.2	86.59	3385	366	71	529661	532993	861490	858142	0.0	3655.0
jcf7180000016990	CR382135.2	86.59	2081	235	39	180726	182785	345780	343723	0.0	2257.0
jcf7180000016991	CR382138.2	86.58	2235	240	55	101492	103693	2164711	2166918	0.0	2410.0
jcf7180000016927	CR382138.2	86.57	1221	119	37	24098	25300	175831	177024	0.0	1304.0
jcf7180000016996	CR382136.2	86.55	6743	783	111	132355	139024	343915	350606	0.0	7313.0
jcf7180000016958	CR382138.2	86.55	1807	192	41	5070	6846	348119	349904	0.0	1943.0
jcf7180000016952	CR382138.2	86.55	1071	129	14	1	1062	759786	758722	0.0	1166.0
jcf7180000017068	CR382133.2	86.54	4807	545	87	11831	16581	131207	135967	0.0	5199.0
jcf7180000016856	CR382135.2	86.53	9164	1014	203	35910	44964	187255	178203	0.0	9884.0
jcf7180000016930	CR382136.2	86.51	14777	1649	302	71204	85784	713162	727789	0.0	15920.0
jcf7180000016993	CR382135.2	86.51	10874	1176	245	270	10985	934537	945277	0.0	11680.0
jcf7180000016941	CR382135.2	86.48	1509	141	51	3919	5394	865228	866706	0.0	1598.0
jcf7180000017085	CR382139.2	86.46	7835	876	158	9664	17385	1809607	1817369	0.0	8419.0
jcf7180000016992	CR382134.2	86.46	4594	456	131	124709	129230	598276	593777	0.0	4885.0
jcf7180000017047	CR382138.2	86.46	1204	141	22	14614	15806	2243122	2241930	0.0	1301.0
jcf7180000016812	CR382136.2	86.46	1137	98	33	13	1110	372801	371682	0.0	1195.0
jcf7180000017049	CR382138.2	86.45	3136	379	41	9146	12256	1878640	1881754	0.0	3395.0
jcf7180000016990	CR382135.2	86.43	3802	438	65	55680	59440	476318	472554	0.0	4091.0
jcf7180000017015	CR382134.2	86.43	2512	304	34	70234	72722	275463	272966	0.0	2715.0
jcf7180000016853	CR382134.2	86.43	1105	144	6	4	1105	1031486	1030385	0.0	1205.0
jcf7180000016935	CR382136.2	86.42	2983	333	61	61884	64832	1132699	1135643	0.0	3199.0
jcf7180000017074	CR382135.2	86.4	1993	229	38	195681	197650	1379412	1377439	0.0	2141.0
jcf7180000016767	CR382136.2	86.39	1220	136	24	16807	18006	68461	67252	0.0	1306.0
jcf7180000017060	CR382138.2	86.38	6437	744	119	166463	172820	1616824	1610442	0.0	6905.0
jcf7180000016704	CR382135.2	86.37	2318	280	27	10852	13158	110783	108491	0.0	2497.0
jcf7180000016970	CR382136.2	86.36	3959	449	79	105193	109097	1377887	1381808	0.0	4235.0
jcf7180000017060	CR382138.2	86.36	2184	245	47	76001	78156	1704288	1702130	0.0	2333.0
jcf7180000017074	CR382137.2	86.35	4270	480	89	68209	72427	289523	293740	0.0	4560.0
jcf7180000016925	CR382138.2	86.33	14633	1717	262	4354	18840	1958672	1944177	0.0	15680.0
jcf7180000017040	CR382136.2	86.3	2656	236	98	1473	4066	1597031	1594442	0.0	2771.0
jcf7180000016925	CR382138.2	86.32	2581	312	33	62338	64899	1900351	1897793	0.0	2772.0
jcf7180000016750	CR382135.2	86.3	1679	180	46	1	1653	8210	6556	0.0	1781.0
jcf7180000016948	CR382139.2	86.28	2829	340	48	8615	11418	828226	825421	0.0	3031.0
jcf7180000016979	CR382133.2	86.28	2019	222	45	295347	297332	916746	914750	0.0	2143.0
jcf7180000016947	CR382136.2	86.28	1611	201	20	9240	10840	1557438	1555838	0.0	1733.0
jcf7180000016820	CR382138.2	86.28	1407	155	37	3059	4444	2293629	2292240	0.0	1495.0
jcf7180000016722	CR382138.2	86.28	1407	155	37	1	1386	2292240	2293629	0.0	1495.0
jcf7180000016738	CR382138.2	86.27	3606	400	84	171805	175351	1215498	1211929	0.0	3829.0
jcf7180000017064	CR382139.2	86.27	2884	325	63	164857	167696	322823	319967	0.0	3066.0
jcf7180000017064	CR382139.2	86.26	2184	267	33	357878	360044	128356	126189	0.0	2340.0
jcf7180000016743	CR382135.2	86.26	1215	139	25	23325	24525	973679	974879	0.0	1293.0
jcf7180000016979	CR382133.2	86.26	1208	143	23	188351	189544	1026723	1025525	0.0	1290.0
jcf7180000017089	CR382135.2	86.25	1309	146	32	45920	47211	12147	13438	0.0	1389.0
jcf7180000017015	CR382134.2	86.24	1715	176	48	48650	50324	297000	295306	0.0	1805.0
jcf7180000017065	CR382135.2	86.24	1439	159	36	89417	90835	1441511	1442930	0.0	1524.0
jcf7180000016820	CR382138.2	86.24	1410	150	41	3059	4444	27850	29239	0.0	1489.0
jcf7180000016722	CR382138.2	86.24	1410	150	41	1	1386	29239	27850	0.0	1489.0
jcf7180000016852	CR382134.2	86.24	1105	146	6	4	1105	1031486	1030385	0.0	1194.0
jcf7180000016953	CR382138.2	86.23	6941	752	179	1	6828	343990	337141	0.0	7334.0
jcf7180000016930	CR382136.2	86.23	13093	1487	265	69726	82630	711668	724632	0.0	13900.0
jcf7180000016979	CR382133.2	86.18	13445	1495	329	78639	91869	1146479	1133184	0.0	14200.0
jcf7180000016958	CR382138.2	86.1	6538	731	150	91793	98228	435076	441537	0.0	6874.0
jcf7180000017080	CR382138.2	86.16	1286	115	53	107307	108563	1436204	1434953	0.0	1330.0
jcf7180000016738	CR382138.2	86.13	8096	950	153	426437	434438	963045	955029	0.0	8569.0
jcf7180000017049	CR382138.2	86.12	1520	155	50	2648	4136	1872049	1873543	0.0	1587.0
jcf7180000016997	CR382136.2	86.12	1369	130	51	267	1601	1469534	1470876	0.0	1421.0
jcf7180000017015	CR382134.2	86.09	8661	1010	163	39873	48423	305814	297239	0.0	9138.0
jcf7180000016996	CR382136.2	86.09	6895	829	119	125359	132195	336935	343757	0.0	7300.0
jcf7180000016723	CR382134.2	86.09	2537	303	46	15171	17679	377536	380050	0.0	2684.0
jcf7180000016842	CR382139.2	86.08	1250	134	32	86756	87989	1172119	1170894	0.0	1308.0
jcf7180000016894	CR382139.2	86.06	5652	627	144	1121	6681	939832	934251	0.0	5923.0
jcf7180000016726	CR382138.2	86.0	6541	728	158	1428	7873	446942	453389	0.0	6831.0
jcf7180000016985	CR382134.2	86.06	2482	288	53	64944	67390	464336	461878	0.0	2614.0
jcf7180000017032	CR382139.2	86.06	14338	1714	239	22613	36785	1647164	1661381	0.0	15140.0
jcf7180000016724	CR382136.2	86.05	1118	95	50	143972	145052	926066	924973	0.0	1144.0
jcf7180000016737	CR382137.2	86.04	7069	818	141	55402	62373	151234	158230	0.0	7430.0
jcf7180000016926	CR382134.2	86.04	2750	321	56	110645	113362	884223	881505	0.0	2892.0
jcf7180000016951	CR382137.2	86.03	1689	196	31	17533	19195	1936147	1937821	0.0	1775.0
jcf7180000016930	CR382136.2	86.03	14304	1643	305	69790	83884	711729	725886	0.0	15020.0
jcf7180000016979	CR382133.2	86.02	9470	1065	234	593057	602393	613734	604391	0.0	9913.0
jcf7180000016724	CR382136.2	86.02	5178	633	88	67771	72902	1013007	1007875	0.0	5467.0
jcf7180000017088	CR382134.2	86.02	2017	214	53	2289	4259	1338723	1340717	0.0	2100.0
jcf7180000016842	CR382139.2	86.01	3823	454	73	66348	70134	1192949	1189172	0.0	4021.0
jcf7180000016842	CR382139.2	86.0	13238	1495	298	221842	234878	1036280	1023200	0.0	13850.0
jcf7180000016842	CR382139.2	86.01	1573	193	26	288782	290340	960922	959363	0.0	1661.0
jcf7180000016997	CR382136.2	85.99	6860	693	200	3045	9765	1472500	1479230	0.0	7097.0
jcf7180000016957	CR382137.2	85.99	2948	320	72	2	2894	732267	729358	0.0	3070.0
jcf7180000016945	CR382139.2	85.98	2354	228	90	58799	61092	1562813	1560502	0.0	2425.0
jcf7180000017089	CR382134.2	85.98	2068	221	54	50283	52309	1325893	1323854	0.0	2148.0
jcf7180000016996	CR382136.2	85.98	1762	209	35	147541	149283	358115	359857	0.0	1851.0
jcf7180000017032	CR382139.2	85.98	14247	1676	278	25123	39181	1649674	1663787	0.0	14950.0
jcf7180000016743	CR382135.2	85.98	13962	1605	300	7610	21394	957968	971753	0.0	14610.0
jcf7180000016811	CR382136.2	85.95	1844	207	49	1	1814	1031816	1033637	0.0	1923.0
jcf7180000016842	CR382139.2	85.94	12434	1429	256	170642	182911	1087617	1075339	0.0	12980.0
jcf7180000016802	CR382137.2	85.94	1131	135	22	711	1826	1739706	1738585	0.0	1186.0
jcf7180000016944	CR382135.2	85.9	3687	393	104	168420	172019	819367	823013	0.0	3810.0
jcf7180000017006	CR382134.2	85.93	2608	322	42	10961	13544	1301167	1303753	0.0	2741.0
jcf7180000016706	CR382139.2	85.92	9587	1077	247	13537	22960	866919	876395	0.0	9973.0
jcf7180000017007	CR382139.2	85.9	2844	345	46	369	3176	1801504	1798681	0.0	2979.0
jcf7180000017040	CR382135.2	85.9	2680	249	96	1473	4087	9102	11717	0.0	2736.0
jcf7180000016727	CR382136.2	85.91	2655	326	45	11853	14481	468709	466077	0.0	2787.0
jcf7180000016767	CR382136.2	85.91	2505	267	57	10206	12696	74824	72392	0.0	2591.0
jcf7180000017042	CR382137.2	85.9	10627	1265	204	78001	88493	1816577	1806050	0.0	11110.0
jcf7180000016938	CR382134.2	85.88	3010	338	70	87195	90157	1178255	1175286	0.0	3123.0
jcf7180000016740	CR382135.2	85.87	3681	437	76	20183	23819	1274813	1278454	0.0	3840.0
jcf7180000016820	CR382136.2	85.87	1401	169	29	3059	4444	1599536	1598150	0.0	1463.0
jcf7180000016722	CR382136.2	85.87	1401	169	29	1	1386	1598150	1599536	0.0	1463.0
jcf7180000016737	CR382137.2	85.86	8509	1008	178	121401	129817	211358	219763	0.0	8868.0
jcf7180000016754	CR382138.2	85.86	4633	505	118	81	4627	719240	714672	0.0	4789.0
jcf7180000016931	CR382137.2	85.86	3982	472	85	93404	97337	1166695	1162757	0.0	4150.0
jcf7180000016738	CR382138.2	85.86	3805	432	84	198481	202227	1188594	1184838	0.0	3949.0
jcf7180000017068	CR382133.2	85.86	3733	446	71	5244	8938	124611	128299	0.0	3893.0
jcf7180000017089	CR382134.2	85.86	2015	224	48	50336	52309	1340717	1338723	0.0	2085.0
jcf7180000017065	CR382135.2	85.85	1258	146	32	221755	222993	1561587	1562831	0.0	1308.0
jcf7180000016773	CR382136.2	85.84	2515	255	82	32930	35385	1434991	1432519	0.0	2579.0
jcf7180000016935	CR382136.2	85.84	2302	254	56	40439	42703	1109140	1111406	0.0	2379.0
jcf7180000016930	CR382136.2	85.8	4134	498	85	127827	131918	777098	781184	0.0	4300.0
jcf7180000017089	CR382139.2	85.83	1306	142	38	45926	47211	2049803	2048521	0.0	1347.0
jcf7180000016928	CR382136.2	85.82	4606	507	128	40794	45318	1177320	1181860	0.0	4754.0
jcf7180000017074	CR382135.2	85.82	2067	199	75	180565	182572	1399345	1397314	0.0	2108.0
jcf7180000016930	CR382136.2	85.82	14109	1641	308	70408	84304	712348	726309	0.0	14640.0
jcf7180000017032	CR382139.2	85.82	14053	1685	266	19769	33656	1644322	1658231	0.0	14630.0
jcf7180000016930	CR382136.2	85.82	13980	1615	320	73197	86975	715168	728980	0.0	14490.0
jcf7180000017089	CR382136.2	85.82	1312	144	39	45920	47211	1604425	1603136	0.0	1354.0
jcf7180000017060	CR382138.2	85.8	1831	195	56	28050	29853	1752403	1750611	0.0	1881.0
jcf7180000016774	CR382135.2	85.81	5469	609	144	40246	45629	130379	124993	0.0	5646.0
jcf7180000016842	CR382139.2	85.81	14093	1616	321	222150	236032	1035969	1022051	0.0	14590.0
jcf7180000016707	CR382133.2	85.78	1723	227	16	407	2120	359858	361571	0.0	1808.0
jcf7180000016956	CR382136.2	85.77	3836	440	92	71841	75629	523205	519429	0.0	3962.0
jcf7180000017053	CR382135.2	85.76	7576	884	154	20319	27772	1149411	1141909	0.0	7832.0
jcf7180000016998	CR382137.2	85.76	1362	151	42	18383	19722	695143	696483	0.0	1400.0
jcf7180000016706	CR382139.2	85.75	2506	314	42	9632	12116	862995	865478	0.0	2610.0
jcf7180000016994	CR382137.2	85.74	1466	184	24	27648	29100	495028	496481	0.0	1526.0
jcf7180000017089	CR382136.2	85.74	1311	143	38	45922	47211	55609	56896	0.0	1345.0
jcf7180000016935	CR382136.2	85.73	7729	905	165	48496	56129	1119305	1126930	0.0	7980.0
jcf7180000016979	CR382133.2	85.73	1689	184	50	336181	337837	870350	868687	0.0	1731.0
jcf7180000016976	CR382137.2	85.72	7906	903	190	12230	20021	1329323	1337116	0.0	8137.0
jcf7180000016969	CR382137.2	85.72	1506	161	44	60346	61815	1022122	1023609	0.0	1541.0
jcf7180000016938	CR382134.2	85.71	3680	467	55	69201	72849	1196306	1192655	0.0	3827.0
jcf7180000016996	CR382136.2	85.71	2414	257	75	9	2371	211609	213985	0.0	2466.0
jcf7180000017088	CR382134.2	85.71	2036	216	60	2289	4276	1323854	1325862	0.0	2078.0
jcf7180000016738	CR382138.2	85.71	13971	1689	277	62014	75825	1328161	1314339	0.0	14460.0
jcf7180000016928	CR382136.2	85.71	1211	141	21	124320	125506	1263540	1264742	0.0	1249.0
jcf7180000016706	CR382139.2	85.7	1112	99	48	12240	13320	865602	866684	0.0	1118.0
jcf7180000016944	CR382135.2	85.69	5414	606	142	59743	65061	709435	714774	0.0	5548.0
jcf7180000017099	CR382138.2	85.69	4940	572	115	105602	110474	1798252	1793381	0.0	5081.0
jcf7180000017089	CR382138.2	85.69	2069	227	59	50283	52309	27874	29915	0.0	2117.0
jcf7180000016774	CR382135.2	85.69	1551	199	23	11560	13098	154177	152638	0.0	1613.0
jcf7180000016814	CR382139.2	85.68	1362	163	29	1	1348	700979	699636	0.0	1406.0
jcf7180000017027	CR382133.2	85.67	4458	583	51	12481	16910	324682	320253	0.0	4641.0
jcf7180000017055	CR382138.2	85.66	5502	629	131	53302	58724	102490	97070	0.0	5642.0
jcf7180000016729	CR382139.2	85.66	5433	649	116	67399	72768	1929969	1924604	0.0	5598.0
jcf7180000017064	CR382139.2	85.66	3739	446	78	329975	333667	156562	152868	0.0	3853.0
jcf7180000016842	CR382139.2	85.66	13653	1590	297	171033	184475	1087244	1073750	0.0	14030.0
jcf7180000016732	CR382139.2	85.65	8625	989	209	1	8494	1915552	1924058	0.0	8839.0
jcf7180000017074	CR382137.2	85.65	10289	1244	211	109262	119432	334147	344321	0.0	10610.0
jcf7180000016724	CR382136.2	85.64	4082	478	98	3107	7127	1064864	1068898	0.0	4193.0
jcf7180000016848	CR382134.2	85.64	3231	335	105	1723	4901	1029114	1025961	0.0	3277.0
jcf7180000016750	CR382133.2	85.63	1795	183	61	1	1765	19050	17301	0.0	1816.0
jcf7180000016738	CR382138.2	85.63	1524	187	32	157626	159133	1231054	1229547	0.0	1572.0
jcf7180000016718	CR382135.2	85.62	1266	158	24	16079	17331	1185302	1186556	0.0	1308.0
jcf7180000017068	CR382133.2	85.61	8770	1007	209	139597	148209	279804	288475	0.0	8968.0
jcf7180000016937	CR382139.2	85.6	1798	220	38	60511	62286	1420021	1421801	0.0	1849.0
jcf7180000016989	CR382133.2	85.6	1549	166	42	25371	26878	474898	476430	0.0	1572.0
jcf7180000016979	CR382133.2	85.61	5450	628	129	107426	112779	1119443	1114054	0.0	5578.0
jcf7180000017015	CR382134.2	85.59	4995	569	123	136566	141481	208622	203700	0.0	5096.0
jcf7180000016737	CR382137.2	85.58	8238	968	192	83556	91660	176339	184489	0.0	8429.0
jcf7180000017085	CR382139.2	85.5	8309	1025	165	81605	89813	1881905	1890133	0.0	8503.0
jcf7180000017015	CR382134.2	85.57	2994	367	62	32874	35832	312784	309821	0.0	3075.0
jcf7180000016970	CR382136.2	85.57	2759	277	103	109336	112046	1382016	1384701	0.0	2778.0
jcf7180000016983	CR382136.2	85.57	2038	248	44	2155	4174	1592857	1590848	0.0	2093.0
jcf7180000016722	CR382138.2	85.57	1448	157	48	6	1427	19944	18523	0.0	1469.0
jcf7180000016820	CR382138.2	85.57	1448	157	48	3018	4439	18523	19944	0.0	1469.0
jcf7180000017064	CR382139.2	85.56	6809	805	157	188302	195010	299222	292492	0.0	6964.0
jcf7180000017099	CR382138.2	85.56	5438	593	148	78780	84109	1824920	1819567	0.0	5517.0
jcf7180000016985	CR382134.2	85.55	4152	469	108	9005	13070	523090	518984	0.0	4222.0
jcf7180000016738	CR382138.2	85.55	3134	350	78	280589	283648	1102488	1099384	0.0	3182.0
jcf7180000017042	CR382137.2	85.55	2173	267	47	106853	109001	1787490	1785341	0.0	2230.0
jcf7180000017089	CR382135.2	85.55	2083	222	70	50283	52319	6626	8675	0.0	2106.0
jcf7180000017065	CR382137.2	85.55	1557	199	26	10257	11800	453182	451639	0.0	1605.0
jcf7180000016726	CR382138.2	85.54	2427	277	67	68409	70794	514482	516875	0.0	2470.0
jcf7180000017068	CR382133.2	85.54	2344	265	69	2277	4587	121638	123940	0.0	2383.0
jcf7180000017040	CR382136.2	85.54	1487	147	47	4691	6154	15563	14122	0.0	1493.0
jcf7180000016958	CR382138.2	85.53	3510	380	95	29239	32688	372269	375710	0.0	3550.0
jcf7180000016965	CR382138.2	85.53	1244	146	32	25112	26339	818402	817177	0.0	1269.0
jcf7180000016970	CR382136.2	85.52	9638	1085	262	53374	62867	1324919	1334389	0.0	9777.0
jcf7180000016948	CR382139.2	85.52	6943	810	169	51381	58208	786774	779912	0.0	7073.0
jcf7180000016979	CR382133.2	85.52	1858	191	62	179837	181643	1034307	1032477	0.0	1869.0
jcf7180000016935	CR382136.2	85.5	1821	191	59	15522	17287	1082346	1084148	0.0	1832.0
jcf7180000016709	CR382137.2	85.5	1290	140	32	32768	34024	1677515	1676240	0.0	1303.0
jcf7180000017065	CR382135.2	85.51	1256	160	22	220202	221446	1560007	1561251	0.0	1291.0
jcf7180000017075	CR382137.2	85.51	1208	150	22	708	1901	1738585	1739781	0.0	1238.0
jcf7180000016856	CR382135.2	85.49	7975	902	206	9374	17228	212153	204314	0.0	8082.0
jcf7180000016936	CR382135.2	85.49	6832	785	172	56950	63659	639957	646704	0.0	6937.0
jcf7180000016778	CR382137.2	85.49	3053	380	57	63094	66111	550030	547006	0.0	3125.0
jcf7180000016979	CR382133.2	85.47	3626	341	133	402452	405979	799251	795714	0.0	3607.0
jcf7180000016842	CR382139.2	85.46	8443	957	236	114977	123260	1143748	1135418	0.0	8538.0
jcf7180000016941	CR382135.2	85.45	6263	655	219	44712	50855	903670	909795	0.0	6283.0
jcf7180000017055	CR382138.2	85.45	2625	286	83	43564	46127	112295	109706	0.0	2643.0
jcf7180000016982	CR382135.2	85.45	1643	196	41	3333	4954	27393	25773	0.0	1670.0
jcf7180000016722	CR382135.2	85.45	1643	196	41	15146	16767	25773	27393	0.0	1670.0
jcf7180000017074	CR382135.2	85.44	5961	683	154	186209	192066	1393718	1387840	0.0	6028.0
jcf7180000017051	CR382137.2	85.43	3803	417	108	8836	12547	742104	745860	0.0	3827.0
jcf7180000017055	CR382138.2	85.43	2800	327	68	46297	49052	109493	106731	0.0	2835.0
jcf7180000017053	CR382135.2	85.43	2526	311	49	91914	94404	1077502	1074999	0.0	2573.0
jcf7180000016941	CR382135.2	85.43	2292	245	71	12642	14887	874179	876427	0.0	2300.0
jcf7180000016738	CR382138.2	85.42	1255	162	17	22308	23551	1367986	1366742	0.0	1284.0
jcf7180000016848	CR382134.2	85.42	1207	159	15	7	1203	1030880	1029681	0.0	1238.0
jcf7180000017068	CR382133.2	85.4	1377	165	34	76912	78268	196439	197799	0.0	1397.0
jcf7180000017085	CR382139.2	85.4	13536	1503	409	102039	115330	1903239	1916545	0.0	13610.0
jcf7180000017042	CR382137.2	85.4	1281	140	32	121049	122296	1676249	1677515	0.0	1286.0
jcf7180000016805	CR382139.2	85.41	1391	150	36	1	1364	1915508	1916872	0.0	1395.0
jcf7180000017061	CR382137.2	85.39	4689	563	112	21421	26036	922814	918175	0.0	4752.0
jcf7180000016985	CR382134.2	85.39	2115	234	68	96481	98557	432070	429993	0.0	2124.0
jcf7180000017005	CR382136.2	85.39	1609	175	44	12802	14368	1584376	1585966	0.0	1615.0
jcf7180000016991	CR382138.2	85.38	3236	385	77	8699	11884	2078850	2082047	0.0	3275.0
jcf7180000016718	CR382135.2	85.37	5422	593	151	67750	73075	1243082	1248399	0.0	5435.0
jcf7180000016740	CR382137.2	85.37	1545	198	28	17742	19272	1074920	1076450	0.0	1576.0
jcf7180000016816	CR382134.2	85.36	1920	234	42	22	1915	883669	881771	0.0	1945.0
jcf7180000016964	CR382136.2	85.36	1797	216	43	52213	53992	112047	110281	0.0	1818.0
jcf7180000016735	CR382136.2	85.35	1897	200	68	107187	109046	386822	384967	0.0	1892.0
jcf7180000016724	CR382136.2	85.35	1782	183	67	74428	76161	1006358	1004607	0.0	1773.0
jcf7180000016979	CR382133.2	85.35	11291	1352	270	252829	263960	961492	950345	0.0	11410.0
jcf7180000016939	CR382137.2	85.34	7314	849	192	61342	68523	1108180	1115402	0.0	7361.0
jcf7180000017053	CR382135.2	85.34	2497	293	60	162491	164940	1000881	998411	0.0	2516.0
jcf7180000017064	CR382139.2	85.34	12783	1460	364	246708	259291	240423	227856	0.0	12840.0
jcf7180000016926	CR382134.2	85.33	4956	585	126	227940	232806	763806	758904	0.0	4994.0
jcf7180000016970	CR382136.2	85.33	3279	390	78	99361	102591	1372009	1375244	0.0	3306.0
jcf7180000016939	CR382137.2	85.33	1916	204	71	23449	25324	1070149	1072027	0.0	1910.0
jcf7180000016877	CR382139.2	85.33	1561	195	34	33555	35098	57985	59528	0.0	1583.0
jcf7180000016722	CR382135.2	85.33	1479	186	31	5276	6738	51313	52776	0.0	1500.0
jcf7180000017049	CR382138.2	85.32	7972	881	253	59224	67039	2023685	2015847	0.0	7973.0
jcf7180000016738	CR382138.2	85.3	2565	307	63	526502	529021	864698	862159	0.0	2584.0
jcf7180000016985	CR382134.2	85.32	4402	501	130	29716	34037	499729	495393	0.0	4416.0
jcf7180000016718	CR382135.2	85.3	2422	243	99	56931	59287	1232197	1234570	0.0	2396.0
jcf7180000016841	CR382139.2	85.32	1791	229	33	35	1809	1721592	1719820	0.0	1820.0
jcf7180000016979	CR382133.2	85.31	5037	552	159	236626	241570	978738	973798	0.0	5029.0
jcf7180000016738	CR382138.2	85.31	2049	211	65	344567	346567	1042747	1040741	0.0	2034.0
jcf7180000017068	CR382133.2	85.29	6668	785	160	119032	125618	259091	265643	0.0	6698.0
jcf7180000016842	CR382139.2	85.29	4147	525	81	72384	76488	1186963	1182860	0.0	4200.0
jcf7180000017064	CR382139.2	85.28	7883	967	168	235579	243348	252952	245150	0.0	7952.0
jcf7180000017068	CR382133.2	85.28	4238	534	80	148335	152527	288550	292742	0.0	4287.0
jcf7180000016970	CR382136.2	85.27	8627	922	298	57366	65833	1328920	1337356	0.0	8567.0
jcf7180000016707	CR382133.2	85.27	12149	1479	276	8962	20932	368417	380432	0.0	12230.0
jcf7180000016970	CR382136.2	85.27	11015	1265	300	48832	59661	1320361	1331203	0.0	11030.0
jcf7180000016724	CR382136.2	85.26	1167	146	22	18398	19548	1061339	1060183	0.0	1179.0
jcf7180000017089	CR382138.2	85.25	2074	233	62	50283	52309	2293605	2291558	0.0	2067.0
jcf7180000016743	CR382135.2	85.24	3516	403	108	2041	5501	952317	955771	0.0	3511.0
jcf7180000016939	CR382137.2	85.24	3280	369	95	80528	83748	1125737	1128960	0.0	3269.0
jcf7180000016983	CR382133.2	85.24	2032	242	53	2184	4194	1241505	1243499	0.0	2037.0
jcf7180000016925	CR382138.2	85.24	11882	1501	233	12961	24702	1950063	1938295	0.0	11990.0
jcf7180000017060	CR382138.2	85.23	5898	658	177	68743	74543	1711468	1705687	0.0	5869.0
jcf7180000016773	CR382136.2	85.23	1963	238	46	54903	56840	1412920	1410985	0.0	1971.0
jcf7180000017080	CR382138.2	85.22	4230	526	87	122810	126993	1419898	1415722	0.0	4257.0
jcf7180000016716	CR382137.2	85.22	3444	412	91	57709	61105	672853	676246	0.0	3450.0
jcf7180000016934	CR382139.2	85.22	3431	421	79	106368	109752	1774339	1777729	0.0	3448.0
jcf7180000017051	CR382137.2	85.2	2102	233	57	102770	104816	836351	838429	0.0	2087.0
jcf7180000017060	CR382138.2	85.2	13469	1639	314	11692	24978	1772410	1759114	0.0	13510.0
jcf7180000016952	CR382138.2	85.2	13235	1595	314	25637	38663	734146	721068	0.0	13250.0
jcf7180000017088	CR382138.2	85.21	2069	230	69	2289	4310	29915	27876	0.0	2056.0
jcf7180000017051	CR382137.2	85.19	8786	1070	205	58336	67003	791722	800394	0.0	8804.0
jcf7180000016779	CR382138.2	85.19	2336	278	65	21449	23747	227352	225048	0.0	2335.0
jcf7180000017088	CR382138.2	85.19	2079	218	76	2289	4310	2291558	2293603	0.0	2050.0
jcf7180000017089	CR382133.2	85.19	1971	218	58	50336	52260	17519	19461	0.0	1954.0
jcf7180000016979	CR382133.2	85.18	3474	393	97	156879	160301	1067784	1064382	0.0	3450.0
jcf7180000016744	CR382139.2	85.17	6878	808	188	67629	74393	1327613	1334391	0.0	6855.0
jcf7180000016926	CR382134.2	85.1	7566	866	214	90928	98337	904903	897443	0.0	7487.0
jcf7180000016761	CR382137.2	85.17	1537	189	35	29225	30738	90903	92423	0.0	1539.0
jcf7180000017056	CR382139.2	85.17	1234	154	28	9083	10301	2005977	2007196	0.0	1238.0
jcf7180000016929	CR382134.2	85.1	6830	748	212	27687	34379	146882	140186	0.0	6724.0
jcf7180000016930	CR382136.2	85.15	7703	954	175	61239	68851	703201	710803	0.0	7712.0
jcf7180000017064	CR382139.2	85.15	5281	620	140	300043	305248	186843	181652	0.0	5258.0
jcf7180000017068	CR382133.2	85.15	3974	484	89	27595	31509	147030	150956	0.0	3973.0
jcf7180000017080	CR382138.2	85.15	1623	202	38	19884	21488	1523476	1521875	0.0	1626.0
jcf7180000016842	CR382139.2	85.15	11171	1381	237	24498	35519	1234277	1223236	0.0	11180.0
jcf7180000017076	CR382136.2	85.1	4961	572	137	8598	13450	1517956	1513055	0.0	4913.0
jcf7180000017068	CR382133.2	85.14	6016	715	154	111505	117414	251611	257553	0.0	5991.0
jcf7180000017088	CR382133.2	85.14	1972	214	67	2338	4259	19461	17519	0.0	1945.0
jcf7180000017065	CR382135.2	85.14	1702	193	47	63762	65441	1415434	1417097	0.0	1687.0
jcf7180000017056	CR382137.2	85.14	1662	207	35	35867	37508	38407	40048	0.0	1664.0
jcf7180000016820	CR382134.2	85.14	1595	162	53	2886	4444	1340960	1339405	0.0	1563.0
jcf7180000016722	CR382134.2	85.14	1595	162	53	1	1559	1339405	1340960	0.0	1563.0
jcf7180000016964	CR382136.2	85.14	1339	153	40	37691	38998	114367	113044	0.0	1328.0
jcf7180000016738	CR382138.2	85.12	5176	587	151	387834	392890	1000723	995612	0.0	5123.0
jcf7180000016965	CR382138.2	85.12	2299	235	78	21071	23308	822491	820239	0.0	2252.0
jcf7180000016960	CR382137.2	85.12	2211	251	75	10723	12896	1282122	1284291	0.0	2189.0
jcf7180000016990	CR382135.2	85.12	1391	166	38	90255	91621	441157	439784	0.0	1384.0
jcf7180000016856	CR382135.2	85.11	8186	934	239	7481	15550	214017	206001	0.0	8100.0
jcf7180000017053	CR382135.2	85.11	7976	988	185	61611	69491	1107810	1099940	0.0	7963.0
jcf7180000016979	CR382133.2	85.11	3545	383	115	617258	620725	592233	588757	0.0	3487.0
jcf7180000016944	CR382135.2	85.1	13374	1628	323	141878	155041	792695	805913	0.0	13320.0
jcf7180000016931	CR382137.2	85.09	8861	1074	230	20	8751	1255451	1246709	0.0	8817.0
jcf7180000016983	CR382139.2	85.09	1978	244	49	2217	4174	8736	10682	0.0	1971.0
jcf7180000017089	CR382134.2	85.09	1140	118	49	46098	47211	40	1153	0.0	1116.0
jcf7180000016944	CR382135.2	85.08	8409	1025	191	32260	40552	682063	690357	0.0	8364.0
jcf7180000017074	CR382137.2	85.07	8284	987	204	171895	180043	401314	409482	0.0	8215.0
jcf7180000016930	CR382136.2	85.07	10020	1121	328	199233	209049	850450	860297	0.0	9869.0
jcf7180000016937	CR382139.2	85.06	7309	903	177	140417	147630	1500865	1508079	0.0	7273.0
jcf7180000016754	CR382138.2	85.06	3307	395	86	15945	19201	700704	697447	0.0	3278.0
jcf7180000017085	CR382139.2	85.06	13357	1594	345	95843	108998	1897051	1910206	0.0	13240.0
jcf7180000017032	CR382139.2	85.06	13330	1620	316	31206	44316	1655781	1668957	0.0	13240.0
jcf7180000017042	CR382137.2	85.06	11231	1367	259	73637	84704	1820932	1809850	0.0	11160.0
jcf7180000016930	CR382136.2	85.05	8046	943	214	17793	25728	642587	650482	0.0	7954.0
jcf7180000016773	CR382136.2	85.05	5359	647	130	7779	13060	1461304	1456023	0.0	5317.0
jcf7180000016970	CR382136.2	85.04	6202	778	144	92821	98945	1365455	1371583	0.0	6174.0
jcf7180000017038	CR382134.2	85.04	1711	216	40	10381	12071	1281765	1283455	0.0	1705.0
jcf7180000017056	CR382139.2	85.04	1644	230	16	20303	21938	2014248	2015883	0.0	1659.0
jcf7180000016952	CR382138.2	85.04	13241	1587	333	25053	38062	734744	721667	0.0	13110.0
jcf7180000016991	CR382138.2	85.03	1329	171	23	17018	18329	2087261	2088578	0.0	1327.0
jcf7180000017089	CR382138.2	85.02	1315	149	46	45920	47211	2291288	2289999	0.0	1293.0
jcf7180000016956	CR382136.2	85.01	7514	948	164	13086	20510	585353	577929	0.0	7474.0
jcf7180000016738	CR382138.2	85.01	5670	694	139	231041	236621	1155854	1150252	0.0	5618.0
jcf7180000017065	CR382135.2	85.01	3682	459	74	69413	73049	1421322	1424955	0.0	3655.0
jcf7180000017064	CR382139.2	85.01	3289	363	113	91962	95175	395994	392761	0.0	3223.0
jcf7180000017081	CR382134.2	85.01	1568	213	22	1047	2603	1308814	1310370	0.0	1574.0
jcf7180000016820	CR382133.2	85.01	1561	165	53	2920	4444	17301	18828	0.0	1522.0
jcf7180000016722	CR382133.2	85.01	1561	165	53	1	1525	18828	17301	0.0	1522.0
jcf7180000017060	CR382138.2	85.01	11821	1466	278	10900	22559	1773202	1761527	0.0	11730.0
jcf7180000016936	CR382135.2	85.0	10195	1293	224	31246	41314	614262	624346	0.0	10140.0
