NODE_124_length_1350_cov_97.7151_ID_40472	CR382136.2	96.67	1351	37	8	1	1347	210483	211829	0.0	2239.0
NODE_124_length_1350_cov_97.7151_ID_40472	CR382138.2	96.45	1354	40	8	1	1350	344108	342759	0.0	2228.0
NODE_65_length_21810_cov_38.9873_ID_20680	CR382135.2	95.57	1603	57	13	8071	9667	578894	580488	0.0	2555.0
NODE_16_length_218584_cov_39.5523_ID_39673	CR382136.2	94.96	1111	39	16	21703	22804	781787	782889	0.0	1725.0
NODE_2_length_667030_cov_40.0539_ID_6289	CR382136.2	94.51	2512	114	24	595791	598291	1064181	1061683	0.0	3853.0
NODE_21_length_202705_cov_39.113_ID_14529	CR382136.2	94.07	1215	51	18	120782	121987	1454649	1453447	0.0	1825.0
NODE_52_length_44589_cov_44.855_ID_16888	CR382134.2	93.8	1339	66	16	25074	26403	87381	86051	0.0	1997.0
NODE_41_length_110809_cov_39.9697_ID_17335	CR382137.2	93.39	1982	118	12	685	2661	2005933	2003960	0.0	2922.0
NODE_23_length_188927_cov_38.5172_ID_10126	CR382136.2	93.33	1319	64	23	182001	183309	685928	687232	0.0	1927.0
NODE_67_length_17750_cov_38.8546_ID_19818	CR382137.2	93.14	1923	101	25	5205	7115	23330	25233	0.0	2791.0
NODE_41_length_110809_cov_39.9697_ID_17335	CR382136.2	93.0	2356	146	18	679	3025	1604411	1602066	0.0	3419.0
NODE_41_length_110809_cov_39.9697_ID_17335	CR382134.2	92.94	2197	131	19	840	3025	40	2223	0.0	3177.0
NODE_67_length_17750_cov_38.8546_ID_19818	CR382133.2	92.87	1613	93	16	5473	7078	1235261	1233664	0.0	2322.0
NODE_47_length_75861_cov_37.7002_ID_10631	CR382133.2	92.8	3599	190	63	36067	39633	725345	721784	0.0	5147.0
NODE_21_length_202705_cov_39.113_ID_14529	CR382136.2	92.78	1385	73	23	197759	199124	1376932	1375556	0.0	1978.0
NODE_41_length_110809_cov_39.9697_ID_17335	CR382136.2	92.2	2359	151	27	679	3025	55621	57958	0.0	3306.0
NODE_41_length_110809_cov_39.9697_ID_17335	CR382136.2	92.05	1157	66	18	3793	4941	35217	34079	0.0	1604.0
NODE_41_length_110809_cov_39.9697_ID_17335	CR382139.2	91.92	2351	160	25	685	3025	2049789	2047459	0.0	3262.0
NODE_103_length_2059_cov_86.6327_ID_40544	CR382138.2	91.81	1637	103	20	425	2057	2300080	2301689	0.0	2252.0
NODE_103_length_2059_cov_86.6327_ID_40544	CR382139.2	91.68	1647	104	27	425	2057	8330	6703	0.0	2252.0
NODE_103_length_2059_cov_86.6327_ID_40544	CR382138.2	91.62	1646	110	22	425	2057	4966	3336	0.0	2250.0
NODE_81_length_5183_cov_689.046_ID_35504	CR382137.2	91.58	2756	208	24	1	2744	10478	7735	0.0	3783.0
NODE_32_length_151194_cov_34.3926_ID_5053	CR382138.2	91.5	3389	274	11	42590	45972	1505330	1501950	0.0	4650.0
NODE_81_length_5183_cov_689.046_ID_35504	CR382138.2	91.47	1688	132	12	1	1682	2295355	2297036	0.0	2309.0
NODE_8_length_377952_cov_36.9882_ID_8715	CR382138.2	91.39	2486	169	38	364165	366631	357560	355101	0.0	3363.0
NODE_5_length_433519_cov_36.663_ID_9167	CR382137.2	91.16	2263	178	20	82872	85121	612499	614752	0.0	3051.0
NODE_103_length_2059_cov_86.6327_ID_40544	CR382135.2	91.01	1646	111	27	425	2057	5415	3794	0.0	2185.0
NODE_41_length_110809_cov_39.9697_ID_17335	CR382138.2	90.95	2376	174	36	685	3039	2291267	2288912	0.0	3158.0
NODE_27_length_176478_cov_33.8509_ID_6526	CR382137.2	90.95	1481	99	29	389	1850	961540	963004	0.0	1960.0
NODE_2_length_667030_cov_40.0539_ID_6289	CR382138.2	90.9	1307	111	8	101878	103178	2176816	2175512	0.0	1748.0
NODE_35_length_125146_cov_37.0941_ID_5003	CR382138.2	90.91	1166	68	33	104355	105508	174419	175558	0.0	1531.0
NODE_103_length_2059_cov_86.6327_ID_40544	CR382133.2	90.88	1655	105	31	425	2057	6116	4486	0.0	2178.0
NODE_69_length_15849_cov_54.8755_ID_33046	CR382134.2	90.78	1150	85	20	5065	6205	19444	18307	0.0	1517.0
NODE_18_length_209296_cov_42.2094_ID_5219	CR382135.2	90.59	1923	149	29	76219	78123	1513432	1511524	0.0	2519.0
NODE_3_length_473900_cov_36.294_ID_17668	CR382138.2	90.56	2002	144	37	74811	76786	822642	824624	0.0	2608.0
NODE_1_length_677929_cov_39.0555_ID_3797	CR382139.2	90.43	2142	172	33	675279	677404	244896	242772	0.0	2789.0
NODE_13_length_259292_cov_39.2323_ID_33820	CR382134.2	90.35	2094	181	20	33289	35369	384358	386443	0.0	2728.0
NODE_9_length_365344_cov_39.9134_ID_4255	CR382133.2	90.34	1139	71	28	15159	16264	1174026	1172894	0.0	1458.0
NODE_13_length_259292_cov_39.2323_ID_33820	CR382134.2	90.32	2480	174	49	238298	240760	594652	597082	0.0	3190.0
NODE_17_length_211021_cov_39.308_ID_7252	CR382134.2	90.31	1569	80	57	161581	163116	1204454	1205983	0.0	1989.0
NODE_36_length_120391_cov_41.0564_ID_40056	CR382134.2	90.28	1482	99	33	48369	49827	256864	255405	0.0	1897.0
NODE_30_length_158891_cov_38.34_ID_4419	CR382138.2	90.28	1163	61	47	59373	60506	1289800	1290939	0.0	1474.0
NODE_2_length_667030_cov_40.0539_ID_6289	CR382138.2	90.25	1497	120	23	66379	67863	2212653	2211171	0.0	1932.0
NODE_23_length_188927_cov_38.5172_ID_10126	CR382136.2	90.21	1788	145	22	5428	7207	500421	502186	0.0	2305.0
NODE_43_length_81836_cov_36.7508_ID_19624	CR382137.2	90.19	2131	183	22	46923	49043	1531156	1533270	0.0	2754.0
NODE_36_length_120391_cov_41.0564_ID_40056	CR382134.2	90.08	1432	113	26	90987	92406	214089	212675	0.0	1831.0
NODE_84_length_4882_cov_56.6909_ID_22180	CR382138.2	89.96	1983	168	30	326	2289	2291674	2293644	0.0	2531.0
NODE_48_length_68942_cov_38.3171_ID_13277	CR382139.2	89.95	2329	190	39	36823	39123	1986304	1983992	0.0	2964.0
NODE_6_length_424074_cov_38.8489_ID_3227	CR382138.2	89.94	3925	375	17	232950	236863	1798890	1802805	0.0	5042.0
NODE_17_length_211021_cov_39.308_ID_7252	CR382134.2	89.9	1812	131	47	157820	159604	1200646	1202432	0.0	2285.0
NODE_27_length_176478_cov_33.8509_ID_6526	CR382137.2	89.84	2382	167	57	160743	163091	1123253	1125592	0.0	2988.0
NODE_18_length_209296_cov_42.2094_ID_5219	CR382135.2	89.83	1278	73	47	203432	204674	1370284	1369029	0.0	1587.0
NODE_25_length_183304_cov_38.4586_ID_7014	CR382135.2	89.77	3969	361	41	135310	139258	836056	832113	0.0	5038.0
NODE_15_length_219343_cov_36.1734_ID_8461	CR382137.2	89.74	3811	307	78	177285	181054	312964	309197	0.0	4795.0
NODE_12_length_262495_cov_36.7085_ID_8025	CR382137.2	89.71	1506	102	25	86083	87554	1897328	1895842	0.0	1873.0
NODE_41_length_110809_cov_39.9697_ID_17335	CR382135.2	89.62	2312	183	53	679	2953	12161	14452	0.0	2887.0
NODE_42_length_90423_cov_35.5272_ID_17817	CR382139.2	89.52	2137	164	46	6889	8996	1947089	1944984	0.0	2651.0
NODE_39_length_113683_cov_42.9321_ID_14363	CR382136.2	89.52	2081	193	24	86443	88509	127208	125139	0.0	2612.0
NODE_17_length_211021_cov_39.308_ID_7252	CR382134.2	89.48	1179	78	32	33605	34760	1075163	1076318	0.0	1448.0
NODE_2_length_667030_cov_40.0539_ID_6289	CR382136.2	89.45	1441	138	14	506748	508182	1153670	1152238	0.0	1807.0
NODE_84_length_4882_cov_56.6909_ID_22180	CR382134.2	89.44	1998	164	40	329	2303	1323973	1325946	0.0	2477.0
NODE_2_length_667030_cov_40.0539_ID_6289	CR382138.2	89.42	2675	243	37	103550	106201	2175127	2172470	0.0	3336.0
NODE_30_length_158891_cov_38.34_ID_4419	CR382138.2	89.38	6123	523	105	23591	29643	1252940	1259005	0.0	7589.0
NODE_42_length_90423_cov_35.5272_ID_17817	CR382139.2	89.38	1883	163	28	88441	90310	1863752	1861894	0.0	2335.0
NODE_23_length_188927_cov_38.5172_ID_10126	CR382136.2	89.36	4528	373	94	7674	12150	502694	507163	0.0	5590.0
NODE_7_length_383603_cov_36.4919_ID_9611	CR382139.2	89.31	3329	301	50	202941	206243	1167075	1170374	0.0	4124.0
NODE_9_length_365344_cov_39.9134_ID_4255	CR382133.2	89.31	1973	186	23	78676	80635	1109866	1107906	0.0	2451.0
NODE_1_length_677929_cov_39.0555_ID_3797	CR382139.2	89.28	2986	264	44	435530	438484	483381	480421	0.0	3690.0
NODE_3_length_473900_cov_36.294_ID_17668	CR382138.2	89.28	1782	156	30	389322	391076	1141190	1142963	0.0	2200.0
NODE_38_length_116457_cov_38.565_ID_8239	CR382137.2	89.27	3559	295	71	17221	20738	207316	203804	0.0	4375.0
NODE_23_length_188927_cov_38.5172_ID_10126	CR382136.2	89.26	1266	119	13	142151	143406	640414	641672	0.0	1568.0
NODE_7_length_383603_cov_36.4919_ID_9611	CR382139.2	89.23	3769	341	57	127477	131212	1091397	1095133	0.0	4650.0
NODE_25_length_183304_cov_38.4586_ID_7014	CR382135.2	89.23	2274	163	75	32170	34400	950173	947939	0.0	2767.0
NODE_5_length_433519_cov_36.663_ID_9167	CR382137.2	89.16	6680	589	120	58320	64928	586402	593017	0.0	8200.0
NODE_14_length_231308_cov_37.5414_ID_12932	CR382135.2	89.16	1836	162	31	39488	41300	787715	785894	0.0	2254.0
NODE_34_length_132647_cov_39.8287_ID_5909	CR382137.2	89.1	5230	459	90	111964	117131	1159705	1154525	0.0	6397.0
NODE_4_length_439538_cov_38.9188_ID_37577	CR382135.2	89.14	3774	363	45	373012	376759	488668	492420	0.0	4654.0
NODE_1_length_677929_cov_39.0555_ID_3797	CR382139.2	89.12	2418	211	51	419316	421709	499549	497160	0.0	2961.0
NODE_1_length_677929_cov_39.0555_ID_3797	CR382139.2	89.12	1847	176	24	593713	595548	327039	325207	0.0	2274.0
NODE_17_length_211021_cov_39.308_ID_7252	CR382134.2	89.12	1764	162	27	132830	134578	1175286	1177034	0.0	2167.0
NODE_10_length_314312_cov_39.5277_ID_12529	CR382133.2	89.12	1517	129	31	114405	115900	474898	476399	0.0	1855.0
NODE_5_length_433519_cov_36.663_ID_9167	CR382137.2	89.11	2359	191	55	123761	126089	654409	656731	0.0	2872.0
NODE_2_length_667030_cov_40.0539_ID_6289	CR382136.2	89.09	2356	159	73	656361	658673	1004462	1002162	0.0	2837.0
NODE_39_length_113683_cov_42.9321_ID_14363	CR382136.2	89.07	1400	120	28	84538	85922	114367	112986	0.0	1707.0
NODE_2_length_667030_cov_40.0539_ID_6289	CR382136.2	89.06	2176	196	37	478698	480849	1181860	1179703	0.0	2662.0
NODE_42_length_90423_cov_35.5272_ID_17817	CR382139.2	89.03	1805	154	40	4968	6744	1949009	1947221	0.0	2196.0
NODE_130_length_1239_cov_101.284_ID_40574	CR382136.2	88.87	1114	81	29	1	1084	14688	13588	0.0	1330.0
NODE_9_length_365344_cov_39.9134_ID_4255	CR382133.2	88.81	9625	925	122	279634	289168	889758	880196	0.0	11670.0
NODE_84_length_4882_cov_56.6909_ID_22180	CR382134.2	88.81	2002	167	47	329	2303	1338842	1340813	0.0	2403.0
NODE_4_length_439538_cov_38.9188_ID_37577	CR382135.2	88.7	1354	134	16	247527	248871	354769	356112	0.0	1635.0
NODE_1_length_677929_cov_39.0555_ID_3797	CR382139.2	88.67	3161	271	76	130313	133425	802641	799520	0.0	3773.0
NODE_15_length_219343_cov_36.1734_ID_8461	CR382137.2	88.6	4237	397	79	196232	200424	293738	289544	0.0	5070.0
NODE_3_length_473900_cov_36.294_ID_17668	CR382138.2	88.6	2659	261	37	271981	274614	1018948	1021589	0.0	3193.0
NODE_84_length_4882_cov_56.6909_ID_22180	CR382138.2	88.56	1985	186	35	326	2289	29799	27835	0.0	2370.0
NODE_6_length_424074_cov_38.8489_ID_3227	CR382136.2	88.54	1169	121	11	316004	317163	1263558	1264722	0.0	1404.0
NODE_2_length_667030_cov_40.0539_ID_6289	CR382136.2	88.51	1827	184	26	580188	581999	1084160	1082345	0.0	2187.0
NODE_27_length_176478_cov_33.8509_ID_6526	CR382137.2	88.46	1733	167	24	112359	114072	1074920	1076638	0.0	2061.0
NODE_24_length_186562_cov_41.0013_ID_4521	CR382133.2	88.45	4875	466	74	166928	171745	136041	131207	0.0	5794.0
NODE_16_length_218584_cov_39.5523_ID_39673	CR382136.2	88.44	1099	78	45	160378	161452	924987	926060	0.0	1280.0
NODE_84_length_4882_cov_56.6909_ID_22180	CR382135.2	88.42	1995	175	50	326	2292	8548	6582	0.0	2353.0
NODE_16_length_218584_cov_39.5523_ID_39673	CR382136.2	88.41	2537	193	81	13599	16093	773664	776141	0.0	2963.0
NODE_46_length_77151_cov_37.9755_ID_17983	CR382133.2	88.38	1291	128	16	4290	5573	112977	111702	0.0	1533.0
NODE_35_length_125146_cov_37.0941_ID_5003	CR382138.2	88.38	1196	91	35	105796	106965	175836	177009	0.0	1395.0
NODE_9_length_365344_cov_39.9134_ID_4255	CR382133.2	88.37	2382	204	61	345328	347672	816654	814309	0.0	2796.0
NODE_4_length_439538_cov_38.9188_ID_37577	CR382135.2	88.35	2086	209	31	354234	356298	469922	471994	0.0	2475.0
NODE_15_length_219343_cov_36.1734_ID_8461	CR382137.2	88.28	1280	87	47	73488	74738	423779	422534	0.0	1474.0
NODE_9_length_365344_cov_39.9134_ID_4255	CR382133.2	88.27	1151	118	17	150756	151896	1026669	1025526	0.0	1362.0
NODE_4_length_439538_cov_38.9188_ID_37577	CR382135.2	88.26	2334	240	30	8894	11214	108464	110776	0.0	2761.0
NODE_7_length_383603_cov_36.4919_ID_9611	CR382139.2	88.25	5020	492	84	213241	218216	1177422	1182387	0.0	5912.0
NODE_71_length_13844_cov_44.2751_ID_22698	CR382139.2	88.25	2025	200	38	8818	10823	10745	8740	0.0	2386.0
NODE_16_length_218584_cov_39.5523_ID_39673	CR382136.2	88.25	1813	187	24	179751	181549	944369	946169	0.0	2145.0
NODE_58_length_33435_cov_51.6761_ID_19328	CR382133.2	88.24	1046	114	9	19282	20322	9355	8314	0.0	1242.0
NODE_35_length_125146_cov_37.0941_ID_5003	CR382138.2	88.18	2014	170	61	26901	28872	94866	96853	0.0	2338.0
NODE_25_length_183304_cov_38.4586_ID_7014	CR382135.2	88.18	10843	1068	189	36882	47612	945277	934537	0.0	12720.0
NODE_71_length_13844_cov_44.2751_ID_22698	CR382136.2	88.16	2112	208	39	8818	10906	1590780	1592872	0.0	2477.0
NODE_45_length_77851_cov_34.8358_ID_16678	CR382139.2	88.16	1411	128	38	14685	16074	1809146	1807754	0.0	1644.0
NODE_1_length_677929_cov_39.0555_ID_3797	CR382139.2	88.12	5448	577	62	578731	584143	341994	336582	0.0	6412.0
NODE_22_length_189047_cov_38.7855_ID_10741	CR382135.2	88.09	6625	660	111	41	6600	1185056	1178496	0.0	7744.0
NODE_22_length_189047_cov_38.7855_ID_10741	CR382135.2	88.09	2528	247	46	109389	111883	1077504	1074998	0.0	2952.0
NODE_66_length_20187_cov_34.052_ID_20370	CR382137.2	88.09	2191	231	30	8605	10779	1279832	1282008	0.0	2573.0
NODE_84_length_4882_cov_56.6909_ID_22180	CR382136.2	88.07	1987	195	39	326	2289	1597584	1599551	0.0	2318.0
NODE_13_length_259292_cov_39.2323_ID_33820	CR382134.2	88.05	1054	83	42	32088	33116	383166	384201	0.0	1208.0
NODE_30_length_158891_cov_38.34_ID_4419	CR382138.2	88.03	12034	1331	103	82233	94209	1313108	1325089	0.0	14140.0
NODE_36_length_120391_cov_41.0564_ID_40056	CR382134.2	88.02	8675	869	139	92807	101401	212284	203700	0.0	10110.0
NODE_2_length_667030_cov_40.0539_ID_6289	CR382136.2	88.02	11041	1057	222	536070	546993	1130283	1119392	0.0	12820.0
NODE_9_length_365344_cov_39.9134_ID_4255	CR382133.2	88.01	2435	186	88	362986	365344	799230	796826	0.0	2782.0
NODE_39_length_113683_cov_42.9321_ID_14363	CR382136.2	87.97	3432	304	95	11365	14738	199325	195945	0.0	3949.0
NODE_5_length_433519_cov_36.663_ID_9167	CR382137.2	87.96	5073	520	74	353671	358695	880082	885111	0.0	5899.0
NODE_1_length_677929_cov_39.0555_ID_3797	CR382139.2	87.93	1094	91	24	17601	18665	915868	914787	0.0	1251.0
NODE_6_length_424074_cov_38.8489_ID_3227	CR382138.2	87.9	2743	239	71	67010	69703	1633161	1635859	0.0	3140.0
NODE_57_length_36089_cov_37.168_ID_17767	CR382133.2	87.92	2450	273	22	25762	28198	786387	788826	0.0	2863.0
NODE_22_length_189047_cov_38.7855_ID_10741	CR382135.2	87.89	2717	260	60	169357	172037	1011038	1008355	0.0	3131.0
NODE_16_length_218584_cov_39.5523_ID_39673	CR382136.2	87.89	1346	136	24	181833	183167	946452	947781	0.0	1557.0
NODE_1_length_677929_cov_39.0555_ID_3797	CR382139.2	87.88	1650	169	27	223535	225172	709741	708111	0.0	1910.0
NODE_31_length_151411_cov_35.7163_ID_6083	CR382137.2	87.86	2678	298	23	148609	151271	1571873	1569208	0.0	3120.0
NODE_20_length_205258_cov_37.612_ID_21333	CR382139.2	87.85	1531	150	31	5316	6831	1733012	1731503	0.0	1764.0
NODE_11_length_262550_cov_39.0547_ID_29214	CR382134.2	87.83	2013	185	52	128827	130812	862887	864866	0.0	2305.0
NODE_6_length_424074_cov_38.8489_ID_3227	CR382138.2	87.81	1837	156	58	187653	189458	1750597	1752396	0.0	2089.0
NODE_38_length_116457_cov_38.565_ID_8239	CR382137.2	87.76	4201	471	42	67241	71418	157969	153789	0.0	4870.0
NODE_7_length_383603_cov_36.4919_ID_9611	CR382139.2	87.76	14817	1487	267	57951	72588	1021613	1036282	0.0	17020.0
NODE_12_length_262495_cov_36.7085_ID_8025	CR382137.2	87.75	10612	1110	171	167758	178281	1816557	1806048	0.0	12220.0
NODE_34_length_132647_cov_39.8287_ID_5909	CR382137.2	87.74	3393	372	42	50077	53447	1220877	1217507	0.0	3921.0
NODE_2_length_667030_cov_40.0539_ID_6289	CR382138.2	87.74	14246	1498	206	318698	332818	1960155	1946034	0.0	16400.0
NODE_20_length_205258_cov_37.612_ID_21333	CR382139.2	87.72	6399	651	107	175212	181534	1559545	1553206	0.0	7337.0
NODE_13_length_259292_cov_39.2323_ID_33820	CR382134.2	87.71	9161	991	119	111795	120890	465124	474214	0.0	10550.0
NODE_2_length_667030_cov_40.0539_ID_6289	CR382138.2	87.71	2546	275	30	378250	380778	1900317	1897793	0.0	2933.0
NODE_13_length_259292_cov_39.2323_ID_33820	CR382134.2	87.67	2449	256	43	108566	110990	461877	464303	0.0	2808.0
NODE_44_length_80019_cov_36.333_ID_9437	CR382136.2	87.66	6691	722	91	66085	72717	343930	350574	0.0	7685.0
NODE_42_length_90423_cov_35.5272_ID_17817	CR382139.2	87.61	5438	597	70	23706	29103	1929988	1924588	0.0	6237.0
NODE_142_length_1116_cov_90.2234_ID_40508	CR382138.2	87.61	1098	124	12	1	1092	1389967	1391058	0.0	1264.0
NODE_13_length_259292_cov_39.2323_ID_33820	CR382134.2	87.58	8955	985	114	112041	120937	465373	474258	0.0	10260.0
NODE_16_length_218584_cov_39.5523_ID_39673	CR382136.2	87.58	8240	803	192	88413	96535	852496	860632	0.0	9347.0
NODE_6_length_424074_cov_38.8489_ID_3227	CR382136.2	87.58	4244	409	96	325337	329531	1272953	1277127	0.0	4809.0
NODE_45_length_77851_cov_34.8358_ID_16678	CR382139.2	87.57	7934	809	145	6524	14349	1817422	1809558	0.0	9025.0
NODE_14_length_231308_cov_37.5414_ID_12932	CR382135.2	87.56	8030	861	121	137784	145744	689998	682038	0.0	9167.0
NODE_7_length_383603_cov_36.4919_ID_9611	CR382139.2	87.56	7195	712	155	259319	266430	1227168	1234262	0.0	8159.0
NODE_7_length_383603_cov_36.4919_ID_9611	CR382139.2	87.55	1638	172	29	3576	5196	959280	960902	0.0	1866.0
NODE_6_length_424074_cov_38.8489_ID_3227	CR382138.2	87.54	5026	502	110	8827	13782	1572905	1577876	0.0	5699.0
NODE_29_length_160456_cov_39.5115_ID_10425	CR382135.2	87.54	3675	393	56	75920	79562	1278454	1274813	0.0	4189.0
NODE_9_length_365344_cov_39.9134_ID_4255	CR382133.2	87.54	2055	196	49	257255	259276	916753	914726	0.0	2322.0
NODE_1_length_677929_cov_39.0555_ID_3797	CR382139.2	87.53	1235	136	18	417891	419117	500976	499752	0.0	1411.0
NODE_37_length_118481_cov_34.7137_ID_13379	CR382136.2	87.5	1752	191	26	116331	118070	359855	358120	0.0	1997.0
NODE_18_length_209296_cov_42.2094_ID_5219	CR382135.2	87.51	1257	127	30	26850	28089	1562831	1561588	0.0	1424.0
NODE_103_length_2059_cov_86.6327_ID_40544	CR382133.2	87.49	1943	150	55	123	2057	1245671	1247528	0.0	2156.0
NODE_15_length_219343_cov_36.1734_ID_8461	CR382137.2	87.47	2865	294	57	46994	49825	451399	448567	0.0	3241.0
NODE_38_length_116457_cov_38.565_ID_8239	CR382137.2	87.46	7111	786	91	81220	88273	144250	137189	0.0	8093.0
NODE_1_length_677929_cov_39.0555_ID_3797	CR382139.2	87.46	1420	133	40	247628	249025	683859	682463	0.0	1594.0
NODE_4_length_439538_cov_38.9188_ID_37577	CR382135.2	87.45	2342	196	82	30910	33190	130980	133284	0.0	2606.0
NODE_15_length_219343_cov_36.1734_ID_8461	CR382137.2	87.44	1433	143	29	185021	186439	305259	303850	0.0	1615.0
NODE_1_length_677929_cov_39.0555_ID_3797	CR382139.2	87.43	6930	715	133	146209	153048	786774	779911	0.0	7829.0
NODE_21_length_202705_cov_39.113_ID_14529	CR382136.2	87.43	4048	401	87	193069	197052	1381811	1377808	0.0	4556.0
NODE_13_length_259292_cov_39.2323_ID_33820	CR382134.2	87.39	1261	127	27	240720	241971	597075	598312	0.0	1419.0
NODE_37_length_118481_cov_34.7137_ID_13379	CR382136.2	87.3	8617	891	162	17308	25828	462624	454115	0.0	9664.0
NODE_7_length_383603_cov_36.4919_ID_9611	CR382139.2	87.38	14054	1445	280	109891	123763	1073742	1087647	0.0	15820.0
NODE_8_length_377952_cov_36.9882_ID_8715	CR382138.2	87.36	5925	565	150	5	5829	719305	713465	0.0	6623.0
NODE_84_length_4882_cov_56.6909_ID_22180	CR382133.2	87.36	2010	184	60	326	2303	19394	17423	0.0	2241.0
NODE_2_length_667030_cov_40.0539_ID_6289	CR382138.2	87.35	2570	265	56	362726	365262	1915917	1913375	0.0	2891.0
NODE_21_length_202705_cov_39.113_ID_14529	CR382136.2	87.34	1667	190	21	20124	21780	1557438	1555783	0.0	1890.0
NODE_22_length_189047_cov_38.7855_ID_10741	CR382135.2	87.33	4184	475	45	145139	149285	1035408	1031243	0.0	4739.0
NODE_1_length_677929_cov_39.0555_ID_3797	CR382139.2	87.33	2913	307	56	104638	107513	828274	825387	0.0	3278.0
NODE_39_length_113683_cov_42.9321_ID_14363	CR382136.2	87.31	6468	636	145	88663	95007	124929	118524	0.0	7225.0
NODE_25_length_183304_cov_38.4586_ID_7014	CR382135.2	87.3	15718	1607	324	12924	28464	969500	953995	0.0	17610.0
NODE_51_length_54739_cov_43.2312_ID_15453	CR382136.2	87.3	15693	1665	279	23905	39414	728791	713244	0.0	17640.0
NODE_6_length_424074_cov_38.8489_ID_3227	CR382138.2	87.28	6479	702	112	44440	50850	1610430	1616854	0.0	7287.0
NODE_29_length_160456_cov_39.5115_ID_10425	CR382135.2	87.28	3026	305	57	100003	102987	1251692	1248706	0.0	3382.0
NODE_11_length_262550_cov_39.0547_ID_29214	CR382134.2	87.28	2721	306	34	147298	150001	881505	884202	0.0	3072.0
NODE_57_length_36089_cov_37.168_ID_17767	CR382133.2	87.28	1132	108	25	34914	36037	795712	796815	0.0	1260.0
NODE_30_length_158891_cov_38.34_ID_4419	CR382138.2	87.27	7016	736	130	130180	137116	1361151	1368088	0.0	7864.0
NODE_24_length_186562_cov_41.0013_ID_4521	CR382133.2	87.27	5340	548	101	4923	10201	320084	314816	0.0	5973.0
NODE_1_length_677929_cov_39.0555_ID_3797	CR382139.2	87.27	5115	564	75	454429	459506	464456	459392	0.0	5758.0
NODE_17_length_211021_cov_39.308_ID_7252	CR382134.2	87.26	1115	101	33	86252	87345	1127407	1128501	0.0	1234.0
NODE_16_length_218584_cov_39.5523_ID_39673	CR382136.2	87.25	4180	459	72	16992	21136	777041	781181	0.0	4698.0
NODE_2_length_667030_cov_40.0539_ID_6289	CR382138.2	87.2	5405	519	143	455026	460317	1824911	1819567	0.0	5987.0
NODE_47_length_75861_cov_37.7002_ID_10631	CR382133.2	87.24	3095	336	49	39833	42890	721591	718519	0.0	3472.0
NODE_2_length_667030_cov_40.0539_ID_6289	CR382138.2	87.24	1857	199	34	63990	65824	2214759	2212919	0.0	2082.0
NODE_1_length_677929_cov_39.0555_ID_3797	CR382139.2	87.24	1481	151	32	54801	56260	878546	877083	0.0	1653.0
NODE_13_length_259292_cov_39.2323_ID_33820	CR382134.2	87.23	3845	413	74	162737	166536	518986	522797	0.0	4309.0
NODE_3_length_473900_cov_36.294_ID_17668	CR382138.2	87.23	2067	200	57	165048	167084	911127	913159	0.0	2296.0
NODE_20_length_205258_cov_37.612_ID_21333	CR382139.2	87.23	1777	212	15	183608	185376	1551101	1549332	0.0	2010.0
NODE_2_length_667030_cov_40.0539_ID_6289	CR382138.2	87.23	1151	92	52	419866	420988	1858628	1857505	0.0	1260.0
NODE_8_length_377952_cov_36.9882_ID_8715	CR382138.2	87.2	1836	182	46	371904	373707	349906	348092	0.0	2039.0
NODE_21_length_202705_cov_39.113_ID_14529	CR382136.2	87.2	1078	103	22	103698	104760	1472551	1471494	0.0	1194.0
NODE_5_length_433519_cov_36.663_ID_9167	CR382137.2	87.14	3430	359	75	142309	145699	672854	676240	0.0	3816.0
NODE_40_length_112210_cov_41.468_ID_12766	CR382134.2	87.14	2946	302	67	108683	111590	614476	611570	0.0	3269.0
NODE_8_length_377952_cov_36.9882_ID_8715	CR382138.2	87.13	8270	822	183	280755	288905	441588	433442	0.0	9154.0
NODE_2_length_667030_cov_40.0539_ID_6289	CR382136.2	87.13	5184	579	87	647836	652978	1013011	1007875	0.0	5797.0
NODE_1_length_677929_cov_39.0555_ID_3797	CR382139.2	87.12	4000	447	64	262092	266055	669513	665546	0.0	4471.0
NODE_11_length_262550_cov_39.0547_ID_29214	CR382134.2	87.12	14966	1526	338	48590	63352	780664	795431	0.0	16590.0
NODE_2_length_667030_cov_40.0539_ID_6289	CR382138.2	87.11	1931	201	37	401777	403681	1876646	1874738	0.0	2143.0
NODE_21_length_202705_cov_39.113_ID_14529	CR382136.2	87.11	1358	118	52	105314	106643	1470862	1469534	0.0	1485.0
NODE_6_length_424074_cov_38.8489_ID_3227	CR382136.2	87.09	3400	363	63	329729	333084	1277311	1280678	0.0	3777.0
NODE_50_length_57819_cov_43.5158_ID_16164	CR382134.2	87.07	6754	698	164	26043	32701	146863	140190	0.0	7474.0
NODE_4_length_439538_cov_38.9188_ID_37577	CR382135.2	87.07	5570	564	141	56582	62069	171046	176541	0.0	6154.0
NODE_25_length_183304_cov_38.4586_ID_7014	CR382135.2	87.06	15397	1600	331	11311	26522	971128	955939	0.0	17040.0
NODE_9_length_365344_cov_39.9134_ID_4255	CR382133.2	87.05	5476	578	117	69422	74827	1119453	1114039	0.0	6063.0
NODE_17_length_211021_cov_39.308_ID_7252	CR382134.2	87.05	3661	425	46	150213	153849	1192671	1196306	0.0	4089.0
NODE_5_length_433519_cov_36.663_ID_9167	CR382137.2	87.05	3196	358	52	168631	171797	697842	701010	0.0	3557.0
NODE_2_length_667030_cov_40.0539_ID_6289	CR382136.2	87.05	2231	232	48	480975	483170	1179552	1177344	0.0	2466.0
NODE_38_length_116457_cov_38.565_ID_8239	CR382137.2	87.04	8566	933	161	4959	13447	219824	211359	0.0	9505.0
NODE_7_length_383603_cov_36.4919_ID_9611	CR382139.2	87.04	2902	335	39	331436	334316	1301581	1304462	0.0	3238.0
NODE_1_length_677929_cov_39.0555_ID_3797	CR382139.2	87.04	1219	90	59	665114	666297	255048	253863	0.0	1314.0
NODE_38_length_116457_cov_38.565_ID_8239	CR382137.2	87.03	2436	268	46	71554	73963	153647	151234	0.0	2704.0
NODE_2_length_667030_cov_40.0539_ID_6289	CR382136.2	87.03	1234	136	22	474193	475412	1186684	1185461	0.0	1371.0
NODE_51_length_54739_cov_43.2312_ID_15453	CR382136.2	87.02	14928	1636	261	26226	40982	726466	711670	0.0	16550.0
NODE_35_length_125146_cov_37.0941_ID_5003	CR382138.2	87.01	3740	412	62	83468	87172	153300	157000	0.0	4146.0
NODE_9_length_365344_cov_39.9134_ID_4255	CR382133.2	87.0	13603	1436	293	42604	56032	1146516	1133072	0.0	15020.0
NODE_2_length_667030_cov_40.0539_ID_6289	CR382138.2	87.01	2686	261	65	41507	44143	2239310	2236664	0.0	2946.0
NODE_59_length_29632_cov_40.4272_ID_18200	CR382136.2	87.0	1238	132	26	19488	20707	68478	67252	0.0	1367.0
NODE_25_length_183304_cov_38.4586_ID_7014	CR382135.2	86.99	6227	622	161	66063	72179	909814	903666	0.0	6839.0
NODE_15_length_219343_cov_36.1734_ID_8461	CR382137.2	86.98	3519	322	126	181409	184860	308870	305421	0.0	3836.0
NODE_10_length_314312_cov_39.5277_ID_12529	CR382133.2	86.98	10071	1033	233	243190	253110	604367	614309	0.0	11080.0
NODE_44_length_80019_cov_36.333_ID_9437	CR382136.2	86.96	6892	771	116	59088	65920	336935	343757	0.0	7629.0
NODE_24_length_186562_cov_41.0013_ID_4521	CR382133.2	86.9	6663	723	129	59205	65783	265685	259089	0.0	7330.0
NODE_31_length_151411_cov_35.7163_ID_6083	CR382137.2	86.95	3057	336	53	50769	53787	1670078	1667047	0.0	3376.0
NODE_20_length_205258_cov_37.612_ID_21333	CR382139.2	86.95	2307	215	78	172287	174544	1562818	1560549	0.0	2514.0
NODE_4_length_439538_cov_38.9188_ID_37577	CR382135.2	86.94	6323	691	116	345754	352009	461391	467645	0.0	6975.0
NODE_1_length_677929_cov_39.0555_ID_3797	CR382139.2	86.94	3171	351	55	108674	111809	824267	821125	0.0	3504.0
NODE_40_length_112210_cov_41.468_ID_12766	CR382134.2	86.94	13481	1426	288	65901	79201	657333	644007	0.0	14840.0
NODE_15_length_219343_cov_36.1734_ID_8461	CR382137.2	86.93	10247	1156	167	149175	159331	344300	334147	0.0	11340.0
NODE_34_length_132647_cov_39.8287_ID_5909	CR382137.2	86.92	7941	887	140	438	8305	1270683	1262822	0.0	8769.0
NODE_4_length_439538_cov_38.9188_ID_37577	CR382135.2	86.92	3785	407	79	356787	360528	472554	476293	0.0	4167.0
NODE_24_length_186562_cov_41.0013_ID_4521	CR382133.2	86.9	11355	1179	234	74092	85281	250872	239661	0.0	12450.0
NODE_27_length_176478_cov_33.8509_ID_6526	CR382137.2	86.9	10064	1036	243	143013	152912	1105457	1115402	0.0	11020.0
NODE_1_length_677929_cov_39.0555_ID_3797	CR382139.2	86.89	9214	926	240	288276	297321	643228	634129	0.0	10060.0
NODE_3_length_473900_cov_36.294_ID_17668	CR382138.2	86.89	1266	140	24	69317	70569	817162	818414	0.0	1395.0
NODE_20_length_205258_cov_37.612_ID_21333	CR382139.2	86.87	15216	1660	280	76515	91547	1662133	1647073	0.0	16720.0
NODE_20_length_205258_cov_37.612_ID_21333	CR382139.2	86.86	9684	1015	201	195570	205125	1535770	1526216	0.0	10600.0
NODE_2_length_667030_cov_40.0539_ID_6289	CR382136.2	86.86	2283	239	49	554798	557053	1111380	1109132	0.0	2497.0
NODE_42_length_90423_cov_35.5272_ID_17817	CR382139.2	86.86	15173	1590	352	40295	55277	1913406	1898447	0.0	16610.0
NODE_2_length_667030_cov_40.0539_ID_6289	CR382138.2	86.84	4649	512	85	223821	228412	2052222	2047617	0.0	5103.0
NODE_9_length_365344_cov_39.9134_ID_4255	CR382133.2	86.84	1482	121	43	81315	82759	1107227	1105783	0.0	1589.0
NODE_12_length_262495_cov_36.7085_ID_8025	CR382137.2	86.83	2118	232	41	155354	157442	1829032	1826933	0.0	2322.0
NODE_5_length_433519_cov_36.663_ID_9167	CR382137.2	86.82	8443	962	135	87226	95591	617868	626236	0.0	9286.0
NODE_14_length_231308_cov_37.5414_ID_12932	CR382135.2	86.82	8422	916	168	118387	126700	708420	700085	0.0	9225.0
NODE_8_length_377952_cov_36.9882_ID_8715	CR382138.2	86.81	6587	682	142	268888	275397	453389	446913	0.0	7177.0
NODE_1_length_677929_cov_39.0555_ID_3797	CR382139.2	86.79	5057	507	142	595811	600782	324942	319962	0.0	5489.0
NODE_28_length_168868_cov_33.7296_ID_16512	CR382139.2	86.79	12904	1396	274	75270	88020	1431464	1444211	0.0	14100.0
NODE_4_length_439538_cov_38.9188_ID_37577	CR382135.2	86.79	10351	1123	220	63898	74128	178357	188583	0.0	11320.0
NODE_21_length_202705_cov_39.113_ID_14529	CR382136.2	86.77	2737	264	86	190131	192823	1384701	1382019	0.0	2959.0
NODE_2_length_667030_cov_40.0539_ID_6289	CR382138.2	86.77	2298	251	48	111392	113666	2166978	2164711	0.0	2510.0
NODE_7_length_383603_cov_36.4919_ID_9611	CR382139.2	86.76	9564	1076	172	100234	109691	1064060	1073539	0.0	10470.0
NODE_14_length_231308_cov_37.5414_ID_12932	CR382135.2	86.7	6819	739	133	181083	187804	646704	639957	0.0	7413.0
NODE_23_length_188927_cov_38.5172_ID_10126	CR382136.2	86.76	3815	431	64	24126	27904	519429	523205	0.0	4180.0
NODE_21_length_202705_cov_39.113_ID_14529	CR382136.2	86.76	2477	261	54	140555	142997	1434962	1432519	0.0	2695.0
NODE_30_length_158891_cov_38.34_ID_4419	CR382138.2	86.76	1609	182	31	48365	49956	1278442	1280036	0.0	1762.0
NODE_2_length_667030_cov_40.0539_ID_6289	CR382136.2	86.75	8438	892	193	517661	525973	1148726	1140390	0.0	9180.0
NODE_6_length_424074_cov_38.8489_ID_3227	CR382138.2	86.75	5012	528	126	227442	232387	1793366	1798307	0.0	5452.0
NODE_4_length_439538_cov_38.9188_ID_37577	CR382135.2	86.7	5453	583	122	24953	30327	124991	130379	0.0	5923.0
NODE_1_length_677929_cov_39.0555_ID_3797	CR382139.2	86.75	2520	289	43	67771	70265	865462	862963	0.0	2761.0
NODE_36_length_120391_cov_41.0564_ID_40056	CR382134.2	86.75	10663	1148	207	124	10650	305814	295281	0.0	11620.0
NODE_25_length_183304_cov_38.4586_ID_7014	CR382135.2	86.74	7889	820	199	22331	30116	960114	952349	0.0	8565.0
NODE_19_length_208129_cov_39.4235_ID_7891	CR382139.2	86.7	3730	423	67	120144	123841	152859	156547	0.0	4072.0
NODE_12_length_262495_cov_36.7085_ID_8025	CR382137.2	86.73	14999	1658	294	163203	178033	1821131	1806297	0.0	16370.0
NODE_15_length_219343_cov_36.1734_ID_8461	CR382137.2	86.73	1470	170	23	5865	7322	496481	495025	0.0	1611.0
NODE_24_length_186562_cov_41.0013_ID_4521	CR382133.2	86.71	4657	539	75	185	4795	324875	320253	0.0	5097.0
NODE_34_length_132647_cov_39.8287_ID_5909	CR382137.2	86.71	4137	456	79	104920	109012	1166787	1162701	0.0	4506.0
NODE_3_length_473900_cov_36.294_ID_17668	CR382138.2	86.71	3710	363	106	350708	354342	1098836	1102490	0.0	4000.0
NODE_9_length_365344_cov_39.9134_ID_4255	CR382133.2	86.69	1691	170	50	296595	298257	870350	868687	0.0	1825.0
NODE_31_length_151411_cov_35.7163_ID_6083	CR382137.2	86.69	1473	165	29	68855	70309	1651866	1650407	0.0	1605.0
NODE_13_length_259292_cov_39.2323_ID_33820	CR382134.2	86.69	1465	161	32	99862	101309	453213	454660	0.0	1594.0
NODE_20_length_205258_cov_37.612_ID_21333	CR382139.2	86.67	8110	886	153	175396	183416	1559345	1551342	0.0	8807.0
NODE_1_length_677929_cov_39.0555_ID_3797	CR382139.2	86.67	6795	770	124	621351	628074	299222	292493	0.0	7404.0
NODE_4_length_439538_cov_38.9188_ID_37577	CR382135.2	86.67	1883	217	29	415704	417567	534769	536636	0.0	2056.0
NODE_20_length_205258_cov_37.612_ID_21333	CR382139.2	86.67	14892	1663	285	71941	86645	1666727	1651971	0.0	16210.0
NODE_71_length_13844_cov_44.2751_ID_22698	CR382133.2	86.67	1433	151	29	11694	13105	1240659	1239246	0.0	1552.0
NODE_1_length_677929_cov_39.0555_ID_3797	CR382139.2	86.67	1118	100	38	66527	67624	866690	865602	0.0	1194.0
NODE_18_length_209296_cov_42.2094_ID_5219	CR382135.2	86.66	1267	146	23	28415	29670	1561251	1559997	0.0	1382.0
NODE_24_length_186562_cov_41.0013_ID_4521	CR382133.2	86.6	6075	666	130	67395	73392	257568	251565	0.0	6573.0
NODE_8_length_377952_cov_36.9882_ID_8715	CR382138.2	86.65	7564	755	214	120069	127508	602890	595458	0.0	8137.0
NODE_27_length_176478_cov_33.8509_ID_6526	CR382137.2	86.65	4292	419	139	107653	111861	1070215	1074435	0.0	4610.0
NODE_1_length_677929_cov_39.0555_ID_3797	CR382139.2	86.63	7718	798	205	421904	429500	496993	489389	0.0	8320.0
NODE_53_length_42433_cov_34.3331_ID_18372	CR382137.2	86.6	3351	364	68	27396	30697	238628	235314	0.0	3622.0
NODE_28_length_168868_cov_33.7296_ID_16512	CR382139.2	86.63	10890	1195	229	74373	85133	1430563	1441320	0.0	11800.0
NODE_31_length_151411_cov_35.7163_ID_6083	CR382137.2	86.61	6363	703	125	20143	26429	1700394	1694105	0.0	6892.0
NODE_1_length_677929_cov_39.0555_ID_3797	CR382139.2	86.61	1441	163	27	4532	5957	929141	927716	0.0	1565.0
NODE_151_length_1029_cov_108.518_ID_40510	CR382138.2	86.6	1030	134	4	2	1029	1393188	1392161	0.0	1134.0
NODE_81_length_5183_cov_689.046_ID_35504	CR382136.2	86.59	1089	113	32	1	1075	1601053	1602122	0.0	1171.0
NODE_3_length_473900_cov_36.294_ID_17668	CR382138.2	86.57	3641	385	84	459653	463238	1211918	1215509	0.0	3919.0
NODE_8_length_377952_cov_36.9882_ID_8715	CR382138.2	86.57	1996	218	47	19661	21635	697019	695053	0.0	2156.0
NODE_28_length_168868_cov_33.7296_ID_16512	CR382139.2	86.56	1622	160	43	162110	163719	1518866	1520441	0.0	1735.0
NODE_29_length_160456_cov_39.5115_ID_10425	CR382135.2	86.56	1473	169	29	35867	37325	1316007	1314550	0.0	1596.0
NODE_17_length_211021_cov_39.308_ID_7252	CR382134.2	86.54	5504	614	111	73287	78728	1114324	1119762	0.0	5941.0
NODE_7_length_383603_cov_36.4919_ID_9611	CR382139.2	86.54	3877	431	66	224607	228442	1189163	1192989	0.0	4183.0
NODE_81_length_5183_cov_689.046_ID_35504	CR382136.2	86.54	1085	122	23	1	1075	58972	57902	0.0	1173.0
NODE_13_length_259292_cov_39.2323_ID_33820	CR382134.2	86.52	5837	603	145	156731	162438	512912	518693	0.0	6250.0
NODE_19_length_208129_cov_39.4235_ID_7891	CR382139.2	86.52	13967	1471	349	194150	207923	227318	241065	0.0	14980.0
NODE_38_length_116457_cov_38.565_ID_8239	CR382137.2	86.52	10514	1217	173	38369	48770	186760	176335	0.0	11380.0
NODE_1_length_677929_cov_39.0555_ID_3797	CR382139.2	86.49	3842	429	79	570897	574694	350232	346437	0.0	4137.0
NODE_1_length_677929_cov_39.0555_ID_3797	CR382139.2	86.48	9594	1030	221	56889	66314	876412	866918	0.0	10290.0
NODE_6_length_424074_cov_38.8489_ID_3227	CR382138.2	86.4	8391	924	195	198483	206772	1765013	1773287	0.0	8973.0
NODE_26_length_181704_cov_35.0539_ID_14803	CR382137.2	86.4	7897	865	179	37309	45105	1329324	1337111	0.0	8440.0
NODE_49_length_64566_cov_39.7662_ID_14201	CR382136.2	86.47	1604	183	34	57448	59032	218912	217324	0.0	1729.0
NODE_11_length_262550_cov_39.0547_ID_29214	CR382134.2	86.47	12717	1350	308	208053	220564	944282	956832	0.0	13610.0
NODE_35_length_125146_cov_37.0941_ID_5003	CR382138.2	86.4	6808	759	139	116829	123539	186822	193559	0.0	7287.0
NODE_5_length_433519_cov_36.663_ID_9167	CR382137.2	86.46	7848	875	167	403387	411136	930702	938459	0.0	8431.0
NODE_48_length_68942_cov_38.3171_ID_13277	CR382139.2	86.46	1691	217	12	7050	8734	2015908	2014224	0.0	1844.0
NODE_32_length_151194_cov_34.3926_ID_5053	CR382138.2	86.45	1387	106	56	111721	113062	1436208	1434859	0.0	1445.0
NODE_24_length_186562_cov_41.0013_ID_4521	CR382133.2	86.44	1364	159	25	105595	106946	197795	196446	0.0	1471.0
NODE_2_length_667030_cov_40.0539_ID_6289	CR382136.2	86.43	3368	361	80	598507	601819	1061440	1058114	0.0	3600.0
NODE_3_length_473900_cov_36.294_ID_17668	CR382138.2	86.43	2277	226	76	385143	387384	1136981	1139209	0.0	2416.0
NODE_50_length_57819_cov_43.5158_ID_16164	CR382134.2	86.43	1511	170	35	42894	44388	129645	128154	0.0	1622.0
NODE_42_length_90423_cov_35.5272_ID_17817	CR382139.2	86.43	14731	1564	370	35899	50418	1917814	1903308	0.0	15730.0
NODE_18_length_209296_cov_42.2094_ID_5219	CR382135.2	86.43	1437	149	41	144588	146003	1442907	1441496	0.0	1531.0
NODE_24_length_186562_cov_41.0013_ID_4521	CR382133.2	86.4	2464	247	74	178999	181420	123940	121523	0.0	2614.0
NODE_43_length_81836_cov_36.7508_ID_19624	CR382137.2	86.42	4271	485	75	63053	67264	1549942	1554176	0.0	4586.0
NODE_8_length_377952_cov_36.9882_ID_8715	CR382138.2	86.42	3423	355	92	15870	19230	700820	697446	0.0	3644.0
NODE_21_length_202705_cov_39.113_ID_14529	CR382136.2	86.42	2010	227	40	161842	163829	1412955	1410970	0.0	2158.0
NODE_18_length_209296_cov_42.2094_ID_5219	CR382135.2	86.42	1694	179	35	170146	171821	1417095	1415435	0.0	1807.0
NODE_53_length_42433_cov_34.3331_ID_18372	CR382137.2	86.4	2140	222	52	330	2426	265473	263360	0.0	2276.0
NODE_8_length_377952_cov_36.9882_ID_8715	CR382138.2	86.42	13281	1356	372	168140	181178	554570	541496	0.0	14120.0
NODE_29_length_160456_cov_39.5115_ID_10425	CR382135.2	86.42	1267	145	27	159062	160313	1186556	1185302	0.0	1362.0
NODE_42_length_90423_cov_35.5272_ID_17817	CR382139.2	86.42	1075	111	34	57807	58861	1895966	1894907	0.0	1144.0
NODE_8_length_377952_cov_36.9882_ID_8715	CR382138.2	86.4	1801	188	50	51534	53296	665021	663240	0.0	1916.0
NODE_33_length_143656_cov_37.0526_ID_15822	CR382138.2	86.41	2156	247	43	93596	95727	249559	247426	0.0	2316.0
NODE_10_length_314312_cov_39.5277_ID_12529	CR382133.2	86.39	8636	980	167	13839	22357	371876	380433	0.0	9258.0
NODE_9_length_365344_cov_39.9134_ID_4255	CR382133.2	86.38	14684	1600	342	43174	57644	1145946	1131450	0.0	15670.0
NODE_6_length_424074_cov_38.8489_ID_3227	CR382138.2	86.38	14622	1597	346	190753	205182	1757287	1771706	0.0	15610.0
NODE_10_length_314312_cov_39.5277_ID_12529	CR382133.2	86.37	3522	388	78	227824	231300	588759	592233	0.0	3760.0
NODE_5_length_433519_cov_36.663_ID_9167	CR382137.2	86.37	3038	363	50	21981	24994	546993	550003	0.0	3269.0
NODE_4_length_439538_cov_38.9188_ID_37577	CR382135.2	86.37	1548	176	33	107956	109483	222694	224226	0.0	1657.0
NODE_8_length_377952_cov_36.9882_ID_8715	CR382138.2	86.37	12928	1325	369	167109	179801	555592	542867	0.0	13710.0
NODE_5_length_433519_cov_36.663_ID_9167	CR382137.2	86.35	4688	518	106	390960	395580	918181	922813	0.0	5000.0
NODE_42_length_90423_cov_35.5272_ID_17817	CR382139.2	86.33	2955	328	70	85050	87965	1867356	1864439	0.0	3149.0
NODE_7_length_383603_cov_36.4919_ID_9611	CR382139.2	86.31	4206	482	82	218244	222395	1182798	1186963	0.0	4490.0
NODE_2_length_667030_cov_40.0539_ID_6289	CR382138.2	86.31	2512	265	64	60857	63328	2219795	2217323	0.0	2660.0
NODE_3_length_473900_cov_36.294_ID_17668	CR382138.2	86.3	11551	1279	280	208551	219942	954782	966188	0.0	12290.0
NODE_2_length_667030_cov_40.0539_ID_6289	CR382136.2	86.2	9481	919	301	533697	543010	1132632	1123374	0.0	9902.0
NODE_21_length_202705_cov_39.113_ID_14529	CR382136.2	86.29	3384	395	60	199311	202662	1375355	1372009	0.0	3615.0
NODE_84_length_4882_cov_56.6909_ID_22180	CR382138.2	86.29	1889	196	54	448	2303	20393	18535	0.0	1995.0
NODE_41_length_110809_cov_39.9697_ID_17335	CR382137.2	86.29	1539	175	35	90364	91884	90896	92416	0.0	1640.0
NODE_8_length_377952_cov_36.9882_ID_8715	CR382138.2	86.28	7020	798	148	53508	60437	663013	656069	0.0	7476.0
NODE_31_length_151411_cov_35.7163_ID_6083	CR382137.2	86.2	7681	862	173	120285	127859	1600360	1592772	0.0	8130.0
NODE_39_length_113683_cov_42.9321_ID_14363	CR382136.2	86.26	3290	368	74	95054	98303	118505	115260	0.0	3494.0
NODE_9_length_365344_cov_39.9134_ID_4255	CR382133.2	86.26	11751	1333	248	214303	225897	961969	950344	0.0	12500.0
NODE_25_length_183304_cov_38.4586_ID_7014	CR382135.2	86.25	9295	991	237	98977	108105	876450	867277	0.0	9819.0
NODE_16_length_218584_cov_39.5523_ID_39673	CR382136.2	86.25	2451	293	44	121457	123885	885978	888406	0.0	2619.0
NODE_20_length_205258_cov_37.612_ID_21333	CR382139.2	86.25	14542	1621	321	69999	84325	1668670	1654292	0.0	15430.0
NODE_20_length_205258_cov_37.612_ID_21333	CR382139.2	86.25	12244	1421	222	84669	96783	1653948	1641838	0.0	13050.0
NODE_9_length_365344_cov_39.9134_ID_4255	CR382133.2	86.24	2950	328	71	130700	133617	1057180	1054277	0.0	3127.0
NODE_9_length_365344_cov_39.9134_ID_4255	CR382133.2	86.23	5019	539	129	198448	203397	978733	973798	0.0	5301.0
NODE_42_length_90423_cov_35.5272_ID_17817	CR382139.2	86.23	14288	1570	359	39168	53275	1914532	1900462	0.0	15120.0
NODE_18_length_209296_cov_42.2094_ID_5219	CR382135.2	86.21	6064	703	120	185480	191474	1393723	1387724	0.0	6444.0
NODE_24_length_186562_cov_41.0013_ID_4521	CR382133.2	86.2	13089	1461	285	32224	45118	292738	279801	0.0	13850.0
NODE_39_length_113683_cov_42.9321_ID_14363	CR382136.2	86.21	1892	211	48	98914	100779	111972	110105	0.0	2002.0
NODE_22_length_189047_cov_38.7855_ID_10741	CR382135.2	86.21	1784	204	38	128526	130285	1052351	1050586	0.0	1893.0
NODE_6_length_424074_cov_38.8489_ID_3227	CR382136.2	86.19	6207	740	112	417584	423727	1365453	1371605	0.0	6606.0
NODE_23_length_188927_cov_38.5172_ID_10126	CR382136.2	86.19	4736	555	93	105972	110660	604319	609002	0.0	5031.0
NODE_1_length_677929_cov_39.0555_ID_3797	CR382139.2	86.18	9392	1084	192	44906	54200	888469	879195	0.0	9956.0
NODE_12_length_262495_cov_36.7085_ID_8025	CR382137.2	86.18	3647	400	100	210912	214499	1764350	1767951	0.0	3847.0
NODE_12_length_262495_cov_36.7085_ID_8025	CR382137.2	86.18	11632	1356	219	114248	125748	1868839	1857328	0.0	12350.0
NODE_17_length_211021_cov_39.308_ID_7252	CR382134.2	86.17	6993	761	183	142829	149715	1185264	1192156	0.0	7367.0
NODE_54_length_40992_cov_41.8172_ID_32166	CR382134.2	86.17	2698	328	44	15674	18349	1301107	1303781	0.0	2874.0
NODE_31_length_151411_cov_35.7163_ID_6083	CR382137.2	86.16	4659	510	107	31034	35627	1689448	1684860	0.0	4905.0
NODE_2_length_667030_cov_40.0539_ID_6289	CR382138.2	86.16	14437	1734	232	326787	341084	1952065	1937754	0.0	15350.0
NODE_56_length_37390_cov_33.3437_ID_17506	CR382139.2	86.16	10742	1131	292	312	10851	1861161	1850574	0.0	11270.0
NODE_21_length_202705_cov_39.113_ID_14529	CR382136.2	86.15	4088	488	70	157748	161791	1417029	1412976	0.0	4342.0
NODE_3_length_473900_cov_36.294_ID_17668	CR382138.2	86.15	13764	1539	317	224455	238020	970257	983850	0.0	14510.0
NODE_18_length_209296_cov_42.2094_ID_5219	CR382135.2	86.14	7596	801	223	172126	179578	1415096	1407610	0.0	7962.0
NODE_4_length_439538_cov_38.9188_ID_37577	CR382135.2	86.14	14083	1557	333	276137	290000	389915	403821	0.0	14830.0
NODE_11_length_262550_cov_39.0547_ID_29214	CR382134.2	86.14	1385	158	32	110827	112188	844507	845880	0.0	1463.0
NODE_4_length_439538_cov_38.9188_ID_37577	CR382135.2	86.14	12977	1401	325	86785	99585	201263	214017	0.0	13630.0
NODE_24_length_186562_cov_41.0013_ID_4521	CR382133.2	86.13	4183	442	115	26271	30389	298744	294636	0.0	4385.0
NODE_14_length_231308_cov_37.5414_ID_12932	CR382134.2	86.13	2026	242	33	37264	39265	308009	305999	0.0	2148.0
NODE_1_length_677929_cov_39.0555_ID_3797	CR382139.2	86.12	1672	182	44	587736	589383	332969	331324	0.0	1757.0
NODE_6_length_424074_cov_38.8489_ID_3227	CR382138.2	86.12	1600	188	25	2677	4256	1566393	1567978	0.0	1694.0
NODE_5_length_433519_cov_36.663_ID_9167	CR382137.2	86.12	1290	142	35	35095	36366	560181	561451	0.0	1356.0
NODE_9_length_365344_cov_39.9134_ID_4255	CR382133.2	86.11	9787	1039	263	100921	110504	1087171	1077502	0.0	10250.0
NODE_2_length_667030_cov_40.0539_ID_6289	CR382136.2	86.1	14386	1604	327	518224	532402	1148161	1133964	0.0	15130.0
NODE_11_length_262550_cov_39.0547_ID_29214	CR382134.2	86.1	14045	1590	314	203167	217020	939394	953267	0.0	14790.0
NODE_6_length_424074_cov_38.8489_ID_3227	CR382136.2	86.1	10977	1150	297	372486	383275	1320241	1331028	0.0	11470.0
NODE_17_length_211021_cov_39.308_ID_7252	CR382134.2	86.09	3617	403	89	43065	46632	1084740	1088305	0.0	3801.0
NODE_38_length_116457_cov_38.565_ID_8239	CR382137.2	86.09	11979	1338	284	91489	103299	134685	122867	0.0	12590.0
NODE_1_length_677929_cov_39.0555_ID_3797	CR382139.2	86.08	8699	1006	187	666412	675001	253752	245150	0.0	9166.0
NODE_27_length_176478_cov_33.8509_ID_6526	CR382137.2	86.08	5496	641	113	35374	40817	996902	1002325	0.0	5797.0
NODE_61_length_27806_cov_37.6822_ID_18322	CR382138.2	86.08	13021	1486	282	13935	26764	734114	721229	0.0	13710.0
NODE_31_length_151411_cov_35.7163_ID_6083	CR382137.2	86.07	2426	287	49	38945	41345	1681871	1679472	0.0	2560.0
NODE_12_length_262495_cov_36.7085_ID_8025	CR382137.2	86.07	2319	268	50	196610	198899	1787630	1785338	0.0	2442.0
NODE_6_length_424074_cov_38.8489_ID_3227	CR382136.2	86.07	14074	1452	397	377995	391809	1325749	1339573	0.0	14660.0
NODE_23_length_188927_cov_38.5172_ID_10126	CR382136.2	86.06	7530	898	137	79746	87190	577864	585326	0.0	7949.0
NODE_2_length_667030_cov_40.0539_ID_6289	CR382138.2	86.06	2813	271	101	385638	388397	1892899	1890155	0.0	2911.0
NODE_4_length_439538_cov_38.9188_ID_37577	CR382135.2	86.05	11143	1152	326	274798	285733	388586	399532	0.0	11590.0
NODE_25_length_183304_cov_38.4586_ID_7014	CR382135.2	86.03	13776	1536	335	7597	21159	974879	961280	0.0	14420.0
NODE_11_length_262550_cov_39.0547_ID_29214	CR382134.2	86.02	8248	893	217	161519	169631	897548	905670	0.0	8604.0
NODE_9_length_365344_cov_39.9134_ID_4255	CR382133.2	86.0	2535	267	64	16387	18867	1172766	1170266	0.0	2634.0
NODE_66_length_20187_cov_34.052_ID_20370	CR382137.2	86.02	2203	237	62	10858	13022	1282107	1284276	0.0	2296.0
NODE_28_length_168868_cov_33.7296_ID_16512	CR382139.2	86.01	10650	1260	211	144172	154706	1500864	1511398	0.0	11200.0
NODE_2_length_667030_cov_40.0539_ID_6289	CR382138.2	86.0	10889	1178	276	365322	376038	1913287	1902574	0.0	11340.0
NODE_7_length_383603_cov_36.4919_ID_9611	CR382139.2	85.99	7367	814	188	356986	364229	1327127	1334398	0.0	7686.0
NODE_3_length_473900_cov_36.294_ID_17668	CR382138.2	85.99	7158	790	179	397054	404115	1148859	1155899	0.0	7465.0
NODE_52_length_44589_cov_44.855_ID_16888	CR382134.2	85.99	4632	467	147	40050	44589	73369	68828	0.0	4791.0
NODE_28_length_168868_cov_33.7296_ID_16512	CR382139.2	85.99	3827	406	127	106984	110746	1463603	1467363	0.0	3978.0
NODE_5_length_433519_cov_36.663_ID_9167	CR382137.2	85.99	3148	354	67	252560	255661	782528	785634	0.0	3290.0
NODE_5_length_433519_cov_36.663_ID_9167	CR382137.2	85.98	1027	129	15	10460	11480	533998	535015	0.0	1085.0
NODE_14_length_231308_cov_37.5414_ID_12932	CR382135.2	85.97	4361	504	102	225973	230278	601616	597309	0.0	4564.0
NODE_7_length_383603_cov_36.4919_ID_9611	CR382139.2	85.97	4361	491	95	327130	331429	1295453	1299753	0.0	4551.0
NODE_2_length_667030_cov_40.0539_ID_6289	CR382136.2	85.97	1753	154	74	654547	656236	1006309	1004586	0.0	1790.0
NODE_5_length_433519_cov_36.663_ID_9167	CR382137.2	85.96	3625	390	91	199689	203271	729358	732905	0.0	3764.0
NODE_11_length_262550_cov_39.0547_ID_29214	CR382134.2	85.96	3475	399	77	235598	239025	971856	975288	0.0	3631.0
NODE_20_length_205258_cov_37.612_ID_21333	CR382139.2	85.96	12947	1443	302	191873	204622	1539494	1526726	0.0	13490.0
NODE_2_length_667030_cov_40.0539_ID_6289	CR382138.2	85.96	11379	1254	296	366495	377704	1912123	1900920	0.0	11840.0
NODE_25_length_183304_cov_38.4586_ID_7014	CR382135.2	85.9	5895	681	128	78143	83940	897741	891900	0.0	6144.0
NODE_26_length_181704_cov_35.0539_ID_14803	CR382137.2	85.95	4364	506	91	4	4316	1291934	1296241	0.0	4564.0
NODE_12_length_262495_cov_36.7085_ID_8025	CR382137.2	85.95	12032	1361	272	183191	195040	1801065	1789182	0.0	12550.0
NODE_4_length_439538_cov_38.9188_ID_37577	CR382135.2	85.9	4929	568	114	42026	46885	142018	146888	0.0	5134.0
NODE_1_length_677929_cov_39.0555_ID_3797	CR382139.2	85.9	4221	442	129	115	4261	933551	929410	0.0	4357.0
NODE_42_length_90423_cov_35.5272_ID_17817	CR382139.2	85.94	14151	1569	366	63850	77790	1888546	1874606	0.0	14730.0
NODE_47_length_75861_cov_37.7002_ID_10631	CR382133.2	85.94	12254	1395	279	43713	55796	717620	705525	0.0	12780.0
NODE_17_length_211021_cov_39.308_ID_7252	CR382134.2	85.93	4948	566	102	201789	206667	1246074	1250960	0.0	5162.0
NODE_11_length_262550_cov_39.0547_ID_29214	CR382134.2	85.93	1755	219	27	252967	254707	989386	991126	0.0	1847.0
NODE_33_length_143656_cov_37.0526_ID_15822	CR382138.2	85.92	2991	299	102	60570	63487	282787	279846	0.0	3079.0
NODE_4_length_439538_cov_38.9188_ID_37577	CR382135.2	85.92	10973	1227	266	333285	344057	448898	459752	0.0	11410.0
NODE_22_length_189047_cov_38.7855_ID_10741	CR382135.2	85.91	7843	906	176	26249	33989	1158784	1151039	0.0	8178.0
NODE_43_length_81836_cov_36.7508_ID_19624	CR382137.2	85.91	7041	793	152	16897	23795	1497822	1504805	0.0	7323.0
NODE_17_length_211021_cov_39.308_ID_7252	CR382134.2	85.91	4493	493	123	176174	180596	1220368	1224790	0.0	4662.0
NODE_42_length_90423_cov_35.5272_ID_17817	CR382139.2	85.9	14181	1580	367	63271	77241	1889116	1875146	0.0	14720.0
NODE_32_length_151194_cov_34.3926_ID_5053	CR382138.2	85.9	1057	113	34	34611	35649	1513339	1512301	0.0	1094.0
NODE_33_length_143656_cov_37.0526_ID_15822	CR382138.2	85.89	6053	638	170	20276	26200	323387	317423	0.0	6248.0
NODE_22_length_189047_cov_38.7855_ID_10741	CR382135.2	85.89	14140	1604	339	93172	107091	1093817	1079849	0.0	14700.0
NODE_7_length_383603_cov_36.4919_ID_9611	CR382139.2	85.89	13009	1309	414	76129	88875	1039844	1052587	0.0	13370.0
NODE_13_length_259292_cov_39.2323_ID_33820	CR382134.2	85.88	9494	1096	222	206801	216157	563078	572463	0.0	9877.0
NODE_3_length_473900_cov_36.294_ID_17668	CR382138.2	85.88	14127	1606	331	224573	238490	970374	984320	0.0	14680.0
NODE_28_length_168868_cov_33.7296_ID_16512	CR382139.2	85.88	10645	1159	286	133482	143955	1490150	1500621	0.0	11010.0
NODE_1_length_677929_cov_39.0555_ID_3797	CR382139.2	85.87	3121	372	67	584424	587510	336299	333214	0.0	3256.0
NODE_24_length_186562_cov_41.0013_ID_4521	CR382133.2	85.86	9271	1041	231	139669	148784	163391	154236	0.0	9609.0
NODE_40_length_112210_cov_41.468_ID_12766	CR382134.2	85.86	4639	538	104	40968	45549	682603	678026	0.0	4824.0
NODE_10_length_314312_cov_39.5277_ID_12529	CR382133.2	85.86	14125	1648	312	6592	20529	364637	378599	0.0	14700.0
NODE_28_length_168868_cov_33.7296_ID_16512	CR382139.2	85.85	7690	905	154	43530	51117	1399753	1407361	0.0	8004.0
NODE_35_length_125146_cov_37.0941_ID_5003	CR382138.2	85.85	1958	214	45	89957	91877	159812	161743	0.0	2023.0
NODE_44_length_80019_cov_36.333_ID_9437	CR382136.2	85.85	10592	1220	244	45361	55813	323100	333551	0.0	11000.0
NODE_11_length_262550_cov_39.0547_ID_29214	CR382134.2	85.84	14091	1522	396	43794	57628	775837	789710	0.0	14530.0
NODE_4_length_439538_cov_38.9188_ID_37577	CR382135.2	85.84	11367	1274	265	187497	198677	300563	311779	0.0	11760.0
NODE_14_length_231308_cov_37.5414_ID_12932	CR382135.2	85.84	10682	1184	263	83928	94429	742781	732249	0.0	11040.0
NODE_22_length_189047_cov_38.7855_ID_10741	CR382135.2	85.83	7190	791	195	171874	178947	1008436	1001359	0.0	7422.0
NODE_49_length_64566_cov_39.7662_ID_14201	CR382136.2	85.83	2251	235	71	62362	64566	213990	211778	0.0	2313.0
NODE_14_length_231308_cov_37.5414_ID_12932	CR382135.2	85.83	14117	1614	327	197575	211482	630154	616215	0.0	14630.0
NODE_5_length_433519_cov_36.663_ID_9167	CR382137.2	85.83	10398	1135	290	241507	251717	771414	781660	0.0	10730.0
NODE_8_length_377952_cov_36.9882_ID_8715	CR382138.2	85.82	12952	1513	289	124818	137587	598151	585341	0.0	13450.0
NODE_5_length_433519_cov_36.663_ID_9167	CR382137.2	85.8	1437	144	52	164696	166096	695143	696555	0.0	1469.0
NODE_5_length_433519_cov_36.663_ID_9167	CR382137.2	85.81	3910	465	74	132977	136838	663596	667463	0.0	4063.0
NODE_9_length_365344_cov_39.9134_ID_4255	CR382133.2	85.79	2506	281	70	182153	184623	995147	992682	0.0	2586.0
NODE_21_length_202705_cov_39.113_ID_14529	CR382136.2	85.78	9048	1012	234	111156	120042	1465003	1456070	0.0	9324.0
NODE_13_length_259292_cov_39.2323_ID_33820	CR382134.2	85.78	4396	471	132	142031	146335	495398	499730	0.0	4514.0
NODE_3_length_473900_cov_36.294_ID_17668	CR382138.2	85.77	4724	525	117	10665	15300	758722	763386	0.0	4865.0
NODE_70_length_14629_cov_113.725_ID_35386	CR382134.2	85.77	1701	203	39	3867	5548	1283453	1281773	0.0	1764.0
NODE_46_length_77151_cov_37.9755_ID_17983	CR382133.2	85.76	2001	238	47	33517	35494	75037	73061	0.0	2073.0
NODE_22_length_189047_cov_38.7855_ID_10741	CR382135.2	85.75	7244	861	147	101669	108814	1085271	1078101	0.0	7502.0
NODE_1_length_677929_cov_39.0555_ID_3797	CR382139.2	85.75	3628	442	73	157011	160599	775987	772396	0.0	3766.0
NODE_27_length_176478_cov_33.8509_ID_6526	CR382137.2	85.7	5204	579	137	19035	24166	980481	985591	0.0	5336.0
NODE_22_length_189047_cov_38.7855_ID_10741	CR382135.2	85.74	7067	780	199	171859	178813	1008444	1001494	0.0	7256.0
NODE_35_length_125146_cov_37.0941_ID_5003	CR382138.2	85.74	2538	261	88	87306	89788	157175	159666	0.0	2588.0
NODE_39_length_113683_cov_42.9321_ID_14363	CR382136.2	85.74	1865	241	25	14969	16819	195749	193896	0.0	1947.0
NODE_20_length_205258_cov_37.612_ID_21333	CR382139.2	85.7	3504	396	91	53344	56795	1685118	1681668	0.0	3598.0
NODE_1_length_677929_cov_39.0555_ID_3797	CR382139.2	85.73	1514	184	32	364320	365818	557169	555673	0.0	1570.0
NODE_7_length_383603_cov_36.4919_ID_9611	CR382139.2	85.73	14006	1605	336	47262	61065	1010923	1024737	0.0	14430.0
NODE_4_length_439538_cov_38.9188_ID_37577	CR382135.2	85.73	13987	1583	331	184863	198633	297946	311735	0.0	14390.0
NODE_18_length_209296_cov_42.2094_ID_5219	CR382135.2	85.73	1268	158	23	17899	19154	1571788	1570532	0.0	1317.0
NODE_34_length_132647_cov_39.8287_ID_5909	CR382137.2	85.72	8254	935	217	117819	125938	1153857	1145714	0.0	8486.0
NODE_2_length_667030_cov_40.0539_ID_6289	CR382136.2	85.72	4587	490	134	590942	595455	1068891	1064397	0.0	4689.0
NODE_27_length_176478_cov_33.8509_ID_6526	CR382137.2	85.7	2056	225	57	54668	56686	1016244	1018267	0.0	2104.0
NODE_11_length_262550_cov_39.0547_ID_29214	CR382134.2	85.71	8637	961	219	73269	81757	805382	813893	0.0	8861.0
NODE_30_length_158891_cov_38.34_ID_4419	CR382138.2	85.71	7021	818	157	33468	40386	1263429	1270366	0.0	7238.0
NODE_14_length_231308_cov_37.5414_ID_12932	CR382135.2	85.7	12587	1408	341	205721	218108	621991	609598	0.0	12910.0
NODE_4_length_439538_cov_38.9188_ID_37577	CR382135.2	85.71	1554	192	29	48180	49718	152647	154185	0.0	1613.0
NODE_30_length_158891_cov_38.34_ID_4419	CR382138.2	85.71	13862	1552	363	33529	47169	1263492	1277145	0.0	14230.0
NODE_1_length_677929_cov_39.0555_ID_3797	CR382139.2	85.69	8597	941	227	225629	234087	708081	699636	0.0	8794.0
NODE_6_length_424074_cov_38.8489_ID_3227	CR382138.2	85.6	9557	987	315	139319	148702	1702118	1711458	0.0	9666.0
NODE_21_length_202705_cov_39.113_ID_14529	CR382136.2	85.69	4949	554	123	60054	64926	1517923	1513053	0.0	5075.0
NODE_37_length_118481_cov_34.7137_ID_13379	CR382136.2	85.69	4583	519	126	38897	43411	440907	436394	0.0	4702.0
NODE_1_length_677929_cov_39.0555_ID_3797	CR382139.2	85.69	13962	1630	326	328059	341841	600300	586528	0.0	14380.0
NODE_22_length_189047_cov_38.7855_ID_10741	CR382135.2	85.68	9102	987	274	61987	70912	1124251	1115290	0.0	9299.0
NODE_34_length_132647_cov_39.8287_ID_5909	CR382137.2	85.68	5267	615	128	81026	86214	1189788	1184583	0.0	5421.0
NODE_21_length_202705_cov_39.113_ID_14529	CR382136.2	85.68	2688	312	56	166809	169466	1407984	1405340	0.0	2763.0
NODE_32_length_151194_cov_34.3926_ID_5053	CR382138.2	85.68	2576	232	108	46768	49268	1501195	1498682	0.0	2586.0
NODE_15_length_219343_cov_36.1734_ID_8461	CR382137.2	85.68	1920	224	40	140364	142254	355414	353517	0.0	1975.0
NODE_34_length_132647_cov_39.8287_ID_5909	CR382137.2	85.68	11632	1353	264	12610	24079	1258526	1247046	0.0	11960.0
NODE_7_length_383603_cov_36.4919_ID_9611	CR382139.2	85.67	4822	567	106	29255	34006	992685	997452	0.0	4963.0
NODE_25_length_183304_cov_38.4586_ID_7014	CR382135.2	85.67	1598	184	43	97069	98640	878514	876936	0.0	1640.0
NODE_28_length_168868_cov_33.7296_ID_16512	CR382139.2	85.67	10957	1318	231	146883	157711	1503571	1514403	0.0	11300.0
NODE_16_length_218584_cov_39.5523_ID_39673	CR382136.2	85.66	9492	1080	236	4295	13653	764330	773673	0.0	9729.0
NODE_15_length_219343_cov_36.1734_ID_8461	CR382137.2	85.66	5796	673	128	15500	21192	483238	477498	0.0	5954.0
NODE_35_length_125146_cov_37.0941_ID_5003	CR382138.2	85.66	5627	616	144	38781	44274	106731	112299	0.0	5744.0
NODE_15_length_219343_cov_36.1734_ID_8461	CR382137.2	85.66	3767	417	102	76161	79867	421082	417379	0.0	3851.0
NODE_30_length_158891_cov_38.34_ID_4419	CR382138.2	85.66	11049	1267	276	2676	13537	1232006	1242924	0.0	11340.0
NODE_2_length_667030_cov_40.0539_ID_6289	CR382138.2	85.66	10568	1250	244	423592	434035	1854844	1844418	0.0	10880.0
NODE_35_length_125146_cov_37.0941_ID_5003	CR382138.2	85.65	9233	1063	232	107506	116604	177523	186627	0.0	9468.0
NODE_15_length_219343_cov_36.1734_ID_8461	CR382137.2	85.65	3114	379	63	30745	33826	467823	464746	0.0	3212.0
NODE_39_length_113683_cov_42.9321_ID_14363	CR382136.2	85.65	2161	235	70	581	2703	210037	207914	0.0	2204.0
NODE_42_length_90423_cov_35.5272_ID_17817	CR382139.2	85.65	13362	1490	354	29531	42682	1924176	1911032	0.0	13660.0
NODE_33_length_143656_cov_37.0526_ID_15822	CR382138.2	85.64	5820	661	149	1	5731	342813	337080	0.0	5954.0
NODE_14_length_231308_cov_37.5414_ID_12932	CR382135.2	85.64	13918	1625	317	195936	209649	631808	618061	0.0	14280.0
NODE_2_length_667030_cov_40.0539_ID_6289	CR382138.2	85.64	1274	148	35	128979	130233	2149320	2148063	0.0	1306.0
NODE_19_length_208129_cov_39.4235_ID_7891	CR382139.2	85.63	5485	605	148	148725	154116	181635	187029	0.0	5594.0
NODE_44_length_80019_cov_36.333_ID_9437	CR382136.2	85.6	3381	320	128	76747	80019	354646	357967	0.0	3391.0
NODE_8_length_377952_cov_36.9882_ID_8715	CR382138.2	85.63	3472	412	74	224884	228306	497541	494108	0.0	3567.0
NODE_5_length_433519_cov_36.663_ID_9167	CR382137.2	85.63	1788	210	37	219130	220894	748825	750588	0.0	1834.0
NODE_26_length_181704_cov_35.0539_ID_14803	CR382137.2	85.62	7557	849	205	57757	65192	1350528	1357967	0.0	7714.0
NODE_1_length_677929_cov_39.0555_ID_3797	CR382139.2	85.62	6690	789	158	182950	189544	750074	743463	0.0	6865.0
NODE_27_length_176478_cov_33.8509_ID_6526	CR382137.2	85.62	3248	362	84	133782	136973	1096202	1099400	0.0	3314.0
NODE_22_length_189047_cov_38.7855_ID_10741	CR382135.2	85.6	2319	283	48	125896	128192	1054958	1052669	0.0	2385.0
NODE_13_length_259292_cov_39.2323_ID_33820	CR382134.2	85.62	3185	331	92	25063	28187	376933	380050	0.0	3227.0
NODE_3_length_473900_cov_36.294_ID_17668	CR382138.2	85.6	2312	246	73	292775	295040	1040728	1042998	0.0	2344.0
NODE_1_length_677929_cov_39.0555_ID_3797	CR382139.2	85.61	3767	420	105	283631	287340	647856	644155	0.0	3842.0
NODE_41_length_110809_cov_39.9697_ID_17335	CR382137.2	85.61	2203	233	71	97438	99594	93893	96057	0.0	2235.0
NODE_47_length_75861_cov_37.7002_ID_10631	CR382135.2	85.61	1863	194	72	59357	61183	1364284	1362460	0.0	1888.0
NODE_5_length_433519_cov_36.663_ID_9167	CR382137.2	85.61	1605	192	35	346158	347736	875331	876922	0.0	1648.0
NODE_47_length_75861_cov_37.7002_ID_10631	CR382133.2	85.6	10448	1199	253	43177	53457	718167	707859	0.0	10670.0
NODE_5_length_433519_cov_36.663_ID_9167	CR382137.2	85.59	9949	1071	287	104471	114246	635155	644913	0.0	10090.0
NODE_65_length_21810_cov_38.9873_ID_20680	CR382135.2	85.59	1894	195	66	12599	14447	583722	585582	0.0	1914.0
NODE_3_length_473900_cov_36.294_ID_17668	CR382138.2	85.59	13708	1584	334	19821	33323	767900	781421	0.0	14010.0
NODE_37_length_118481_cov_34.7137_ID_13379	CR382136.2	85.58	9762	1076	258	26397	35959	453554	443926	0.0	9921.0
NODE_24_length_186562_cov_41.0013_ID_4521	CR382133.2	85.58	8503	1015	197	121120	129507	182280	173874	0.0	8715.0
NODE_18_length_209296_cov_42.2094_ID_5219	CR382135.2	85.58	6864	776	190	194991	201757	1379423	1372677	0.0	6994.0
NODE_2_length_667030_cov_40.0539_ID_6289	CR382138.2	85.58	2753	328	63	74544	77265	2204418	2201704	0.0	2820.0
NODE_9_length_365344_cov_39.9134_ID_4255	CR382133.2	85.57	3583	406	102	327421	330941	835773	832240	0.0	3650.0
NODE_2_length_667030_cov_40.0539_ID_6289	CR382138.2	85.57	2121	247	54	421297	423382	1857154	1855058	0.0	2167.0
NODE_53_length_42433_cov_34.3331_ID_18372	CR382137.2	85.57	1934	227	52	32523	34430	233405	231498	0.0	1978.0
NODE_30_length_158891_cov_38.34_ID_4419	CR382138.2	85.57	13861	1569	377	2930	16543	1232260	1245936	0.0	14120.0
NODE_6_length_424074_cov_38.8489_ID_3227	CR382136.2	85.57	13854	1437	426	380032	393617	1327795	1341354	0.0	13990.0
NODE_25_length_183304_cov_38.4586_ID_7014	CR382135.2	85.57	13823	1644	309	161711	175351	809600	795947	0.0	14150.0
NODE_2_length_667030_cov_40.0539_ID_6289	CR382136.2	85.57	12106	1396	294	521746	533665	1144638	1132698	0.0	12350.0
NODE_9_length_365344_cov_39.9134_ID_4255	CR382133.2	85.56	6608	729	186	60672	67168	1128220	1121727	0.0	6709.0
NODE_7_length_383603_cov_36.4919_ID_9611	CR382139.2	85.56	5355	582	169	15200	20470	978755	984002	0.0	5430.0
NODE_59_length_29632_cov_40.4272_ID_18200	CR382136.2	85.56	1565	172	49	17632	19171	70350	68815	0.0	1589.0
NODE_56_length_37390_cov_33.3437_ID_17506	CR382139.2	85.55	7869	949	173	11833	19606	1849574	1841799	0.0	8059.0
NODE_2_length_667030_cov_40.0539_ID_6289	CR382138.2	85.55	7690	908	176	392330	399910	1886217	1878622	0.0	7858.0
NODE_79_length_6448_cov_29.1915_ID_15647	CR382139.2	85.55	5911	655	181	1	5809	934015	939828	0.0	6000.0
NODE_2_length_667030_cov_40.0539_ID_6289	CR382138.2	85.55	2208	253	57	45230	47402	2235578	2233402	0.0	2250.0
NODE_48_length_68942_cov_38.3171_ID_13277	CR382139.2	85.55	1336	163	28	25773	27089	1997432	1996108	0.0	1371.0
NODE_19_length_208129_cov_39.4235_ID_7891	CR382139.2	85.55	13120	1517	323	180968	193881	214100	227046	0.0	13370.0
NODE_13_length_259292_cov_39.2323_ID_33820	CR382134.2	85.55	13098	1475	334	214317	227197	570623	583519	0.0	13320.0
NODE_26_length_181704_cov_35.0539_ID_14803	CR382137.2	85.54	8633	1065	171	127717	136249	1426241	1434790	0.0	8859.0
NODE_1_length_677929_cov_39.0555_ID_3797	CR382139.2	85.54	7553	911	154	609192	616651	311400	303936	0.0	7731.0
NODE_24_length_186562_cov_41.0013_ID_4521	CR382133.2	85.54	7042	824	160	149074	156029	153941	147008	0.0	7186.0
NODE_22_length_189047_cov_38.7855_ID_10741	CR382135.2	85.5	4544	487	146	46258	50702	1140066	1135596	0.0	4582.0
NODE_18_length_209296_cov_42.2094_ID_5219	CR382135.2	85.54	2400	242	85	179529	181870	1399666	1397314	0.0	2412.0
NODE_3_length_473900_cov_36.294_ID_17668	CR382138.2	85.54	13548	1517	382	85153	98452	833142	846495	0.0	13760.0
NODE_57_length_36089_cov_37.168_ID_17767	CR382133.2	85.53	5626	635	152	28653	34203	789442	794963	0.0	5714.0
NODE_13_length_259292_cov_39.2323_ID_33820	CR382134.2	85.53	13790	1612	343	206956	220539	563231	576842	0.0	14050.0
NODE_31_length_151411_cov_35.7163_ID_6083	CR382137.2	85.53	13584	1530	363	104293	117632	1616414	1603022	0.0	13800.0
NODE_32_length_151194_cov_34.3926_ID_5053	CR382138.2	85.52	8252	907	242	127282	135392	1419904	1411800	0.0	8353.0
NODE_7_length_383603_cov_36.4919_ID_9611	CR382139.2	85.52	3729	485	52	148327	152028	1112180	1115880	0.0	3843.0
NODE_3_length_473900_cov_36.294_ID_17668	CR382138.2	85.52	3018	341	83	283037	286009	1030785	1033751	0.0	3064.0
NODE_3_length_473900_cov_36.294_ID_17668	CR382138.2	85.52	13809	1578	353	226176	239757	971978	985591	0.0	14030.0
NODE_23_length_188927_cov_38.5172_ID_10126	CR382136.2	85.52	12746	1446	347	61547	74082	559639	572195	0.0	12950.0
NODE_46_length_77151_cov_37.9755_ID_17983	CR382133.2	85.52	10563	1219	260	6048	16472	111272	100882	0.0	10750.0
NODE_17_length_211021_cov_39.308_ID_7252	CR382134.2	85.51	6772	777	188	36031	42689	1077656	1084336	0.0	6883.0
NODE_15_length_219343_cov_36.1734_ID_8461	CR382137.2	85.51	5004	557	142	8394	13307	493831	488906	0.0	5070.0
NODE_18_length_209296_cov_42.2094_ID_5219	CR382135.2	85.4	9791	1140	259	120679	130306	1468744	1459080	0.0	9897.0
NODE_35_length_125146_cov_37.0941_ID_5003	CR382138.2	85.49	1523	205	16	13742	15256	69471	70985	0.0	1574.0
NODE_3_length_473900_cov_36.294_ID_17668	CR382138.2	85.49	13764	1575	353	226095	239631	971897	985465	0.0	13970.0
NODE_21_length_202705_cov_39.113_ID_14529	CR382136.2	85.49	1123	147	16	4920	6034	1562216	1561102	0.0	1157.0
NODE_6_length_424074_cov_38.8489_ID_3227	CR382136.2	85.4	7885	919	199	255342	263110	1201873	1209641	0.0	7971.0
NODE_26_length_181704_cov_35.0539_ID_14803	CR382137.2	85.47	5037	619	98	81418	86397	1374873	1379853	0.0	5142.0
NODE_19_length_208129_cov_39.4235_ID_7891	CR382139.2	85.47	1569	199	29	31514	33067	57987	59541	0.0	1607.0
NODE_4_length_439538_cov_38.9188_ID_37577	CR382135.2	85.46	9613	1082	267	250923	260377	363958	373412	0.0	9716.0
NODE_38_length_116457_cov_38.565_ID_8239	CR382137.2	85.46	9255	1083	224	96601	105706	129562	120422	0.0	9391.0
NODE_23_length_188927_cov_38.5172_ID_10126	CR382136.2	85.46	8132	994	170	131335	139376	629697	637730	0.0	8296.0
NODE_1_length_677929_cov_39.0555_ID_3797	CR382139.2	85.46	6914	852	137	335211	342056	593141	586313	0.0	7059.0
NODE_33_length_143656_cov_37.0526_ID_15822	CR382138.2	85.46	6731	762	179	53770	60369	289694	283050	0.0	6806.0
NODE_21_length_202705_cov_39.113_ID_14529	CR382136.2	85.46	11910	1378	300	106920	118641	1469228	1457485	0.0	12070.0
NODE_29_length_160456_cov_39.5115_ID_10425	CR382137.2	85.45	1546	187	38	80500	82026	1076446	1074920	0.0	1574.0
NODE_7_length_383603_cov_36.4919_ID_9611	CR382139.2	85.45	13750	1541	379	171223	184777	1135347	1148832	0.0	13890.0
NODE_5_length_433519_cov_36.663_ID_9167	CR382137.2	85.45	13695	1561	359	100297	113779	630969	644444	0.0	13860.0
NODE_30_length_158891_cov_38.34_ID_4419	CR382138.2	85.45	12090	1336	349	35674	47541	1265645	1277533	0.0	12190.0
NODE_2_length_667030_cov_40.0539_ID_6289	CR382138.2	85.44	11454	1372	276	423735	435043	1854711	1843409	0.0	11640.0
NODE_34_length_132647_cov_39.8287_ID_5909	CR382137.2	85.43	8067	909	208	70419	78336	1200390	1192441	0.0	8142.0
NODE_22_length_189047_cov_38.7855_ID_10741	CR382135.2	85.43	6624	743	198	75571	82079	1110953	1104437	0.0	6682.0
NODE_15_length_219343_cov_36.1734_ID_8461	CR382137.2	85.4	3473	405	86	200605	204029	289391	285973	0.0	3511.0
NODE_27_length_176478_cov_33.8509_ID_6526	CR382137.2	85.43	4474	542	91	13719	18125	975109	979539	0.0	4549.0
NODE_51_length_54739_cov_43.2312_ID_15453	CR382136.2	85.43	13702	1622	329	19629	33125	733078	719547	0.0	13890.0
NODE_35_length_125146_cov_37.0941_ID_5003	CR382138.2	85.42	9044	1040	225	29087	37991	97070	105973	0.0	9136.0
NODE_31_length_151411_cov_35.7163_ID_6083	CR382137.2	85.42	2861	327	76	96939	99743	1623829	1621003	0.0	2891.0
NODE_63_length_26419_cov_36.4273_ID_19960	CR382133.2	85.42	1742	218	36	12439	14162	331592	333315	0.0	1777.0
NODE_7_length_383603_cov_36.4919_ID_9611	CR382139.2	85.4	1939	196	72	336308	338199	1306432	1308330	0.0	1932.0
NODE_35_length_125146_cov_37.0941_ID_5003	CR382138.2	85.41	7462	838	194	30825	38159	98799	106136	0.0	7515.0
NODE_7_length_383603_cov_36.4919_ID_9611	CR382139.2	85.4	1644	182	46	200973	202588	1165129	1166742	0.0	1653.0
NODE_21_length_202705_cov_39.113_ID_14529	CR382136.2	85.41	5503	630	148	179376	184776	1395407	1389976	0.0	5553.0
NODE_6_length_424074_cov_38.8489_ID_3227	CR382138.2	85.4	13700	1622	331	160758	174228	1723518	1737068	0.0	13870.0
NODE_38_length_116457_cov_38.565_ID_8239	CR382137.2	85.4	13533	1669	272	33715	47087	191418	178033	0.0	13760.0
NODE_6_length_424074_cov_38.8489_ID_3227	CR382138.2	85.41	2193	258	52	149428	151595	1712196	1714351	0.0	2220.0
NODE_13_length_259292_cov_39.2323_ID_33820	CR382134.2	85.41	13704	1610	348	207306	220800	563581	577103	0.0	13870.0
NODE_3_length_473900_cov_36.294_ID_17668	CR382138.2	85.39	9241	1077	223	230810	239889	976595	985723	0.0	9334.0
NODE_7_length_383603_cov_36.4919_ID_9611	CR382139.2	85.39	1643	199	34	169459	171073	1133563	1135192	0.0	1666.0
NODE_1_length_677929_cov_39.0555_ID_3797	CR382139.2	85.39	12160	1459	294	438838	450837	480031	468029	0.0	12320.0
NODE_32_length_151194_cov_34.3926_ID_5053	CR382138.2	85.38	8206	914	215	118717	126755	1428512	1420426	0.0	8242.0
NODE_11_length_262550_cov_39.0547_ID_29214	CR382134.2	85.38	7382	835	199	21938	29184	749836	757108	0.0	7430.0
NODE_20_length_205258_cov_37.612_ID_21333	CR382139.2	85.38	4740	573	114	16271	20948	1722190	1717509	0.0	4804.0
NODE_25_length_183304_cov_38.4586_ID_7014	CR382135.2	85.38	3700	435	91	121083	124712	852456	848793	0.0	3738.0
NODE_36_length_120391_cov_41.0564_ID_40056	CR382134.2	85.38	11784	1389	291	21241	32836	284552	272915	0.0	11910.0
NODE_6_length_424074_cov_38.8489_ID_3227	CR382138.2	85.38	1019	129	19	129797	130807	1692209	1693215	0.0	1038.0
NODE_6_length_424074_cov_38.8489_ID_3227	CR382136.2	85.37	8635	861	314	299372	307775	1246815	1255278	0.0	8578.0
NODE_7_length_383603_cov_36.4919_ID_9611	CR382139.2	85.37	6338	699	189	206709	212914	1170849	1177090	0.0	6359.0
NODE_7_length_383603_cov_36.4919_ID_9611	CR382139.2	85.37	3137	316	123	72859	75916	1036556	1039628	0.0	3118.0
NODE_40_length_112210_cov_41.468_ID_12766	CR382134.2	85.37	2392	269	77	61205	63554	662234	659882	0.0	2403.0
NODE_34_length_132647_cov_39.8287_ID_5909	CR382137.2	85.37	13556	1622	318	8691	22064	1262436	1249060	0.0	13710.0
NODE_51_length_54739_cov_43.2312_ID_15453	CR382136.2	85.36	7967	948	185	41800	49632	710803	702921	0.0	8052.0
NODE_28_length_168868_cov_33.7296_ID_16512	CR382139.2	85.36	5067	618	104	127570	132568	1484201	1489211	0.0	5132.0
NODE_2_length_667030_cov_40.0539_ID_6289	CR382138.2	85.36	3210	344	104	404807	407957	1873613	1870471	0.0	3208.0
NODE_15_length_219343_cov_36.1734_ID_8461	CR382137.2	85.3	6260	729	160	21116	27282	477526	471365	0.0	6287.0
NODE_16_length_218584_cov_39.5523_ID_39673	CR382136.2	85.35	8097	957	202	192847	200822	965593	973581	0.0	8170.0
NODE_4_length_439538_cov_38.9188_ID_37577	CR382135.2	85.3	5580	674	134	398149	403652	513897	519406	0.0	5627.0
NODE_18_length_209296_cov_42.2094_ID_5219	CR382135.2	85.35	13651	1625	324	46251	59706	1543121	1529651	0.0	13780.0
NODE_6_length_424074_cov_38.8489_ID_3227	CR382138.2	85.35	13557	1604	343	163167	176486	1725941	1739352	0.0	13680.0
NODE_23_length_188927_cov_38.5172_ID_10126	CR382136.2	85.33	4950	537	153	158639	163490	656867	661725	0.0	4944.0
NODE_5_length_433519_cov_36.663_ID_9167	CR382137.2	85.33	3790	463	80	322058	325799	851418	855162	0.0	3832.0
NODE_12_length_262495_cov_36.7085_ID_8025	CR382137.2	85.33	3537	427	87	57963	61455	1946529	1943041	0.0	3572.0
NODE_5_length_433519_cov_36.663_ID_9167	CR382137.2	85.33	13632	1622	314	87429	100850	618071	631534	0.0	13750.0
NODE_51_length_54739_cov_43.2312_ID_15453	CR382136.2	85.33	11666	1389	283	19589	31081	733118	721602	0.0	11770.0
NODE_28_length_168868_cov_33.7296_ID_16512	CR382139.2	85.31	6169	711	169	100429	106512	1457033	1463091	0.0	6192.0
NODE_2_length_667030_cov_40.0539_ID_6289	CR382136.2	85.3	13566	1622	316	605483	618888	1054503	1041150	0.0	13660.0
NODE_42_length_90423_cov_35.5272_ID_17817	CR382139.2	85.3	13131	1519	359	62244	75170	1890143	1877220	0.0	13180.0
NODE_44_length_80019_cov_36.333_ID_9437	CR382136.2	85.31	2124	244	56	1511	3598	278995	281086	0.0	2132.0
NODE_29_length_160456_cov_39.5115_ID_10425	CR382135.2	85.31	1688	195	36	40154	41817	1311617	1309959	0.0	1694.0
NODE_49_length_64566_cov_39.7662_ID_14201	CR382136.2	85.31	1144	129	29	46007	47134	230404	229284	0.0	1146.0
NODE_14_length_231308_cov_37.5414_ID_12932	CR382135.2	85.29	8921	1022	256	108412	117191	718206	709435	0.0	8938.0
NODE_29_length_160456_cov_39.5115_ID_10425	CR382135.2	85.29	2726	325	64	113411	116097	1238158	1235470	0.0	2743.0
NODE_41_length_110809_cov_39.9697_ID_17335	CR382137.2	85.29	1686	211	35	59485	61152	46358	48024	0.0	1705.0
NODE_7_length_383603_cov_36.4919_ID_9611	CR382139.2	85.29	12609	1318	418	76957	89294	1040679	1053021	0.0	12510.0
NODE_2_length_667030_cov_40.0539_ID_6289	CR382138.2	85.29	10455	1233	270	187725	198012	2089166	2078850	0.0	10500.0
NODE_22_length_189047_cov_38.7855_ID_10741	CR382135.2	85.29	10384	1221	264	149397	159623	1031115	1020882	0.0	10430.0
NODE_2_length_667030_cov_40.0539_ID_6289	CR382136.2	85.28	2554	288	76	602910	605424	1056994	1054490	0.0	2553.0
NODE_59_length_29632_cov_40.4272_ID_18200	CR382138.2	85.28	2506	315	54	13221	15699	2276661	2279139	0.0	2534.0
NODE_6_length_424074_cov_38.8489_ID_3227	CR382138.2	85.28	2290	237	74	94521	96764	1661579	1663814	0.0	2270.0
NODE_28_length_168868_cov_33.7296_ID_16512	CR382139.2	85.28	1930	237	42	63797	65700	1420022	1421930	0.0	1947.0
NODE_38_length_116457_cov_38.565_ID_8239	CR382137.2	85.28	1563	219	9	105950	107508	120145	118590	0.0	1602.0
NODE_5_length_433519_cov_36.663_ID_9167	CR382137.2	85.27	3924	417	121	229233	233070	758929	762777	0.0	3895.0
NODE_55_length_40864_cov_40.8285_ID_19008	CR382135.2	85.27	1684	194	51	319	1975	22191	20535	0.0	1687.0
NODE_11_length_262550_cov_39.0547_ID_29214	CR382134.2	85.27	12745	1470	346	23351	35863	751237	763806	0.0	12760.0
NODE_28_length_168868_cov_33.7296_ID_16512	CR382139.2	85.27	1229	125	47	51337	52540	1407623	1408820	0.0	1216.0
NODE_39_length_113683_cov_42.9321_ID_14363	CR382136.2	85.26	4070	480	109	29310	33319	181643	177634	0.0	4082.0
NODE_21_length_202705_cov_39.113_ID_14529	CR382136.2	85.26	1967	237	52	25454	27393	1552231	1550291	0.0	1977.0
NODE_2_length_667030_cov_40.0539_ID_6289	CR382138.2	85.26	13506	1588	338	247177	260461	2029169	2015846	0.0	13540.0
NODE_28_length_168868_cov_33.7296_ID_16512	CR382139.2	85.25	3994	501	82	91280	95225	1447593	1451546	0.0	4032.0
NODE_14_length_231308_cov_37.5414_ID_12932	CR382135.2	85.25	2379	274	64	132399	134737	695322	692981	0.0	2377.0
NODE_13_length_259292_cov_39.2323_ID_33820	CR382134.2	85.25	13528	1608	327	210804	224121	567076	580426	0.0	13570.0
NODE_6_length_424074_cov_38.8489_ID_3227	CR382136.2	85.25	1241	118	61	249067	250273	1195640	1196849	0.0	1218.0
NODE_30_length_158891_cov_38.34_ID_4419	CR382138.2	85.24	8782	990	257	49962	58578	1280090	1288730	0.0	8756.0
NODE_10_length_314312_cov_39.5277_ID_12529	CR382133.2	85.24	8246	1003	187	22798	30941	380882	389015	0.0	8288.0
NODE_9_length_365344_cov_39.9134_ID_4255	CR382133.2	85.24	6618	798	142	83200	89721	1105286	1098752	0.0	6643.0
NODE_38_length_116457_cov_38.565_ID_8239	CR382137.2	85.24	4222	493	108	76879	81021	148637	144467	0.0	4226.0
NODE_46_length_77151_cov_37.9755_ID_17983	CR382138.2	85.24	1998	238	56	33517	35486	244459	246427	0.0	2002.0
NODE_23_length_188927_cov_38.5172_ID_10126	CR382136.2	85.23	5762	658	160	124849	130525	623184	628837	0.0	5747.0
NODE_4_length_439538_cov_38.9188_ID_37577	CR382135.2	85.23	3852	474	82	201060	204864	314261	318064	0.0	3873.0
NODE_26_length_181704_cov_35.0539_ID_14803	CR382137.2	85.22	13528	1629	307	66117	79449	1358892	1372243	0.0	13560.0
NODE_22_length_189047_cov_38.7855_ID_10741	CR382135.2	85.22	11369	1296	333	75433	86611	1111106	1099932	0.0	11330.0
NODE_11_length_262550_cov_39.0547_ID_29214	CR382134.2	85.22	11038	1232	335	43132	53956	775172	786023	0.0	10980.0
NODE_3_length_473900_cov_36.294_ID_17668	CR382138.2	85.21	7607	883	197	232937	240397	978759	986269	0.0	7592.0
NODE_16_length_218584_cov_39.5523_ID_39673	CR382136.2	85.2	13487	1602	347	57461	70748	819143	832434	0.0	13490.0
NODE_5_length_433519_cov_36.663_ID_9167	CR382137.2	85.2	12134	1462	291	262036	274011	791718	803675	0.0	12150.0
NODE_1_length_677929_cov_39.0555_ID_3797	CR382139.2	85.2	11908	1359	323	134064	145792	798898	787215	0.0	11860.0
NODE_61_length_27806_cov_37.6822_ID_18322	CR382138.2	85.21	13005	1519	340	847	13650	747207	734407	0.0	12980.0
NODE_29_length_160456_cov_39.5115_ID_10425	CR382135.2	85.19	4760	545	137	54840	59530	1296931	1292263	0.0	4737.0
NODE_3_length_473900_cov_36.294_ID_17668	CR382138.2	85.18	6450	714	204	123119	129465	866925	873235	0.0	6392.0
NODE_47_length_75861_cov_37.7002_ID_10631	CR382133.2	85.18	4176	480	119	12272	16372	749068	744957	0.0	4154.0
NODE_23_length_188927_cov_38.5172_ID_10126	CR382136.2	85.18	3746	449	83	12174	15844	507142	510856	0.0	3746.0
NODE_29_length_160456_cov_39.5115_ID_10425	CR382135.2	85.18	2415	222	105	117077	119411	1234555	1232197	0.0	2351.0
NODE_6_length_424074_cov_38.8489_ID_3227	CR382138.2	85.18	13424	1593	349	160497	173685	1723263	1736525	0.0	13410.0
NODE_8_length_377952_cov_36.9882_ID_8715	CR382138.2	85.18	11558	1276	337	352471	363797	369300	357949	0.0	11450.0
NODE_19_length_208129_cov_39.4235_ID_7891	CR382139.2	85.17	8647	1058	200	177850	186391	210982	219509	0.0	8660.0
NODE_6_length_424074_cov_38.8489_ID_3227	CR382138.2	85.17	3487	417	83	126144	129577	1688553	1691992	0.0	3483.0
NODE_10_length_314312_cov_39.5277_ID_12529	CR382133.2	85.17	1746	207	49	301718	303436	660591	662311	0.0	1742.0
NODE_33_length_143656_cov_37.0526_ID_15822	CR382138.2	85.17	12642	1566	279	99975	112444	240377	227873	0.0	12670.0
NODE_1_length_677929_cov_39.0555_ID_3797	CR382139.2	85.16	8470	1044	186	409084	417439	509865	501495	0.0	8480.0
NODE_1_length_677929_cov_39.0555_ID_3797	CR382139.2	85.16	6808	781	179	234826	241515	696674	689978	0.0	6765.0
NODE_6_length_424074_cov_38.8489_ID_3227	CR382136.2	85.16	13479	1422	442	381649	394849	1329409	1342587	0.0	13280.0
NODE_3_length_473900_cov_36.294_ID_17668	CR382138.2	85.16	13473	1544	387	81741	94960	829720	842990	0.0	13390.0
NODE_1_length_677929_cov_39.0555_ID_3797	CR382139.2	85.16	13422	1586	356	74276	87453	858913	845654	0.0	13380.0
NODE_15_length_219343_cov_36.1734_ID_8461	CR382137.2	85.16	11457	1297	334	87104	98339	410136	398862	0.0	11370.0
NODE_29_length_160456_cov_39.5115_ID_10425	CR382135.2	85.16	10910	1281	293	141062	151806	1210462	1199726	0.0	10870.0
NODE_13_length_259292_cov_39.2323_ID_33820	CR382134.2	85.1	5858	695	154	121069	126829	474415	480191	0.0	5818.0
NODE_1_length_677929_cov_39.0555_ID_3797	CR382139.2	85.15	7163	854	188	466123	473172	453020	445955	0.0	7140.0
NODE_5_length_433519_cov_36.663_ID_9167	CR382137.2	85.1	5552	658	148	358977	364448	885698	891160	0.0	5515.0
NODE_2_length_667030_cov_40.0539_ID_6289	CR382138.2	85.15	3993	483	99	205981	209916	2070840	2066901	0.0	3988.0
NODE_2_length_667030_cov_40.0539_ID_6289	CR382136.2	85.15	1845	216	57	586988	588805	1077130	1075317	0.0	1836.0
NODE_22_length_189047_cov_38.7855_ID_10741	CR382135.2	85.15	1845	198	61	91326	93134	1095599	1093795	0.0	1820.0
NODE_2_length_667030_cov_40.0539_ID_6289	CR382133.2	85.15	1630	206	34	5560	7171	1219344	1217733	0.0	1637.0
NODE_26_length_181704_cov_35.0539_ID_14803	CR382137.2	85.15	13345	1601	321	67403	80544	1360172	1373338	0.0	13310.0
NODE_1_length_677929_cov_39.0555_ID_3797	CR382139.2	85.14	7826	945	192	486485	494193	434977	427253	0.0	7808.0
NODE_24_length_186562_cov_41.0013_ID_4521	CR382133.2	85.14	6307	724	182	172111	178313	130808	124611	0.0	6259.0
NODE_26_length_181704_cov_35.0539_ID_14803	CR382137.2	85.14	12008	1418	300	65642	77454	1358415	1370251	0.0	11950.0
NODE_30_length_158891_cov_38.34_ID_4419	CR382138.2	85.14	11473	1396	277	98830	110137	1329703	1341031	0.0	11460.0
NODE_30_length_158891_cov_38.34_ID_4419	CR382138.2	85.13	2192	251	67	156738	158891	1387867	1390021	0.0	2172.0
NODE_23_length_188927_cov_38.5172_ID_10126	CR382136.2	85.13	12661	1499	328	144380	156842	642587	655061	0.0	12600.0
NODE_28_length_168868_cov_33.7296_ID_16512	CR382139.2	85.1	3107	368	65	66040	69098	1422231	1425290	0.0	3085.0
NODE_27_length_176478_cov_33.8509_ID_6526	CR382137.2	85.12	3467	373	124	163211	166616	1125744	1129128	0.0	3411.0
NODE_42_length_90423_cov_35.5272_ID_17817	CR382139.2	85.1	1920	226	49	14327	16223	1939604	1937722	0.0	1906.0
NODE_10_length_314312_cov_39.5277_ID_12529	CR382133.2	85.1	1765	213	44	118233	119966	478684	480429	0.0	1757.0
NODE_11_length_262550_cov_39.0547_ID_29214	CR382134.2	85.11	6925	829	165	202071	208884	938279	945112	0.0	6890.0
NODE_41_length_110809_cov_39.9697_ID_17335	CR382135.2	85.1	1349	171	30	52551	53884	50489	49156	0.0	1351.0
NODE_11_length_262550_cov_39.0547_ID_29214	CR382134.2	85.11	1974	220	66	159332	161268	895308	897244	0.0	1949.0
NODE_6_length_424074_cov_38.8489_ID_3227	CR382138.2	85.11	13382	1603	346	158303	171460	1721066	1734282	0.0	13320.0
NODE_4_length_439538_cov_38.9188_ID_37577	CR382135.2	85.09	8301	990	214	145541	153703	260450	268640	0.0	8242.0
NODE_6_length_424074_cov_38.8489_ID_3227	CR382136.2	85.09	7655	897	206	255890	263409	1202418	1209963	0.0	7590.0
NODE_5_length_433519_cov_36.663_ID_9167	CR382137.2	85.09	3334	395	91	36676	39962	561747	565025	0.0	3310.0
NODE_29_length_160456_cov_39.5115_ID_10425	CR382135.2	85.09	3299	423	63	134826	138093	1216863	1213603	0.0	3302.0
NODE_18_length_209296_cov_42.2094_ID_5219	CR382135.2	85.0	9205	1114	238	101271	110337	1488135	1479060	0.0	9101.0
NODE_3_length_473900_cov_36.294_ID_17668	CR382138.2	85.09	13416	1602	342	17476	30671	765538	778775	0.0	13330.0
NODE_20_length_205258_cov_37.612_ID_21333	CR382139.2	85.08	9659	1132	259	69370	78848	1669306	1659777	0.0	9568.0
NODE_18_length_209296_cov_42.2094_ID_5219	CR382135.2	85.0	8805	1042	236	123257	131899	1466164	1457477	0.0	8684.0
NODE_14_length_231308_cov_37.5414_ID_12932	CR382135.2	85.08	7505	905	175	149926	157308	677606	670195	0.0	7456.0
NODE_12_length_262495_cov_36.7085_ID_8025	CR382137.2	85.08	4558	548	108	178338	182830	1805935	1801445	0.0	4529.0
NODE_2_length_667030_cov_40.0539_ID_6289	CR382138.2	85.07	8762	1075	200	444194	452841	1834322	1825680	0.0	8719.0
NODE_10_length_314312_cov_39.5277_ID_12529	CR382133.2	85.06	8020	973	202	231543	239449	592634	600541	0.0	7965.0
NODE_23_length_188927_cov_38.5172_ID_10126	CR382136.2	85.06	4491	530	121	48303	52712	546644	551074	0.0	4446.0
NODE_15_length_219343_cov_36.1734_ID_8461	CR382137.2	85.06	2617	322	58	27957	30535	470657	468072	0.0	2603.0
NODE_23_length_188927_cov_38.5172_ID_10126	CR382136.2	85.06	13233	1583	339	144483	157514	642694	655733	0.0	13120.0
NODE_17_length_211021_cov_39.308_ID_7252	CR382134.2	85.06	12038	1412	325	180872	192707	1225041	1236893	0.0	11910.0
NODE_4_length_439538_cov_38.9188_ID_37577	CR382135.2	85.06	1198	140	30	3590	4758	102892	104079	0.0	1184.0
NODE_4_length_439538_cov_38.9188_ID_37577	CR382135.2	85.06	11559	1307	350	81746	93097	196218	207563	0.0	11390.0
NODE_10_length_314312_cov_39.5277_ID_12529	CR382133.2	85.06	10243	1277	226	49237	59337	407619	417750	0.0	10210.0
NODE_50_length_57819_cov_43.5158_ID_16164	CR382134.2	85.05	9967	1185	272	33009	42838	139842	130044	0.0	9869.0
NODE_48_length_68942_cov_38.3171_ID_13277	CR382139.2	85.05	8582	1016	239	27695	36120	1995442	1986972	0.0	8493.0
NODE_9_length_365344_cov_39.9134_ID_4255	CR382133.2	85.05	8115	995	199	164223	172231	1013036	1005034	0.0	8065.0
NODE_1_length_677929_cov_39.0555_ID_3797	CR382139.2	85.05	6628	789	181	10842	17367	922658	916131	0.0	6564.0
NODE_7_length_383603_cov_36.4919_ID_9611	CR382139.2	85.05	6080	685	174	271613	277576	1239525	1245496	0.0	5986.0
NODE_4_length_439538_cov_38.9188_ID_37577	CR382135.2	85.05	5671	661	155	33523	39094	133580	139162	0.0	5602.0
NODE_18_length_209296_cov_42.2094_ID_5219	CR382135.2	85.05	13361	1641	306	93151	106320	1496273	1483078	0.0	13280.0
NODE_5_length_433519_cov_36.663_ID_9167	CR382137.2	85.05	13330	1560	360	100013	113127	630682	643793	0.0	13180.0
NODE_3_length_473900_cov_36.294_ID_17668	CR382138.2	85.04	6671	768	204	110048	116587	858116	864687	0.0	6578.0
NODE_12_length_262495_cov_36.7085_ID_8025	CR382137.2	85.04	5039	588	143	105913	110861	1877151	1872189	0.0	4975.0
NODE_4_length_439538_cov_38.9188_ID_37577	CR382135.2	85.04	4711	517	158	255813	260417	368826	373454	0.0	4621.0
NODE_9_length_365344_cov_39.9134_ID_4255	CR382133.2	85.04	2927	342	79	273771	276646	898153	895272	0.0	2891.0
NODE_8_length_377952_cov_36.9882_ID_8715	CR382138.2	85.04	2527	305	67	233326	235810	489034	486539	0.0	2505.0
NODE_56_length_37390_cov_33.3437_ID_17506	CR382139.2	85.0	4108	500	103	23885	27928	1837384	1833329	0.0	4067.0
NODE_10_length_314312_cov_39.5277_ID_12529	CR382133.2	85.03	8505	988	252	92416	100772	451086	459453	0.0	8390.0
NODE_4_length_439538_cov_38.9188_ID_37577	CR382135.2	85.03	4735	568	125	242681	247344	349917	354581	0.0	4686.0
NODE_42_length_90423_cov_35.5272_ID_17817	CR382139.2	85.03	13359	1551	392	67376	80502	1885025	1871884	0.0	13180.0
NODE_20_length_205258_cov_37.612_ID_21333	CR382139.2	85.02	9244	1111	245	20920	30029	1717483	1708380	0.0	9145.0
NODE_21_length_202705_cov_39.113_ID_14529	CR382136.2	85.02	1862	218	54	17382	19213	1560215	1558385	0.0	1836.0
NODE_12_length_262495_cov_36.7085_ID_8025	CR382137.2	85.01	2155	277	42	33738	35865	1974965	1972830	0.0	2148.0
NODE_14_length_231308_cov_37.5414_ID_12932	CR382135.2	85.01	1988	251	46	223943	225908	603706	601744	0.0	1977.0
NODE_9_length_365344_cov_39.9134_ID_4255	CR382133.2	85.01	1674	168	65	58951	60567	1129993	1128346	0.0	1624.0
NODE_17_length_211021_cov_39.308_ID_7252	CR382134.2	85.01	10101	1153	321	99065	108980	1140226	1150150	0.0	9932.0
