NODE_21_length_227382_cov_29.6757_ID_17749	CR382139.2	99.99	97522	5	0	1	97522	1355387	1452908	0.0	180100.0
NODE_62_length_7111_cov_36.9735_ID_25584	CR382139.2	99.99	6820	1	0	292	7111	958496	965315	0.0	12590.0
NODE_10_length_393466_cov_30.0937_ID_12820	CR382134.2	99.99	67742	4	0	1	67742	726099	658358	0.0	125100.0
NODE_3_length_679250_cov_30.0462_ID_19177	CR382139.2	99.99	46972	2	1	632279	679250	65900	18930	0.0	86720.0
NODE_4_length_558198_cov_29.4891_ID_6207	CR382133.2	99.99	417343	23	20	140894	558198	491346	908687	0.0	770300.0
NODE_8_length_435854_cov_30.2883_ID_9629	CR382135.2	99.99	377497	37	6	1	377494	536879	914372	0.0	696900.0
NODE_3_length_679250_cov_30.0462_ID_19177	CR382139.2	99.99	37263	3	0	595229	632491	103070	65808	0.0	68800.0
NODE_1_length_876801_cov_30.5766_ID_17176	CR382138.2	99.99	297346	19	6	579462	876801	641363	344020	0.0	548900.0
NODE_14_length_285274_cov_30.4456_ID_13957	CR382134.2	99.99	210655	5	6	1	210651	1285824	1075172	0.0	388900.0
NODE_30_length_144494_cov_29.0413_ID_21604	CR382135.2	99.99	19387	2	0	125108	144494	121975	102589	0.0	35790.0
NODE_21_length_227382_cov_29.6757_ID_17749	CR382139.2	99.99	16338	2	0	211045	227382	1566524	1582861	0.0	30160.0
NODE_27_length_162542_cov_30.8362_ID_18823	CR382139.2	99.99	162542	0	6	1	162542	1593827	1756359	0.0	300100.0
NODE_16_length_267918_cov_29.402_ID_8190	CR382136.2	99.99	160704	4	5	1	160704	211766	372459	0.0	296700.0
NODE_29_length_149284_cov_30.3564_ID_18592	CR382139.2	99.99	149298	1	8	1	149284	790859	940156	0.0	275600.0
NODE_35_length_121071_cov_30.4483_ID_29361	CR382135.2	99.99	121074	8	5	1	121071	415803	536873	0.0	223500.0
NODE_21_length_227382_cov_29.6757_ID_17749	CR382139.2	99.99	113832	11	3	97307	211136	1452723	1566553	0.0	210100.0
NODE_13_length_330414_cov_31.3682_ID_19713	CR382135.2	99.99	107634	10	3	212960	320592	1069071	1176702	0.0	198700.0
NODE_7_length_495473_cov_29.606_ID_30690	CR382137.2	99.99	103423	13	2	392052	495473	1900762	2004183	0.0	190900.0
NODE_13_length_330414_cov_31.3682_ID_19713	CR382135.2	99.98	9953	1	1	320462	330414	1176663	1186614	0.0	18370.0
NODE_13_length_330414_cov_31.3682_ID_19713	CR382134.2	99.98	56329	11	1	1	56329	114350	170677	0.0	104000.0
NODE_9_length_408304_cov_29.3447_ID_21904	CR382134.2	99.98	5603	1	0	402702	408304	332735	327133	0.0	10340.0
NODE_12_length_381533_cov_31.1043_ID_42361	CR382136.2	99.98	55563	8	2	203911	259472	876677	821116	0.0	102500.0
NODE_24_length_201044_cov_30.0654_ID_13188	CR382136.2	99.98	201089	0	17	1	201044	491824	692912	0.0	371100.0
NODE_49_length_19041_cov_45.4687_ID_23462	CR382138.2	99.98	19041	3	0	1	19041	5280	24320	0.0	35150.0
NODE_9_length_408304_cov_29.3447_ID_21904	CR382135.2	99.98	164703	7	6	243621	408304	1351587	1186885	0.0	304000.0
NODE_7_length_495473_cov_29.606_ID_30690	CR382137.2	99.98	145177	8	5	247323	392481	1754801	1899977	0.0	267900.0
NODE_32_length_129702_cov_30.1659_ID_44802	CR382137.2	99.97	85704	1	9	44027	129702	1394627	1480330	0.0	158100.0
NODE_84_length_2981_cov_46.6603_ID_27477	CR382138.2	99.97	2981	1	0	1	2981	2299962	2296982	0.0	5500.0
NODE_9_length_408304_cov_29.3447_ID_21904	CR382135.2	99.97	234932	33	35	8601	243501	1587218	1352300	0.0	433400.0
NODE_7_length_495473_cov_29.606_ID_30690	CR382137.2	99.97	232689	47	14	1	232676	1507390	1740064	0.0	429300.0
NODE_25_length_174279_cov_31.6303_ID_6503	CR382138.2	99.97	174288	29	15	1	174279	1390378	1216103	0.0	321600.0
NODE_12_length_381533_cov_31.1043_ID_42361	CR382136.2	99.97	122227	16	7	259307	381533	821206	698995	0.0	225500.0
NODE_1_length_876801_cov_30.5766_ID_17176	CR382138.2	99.96	267890	50	28	309661	577496	908145	640262	0.0	494000.0
NODE_99_length_2266_cov_569.336_ID_55156	CR382133.2	99.96	2266	1	0	1	2266	346933	349198	0.0	4180.0
NODE_99_length_2266_cov_569.336_ID_55156	CR382133.2	99.96	2266	1	0	1	2266	344208	346473	0.0	4180.0
NODE_12_length_381533_cov_31.1043_ID_42361	CR382136.2	99.96	190988	58	16	9669	200643	1071110	880137	0.0	352200.0
NODE_13_length_330414_cov_31.3682_ID_19713	CR382134.2	99.96	155059	45	9	63835	218887	177683	332735	0.0	286000.0
NODE_53_length_10879_cov_34.4626_ID_22773	CR382136.2	99.96	10142	4	0	738	10879	321	10462	0.0	18710.0
NODE_40_length_77997_cov_36.0591_ID_19368	CR382135.2	99.95	78025	12	21	1	77997	991102	1069125	0.0	143800.0
NODE_31_length_137048_cov_31.1083_ID_48826	CR382136.2	99.95	61720	21	6	8276	69988	59187	120904	0.0	113800.0
NODE_68_length_5694_cov_52.4085_ID_27639	CR382134.2	99.95	5694	3	0	1	5694	1337216	1331523	0.0	10500.0
NODE_18_length_259919_cov_28.4764_ID_6666	CR382133.2	99.95	38237	15	4	6392	44626	80511	118745	0.0	70500.0
NODE_95_length_2401_cov_488.838_ID_55736	CR382135.2	99.95	2177	1	0	1	2177	2177	1	0.0	4015.0
NODE_41_length_58900_cov_28.0337_ID_25007	CR382135.2	99.95	21409	8	2	1	21408	42600	64007	0.0	39480.0
NODE_31_length_137048_cov_31.1083_ID_48826	CR382133.2	99.95	1884	1	0	1	1884	6265	8148	0.0	3474.0
NODE_50_length_18120_cov_28.4371_ID_26010	CR382139.2	99.95	18129	0	2	1	18120	2028065	2009937	0.0	33420.0
NODE_4_length_558198_cov_29.4891_ID_6207	CR382133.2	99.9	43414	18	9	67990	111384	418241	461649	0.0	79920.0
NODE_6_length_500705_cov_29.6415_ID_7840	CR382136.2	99.9	4194	4	0	696	4889	1082487	1086680	0.0	7723.0
NODE_95_length_2401_cov_488.838_ID_55736	CR382138.2	99.94	1719	1	0	1	1719	1719	1	0.0	3169.0
NODE_123_length_1640_cov_170.096_ID_44370	CR382134.2	99.94	1640	1	0	1	1640	1340804	1339165	0.0	3024.0
NODE_129_length_1530_cov_64.1505_ID_37242	CR382133.2	99.93	1530	1	0	1	1530	334268	335797	0.0	2820.0
NODE_26_length_163395_cov_31.2972_ID_19034	CR382135.2	99.92	87709	19	21	75735	163395	335788	248080	0.0	161600.0
NODE_150_length_1242_cov_549.526_ID_48959	CR382135.2	99.92	1242	1	0	1	1242	3019	4260	0.0	2289.0
NODE_56_length_10364_cov_50.9412_ID_57052	CR382136.2	99.92	1195	1	0	1	1195	1582568	1583762	0.0	2202.0
NODE_55_length_10556_cov_40.3796_ID_38090	CR382139.2	99.91	8144	6	1	1	8143	2037282	2029139	0.0	15000.0
NODE_4_length_558198_cov_29.4891_ID_6207	CR382133.2	99.91	68437	45	13	1	68430	350200	418629	0.0	126000.0
NODE_41_length_58900_cov_28.0337_ID_25007	CR382135.2	99.91	26920	22	2	21230	48148	63919	90837	0.0	49580.0
NODE_164_length_1072_cov_495.763_ID_50223	CR382137.2	99.91	1072	1	0	1	1072	520147	519076	0.0	1975.0
NODE_54_length_10591_cov_41.8038_ID_22501	CR382139.2	99.91	10591	10	0	1	10591	2048039	2037449	0.0	19500.0
NODE_166_length_1038_cov_491.964_ID_57084	CR382135.2	99.9	1038	1	0	1	1038	977373	978410	0.0	1912.0
NODE_166_length_1038_cov_491.964_ID_57084	CR382136.2	99.9	1038	1	0	1	1038	489550	488513	0.0	1912.0
NODE_8_length_435854_cov_30.2883_ID_9629	CR382135.2	99.89	60427	52	14	375436	435854	914769	975187	0.0	111200.0
NODE_26_length_163395_cov_31.2972_ID_19034	CR382135.2	99.89	54711	49	10	1	54706	414310	359605	0.0	100700.0
NODE_42_length_50540_cov_29.6671_ID_38532	CR382133.2	99.89	33436	29	8	17109	50540	38830	72261	0.0	61530.0
NODE_51_length_12567_cov_33.0275_ID_24219	CR382136.2	99.89	12581	0	1	1	12567	43968	31388	0.0	23140.0
NODE_12_length_381533_cov_31.1043_ID_42361	CR382136.2	99.88	4166	5	0	200210	204375	880474	876309	0.0	7666.0
NODE_12_length_381533_cov_31.1043_ID_42361	CR382136.2	99.87	11178	15	0	512	11689	1082488	1071311	0.0	20560.0
NODE_100_length_2229_cov_227.957_ID_51596	CR382134.2	99.86	2177	3	0	53	2229	4259	2083	0.0	4004.0
NODE_7_length_495473_cov_29.606_ID_30690	CR382137.2	99.86	15278	21	0	232053	247330	1739498	1754775	0.0	28100.0
NODE_13_length_330414_cov_31.3682_ID_19713	CR382135.2	99.85	5929	9	0	212960	218888	1186560	1192488	0.0	10900.0
NODE_55_length_10556_cov_40.3796_ID_38090	CR382136.2	99.85	2731	3	1	7826	10556	44200	46929	0.0	5020.0
NODE_140_length_1360_cov_68.2613_ID_56952	CR382136.2	99.85	1360	2	0	1	1360	1071324	1072683	0.0	2501.0
NODE_146_length_1304_cov_62.309_ID_56930	CR382138.2	99.85	1304	2	0	1	1304	344074	342771	0.0	2398.0
NODE_14_length_285274_cov_30.4456_ID_13957	CR382134.2	99.83	45422	54	21	210635	256045	1075129	1029718	0.0	83440.0
NODE_4_length_558198_cov_29.4891_ID_6207	CR382133.2	99.83	29919	35	16	111251	141154	461570	491486	0.0	54950.0
NODE_115_length_1742_cov_582.056_ID_49463	CR382135.2	99.83	1742	3	0	1	1742	983553	985294	0.0	3201.0
NODE_89_length_2687_cov_143.939_ID_36044	CR382138.2	99.78	2686	3	1	1	2686	1557428	1554746	0.0	4924.0
NODE_73_length_4857_cov_47.5159_ID_50347	CR382136.2	99.78	1849	4	0	1	1849	24894	26742	0.0	3393.0
NODE_139_length_1362_cov_364.625_ID_42794	CR382139.2	99.78	1362	3	0	1	1362	1717	356	0.0	2499.0
NODE_56_length_10364_cov_50.9412_ID_57052	CR382139.2	99.77	4862	9	2	5504	10364	13596	8736	0.0	8916.0
NODE_14_length_285274_cov_30.4456_ID_13957	CR382134.2	99.76	24940	49	11	260341	285274	1031638	1006705	0.0	45710.0
NODE_152_length_1228_cov_302.223_ID_56638	CR382139.2	99.76	1228	3	0	1	1228	3132	4359	0.0	2252.0
NODE_56_length_10364_cov_50.9412_ID_57052	CR382136.2	99.75	3554	3	4	1706	5258	1584190	1587738	0.0	6508.0
NODE_111_length_1886_cov_520.252_ID_49271	CR382133.2	99.74	1887	3	2	1	1886	346933	348818	0.0	3456.0
NODE_111_length_1886_cov_520.252_ID_49271	CR382133.2	99.74	1887	3	2	1	1886	344208	346093	0.0	3456.0
NODE_26_length_163395_cov_31.2972_ID_19034	CR382135.2	99.73	23264	57	5	52650	75909	358720	335458	0.0	42610.0
NODE_96_length_2369_cov_193.922_ID_32625	CR382134.2	99.73	2229	6	0	1	2229	1327209	1329437	0.0	4084.0
NODE_164_length_1072_cov_495.763_ID_50223	CR382137.2	99.72	1072	3	0	1	1072	516214	515143	0.0	1964.0
NODE_76_length_3806_cov_55.2935_ID_56970	CR382136.2	99.71	3806	11	0	1	3806	19806	16001	0.0	6968.0
NODE_42_length_50540_cov_29.6671_ID_38532	CR382133.2	99.71	17500	33	18	1	17491	21425	38915	0.0	32020.0
NODE_166_length_1038_cov_491.964_ID_57084	CR382135.2	99.71	1035	3	0	4	1038	985243	986277	0.0	1895.0
NODE_91_length_2624_cov_223.91_ID_45562	CR382134.2	99.66	2624	9	0	1	2624	1635	4258	0.0	4796.0
NODE_94_length_2542_cov_178.041_ID_36654	CR382139.2	99.65	2542	9	0	1	2542	2048364	2050905	0.0	4645.0
NODE_2_length_726401_cov_30.0096_ID_5569	CR382138.2	99.64	19159	32	19	707151	726275	1582318	1563163	0.0	34960.0
NODE_61_length_7613_cov_28.4156_ID_23955	CR382136.2	99.62	7593	10	12	22	7613	47085	54659	0.0	13840.0
NODE_116_length_1725_cov_673.749_ID_48158	CR382134.2	99.62	1060	3	1	667	1725	993818	992759	0.0	1934.0
NODE_133_length_1503_cov_113.253_ID_35471	CR382135.2	99.6	1503	6	0	1	1503	10108	8606	0.0	2743.0
NODE_166_length_1038_cov_491.964_ID_57084	CR382137.2	99.61	1035	4	0	4	1038	518008	519042	0.0	1890.0
NODE_166_length_1038_cov_491.964_ID_57084	CR382137.2	99.61	1035	4	0	4	1038	514075	515109	0.0	1890.0
NODE_75_length_4394_cov_169.69_ID_39272	CR382135.2	99.59	2922	11	1	1474	4394	8687	5766	0.0	5328.0
NODE_102_length_2176_cov_229.458_ID_38772	CR382134.2	99.59	2176	9	0	1	2176	2083	4258	0.0	3969.0
NODE_97_length_2352_cov_117.45_ID_43352	CR382135.2	99.58	2353	8	2	1	2352	13281	10930	0.0	4289.0
NODE_116_length_1725_cov_673.749_ID_48158	CR382134.2	99.58	1664	7	0	62	1725	999080	997417	0.0	3035.0
NODE_86_length_2781_cov_172.707_ID_47970	CR382135.2	99.57	2781	12	0	1	2781	18297	15517	0.0	5070.0
NODE_126_length_1593_cov_136.684_ID_49889	CR382133.2	99.56	1594	5	2	1	1593	19014	20606	0.0	2904.0
NODE_85_length_2857_cov_49.7415_ID_28711	CR382136.2	99.55	2858	11	2	1	2857	1592741	1595597	0.0	5204.0
NODE_99_length_2266_cov_569.336_ID_55156	CR382133.2	99.55	2003	7	2	266	2266	341746	343748	0.0	3648.0
NODE_118_length_1684_cov_124.539_ID_40459	CR382134.2	99.52	1684	8	0	1	1684	1341375	1343058	0.0	3066.0
NODE_47_length_20250_cov_39.7811_ID_24873	CR382137.2	99.4	8672	26	25	11598	20250	187	8851	0.0	15700.0
NODE_89_length_2687_cov_143.939_ID_36044	CR382134.2	99.48	1721	8	1	1	1720	1004710	1006430	0.0	3127.0
NODE_82_length_3011_cov_43.4367_ID_57068	CR382136.2	99.47	3011	12	3	1	3011	26790	29796	0.0	5469.0
NODE_119_length_1685_cov_189.572_ID_41033	CR382136.2	99.47	1685	9	0	1	1685	1599287	1597603	0.0	3062.0
NODE_144_length_1323_cov_95.3651_ID_39136	CR382138.2	99.47	1324	5	2	1	1323	26517	25195	0.0	2405.0
NODE_135_length_1462_cov_58.7249_ID_47756	CR382134.2	99.45	1462	8	0	1	1462	6190	4729	0.0	2656.0
NODE_66_length_5866_cov_36.1189_ID_44950	CR382136.2	99.44	4486	12	7	157	4642	11532	16004	0.0	8133.0
NODE_73_length_4857_cov_47.5159_ID_50347	CR382136.2	99.44	3010	14	2	1848	4857	26790	29796	0.0	5461.0
NODE_87_length_2743_cov_271.712_ID_51003	CR382134.2	99.4	2177	11	2	1	2176	2083	4258	0.0	3947.0
NODE_132_length_1516_cov_233.138_ID_41675	CR382137.2	99.41	1516	0	2	1	1516	2006014	2004508	0.0	2741.0
NODE_122_length_1647_cov_146.978_ID_32791	CR382135.2	99.39	1648	8	2	1	1647	13281	11635	0.0	2987.0
NODE_145_length_1314_cov_85.2939_ID_56954	CR382135.2	99.39	1314	8	0	1	1314	915495	916808	0.0	2383.0
NODE_109_length_1925_cov_54.1829_ID_47056	CR382134.2	99.38	1926	10	2	1	1925	8371	6447	0.0	3489.0
NODE_128_length_1543_cov_162.385_ID_56936	CR382139.2	99.35	1544	9	1	1	1543	952408	950865	0.0	2795.0
NODE_95_length_2401_cov_488.838_ID_55736	CR382139.2	99.35	1223	7	1	1180	2401	3186	1964	0.0	2213.0
NODE_75_length_4394_cov_169.69_ID_39272	CR382134.2	99.33	1050	6	1	1	1050	1088	40	0.0	1899.0
NODE_166_length_1038_cov_491.964_ID_57084	CR382134.2	99.32	1035	7	0	4	1038	998593	999627	0.0	1873.0
NODE_109_length_1925_cov_54.1829_ID_47056	CR382136.2	99.3	1856	4	4	1	1850	24322	22470	0.0	3347.0
NODE_147_length_1288_cov_586.497_ID_39698	CR382139.2	99.3	1289	7	2	1	1288	947086	948373	0.0	2329.0
NODE_169_length_1019_cov_459.867_ID_54361	CR382133.2	99.31	1019	4	1	1	1019	3939	2924	0.0	1840.0
NODE_116_length_1725_cov_673.749_ID_48158	CR382139.2	99.28	1664	12	0	62	1725	955790	954127	0.0	3007.0
NODE_116_length_1725_cov_673.749_ID_48158	CR382136.2	99.28	1664	12	0	62	1725	489060	490723	0.0	3007.0
NODE_150_length_1242_cov_549.526_ID_48959	CR382133.2	99.28	1251	0	2	1	1242	1248303	1247053	0.0	2252.0
NODE_98_length_2340_cov_135.213_ID_34843	CR382136.2	99.27	2340	17	0	1	2340	479846	482185	0.0	4228.0
NODE_98_length_2340_cov_135.213_ID_34843	CR382133.2	99.27	2340	17	0	1	2340	340269	337930	0.0	4228.0
NODE_56_length_10364_cov_50.9412_ID_57052	CR382136.2	99.22	4868	29	5	5505	10364	1587929	1592795	0.0	8770.0
NODE_116_length_1725_cov_673.749_ID_48158	CR382135.2	99.22	1664	13	0	62	1725	977863	976200	0.0	3001.0
NODE_98_length_2340_cov_135.213_ID_34843	CR382136.2	99.2	1370	11	0	1	1370	486027	484658	0.0	2470.0
NODE_13_length_330414_cov_31.3682_ID_19713	CR382134.2	99.14	8041	51	12	56325	64356	170488	178519	0.0	14450.0
NODE_89_length_2687_cov_143.939_ID_36044	CR382137.2	99.14	1046	9	0	1031	2076	521200	520155	0.0	1882.0
NODE_141_length_1359_cov_57.0353_ID_56998	CR382135.2	99.12	1362	9	3	1	1359	415762	414401	0.0	2446.0
NODE_140_length_1360_cov_68.2613_ID_56952	CR382136.2	99.12	1360	12	0	1	1360	1069110	1070469	0.0	2446.0
NODE_111_length_1886_cov_520.252_ID_49271	CR382133.2	99.08	1624	11	4	266	1886	341746	343368	0.0	2913.0
NODE_146_length_1304_cov_62.309_ID_56930	CR382136.2	99.08	1304	12	0	1	1304	210517	211820	0.0	2342.0
NODE_99_length_2266_cov_569.336_ID_55156	CR382138.2	99.05	1363	13	0	904	2266	1551582	1550220	0.0	2446.0
NODE_150_length_1242_cov_549.526_ID_48959	CR382138.2	99.04	1251	3	2	1	1242	2302464	2301214	0.0	2235.0
NODE_128_length_1543_cov_162.385_ID_56936	CR382137.2	99.03	1544	14	1	1	1543	523771	522228	0.0	2767.0
NODE_88_length_2731_cov_125.126_ID_42153	CR382135.2	99.01	2734	21	6	1	2731	12841	15571	0.0	4894.0
NODE_137_length_1417_cov_71.3267_ID_56972	CR382139.2	99.01	1418	12	2	1	1417	1582807	1584223	0.0	2540.0
NODE_127_length_1585_cov_128.903_ID_47522	CR382134.2	99.01	1106	11	0	1	1106	995244	996349	0.0	1982.0
NODE_107_length_1957_cov_108.469_ID_57002	CR382135.2	98.98	1958	18	2	1	1957	356664	358620	0.0	3504.0
NODE_116_length_1725_cov_673.749_ID_48158	CR382135.2	98.94	1226	13	0	62	1287	985730	984505	0.0	2193.0
NODE_133_length_1503_cov_113.253_ID_35471	CR382136.2	98.87	1504	14	3	1	1503	1596025	1597526	0.0	2680.0
NODE_116_length_1725_cov_673.749_ID_48158	CR382137.2	98.86	1664	19	0	62	1725	518495	516832	0.0	2968.0
NODE_145_length_1314_cov_85.2939_ID_56954	CR382135.2	98.86	1314	15	0	1	1314	913040	914353	0.0	2344.0
NODE_126_length_1593_cov_136.684_ID_49889	CR382135.2	98.86	1141	11	2	454	1593	8969	10108	0.0	2034.0
NODE_99_length_2266_cov_569.336_ID_55156	CR382135.2	98.83	1364	14	2	904	2266	977551	976189	0.0	2429.0
NODE_99_length_2266_cov_569.336_ID_55156	CR382139.2	98.83	1364	14	2	904	2266	955478	954116	0.0	2429.0
NODE_99_length_2266_cov_569.336_ID_55156	CR382137.2	98.83	1364	14	2	904	2266	518183	516821	0.0	2429.0
NODE_99_length_2266_cov_569.336_ID_55156	CR382136.2	98.83	1364	14	2	904	2266	489372	490734	0.0	2429.0
NODE_101_length_2209_cov_131.701_ID_51802	CR382133.2	98.82	2209	26	0	1	2209	340138	337930	0.0	3936.0
NODE_150_length_1242_cov_549.526_ID_48959	CR382139.2	98.8	1251	6	2	1	1242	5928	7178	0.0	2218.0
NODE_81_length_3040_cov_273.776_ID_56086	CR382135.2	98.81	1091	11	2	1	1090	977427	976338	0.0	1941.0
NODE_81_length_3040_cov_273.776_ID_56086	CR382139.2	98.81	1091	11	2	1	1090	955354	954265	0.0	1941.0
NODE_81_length_3040_cov_273.776_ID_56086	CR382136.2	98.81	1091	11	2	1	1090	489496	490585	0.0	1941.0
NODE_101_length_2209_cov_131.701_ID_51802	CR382136.2	98.78	2209	27	0	1	2209	479977	482185	0.0	3930.0
NODE_95_length_2401_cov_488.838_ID_55736	CR382133.2	98.75	2401	3	9	1	2401	2908	535	0.0	4242.0
NODE_114_length_1761_cov_553.161_ID_54928	CR382139.2	98.75	1761	22	0	1	1761	942251	940491	0.0	3131.0
NODE_101_length_2209_cov_131.701_ID_51802	CR382136.2	98.71	1239	16	0	1	1239	485896	484658	0.0	2200.0
NODE_110_length_1893_cov_74.3199_ID_32051	CR382135.2	98.68	1896	19	6	1	1893	13227	15119	0.0	3358.0
NODE_133_length_1503_cov_113.253_ID_35471	CR382133.2	98.68	1140	15	0	1	1140	20606	19467	0.0	2023.0
NODE_116_length_1725_cov_673.749_ID_48158	CR382133.2	98.67	1353	16	2	374	1725	347836	349187	0.0	2398.0
NODE_116_length_1725_cov_673.749_ID_48158	CR382133.2	98.67	1353	16	2	374	1725	345111	346462	0.0	2398.0
NODE_134_length_1483_cov_58.3845_ID_35784	CR382134.2	98.66	1491	12	4	1	1483	6219	4729	0.0	2636.0
NODE_130_length_1528_cov_91.0977_ID_50021	CR382136.2	98.65	1186	4	6	343	1528	14882	16055	0.0	2091.0
NODE_83_length_2998_cov_99.3048_ID_34368	CR382134.2	98.63	3002	31	8	1	2995	1325603	1328601	0.0	5308.0
NODE_116_length_1725_cov_673.749_ID_48158	CR382138.2	98.62	1665	21	2	62	1725	1551894	1550231	0.0	2946.0
NODE_116_length_1725_cov_673.749_ID_48158	CR382133.2	98.6	1353	17	2	374	1725	342386	343737	0.0	2392.0
NODE_99_length_2266_cov_569.336_ID_55156	CR382134.2	98.46	1364	19	2	904	2266	998768	997406	0.0	2401.0
NODE_147_length_1288_cov_586.497_ID_39698	CR382139.2	98.45	1288	20	0	1	1288	942251	940964	0.0	2268.0
NODE_56_length_10364_cov_50.9412_ID_57052	CR382139.2	98.43	3559	47	6	1704	5258	17336	13783	0.0	6253.0
NODE_136_length_1459_cov_126.6_ID_44234	CR382138.2	98.43	1468	13	2	2	1459	2296022	2294555	0.0	2575.0
NODE_126_length_1593_cov_136.684_ID_49889	CR382136.2	98.42	1141	16	2	454	1593	1597164	1596025	0.0	2006.0
NODE_114_length_1761_cov_553.161_ID_54928	CR382134.2	98.39	1618	23	3	146	1761	993818	992202	0.0	2841.0
NODE_150_length_1242_cov_549.526_ID_48959	CR382138.2	98.33	1254	9	2	1	1242	2561	3814	0.0	2189.0
NODE_105_length_1997_cov_121.573_ID_37052	CR382136.2	98.3	1997	34	0	1	1997	58592	60588	0.0	3500.0
NODE_114_length_1761_cov_553.161_ID_54928	CR382135.2	98.31	1005	17	0	757	1761	984084	983080	0.0	1762.0
NODE_4_length_558198_cov_29.4891_ID_6207	CR382133.2	98.27	1332	21	2	527273	528603	875443	876773	0.0	2331.0
NODE_4_length_558198_cov_29.4891_ID_6207	CR382133.2	98.27	1332	21	2	524954	526284	877762	879092	0.0	2331.0
NODE_114_length_1761_cov_553.161_ID_54928	CR382137.2	98.27	1097	19	0	665	1761	511452	512548	0.0	1921.0
NODE_114_length_1761_cov_553.161_ID_54928	CR382135.2	98.24	1762	26	4	1	1761	977400	975643	0.0	3077.0
NODE_114_length_1761_cov_553.161_ID_54928	CR382139.2	98.24	1762	26	4	1	1761	955327	953570	0.0	3077.0
NODE_114_length_1761_cov_553.161_ID_54928	CR382136.2	98.24	1762	26	4	1	1761	489523	491280	0.0	3077.0
NODE_134_length_1483_cov_58.3845_ID_35784	CR382136.2	98.24	1475	5	9	9	1483	22096	20643	0.0	2560.0
NODE_116_length_1725_cov_673.749_ID_48158	CR382135.2	98.23	1528	23	4	62	1587	991592	990067	0.0	2669.0
NODE_99_length_2266_cov_569.336_ID_55156	CR382135.2	98.19	1216	18	4	904	2117	991280	990067	0.0	2121.0
NODE_81_length_3040_cov_273.776_ID_56086	CR382133.2	98.17	1092	16	4	1	1090	347960	349049	0.0	1903.0
NODE_81_length_3040_cov_273.776_ID_56086	CR382133.2	98.17	1092	16	4	1	1090	345235	346324	0.0	1903.0
NODE_81_length_3040_cov_273.776_ID_56086	CR382133.2	98.17	1092	16	4	1	1090	342510	343599	0.0	1903.0
NODE_99_length_2266_cov_569.336_ID_55156	CR382134.2	98.13	1072	17	3	1197	2266	993818	992748	0.0	1866.0
NODE_107_length_1957_cov_108.469_ID_57002	CR382135.2	98.01	1960	33	6	1	1957	359605	361561	0.0	3398.0
NODE_81_length_3040_cov_273.776_ID_56086	CR382134.2	97.98	1091	20	2	1	1090	998644	997555	0.0	1892.0
NODE_114_length_1761_cov_553.161_ID_54928	CR382134.2	97.96	1762	31	4	1	1761	998617	996860	0.0	3049.0
NODE_114_length_1761_cov_553.161_ID_54928	CR382137.2	97.91	1435	28	2	328	1761	507472	508905	0.0	2483.0
NODE_114_length_1761_cov_553.161_ID_54928	CR382133.2	97.79	1763	32	6	1	1761	347987	349744	0.0	3033.0
NODE_114_length_1761_cov_553.161_ID_54928	CR382138.2	97.73	1763	33	6	1	1761	1551431	1549674	0.0	3027.0
NODE_114_length_1761_cov_553.161_ID_54928	CR382137.2	97.73	1762	35	4	1	1761	518032	516275	0.0	3027.0
NODE_166_length_1038_cov_491.964_ID_57084	CR382135.2	97.69	1039	22	2	1	1038	991102	992139	0.0	1784.0
NODE_114_length_1761_cov_553.161_ID_54928	CR382139.2	97.67	1761	37	4	1	1759	947086	948844	0.0	3022.0
NODE_135_length_1462_cov_58.7249_ID_47756	CR382136.2	97.67	1462	5	13	1	1462	22075	20643	0.0	2484.0
NODE_31_length_137048_cov_31.1083_ID_48826	CR382133.2	97.64	9041	152	52	1845	10848	8019	17035	0.0	15460.0
NODE_92_length_2620_cov_71.8027_ID_36314	CR382138.2	97.6	2418	35	17	212	2620	1218506	1216103	0.0	4122.0
NODE_81_length_3040_cov_273.776_ID_56086	CR382138.2	97.62	1092	22	4	1	1090	1551458	1550369	0.0	1869.0
NODE_81_length_3040_cov_273.776_ID_56086	CR382137.2	97.62	1091	24	2	1	1090	518059	516970	0.0	1869.0
NODE_117_length_1695_cov_224.499_ID_43800	CR382136.2	97.58	1696	39	2	1	1695	1602979	1604673	0.0	2904.0
NODE_148_length_1294_cov_281.91_ID_37414	CR382139.2	97.57	1068	16	7	1	1066	1530	471	0.0	1820.0
NODE_154_length_1170_cov_102.827_ID_48638	CR382138.2	97.46	1181	19	3	1	1170	2294555	2295735	0.0	2004.0
NODE_114_length_1761_cov_553.161_ID_54928	CR382135.2	97.28	1066	26	2	1	1066	991129	990067	0.0	1805.0
NODE_157_length_1153_cov_180.985_ID_38366	CR382134.2	97.19	1104	25	3	1	1102	3162	4261	0.0	1862.0
NODE_123_length_1640_cov_170.096_ID_44370	CR382134.2	97.15	1648	33	9	1	1640	1325937	1324296	0.0	2771.0
NODE_147_length_1288_cov_586.497_ID_39698	CR382138.2	97.13	1290	30	6	1	1288	1551431	1550147	0.0	2170.0
NODE_147_length_1288_cov_586.497_ID_39698	CR382135.2	97.13	1289	32	4	1	1288	977400	976116	0.0	2170.0
NODE_147_length_1288_cov_586.497_ID_39698	CR382139.2	97.13	1289	32	4	1	1288	955327	954043	0.0	2170.0
NODE_147_length_1288_cov_586.497_ID_39698	CR382137.2	97.13	1289	32	4	1	1288	518032	516748	0.0	2170.0
NODE_147_length_1288_cov_586.497_ID_39698	CR382136.2	97.13	1289	32	4	1	1288	489523	490807	0.0	2170.0
NODE_147_length_1288_cov_586.497_ID_39698	CR382134.2	97.12	1145	30	3	146	1288	993818	992675	0.0	1929.0
NODE_96_length_2369_cov_193.922_ID_32625	CR382138.2	97.01	1403	39	3	1	1401	24968	23567	0.0	2355.0
NODE_96_length_2369_cov_193.922_ID_32625	CR382133.2	97.01	1403	36	3	1	1402	15846	14449	0.0	2353.0
NODE_95_length_2401_cov_488.838_ID_55736	CR382138.2	96.95	1181	9	8	1	1181	2303333	2304486	0.0	1956.0
NODE_136_length_1459_cov_126.6_ID_44234	CR382136.2	96.92	1461	39	6	2	1459	1601721	1600264	0.0	2444.0
NODE_119_length_1685_cov_189.572_ID_41033	CR382138.2	96.87	1694	38	14	1	1685	2293380	2291693	0.0	2820.0
NODE_105_length_1997_cov_121.573_ID_37052	CR382136.2	96.86	1402	44	0	596	1997	30563	31964	0.0	2346.0
NODE_77_length_3604_cov_86.1048_ID_27193	CR382134.2	96.8	3628	65	34	1	3604	1329557	1333157	0.0	6010.0
NODE_147_length_1288_cov_586.497_ID_39698	CR382133.2	96.82	1290	34	6	1	1288	347987	349271	0.0	2148.0
NODE_147_length_1288_cov_586.497_ID_39698	CR382134.2	96.82	1289	36	4	1	1288	998617	997333	0.0	2148.0
NODE_114_length_1761_cov_553.161_ID_54928	CR382133.2	96.8	1217	32	6	1	1215	345262	346473	0.0	2025.0
NODE_114_length_1761_cov_553.161_ID_54928	CR382133.2	96.8	1217	32	6	1	1215	342537	343748	0.0	2025.0
NODE_147_length_1288_cov_586.497_ID_39698	CR382135.2	96.81	1066	31	2	1	1066	991129	990067	0.0	1777.0
NODE_117_length_1695_cov_224.499_ID_43800	CR382138.2	96.79	1622	40	11	1	1616	2289842	2291457	0.0	2697.0
NODE_105_length_1997_cov_121.573_ID_37052	CR382138.2	96.65	1999	57	6	1	1997	22978	24968	0.0	3312.0
NODE_105_length_1997_cov_121.573_ID_37052	CR382134.2	96.65	1404	42	5	596	1997	1328609	1327209	0.0	2327.0
NODE_75_length_4394_cov_169.69_ID_39272	CR382136.2	96.64	1400	36	10	1	1395	1603201	1604594	0.0	2314.0
NODE_147_length_1288_cov_586.497_ID_39698	CR382133.2	96.63	1217	34	6	1	1215	345262	346473	0.0	2013.0
NODE_147_length_1288_cov_586.497_ID_39698	CR382133.2	96.63	1217	34	6	1	1215	342537	343748	0.0	2013.0
NODE_132_length_1516_cov_233.138_ID_41675	CR382136.2	96.58	1521	41	10	1	1516	55539	57053	0.0	2510.0
NODE_142_length_1332_cov_217.713_ID_38639	CR382138.2	96.52	1235	5	22	131	1332	1560272	1559043	0.0	2008.0
NODE_56_length_10364_cov_50.9412_ID_57052	CR382139.2	96.5	1200	36	6	1	1197	18984	17788	0.0	1978.0
NODE_105_length_1997_cov_121.573_ID_37052	CR382133.2	96.51	1404	40	6	596	1997	14450	15846	0.0	2313.0
NODE_95_length_2401_cov_488.838_ID_55736	CR382139.2	96.47	1190	6	12	1	1181	5059	3897	0.0	1932.0
NODE_96_length_2369_cov_193.922_ID_32625	CR382136.2	96.44	1404	47	3	1	1402	31964	30562	0.0	2313.0
NODE_132_length_1516_cov_233.138_ID_41675	CR382134.2	96.31	1274	41	6	246	1516	40	1310	0.0	2087.0
NODE_132_length_1516_cov_233.138_ID_41675	CR382136.2	96.25	1519	51	6	1	1516	1604494	1602979	0.0	2484.0
NODE_96_length_2369_cov_193.922_ID_32625	CR382136.2	96.23	1404	48	5	1	1401	60588	59187	0.0	2294.0
NODE_81_length_3040_cov_273.776_ID_56086	CR382139.2	96.16	1094	37	4	1	1090	947059	948151	0.0	1783.0
NODE_81_length_3040_cov_273.776_ID_56086	CR382139.2	96.16	1093	39	2	1	1090	942278	941186	0.0	1783.0
NODE_117_length_1695_cov_224.499_ID_43800	CR382136.2	96.09	1613	43	13	1	1599	57053	55447	0.0	2612.0
NODE_99_length_2266_cov_569.336_ID_55156	CR382139.2	96.01	1353	47	6	919	2266	942387	941037	0.0	2193.0
NODE_94_length_2542_cov_178.041_ID_36654	CR382136.2	95.98	1444	51	7	1	1440	57053	55613	0.0	2338.0
NODE_4_length_558198_cov_29.4891_ID_6207	CR382133.2	95.96	1015	33	7	327124	328133	675332	676343	0.0	1640.0
NODE_4_length_558198_cov_29.4891_ID_6207	CR382133.2	95.96	1015	33	7	324843	325854	677613	678622	0.0	1640.0
NODE_83_length_2998_cov_99.3048_ID_34368	CR382133.2	95.88	1820	66	6	1181	2998	16267	14455	0.0	2937.0
NODE_75_length_4394_cov_169.69_ID_39272	CR382138.2	95.84	3579	111	31	2	3557	2290065	2293628	0.0	5749.0
NODE_116_length_1725_cov_673.749_ID_48158	CR382139.2	95.77	1300	48	6	431	1725	946992	948289	0.0	2089.0
NODE_99_length_2266_cov_569.336_ID_55156	CR382139.2	95.73	1311	49	6	961	2266	946992	948300	0.0	2104.0
NODE_40_length_77997_cov_36.0591_ID_19368	CR382135.2	95.67	2353	78	19	1	2337	977373	979717	0.0	3759.0
NODE_40_length_77997_cov_36.0591_ID_19368	CR382139.2	95.67	2353	78	19	1	2337	955300	957644	0.0	3759.0
NODE_40_length_77997_cov_36.0591_ID_19368	CR382135.2	95.57	2350	80	19	4	2337	985243	987584	0.0	3742.0
NODE_94_length_2542_cov_178.041_ID_36654	CR382137.2	95.57	1446	53	10	1	1440	2004508	2005948	0.0	2305.0
NODE_119_length_1685_cov_189.572_ID_41033	CR382133.2	95.44	1688	65	10	4	1685	17694	19375	0.0	2680.0
NODE_40_length_77997_cov_36.0591_ID_19368	CR382138.2	95.41	2353	84	19	1	2337	1551404	1553748	0.0	3725.0
NODE_94_length_2542_cov_178.041_ID_36654	CR382134.2	95.39	1280	41	16	1	1271	1310	40	0.0	2021.0
NODE_132_length_1516_cov_233.138_ID_41675	CR382139.2	95.37	1447	54	11	76	1516	2049803	2048364	0.0	2289.0
NODE_117_length_1695_cov_224.499_ID_43800	CR382137.2	95.35	1656	48	13	1	1644	2004508	2006146	0.0	2604.0
NODE_144_length_1323_cov_95.3651_ID_39136	CR382136.2	95.35	1269	15	25	92	1323	1604943	1606204	0.0	1977.0
NODE_94_length_2542_cov_178.041_ID_36654	CR382136.2	95.23	1447	56	12	1	1440	1602979	1604419	0.0	2278.0
NODE_36_length_96786_cov_28.6949_ID_18167	CR382133.2	95.19	1267	40	12	95524	96786	72207	73456	0.0	1982.0
NODE_83_length_2998_cov_99.3048_ID_34368	CR382136.2	95.12	1824	77	11	1181	2998	32385	30568	0.0	2865.0
NODE_62_length_7111_cov_36.9735_ID_25584	CR382136.2	95.08	1990	91	6	4903	6887	481456	483443	0.0	3125.0
NODE_117_length_1695_cov_224.499_ID_43800	CR382134.2	95.06	1276	53	10	1	1271	1310	40	0.0	1999.0
NODE_119_length_1685_cov_189.572_ID_41033	CR382135.2	94.86	1691	69	15	1	1685	6851	8529	0.0	2625.0
NODE_40_length_77997_cov_36.0591_ID_19368	CR382136.2	94.85	2369	84	20	1	2337	489550	487188	0.0	3664.0
NODE_123_length_1640_cov_170.096_ID_44370	CR382133.2	94.79	1650	63	21	1	1640	17432	19068	0.0	2549.0
NODE_75_length_4394_cov_169.69_ID_39272	CR382136.2	94.76	1394	48	18	1	1378	56831	55447	0.0	2146.0
NODE_125_length_1604_cov_170.578_ID_43508	CR382134.2	94.74	1617	62	21	1	1604	1340771	1339165	0.0	2494.0
NODE_83_length_2998_cov_99.3048_ID_34368	CR382136.2	94.71	1833	83	13	1173	2998	61017	59192	0.0	2835.0
NODE_40_length_77997_cov_36.0591_ID_19368	CR382137.2	94.69	1696	70	15	4	1685	514075	515764	0.0	2615.0
NODE_129_length_1530_cov_64.1505_ID_37242	CR382139.2	94.69	1055	38	10	477	1530	966395	965358	0.0	1622.0
NODE_40_length_77997_cov_36.0591_ID_19368	CR382138.2	94.61	1632	62	20	723	2337	1546039	1547661	0.0	2503.0
NODE_40_length_77997_cov_36.0591_ID_19368	CR382137.2	94.58	1696	72	15	4	1685	518008	519697	0.0	2604.0
NODE_40_length_77997_cov_36.0591_ID_19368	CR382134.2	94.55	2366	91	20	4	2337	998593	1000952	0.0	3620.0
NODE_170_length_1016_cov_188.354_ID_47262	CR382137.2	94.55	1027	16	13	1	1016	2006557	2005560	0.0	1550.0
NODE_45_length_24740_cov_58.0865_ID_22015	CR382136.2	94.54	1025	53	3	1	1023	58165	59188	0.0	1580.0
NODE_116_length_1725_cov_673.749_ID_48158	CR382139.2	94.46	1679	75	11	62	1725	942723	941048	0.0	2569.0
NODE_75_length_4394_cov_169.69_ID_39272	CR382137.2	94.44	1402	52	13	1	1389	2004730	2006118	0.0	2134.0
NODE_72_length_4942_cov_71.647_ID_26991	CR382135.2	94.43	1868	79	14	3079	4942	992922	991076	0.0	2850.0
NODE_94_length_2542_cov_178.041_ID_36654	CR382138.2	94.34	1448	67	14	1	1440	2289842	2291282	0.0	2206.0
NODE_97_length_2352_cov_117.45_ID_43352	CR382136.2	94.32	1303	55	15	1	1294	56739	55447	0.0	1978.0
NODE_122_length_1647_cov_146.978_ID_32791	CR382136.2	94.32	1303	55	15	1	1294	56739	55447	0.0	1978.0
NODE_40_length_77997_cov_36.0591_ID_19368	CR382139.2	94.3	1843	78	16	1	1821	942224	944061	0.0	2796.0
NODE_75_length_4394_cov_169.69_ID_39272	CR382136.2	94.28	2099	97	20	1474	3557	1597445	1599535	0.0	3190.0
NODE_62_length_7111_cov_36.9735_ID_25584	CR382133.2	94.25	1409	74	6	4903	6306	338659	337253	0.0	2146.0
NODE_31_length_137048_cov_31.1083_ID_48826	CR382134.2	94.24	1839	86	16	8275	10101	1328610	1326780	0.0	2791.0
NODE_46_length_22945_cov_30.0703_ID_23252	CR382134.2	94.08	1047	40	11	8156	9193	6092	5059	0.0	1570.0
NODE_75_length_4394_cov_169.69_ID_39272	CR382139.2	94.07	1230	51	19	1	1220	2048586	2049803	0.0	1847.0
NODE_72_length_4942_cov_71.647_ID_26991	CR382138.2	94.05	1110	52	13	3079	4181	1547145	1546043	0.0	1672.0
NODE_53_length_10879_cov_34.4626_ID_22773	CR382136.2	94.05	1042	48	14	104	1138	34345	35379	0.0	1568.0
NODE_119_length_1685_cov_189.572_ID_41033	CR382134.2	94.01	1685	80	19	13	1685	1325664	1323989	0.0	2532.0
NODE_125_length_1604_cov_170.578_ID_43508	CR382135.2	93.9	1623	71	20	1	1604	6615	8228	0.0	2423.0
NODE_83_length_2998_cov_99.3048_ID_34368	CR382138.2	93.87	1990	96	21	1025	2998	25551	23572	0.0	2976.0
NODE_121_length_1652_cov_126.648_ID_40609	CR382133.2	93.87	1665	71	22	1	1652	15270	16916	0.0	2481.0
NODE_45_length_24740_cov_58.0865_ID_22015	CR382136.2	93.84	1006	52	9	40	1041	19424	20423	0.0	1506.0
NODE_88_length_2731_cov_125.126_ID_42153	CR382136.2	93.83	1620	70	26	1	1613	1603733	1602137	0.0	2410.0
NODE_135_length_1462_cov_58.7249_ID_47756	CR382135.2	93.79	1047	43	11	99	1132	34245	33208	0.0	1554.0
NODE_94_length_2542_cov_178.041_ID_36654	CR382135.2	93.78	1448	73	16	1	1438	13595	12155	0.0	2159.0
NODE_117_length_1695_cov_224.499_ID_43800	CR382139.2	93.72	1449	74	15	1	1441	2048364	2049803	0.0	2156.0
NODE_132_length_1516_cov_233.138_ID_41675	CR382138.2	93.7	1525	78	17	1	1516	2291357	2289842	0.0	2268.0
NODE_46_length_22945_cov_30.0703_ID_23252	CR382136.2	93.7	1047	44	11	8156	9193	21985	20952	0.0	1548.0
NODE_97_length_2352_cov_117.45_ID_43352	CR382139.2	93.65	1134	55	16	1	1127	2048678	2049801	0.0	1679.0
NODE_122_length_1647_cov_146.978_ID_32791	CR382139.2	93.65	1134	55	16	1	1127	2048678	2049801	0.0	1679.0
NODE_75_length_4394_cov_169.69_ID_39272	CR382133.2	93.63	2088	91	29	1539	3608	19467	17404	0.0	3081.0
NODE_51_length_12567_cov_33.0275_ID_24219	CR382134.2	93.63	1005	50	13	11570	12567	1326788	1327785	0.0	1489.0
NODE_123_length_1640_cov_170.096_ID_44370	CR382138.2	93.59	1654	78	20	6	1640	27835	29479	0.0	2442.0
NODE_121_length_1652_cov_126.648_ID_40609	CR382138.2	93.57	1663	80	19	1	1652	24392	26038	0.0	2453.0
NODE_72_length_4942_cov_71.647_ID_26991	CR382138.2	93.55	1085	51	18	3079	4155	1544840	1545913	0.0	1598.0
NODE_97_length_2352_cov_117.45_ID_43352	CR382138.2	93.47	1318	57	19	1	1308	2290156	2291454	0.0	1930.0
NODE_122_length_1647_cov_146.978_ID_32791	CR382138.2	93.47	1318	57	19	1	1308	2290156	2291454	0.0	1930.0
NODE_75_length_4394_cov_169.69_ID_39272	CR382138.2	93.37	2097	117	19	1474	3557	29938	27851	0.0	3083.0
NODE_11_length_390254_cov_32.0543_ID_51423	CR382135.2	93.3	1000	45	15	1	994	18343	19326	0.0	1456.0
NODE_125_length_1604_cov_170.578_ID_43508	CR382136.2	93.28	1623	81	18	1	1604	1599523	1597910	0.0	2368.0
NODE_49_length_19041_cov_45.4687_ID_23462	CR382136.2	93.25	1911	103	20	17145	19040	58040	59939	0.0	2791.0
NODE_4_length_558198_cov_29.4891_ID_6207	CR382139.2	93.24	1198	54	15	557008	558198	699085	697908	0.0	1738.0
NODE_166_length_1038_cov_491.964_ID_57084	CR382139.2	93.24	1050	56	9	1	1038	942224	943270	0.0	1531.0
NODE_101_length_2209_cov_131.701_ID_51802	CR382139.2	93.14	1064	67	6	478	1538	966633	967693	0.0	1555.0
NODE_72_length_4942_cov_71.647_ID_26991	CR382134.2	93.05	1871	107	16	3079	4942	1000418	998564	0.0	2713.0
NODE_119_length_1685_cov_189.572_ID_41033	CR382138.2	93.04	1695	95	16	1	1685	28099	29780	0.0	2455.0
NODE_88_length_2731_cov_125.126_ID_42153	CR382134.2	93.04	1624	75	34	1	1613	556	2152	0.0	2338.0
NODE_72_length_4942_cov_71.647_ID_26991	CR382135.2	93.01	1874	102	22	3079	4942	979201	977347	0.0	2708.0
NODE_72_length_4942_cov_71.647_ID_26991	CR382138.2	93.01	1874	102	22	3079	4942	1553232	1551378	0.0	2708.0
NODE_72_length_4942_cov_71.647_ID_26991	CR382139.2	92.96	1874	103	22	3079	4942	957128	955274	0.0	2702.0
NODE_88_length_2731_cov_125.126_ID_42153	CR382138.2	92.96	1619	84	26	3	1613	2290594	2288998	0.0	2331.0
NODE_45_length_24740_cov_58.0865_ID_22015	CR382138.2	92.92	1031	59	14	1	1024	2296161	2295138	0.0	1487.0
NODE_72_length_4942_cov_71.647_ID_26991	CR382136.2	92.9	1873	106	20	3079	4942	487722	489576	0.0	2697.0
NODE_72_length_4942_cov_71.647_ID_26991	CR382135.2	92.8	1874	106	22	3079	4942	987068	985214	0.0	2686.0
NODE_119_length_1685_cov_189.572_ID_41033	CR382134.2	92.7	1699	99	23	1	1685	1340545	1338858	0.0	2427.0
NODE_45_length_24740_cov_58.0865_ID_22015	CR382138.2	92.68	1025	65	7	1	1023	22552	23568	0.0	1469.0
NODE_88_length_2731_cov_125.126_ID_42153	CR382137.2	92.66	1322	74	18	1	1318	2005262	2003960	0.0	1882.0
NODE_121_length_1652_cov_126.648_ID_40609	CR382134.2	92.64	1005	60	14	1	998	1327785	1326788	0.0	1434.0
NODE_117_length_1695_cov_224.499_ID_43800	CR382135.2	92.56	1721	86	29	1	1693	13595	11889	0.0	2431.0
NODE_63_length_6946_cov_76.9184_ID_40026	CR382135.2	92.51	1482	80	24	5487	6946	8636	10108	0.0	2093.0
NODE_125_length_1604_cov_170.578_ID_43508	CR382134.2	92.49	1625	85	30	1	1604	1325904	1324296	0.0	2290.0
NODE_132_length_1516_cov_233.138_ID_41675	CR382135.2	92.46	1525	91	21	4	1516	12083	13595	0.0	2158.0
NODE_72_length_4942_cov_71.647_ID_26991	CR382137.2	92.4	1737	105	21	3215	4942	515764	514046	0.0	2451.0
NODE_98_length_2340_cov_135.213_ID_34843	CR382139.2	92.39	1064	75	6	609	1669	966633	967693	0.0	1511.0
NODE_88_length_2731_cov_125.126_ID_42153	CR382136.2	92.36	1624	78	37	1	1613	56299	57887	0.0	2270.0
NODE_72_length_4942_cov_71.647_ID_26991	CR382137.2	92.29	1738	105	22	3215	4942	519697	517979	0.0	2440.0
NODE_49_length_19041_cov_45.4687_ID_23462	CR382137.2	92.28	1153	77	9	17146	18289	9545	10694	0.0	1626.0
NODE_75_length_4394_cov_169.69_ID_39272	CR382134.2	92.23	2161	116	44	1474	3608	1323831	1325965	0.0	3013.0
NODE_75_length_4394_cov_169.69_ID_39272	CR382135.2	92.16	1415	73	27	1	1392	13373	11974	0.0	1964.0
NODE_110_length_1893_cov_74.3199_ID_32051	CR382136.2	92.14	1234	67	26	1	1227	1603347	1602137	0.0	1714.0
NODE_35_length_121071_cov_30.4483_ID_29361	CR382135.2	92.12	2069	128	29	118937	120991	531696	533743	0.0	2885.0
NODE_63_length_6946_cov_76.9184_ID_40026	CR382133.2	92.07	1147	65	19	5819	6946	19467	20606	0.0	1591.0
NODE_63_length_6946_cov_76.9184_ID_40026	CR382136.2	92.03	1480	90	20	5487	6946	1597496	1596025	0.0	2054.0
NODE_45_length_24740_cov_58.0865_ID_22015	CR382136.2	92.03	1029	73	9	1	1024	1601860	1600836	0.0	1437.0
NODE_125_length_1604_cov_170.578_ID_43508	CR382138.2	91.9	1629	95	27	1	1604	27863	29479	0.0	2242.0
NODE_5_length_525654_cov_30.1827_ID_15356	CR382137.2	91.84	1005	74	8	325715	326715	723749	722749	0.0	1395.0
NODE_144_length_1323_cov_95.3651_ID_39136	CR382133.2	91.75	1260	47	32	92	1323	17303	16073	0.0	1698.0
NODE_19_length_254767_cov_29.691_ID_11731	CR382136.2	91.73	1064	82	6	253209	254269	481514	480454	0.0	1472.0
NODE_19_length_254767_cov_29.691_ID_11731	CR382133.2	91.73	1064	82	6	253209	254269	338601	339661	0.0	1472.0
NODE_40_length_77997_cov_36.0591_ID_19368	CR382138.2	91.7	1277	61	26	753	1995	1545913	1544648	0.0	1729.0
NODE_75_length_4394_cov_169.69_ID_39272	CR382134.2	91.68	2163	122	45	1474	3608	1338700	1340832	0.0	2944.0
NODE_97_length_2352_cov_117.45_ID_43352	CR382136.2	91.63	1409	72	34	1	1393	1603293	1604671	0.0	1906.0
NODE_122_length_1647_cov_146.978_ID_32791	CR382136.2	91.63	1409	72	34	1	1393	1603293	1604671	0.0	1906.0
NODE_125_length_1604_cov_170.578_ID_43508	CR382138.2	91.6	1630	98	28	1	1604	2293616	2292000	0.0	2215.0
NODE_31_length_137048_cov_31.1083_ID_48826	CR382136.2	91.57	2266	133	48	8266	10499	30553	32792	0.0	3073.0
NODE_92_length_2620_cov_71.8027_ID_36314	CR382138.2	91.56	2441	143	43	159	2553	1105142	1107565	0.0	3308.0
NODE_88_length_2731_cov_125.126_ID_42153	CR382139.2	91.55	1621	97	31	1	1613	2049118	2047530	0.0	2198.0
NODE_134_length_1483_cov_58.3845_ID_35784	CR382135.2	91.51	1166	52	20	1	1153	34339	33208	0.0	1561.0
NODE_25_length_174279_cov_31.6303_ID_6503	CR382138.2	91.49	2385	145	38	171872	174212	1105195	1107565	0.0	3227.0
NODE_26_length_163395_cov_31.2972_ID_19034	CR382135.2	91.45	1088	73	19	4067	5144	408763	407686	0.0	1476.0
NODE_45_length_24740_cov_58.0865_ID_22015	CR382133.2	91.29	1608	117	16	13927	15524	1235258	1233664	0.0	2172.0
NODE_77_length_3604_cov_86.1048_ID_27193	CR382133.2	91.29	1504	88	26	2115	3604	19467	17993	0.0	2012.0
NODE_110_length_1893_cov_74.3199_ID_32051	CR382138.2	91.17	1235	79	26	1	1227	2290210	2288998	0.0	1650.0
NODE_101_length_2209_cov_131.701_ID_51802	CR382139.2	91.15	1560	102	33	246	1789	952137	950598	0.0	2084.0
NODE_1_length_876801_cov_30.5766_ID_17176	CR382138.2	91.15	1379	91	25	194462	195830	1025605	1024248	0.0	1842.0
NODE_1_length_876801_cov_30.5766_ID_17176	CR382138.2	91.15	1379	91	25	192268	193625	1023411	1022043	0.0	1842.0
NODE_5_length_525654_cov_30.1827_ID_15356	CR382137.2	91.04	1005	82	8	325622	326622	723656	722656	0.0	1351.0
NODE_3_length_679250_cov_30.0462_ID_19177	CR382135.2	91.02	1147	64	31	675747	676882	15571	14453	0.0	1511.0
NODE_88_length_2731_cov_125.126_ID_42153	CR382139.2	91.02	1147	64	31	1613	2731	21298	22433	0.0	1511.0
NODE_123_length_1640_cov_170.096_ID_44370	CR382135.2	91.0	1666	103	37	3	1640	6582	8228	0.0	2202.0
NODE_1_length_876801_cov_30.5766_ID_17176	CR382138.2	91.01	1713	112	30	1	1689	1105854	1107548	0.0	2272.0
NODE_110_length_1893_cov_74.3199_ID_32051	CR382134.2	90.95	1238	74	34	1	1227	942	2152	0.0	1631.0
NODE_1_length_876801_cov_30.5766_ID_17176	CR382138.2	90.9	2373	151	42	110321	112674	1216180	1218506	0.0	3125.0
NODE_128_length_1543_cov_162.385_ID_56936	CR382136.2	90.87	1281	99	17	272	1543	480222	481493	0.0	1701.0
NODE_128_length_1543_cov_162.385_ID_56936	CR382133.2	90.87	1281	99	17	272	1543	339893	338622	0.0	1701.0
NODE_14_length_285274_cov_30.4456_ID_13957	CR382134.2	90.73	1737	142	18	188688	190415	1094515	1092789	0.0	2298.0
NODE_123_length_1640_cov_170.096_ID_44370	CR382138.2	90.72	1659	116	30	6	1640	2293644	2292000	0.0	2176.0
NODE_31_length_137048_cov_31.1083_ID_48826	CR382138.2	90.62	2804	169	67	8276	11014	23567	26341	0.0	3635.0
NODE_85_length_2857_cov_49.7415_ID_28711	CR382133.2	90.58	1093	82	19	1775	2857	22114	21033	0.0	1428.0
NODE_121_length_1652_cov_126.648_ID_40609	CR382136.2	90.53	1668	112	33	1	1652	60012	61649	0.0	2163.0
NODE_98_length_2340_cov_135.213_ID_34843	CR382139.2	90.51	1560	112	33	377	1920	952137	950598	0.0	2028.0
NODE_123_length_1640_cov_170.096_ID_44370	CR382136.2	90.48	1659	117	31	6	1640	1599551	1597910	0.0	2150.0
NODE_49_length_19041_cov_45.4687_ID_23462	CR382138.2	90.37	1101	77	22	6043	7136	2302690	2301612	0.0	1419.0
NODE_49_length_19041_cov_45.4687_ID_23462	CR382133.2	90.36	1100	79	20	6043	7136	3485	4563	0.0	1419.0
NODE_3_length_679250_cov_30.0462_ID_19177	CR382133.2	90.34	1833	102	46	241	2025	907497	909302	0.0	2335.0
NODE_77_length_3604_cov_86.1048_ID_27193	CR382136.2	90.32	1591	103	32	2032	3604	1597428	1598985	0.0	2037.0
NODE_77_length_3604_cov_86.1048_ID_27193	CR382134.2	90.29	1596	100	38	2029	3604	1338680	1340240	0.0	2037.0
NODE_26_length_163395_cov_31.2972_ID_19034	CR382135.2	90.28	1091	80	25	5548	6625	410244	409167	0.0	1404.0
NODE_85_length_2857_cov_49.7415_ID_28711	CR382135.2	90.27	1439	77	37	1460	2857	11952	10536	0.0	1823.0
NODE_77_length_3604_cov_86.1048_ID_27193	CR382134.2	90.24	1598	97	42	2029	3604	1323811	1325371	0.0	2032.0
NODE_14_length_285274_cov_30.4456_ID_13957	CR382134.2	90.22	1739	147	22	191308	193034	1097135	1095408	0.0	2248.0
NODE_49_length_19041_cov_45.4687_ID_23462	CR382135.2	90.18	1100	81	20	6043	7136	2793	3871	0.0	1408.0
NODE_49_length_19041_cov_45.4687_ID_23462	CR382133.2	90.18	1100	81	20	6043	7136	1248529	1247451	0.0	1408.0
NODE_35_length_121071_cov_30.4483_ID_29361	CR382135.2	90.17	2055	137	51	118861	120892	537559	539571	0.0	2615.0
NODE_49_length_19041_cov_45.4687_ID_23462	CR382138.2	90.17	1099	83	18	6043	7136	2335	3413	0.0	1408.0
NODE_49_length_19041_cov_45.4687_ID_23462	CR382139.2	90.08	1099	84	18	6043	7136	5702	6780	0.0	1402.0
NODE_91_length_2624_cov_223.91_ID_45562	CR382136.2	90.05	1095	83	22	998	2081	1601621	1600542	0.0	1395.0
NODE_102_length_2176_cov_229.458_ID_38772	CR382136.2	90.05	1095	83	22	550	1633	1601621	1600542	0.0	1395.0
NODE_100_length_2229_cov_227.957_ID_51596	CR382136.2	89.95	1095	84	22	597	1680	1600542	1601621	0.0	1389.0
NODE_110_length_1893_cov_74.3199_ID_32051	CR382139.2	89.88	1235	85	31	1	1227	2048732	2047530	0.0	1552.0
NODE_56_length_10364_cov_50.9412_ID_57052	CR382133.2	89.8	2019	178	23	8362	10364	1243543	1241537	0.0	2562.0
NODE_49_length_19041_cov_45.4687_ID_23462	CR382136.2	89.8	1157	84	22	17143	18287	19269	20403	0.0	1452.0
NODE_91_length_2624_cov_223.91_ID_45562	CR382138.2	89.8	1098	81	27	998	2081	2295923	2294843	0.0	1378.0
NODE_102_length_2176_cov_229.458_ID_38772	CR382138.2	89.8	1098	81	27	550	1633	2295923	2294843	0.0	1378.0
NODE_101_length_2209_cov_131.701_ID_51802	CR382137.2	89.78	1781	132	45	246	2004	523499	521747	0.0	2235.0
NODE_110_length_1893_cov_74.3199_ID_32051	CR382136.2	89.74	1238	81	37	1	1227	56685	57887	0.0	1541.0
NODE_48_length_19432_cov_31.7027_ID_23065	CR382138.2	89.73	1081	77	20	1	1063	2303393	2304457	0.0	1351.0
NODE_100_length_2229_cov_227.957_ID_51596	CR382138.2	89.71	1098	82	27	597	1680	2294843	2295923	0.0	1373.0
NODE_51_length_12567_cov_33.0275_ID_24219	CR382139.2	89.69	1697	144	30	5058	6735	2023846	2022162	0.0	2135.0
NODE_87_length_2743_cov_271.712_ID_51003	CR382136.2	89.69	1096	85	24	550	1633	1601621	1600542	0.0	1373.0
NODE_50_length_18120_cov_28.4371_ID_26010	CR382136.2	89.68	1696	146	28	4211	5895	38911	37234	0.0	2135.0
NODE_5_length_525654_cov_30.1827_ID_15356	CR382137.2	89.68	1134	95	20	513025	514148	537820	536699	0.0	1426.0
NODE_5_length_525654_cov_30.1827_ID_15356	CR382137.2	89.68	1134	95	20	511551	512672	536346	535223	0.0	1426.0
NODE_48_length_19432_cov_31.7027_ID_23065	CR382133.2	89.65	1082	76	22	1	1063	2848	1784	0.0	1345.0
NODE_170_length_1016_cov_188.354_ID_47262	CR382135.2	89.64	1071	49	31	1	1016	11477	12540	0.0	1306.0
NODE_35_length_121071_cov_30.4483_ID_29361	CR382135.2	89.61	2272	161	56	115894	118118	534739	536982	0.0	2819.0
NODE_48_length_19432_cov_31.7027_ID_23065	CR382139.2	89.61	1088	74	21	1	1063	4999	3926	0.0	1347.0
NODE_77_length_3604_cov_86.1048_ID_27193	CR382138.2	89.53	1538	113	29	2049	3570	2291536	2293041	0.0	1905.0
NODE_144_length_1323_cov_95.3651_ID_39136	CR382134.2	89.5	1267	66	38	92	1308	1340959	1342208	0.0	1541.0
NODE_87_length_2743_cov_271.712_ID_51003	CR382138.2	89.44	1099	83	29	550	1633	2295923	2294843	0.0	1356.0
NODE_49_length_19041_cov_45.4687_ID_23462	CR382134.2	89.42	1910	151	44	13232	15118	1325970	1324089	0.0	2361.0
NODE_49_length_19041_cov_45.4687_ID_23462	CR382138.2	89.41	1161	95	24	17146	18289	2296288	2295139	0.0	1437.0
NODE_128_length_1543_cov_162.385_ID_56936	CR382139.2	89.39	1046	99	12	504	1543	966633	967672	0.0	1306.0
NODE_137_length_1417_cov_71.3267_ID_56972	CR382134.2	89.29	1204	111	18	212	1406	510669	511863	0.0	1493.0
NODE_8_length_435854_cov_30.2883_ID_9629	CR382135.2	89.28	2061	144	59	681	2693	534663	536694	0.0	2510.0
NODE_98_length_2340_cov_135.213_ID_34843	CR382137.2	89.28	1781	141	45	377	2135	523499	521747	0.0	2185.0
NODE_77_length_3604_cov_86.1048_ID_27193	CR382135.2	89.26	1583	109	40	2032	3594	8704	7163	0.0	1925.0
NODE_48_length_19432_cov_31.7027_ID_23065	CR382135.2	89.26	1089	76	26	1	1063	2099	1026	0.0	1325.0
NODE_48_length_19432_cov_31.7027_ID_23065	CR382138.2	89.26	1089	76	26	1	1063	1641	568	0.0	1325.0
NODE_19_length_254767_cov_29.691_ID_11731	CR382139.2	89.23	1068	100	14	253209	254269	950846	951905	0.0	1321.0
NODE_49_length_19041_cov_45.4687_ID_23462	CR382134.2	89.16	1909	156	40	13232	15118	1340837	1338958	0.0	2331.0
NODE_49_length_19041_cov_45.4687_ID_23462	CR382138.2	89.16	1873	155	46	13268	15114	27833	29683	0.0	2290.0
NODE_101_length_2209_cov_131.701_ID_51802	CR382134.2	89.15	1124	89	30	896	2004	1003113	1004218	0.0	1369.0
NODE_98_length_2340_cov_135.213_ID_34843	CR382134.2	89.15	1124	89	30	1027	2135	1003113	1004218	0.0	1369.0
NODE_77_length_3604_cov_86.1048_ID_27193	CR382138.2	89.1	1596	113	39	2029	3604	29958	28404	0.0	1927.0
NODE_101_length_2209_cov_131.701_ID_51802	CR382138.2	89.09	1146	86	32	877	2004	1559044	1557920	0.0	1387.0
NODE_136_length_1459_cov_126.6_ID_44234	CR382134.2	89.07	1098	89	27	101	1181	2632	3715	0.0	1334.0
NODE_98_length_2340_cov_135.213_ID_34843	CR382138.2	89.01	1146	87	34	1008	2135	1559044	1557920	0.0	1382.0
NODE_61_length_7613_cov_28.4156_ID_23955	CR382135.2	88.97	1006	70	29	486	1459	18528	19524	0.0	1205.0
NODE_51_length_12567_cov_33.0275_ID_24219	CR382136.2	88.95	1430	107	44	11163	12567	61415	60012	0.0	1718.0
NODE_19_length_254767_cov_29.691_ID_11731	CR382137.2	88.94	1067	104	13	253209	254269	522209	523267	0.0	1304.0
NODE_19_length_254767_cov_29.691_ID_11731	CR382139.2	88.85	2564	215	69	1	2530	1225871	1223345	0.0	3085.0
NODE_55_length_10556_cov_40.3796_ID_38090	CR382139.2	88.73	1251	120	18	3623	4860	2005971	2007213	0.0	1509.0
NODE_20_length_252979_cov_28.6208_ID_18305	CR382139.2	88.73	1251	120	18	2083	3325	2032423	2033660	0.0	1509.0
NODE_49_length_19041_cov_45.4687_ID_23462	CR382133.2	88.59	1902	164	44	13235	15114	17402	19272	0.0	2261.0
NODE_49_length_19041_cov_45.4687_ID_23462	CR382136.2	88.57	1164	98	29	17145	18289	1601984	1600837	0.0	1380.0
NODE_51_length_12567_cov_33.0275_ID_24219	CR382133.2	88.56	1442	103	48	11163	12567	16686	15270	0.0	1692.0
NODE_31_length_137048_cov_31.1083_ID_48826	CR382135.2	88.56	1171	99	31	8354	9505	55545	56699	0.0	1387.0
NODE_23_length_210889_cov_28.1446_ID_8858	CR382135.2	88.55	1781	161	39	15841	17604	22280	20526	0.0	2119.0
NODE_46_length_22945_cov_30.0703_ID_23252	CR382138.2	88.54	1780	163	37	20121	21875	47405	49168	0.0	2119.0
NODE_122_length_1647_cov_146.978_ID_32791	CR382137.2	88.5	1661	96	53	1	1647	2004822	2006401	0.0	1921.0
NODE_41_length_58900_cov_28.0337_ID_25007	CR382136.2	88.48	1189	105	28	12927	14100	59250	60421	0.0	1408.0
NODE_46_length_22945_cov_30.0703_ID_23252	CR382134.2	88.46	2782	198	81	9389	12133	1334336	1337031	0.0	3245.0
NODE_68_length_5694_cov_52.4085_ID_27639	CR382135.2	88.46	2782	198	81	186	2881	30268	33012	0.0	3245.0
NODE_41_length_58900_cov_28.0337_ID_25007	CR382137.2	88.44	1081	110	13	29000	30069	29950	31026	0.0	1290.0
NODE_41_length_58900_cov_28.0337_ID_25007	CR382136.2	88.4	1190	104	30	12927	14100	30626	31797	0.0	1402.0
NODE_105_length_1997_cov_121.573_ID_37052	CR382135.2	88.39	1189	106	28	659	1830	55526	56699	0.0	1402.0
NODE_41_length_58900_cov_28.0337_ID_25007	CR382133.2	88.39	1171	101	31	12946	14100	14528	15679	0.0	1376.0
NODE_7_length_495473_cov_29.606_ID_30690	CR382137.2	88.38	1756	155	46	54231	55963	1564627	1566356	0.0	2067.0
NODE_49_length_19041_cov_45.4687_ID_23462	CR382137.2	88.36	1108	87	23	6036	7136	27495	28567	0.0	1293.0
NODE_45_length_24740_cov_58.0865_ID_22015	CR382138.2	88.36	1108	87	23	17824	18896	11315	12415	0.0	1293.0
NODE_41_length_58900_cov_28.0337_ID_25007	CR382134.2	88.35	1185	107	27	12930	14100	1328543	1327376	0.0	1395.0
NODE_45_length_24740_cov_58.0865_ID_22015	CR382135.2	88.34	1081	111	13	20279	21355	71689	72758	0.0	1284.0
NODE_83_length_2998_cov_99.3048_ID_34368	CR382135.2	88.32	1190	105	30	1769	2940	56699	55526	0.0	1397.0
NODE_125_length_1604_cov_170.578_ID_43508	CR382138.2	88.27	1568	147	37	55	1604	18641	20189	0.0	1842.0
NODE_119_length_1685_cov_189.572_ID_41033	CR382138.2	88.22	1604	151	34	1	1585	18813	20397	0.0	1881.0
NODE_123_length_1640_cov_170.096_ID_44370	CR382138.2	88.19	1668	147	39	1	1640	18544	20189	0.0	1943.0
NODE_96_length_2369_cov_193.922_ID_32625	CR382135.2	88.19	1185	109	27	168	1335	56699	55529	0.0	1384.0
NODE_121_length_1652_cov_126.648_ID_40609	CR382136.2	88.17	1446	110	45	1	1426	31388	32792	0.0	1666.0
NODE_30_length_144494_cov_29.0413_ID_21604	CR382135.2	88.12	1852	161	42	98198	100011	151936	150106	0.0	2146.0
NODE_30_length_144494_cov_29.0413_ID_21604	CR382135.2	88.12	1852	161	42	95503	97333	149241	147428	0.0	2146.0
NODE_51_length_12567_cov_33.0275_ID_24219	CR382138.2	88.1	1445	104	53	11163	12567	25808	24392	0.0	1653.0
NODE_14_length_285274_cov_30.4456_ID_13957	CR382134.2	88.08	1560	146	37	176534	178073	1112046	1110507	0.0	1814.0
NODE_14_length_285274_cov_30.4456_ID_13957	CR382134.2	88.08	1560	146	37	173777	175316	1109289	1107750	0.0	1814.0
NODE_7_length_495473_cov_29.606_ID_30690	CR382137.2	88.05	1757	159	48	57238	58967	1561620	1563352	0.0	2034.0
NODE_97_length_2352_cov_117.45_ID_43352	CR382136.2	88.04	1045	62	37	1330	2352	1594200	1595203	0.0	1179.0
NODE_42_length_50540_cov_29.6671_ID_38532	CR382133.2	88.0	1283	113	32	33910	35180	1222057	1220804	0.0	1478.0
NODE_9_length_408304_cov_29.3447_ID_21904	CR382135.2	88.0	1033	97	21	140819	141843	1456475	1455462	0.0	1195.0
NODE_9_length_408304_cov_29.3447_ID_21904	CR382135.2	88.0	1033	97	21	139326	140339	1454982	1453958	0.0	1195.0
NODE_41_length_58900_cov_28.0337_ID_25007	CR382138.2	87.99	1191	107	32	12927	14100	23630	24801	0.0	1375.0
NODE_7_length_495473_cov_29.606_ID_30690	CR382137.2	87.82	1535	156	31	30355	31874	1533604	1535122	0.0	1770.0
NODE_7_length_495473_cov_29.606_ID_30690	CR382137.2	87.82	1535	156	31	26215	27733	1537744	1539263	0.0	1770.0
NODE_7_length_495473_cov_29.606_ID_30690	CR382137.2	87.74	1583	157	34	26169	27733	1535592	1537155	0.0	1814.0
NODE_7_length_495473_cov_29.606_ID_30690	CR382137.2	87.74	1583	157	33	28203	29766	1533558	1535122	0.0	1814.0
NODE_7_length_495473_cov_29.606_ID_30690	CR382137.2	87.72	1613	160	38	30287	31879	1535566	1537160	0.0	1847.0
NODE_7_length_495473_cov_29.606_ID_30690	CR382137.2	87.72	1613	160	38	28177	29771	1537676	1539268	0.0	1847.0
NODE_49_length_19041_cov_45.4687_ID_23462	CR382136.2	87.7	1878	177	50	13268	15118	1599553	1597703	0.0	2139.0
NODE_49_length_19041_cov_45.4687_ID_23462	CR382135.2	87.68	1908	178	54	13237	15114	6552	8432	0.0	2169.0
NODE_75_length_4394_cov_169.69_ID_39272	CR382138.2	87.63	1908	179	54	1728	3608	20393	18516	0.0	2163.0
NODE_5_length_525654_cov_30.1827_ID_15356	CR382137.2	87.61	1872	163	60	139075	140907	913694	911853	0.0	2108.0
NODE_5_length_525654_cov_30.1827_ID_15356	CR382137.2	87.61	1872	163	60	135691	137532	910310	908478	0.0	2108.0
NODE_8_length_435854_cov_30.2883_ID_9629	CR382135.2	87.52	1939	174	61	747	2656	531705	533604	0.0	2178.0
NODE_1_length_876801_cov_30.5766_ID_17176	CR382133.2	87.49	1023	85	20	1	1011	82219	83210	0.0	1140.0
NODE_14_length_285274_cov_30.4456_ID_13957	CR382134.2	87.48	1573	158	39	176527	178079	1096971	1095418	0.0	1777.0
NODE_14_length_285274_cov_30.4456_ID_13957	CR382134.2	87.42	2710	278	61	245545	248224	1037192	1034516	0.0	3057.0
NODE_14_length_285274_cov_30.4456_ID_13957	CR382134.2	87.42	2710	278	60	248571	251247	1040218	1037539	0.0	3057.0
NODE_49_length_19041_cov_45.4687_ID_23462	CR382138.2	87.23	1880	178	56	13268	15114	2293646	2291796	0.0	2085.0
NODE_14_length_285274_cov_30.4456_ID_13957	CR382134.2	87.16	1573	163	39	188852	190405	1109296	1107744	0.0	1749.0
NODE_10_length_393466_cov_30.0937_ID_12820	CR382139.2	87.15	1860	180	51	213536	215369	1584844	1583018	0.0	2056.0
NODE_35_length_121071_cov_30.4483_ID_29361	CR382135.2	87.06	1940	181	63	115903	117802	537625	539534	0.0	2128.0
NODE_14_length_285274_cov_30.4456_ID_13957	CR382134.2	86.87	1538	174	26	191469	192992	1112057	1110534	0.0	1696.0
NODE_14_length_285274_cov_30.4456_ID_13957	CR382134.2	86.87	1538	174	26	173766	175289	1094354	1092831	0.0	1696.0
NODE_92_length_2620_cov_71.8027_ID_36314	CR382133.2	86.79	1158	93	27	717	1861	82100	83210	0.0	1236.0
NODE_18_length_259919_cov_28.4764_ID_6666	CR382138.2	86.78	1157	95	26	7981	9091	1218002	1216858	0.0	1236.0
NODE_25_length_174279_cov_31.6303_ID_6503	CR382133.2	86.61	1158	95	27	172376	173520	82100	83210	0.0	1225.0
NODE_8_length_435854_cov_30.2883_ID_9629	CR382135.2	86.41	1501	140	58	304934	306408	839726	841188	0.0	1583.0
NODE_8_length_435854_cov_30.2883_ID_9629	CR382135.2	86.41	1501	140	56	302848	304310	841812	843286	0.0	1583.0
NODE_66_length_5866_cov_36.1189_ID_44950	CR382134.2	86.39	1778	201	38	2340	4101	1331890	1333642	0.0	1905.0
NODE_97_length_2352_cov_117.45_ID_43352	CR382137.2	86.38	2158	169	74	1	2133	2004822	2006879	0.0	2241.0
NODE_52_length_11907_cov_137.292_ID_23768	CR382136.2	86.36	2404	227	85	9274	11631	7996	10344	0.0	2529.0
NODE_31_length_137048_cov_31.1083_ID_48826	CR382136.2	86.36	1078	90	41	9811	10848	1606292	1605232	0.0	1123.0
NODE_71_length_5112_cov_32.9616_ID_43704	CR382136.2	86.35	1048	85	31	3905	4923	699283	698265	0.0	1090.0
NODE_118_length_1684_cov_124.539_ID_40459	CR382136.2	86.08	1487	117	70	231	1684	1594447	1595876	0.0	1517.0
NODE_68_length_5694_cov_52.4085_ID_27639	CR382136.2	85.92	1775	201	42	3578	5327	15465	13715	0.0	1847.0
NODE_144_length_1323_cov_95.3651_ID_39136	CR382136.2	85.79	1168	91	52	177	1322	61930	60816	0.0	1168.0
NODE_74_length_4520_cov_38.5875_ID_26486	CR382138.2	85.58	2316	245	83	1	2273	1391265	1393534	0.0	2344.0
NODE_45_length_24740_cov_58.0865_ID_22015	CR382138.2	85.45	1553	145	49	17628	19129	2302893	2301371	0.0	1541.0
NODE_45_length_24740_cov_58.0865_ID_22015	CR382133.2	85.43	1551	140	49	17628	19129	3282	4795	0.0	1533.0
NODE_14_length_285274_cov_30.4456_ID_13957	CR382134.2	85.42	1523	188	33	173784	175289	1096956	1095451	0.0	1552.0
NODE_45_length_24740_cov_58.0865_ID_22015	CR382133.2	85.36	1551	150	46	17628	19129	1248732	1247210	0.0	1535.0
NODE_14_length_285274_cov_30.4456_ID_13957	CR382134.2	85.36	1523	189	34	188867	190372	1112039	1110534	0.0	1546.0
NODE_45_length_24740_cov_58.0865_ID_22015	CR382135.2	85.28	1549	146	45	17628	19129	2590	4103	0.0	1522.0
NODE_112_length_1788_cov_32.3024_ID_28999	CR382139.2	85.26	1031	83	45	1	1008	1584169	1585153	0.0	998.0
NODE_45_length_24740_cov_58.0865_ID_22015	CR382139.2	85.24	1551	152	46	17628	19129	5499	7021	0.0	1524.0
NODE_118_length_1684_cov_124.539_ID_40459	CR382135.2	85.24	1484	141	61	231	1684	11692	10257	0.0	1456.0
NODE_45_length_24740_cov_58.0865_ID_22015	CR382138.2	85.19	1553	152	47	17628	19129	2132	3657	0.0	1522.0
NODE_36_length_96786_cov_28.6949_ID_18167	CR382138.2	100.0	96786	1	0	1	96786	342825	246040	0.0	178700.0
NODE_57_length_9634_cov_31.7815_ID_22663	CR382139.2	100.0	9634	0	0	1	9634	1593802	1584169	0.0	17790.0
NODE_37_length_91575_cov_30.7307_ID_13759	CR382139.2	100.0	91575	1	0	1	91575	790885	699311	0.0	169100.0
NODE_34_length_126139_cov_28.9948_ID_14813	CR382136.2	100.0	89669	1	1	1	89667	210571	120903	0.0	165600.0
NODE_38_length_89589_cov_30.1977_ID_12335	CR382137.2	100.0	89589	0	0	1	89589	1049354	1138942	0.0	165400.0
NODE_39_length_83717_cov_35.3996_ID_15810	CR382137.2	100.0	83717	2	0	1	83717	508432	424716	0.0	154600.0
NODE_15_length_284696_cov_28.5001_ID_11517	CR382133.2	100.0	83656	3	0	1	83656	908872	992527	0.0	154500.0
NODE_2_length_726401_cov_30.0096_ID_5569	CR382138.2	100.0	707364	23	7	1	707359	2289517	1582158	0.0	1306000.0
NODE_31_length_137048_cov_31.1083_ID_48826	CR382134.2	100.0	67063	2	1	69987	137048	45422	112484	0.0	123800.0
NODE_18_length_259919_cov_28.4764_ID_6666	CR382133.2	100.0	6516	0	0	1	6516	74273	80788	0.0	12030.0
NODE_9_length_408304_cov_29.3447_ID_21904	CR382135.2	100.0	5604	0	0	402701	408304	1074999	1069396	0.0	10350.0
NODE_5_length_525654_cov_30.1827_ID_15356	CR382137.2	100.0	525670	5	8	1	525654	1049385	523717	0.0	970600.0
NODE_71_length_5112_cov_32.9616_ID_43704	CR382136.2	100.0	5112	0	0	1	5112	698697	693586	0.0	9441.0
NODE_6_length_500705_cov_29.6415_ID_7840	CR382136.2	100.0	495932	7	5	4780	500705	1086700	1582622	0.0	915700.0
NODE_72_length_4942_cov_71.647_ID_26991	CR382139.2	100.0	4942	0	0	1	4942	947139	942198	0.0	9127.0
NODE_32_length_129702_cov_30.1659_ID_44802	CR382137.2	100.0	43698	2	0	1	43698	1350500	1394197	0.0	80680.0
NODE_11_length_390254_cov_32.0543_ID_51423	CR382137.2	100.0	390262	1	1	1	390254	34457	424718	0.0	720600.0
NODE_43_length_38054_cov_28.7213_ID_19563	CR382134.2	100.0	38054	0	0	1	38054	1285859	1323912	0.0	70270.0
NODE_34_length_126139_cov_28.9948_ID_14813	CR382134.2	100.0	36474	0	0	89666	126139	45423	8950	0.0	67360.0
NODE_1_length_876801_cov_30.5766_ID_17176	CR382138.2	100.0	309882	4	2	1	309881	1217868	907991	0.0	572200.0
NODE_81_length_3040_cov_273.776_ID_56086	CR382135.2	100.0	3040	0	0	1	3040	991156	988117	0.0	5614.0
NODE_10_length_393466_cov_30.0937_ID_12820	CR382134.2	100.0	301500	1	1	67649	369147	658390	356891	0.0	556800.0
NODE_44_length_26825_cov_28.8455_ID_20679	CR382137.2	100.0	26825	0	0	1	26825	1507397	1480573	0.0	49540.0
NODE_17_length_264473_cov_30.4403_ID_35651	CR382134.2	100.0	264124	0	3	352	264473	727604	991726	0.0	487700.0
NODE_93_length_2584_cov_32.3745_ID_26877	CR382139.2	100.0	2584	0	0	1	2584	1224163	1221580	0.0	4772.0
NODE_19_length_254767_cov_29.691_ID_11731	CR382139.2	100.0	254767	2	0	1	254767	1220901	966135	0.0	470500.0
NODE_20_length_252979_cov_28.6208_ID_18305	CR382139.2	100.0	252988	2	1	1	252979	2009295	1756308	0.0	467100.0
NODE_45_length_24740_cov_58.0865_ID_22015	CR382137.2	100.0	24740	1	0	1	24740	9672	34411	0.0	45680.0
NODE_10_length_393466_cov_30.0937_ID_12820	CR382134.2	100.0	24387	1	0	369080	393466	356928	332542	0.0	45030.0
NODE_3_length_679250_cov_30.0462_ID_19177	CR382139.2	100.0	243087	1	0	352928	596014	346349	103263	0.0	448900.0
NODE_46_length_22945_cov_30.0703_ID_23252	CR382135.2	100.0	22945	0	0	1	22945	42400	19456	0.0	42370.0
NODE_18_length_259919_cov_28.4764_ID_6666	CR382133.2	100.0	215201	5	4	44404	259600	118760	333960	0.0	397300.0
NODE_3_length_679250_cov_30.0462_ID_19177	CR382139.2	100.0	214630	2	0	138366	352995	561031	346402	0.0	396300.0
NODE_22_length_211208_cov_30.3889_ID_10044	CR382137.2	100.0	211209	7	3	1	211208	1350166	1138960	0.0	390000.0
NODE_23_length_210889_cov_28.1446_ID_8858	CR382138.2	100.0	210889	0	0	1	210889	31565	242453	0.0	389400.0
NODE_15_length_284696_cov_28.5001_ID_11517	CR382133.2	100.0	200942	1	7	83515	284453	992067	1193002	0.0	371000.0
NODE_78_length_3301_cov_64.7469_ID_33013	CR382137.2	100.0	1670	0	0	1632	3301	2007511	2005842	0.0	3085.0
NODE_124_length_1618_cov_35.9047_ID_29980	CR382138.2	100.0	1618	0	0	1	1618	245001	243384	0.0	2988.0
NODE_125_length_1604_cov_170.578_ID_43508	CR382133.2	100.0	1604	0	0	1	1604	17465	19068	0.0	2963.0
NODE_28_length_152668_cov_31.1355_ID_10246	CR382138.2	100.0	152614	1	0	1	152614	1391265	1543878	0.0	281800.0
NODE_3_length_679250_cov_30.0462_ID_19177	CR382139.2	100.0	138300	1	0	1	138300	699325	561026	0.0	255400.0
NODE_33_length_127093_cov_31.6106_ID_9527	CR382139.2	100.0	127093	1	0	1	127093	1353642	1226550	0.0	234700.0
NODE_30_length_144494_cov_29.0413_ID_21604	CR382135.2	100.0	125004	1	0	1	125004	247438	122435	0.0	230800.0
NODE_150_length_1242_cov_549.526_ID_48959	CR382133.2	100.0	1242	0	0	1	1242	3711	4952	0.0	2294.0
NODE_154_length_1170_cov_102.827_ID_48638	CR382136.2	100.0	1170	0	0	1	1170	1600264	1601433	0.0	2161.0
NODE_151_length_1240_cov_221.922_ID_32381	CR382135.2	100.0	1123	0	0	118	1240	980914	982036	0.0	2074.0
NODE_161_length_1106_cov_161.695_ID_46350	CR382136.2	100.0	1106	0	0	1	1106	1604031	1605136	0.0	2043.0
NODE_162_length_1094_cov_29.0404_ID_33209	CR382135.2	100.0	1091	0	0	4	1094	358569	359659	0.0	2015.0
NODE_41_length_58900_cov_28.0337_ID_25007	CR382135.2	100.0	10861	0	0	48040	58900	90837	101697	0.0	20060.0
NODE_16_length_267918_cov_29.402_ID_8190	CR382136.2	100.0	107392	4	0	160527	267918	372378	479769	0.0	198300.0
NODE_165_length_1049_cov_325.1_ID_50867	CR382138.2	100.0	1049	0	0	1	1049	2305072	2304024	0.0	1938.0
NODE_166_length_1038_cov_491.964_ID_57084	CR382139.2	100.0	1038	0	0	1	1038	955300	956337	0.0	1917.0
NODE_166_length_1038_cov_491.964_ID_57084	CR382138.2	100.0	1038	0	0	1	1038	1551404	1552441	0.0	1917.0
NODE_167_length_1033_cov_114.07_ID_56956	CR382135.2	100.0	1033	0	0	1	1033	571116	570084	0.0	1908.0
NODE_127_length_1585_cov_128.903_ID_47522	CR382133.2	100.0	1020	0	0	450	1469	335839	336858	0.0	1884.0
NODE_172_length_1001_cov_45.1575_ID_57010	CR382135.2	100.0	1001	0	0	1	1001	101643	102643	0.0	1849.0
