NODE_99_length_4980_cov_18.6041_ID_29270	CR382139.2	100.00	4980	0	0	1	4980	966461	971440	0.0	9197
NODE_93_length_7635_cov_17.7441_ID_25471	CR382134.2	100.00	7635	0	0	1	7635	1285825	1278191	0.0	1.410e+04
NODE_91_length_8340_cov_17.9689_ID_25036	CR382138.2	100.00	8340	0	0	1	8340	1218379	1226718	0.0	1.540e+04
NODE_8_length_375572_cov_20.0416_ID_19272	CR382137.2	100.00	375458	2	1	1	375450	424702	49245	0.0	6.933e+05
NODE_88_length_9082_cov_18.928_ID_26303	CR382136.2	100.00	9082	0	0	1	9082	34837	43918	0.0	1.677e+04
NODE_87_length_9616_cov_19.2956_ID_24259	CR382139.2	100.00	9616	0	0	1	9616	1593784	1584169	0.0	1.776e+04
NODE_85_length_9638_cov_38.6946_ID_24535	CR382137.2	100.00	9638	0	0	1	9638	2004784	1995147	0.0	1.780e+04
NODE_82_length_10259_cov_16.9765_ID_23867	CR382134.2	100.00	10259	0	0	1	10259	1006817	1017075	0.0	1.895e+04
NODE_79_length_10782_cov_17.6747_ID_23663	CR382137.2	100.00	10782	0	0	1	10782	1282206	1271425	0.0	1.991e+04
NODE_77_length_12356_cov_22.0374_ID_25178	CR382135.2	100.00	12356	0	0	1	12356	19508	31863	0.0	2.282e+04
NODE_76_length_13903_cov_18.3916_ID_23541	CR382139.2	100.00	13903	0	0	1	13903	2009937	2023839	0.0	2.568e+04
NODE_71_length_20620_cov_19.9858_ID_21953	CR382138.2	100.00	20620	1	0	1	20620	222243	242862	0.0	3.807e+04
NODE_70_length_20868_cov_18.4955_ID_25316	CR382133.2	100.00	20868	1	0	1	20868	95868	75001	0.0	3.853e+04
NODE_6_length_386253_cov_20.0772_ID_5317	CR382138.2	100.00	386253	2	2	1	386253	2251604	1865355	0.0	7.132e+05
NODE_65_length_32615_cov_19.4769_ID_20017	CR382138.2	100.00	32615	0	0	1	32615	247248	279862	0.0	6.023e+04
NODE_64_length_35148_cov_19.6166_ID_20293	CR382133.2	100.00	35093	0	0	1	35093	298868	333960	0.0	6.481e+04
NODE_63_length_37217_cov_21.069_ID_22823	CR382139.2	100.00	37217	1	0	1	37217	1219748	1182532	0.0	6.872e+04
NODE_62_length_37346_cov_18.4062_ID_22107	CR382138.2	100.00	37346	0	0	1	37346	2289302	2251957	0.0	6.897e+04
NODE_61_length_37901_cov_18.5672_ID_19475	CR382134.2	100.00	37901	0	0	1	37901	1323748	1285848	0.0	6.999e+04
NODE_5_length_393654_cov_20.0501_ID_10050	CR382134.2	100.00	301500	0	1	67652	369150	658390	356891	0.0	5.568e+05
NODE_5_length_393654_cov_20.0501_ID_10050	CR382134.2	100.00	24572	1	0	369083	393654	356928	332357	0.0	4.537e+04
NODE_59_length_50926_cov_19.6925_ID_22533	CR382133.2	100.00	50926	2	0	1	50926	72261	21336	0.0	9.403e+04
NODE_58_length_51855_cov_18.4821_ID_16522	CR382136.2	100.00	51855	0	0	1	51855	511071	562925	0.0	9.576e+04
NODE_57_length_59978_cov_19.337_ID_8668	CR382139.2	100.00	59978	2	0	1	59978	1353642	1293665	0.0	1.107e+05
NODE_56_length_62974_cov_19.3686_ID_14924	CR382138.2	100.00	62974	0	0	1	62974	342825	279852	0.0	1.163e+05
NODE_55_length_64935_cov_19.3584_ID_16268	CR382137.2	100.00	64906	0	0	30	64935	1545485	1480580	0.0	1.199e+05
NODE_54_length_67706_cov_18.9708_ID_19645	CR382137.2	100.00	67706	1	1	1	67706	1350179	1282475	0.0	1.250e+05
NODE_53_length_67866_cov_19.5086_ID_13358	CR382139.2	100.00	67813	0	0	54	67866	1293629	1225817	0.0	1.252e+05
NODE_52_length_69672_cov_18.9665_ID_40604	CR382135.2	100.00	10861	0	0	58812	69672	90837	101697	0.0	2.006e+04
NODE_52_length_69672_cov_18.9665_ID_40604	CR382135.2	100.00	10660	0	0	1	10660	31882	42541	0.0	1.969e+04
NODE_51_length_72865_cov_19.6583_ID_12060	CR382134.2	100.00	72866	1	1	1	72865	1205332	1278197	0.0	1.345e+05
NODE_49_length_79776_cov_20.3217_ID_11240	CR382139.2	100.00	50132	0	0	1	50132	1182473	1132342	0.0	9.258e+04
NODE_49_length_79776_cov_20.3217_ID_11240	CR382136.2	100.00	29645	0	0	50132	79776	1148789	1119145	0.0	5.475e+04
NODE_48_length_81081_cov_18.0294_ID_13228	CR382137.2	100.00	81029	1	0	1	81029	424719	505747	0.0	1.496e+05
NODE_46_length_89492_cov_19.7857_ID_9369	CR382137.2	100.00	89440	0	2	1	89438	1049411	1138850	0.0	1.652e+05
NODE_45_length_94926_cov_19.3516_ID_12796	CR382136.2	100.00	94927	0	3	1	94925	384783	479708	0.0	1.753e+05
NODE_44_length_99146_cov_19.0289_ID_17427	CR382137.2	100.00	99146	0	0	1	99146	1995136	1895991	0.0	1.831e+05
NODE_41_length_105080_cov_19.6404_ID_18691	CR382134.2	100.00	105080	0	0	1	105080	726453	831532	0.0	1.940e+05
NODE_38_length_111902_cov_18.4182_ID_9419	CR382137.2	100.00	111904	0	1	1	111902	1895909	1784006	0.0	2.066e+05
NODE_37_length_116071_cov_18.9382_ID_17956	CR382136.2	100.00	116071	0	1	1	116071	1582622	1466553	0.0	2.143e+05
NODE_34_length_129933_cov_19.9373_ID_16954	CR382136.2	100.00	129935	0	1	1	129933	692844	562910	0.0	2.399e+05
NODE_33_length_132162_cov_20.9347_ID_7911	CR382137.2	100.00	132163	0	2	1	132162	1271121	1138960	0.0	2.440e+05
NODE_32_length_142518_cov_19.7514_ID_9629	CR382138.2	100.00	142518	0	0	1	142518	344020	486537	0.0	2.632e+05
NODE_31_length_142623_cov_19.7049_ID_6642	CR382138.2	100.00	142623	0	0	1	142623	1369465	1226843	0.0	2.634e+05
NODE_30_length_144401_cov_19.9349_ID_22257	CR382135.2	100.00	19387	0	0	125015	144401	121975	102589	0.0	3.580e+04
NODE_2_length_478279_cov_19.831_ID_6273	CR382139.2	100.00	160454	1	0	1	160454	971889	1132342	0.0	2.963e+05
NODE_29_length_147211_cov_19.6752_ID_17177	CR382138.2	100.00	147215	0	1	1	147211	1069559	1216773	0.0	2.718e+05
NODE_27_length_150079_cov_19.9456_ID_8223	CR382136.2	100.00	150079	0	0	1	150079	60493	210571	0.0	2.771e+05
NODE_26_length_150656_cov_19.1621_ID_8053	CR382138.2	100.00	150656	1	0	1	150656	1393098	1543753	0.0	2.782e+05
NODE_24_length_162035_cov_24.0002_ID_17665	CR382137.2	100.00	157834	5	2	3	157835	891555	1049387	0.0	2.914e+05
NODE_221_length_1001_cov_39.481_ID_69966	CR382135.2	100.00	1001	0	0	1	1001	101643	102643	0.0	1849
NODE_220_length_1012_cov_274.938_ID_64589	CR382133.2	100.00	1012	0	0	1	1012	4952	3941	0.0	1869
NODE_219_length_1014_cov_70.6361_ID_69988	CR382135.2	100.00	1014	0	0	1	1014	570103	571116	0.0	1873
NODE_217_length_1025_cov_35.3979_ID_38195	CR382139.2	100.00	1025	0	0	1	1025	966340	965316	0.0	1893
NODE_215_length_1041_cov_420.845_ID_58005	CR382137.2	100.00	1041	0	0	1	1041	515143	516183	0.0	1923
NODE_210_length_1065_cov_28.5545_ID_37652	CR382135.2	100.00	1064	0	0	2	1065	915362	914299	0.0	1965
NODE_20_length_190678_cov_19.0519_ID_23266	CR382138.2	100.00	190680	0	2	1	190678	31565	222244	0.0	3.521e+05
NODE_207_length_1122_cov_21.343_ID_32573	CR382138.2	100.00	1122	0	0	1	1122	1391265	1392386	0.0	2073
NODE_202_length_1139_cov_121.082_ID_41007	CR382135.2	100.00	1139	0	0	1	1139	992907	991769	0.0	2104
NODE_1_length_781040_cov_20.4415_ID_5778	CR382139.2	100.00	444484	4	7	1	444466	790885	346402	0.0	8.207e+05
NODE_1_length_781040_cov_20.4415_ID_5778	CR382139.2	100.00	243087	2	0	444399	687485	346349	103263	0.0	4.489e+05
NODE_19_length_202380_cov_20.4512_ID_7000	CR382133.2	100.00	180117	3	3	10	180123	298876	118760	0.0	3.326e+05
NODE_199_length_1208_cov_22.222_ID_34752	CR382139.2	100.00	1208	0	0	1	1208	1219694	1220901	0.0	2231
NODE_197_length_1248_cov_108.593_ID_50510	CR382136.2	100.00	1248	0	0	1	1248	1599523	1598276	0.0	2305
NODE_190_length_1346_cov_26.1084_ID_41603	CR382135.2	100.00	1346	0	0	1	1346	535514	536859	0.0	2486
NODE_187_length_1377_cov_133.855_ID_53132	CR382134.2	100.00	1377	0	0	1	1377	995028	996404	0.0	2543
NODE_182_length_1411_cov_198.035_ID_62867	CR382138.2	100.00	1411	0	0	1	1411	1646	236	0.0	2606
NODE_182_length_1411_cov_198.035_ID_62867	CR382135.2	100.00	1411	0	0	1	1411	2104	694	0.0	2606
NODE_181_length_1417_cov_43.2841_ID_69912	CR382139.2	100.00	1417	0	0	1	1417	1582807	1584223	0.0	2617
NODE_17_length_212278_cov_20.2157_ID_11290	CR382134.2	100.00	212278	1	0	1	212278	326862	114585	0.0	3.920e+05
NODE_167_length_1743_cov_19.5113_ID_30559	CR382134.2	100.00	1743	0	0	1	1743	1337216	1335474	0.0	3219
NODE_164_length_1825_cov_27.0203_ID_30945	CR382134.2	100.00	1814	0	0	12	1825	1093855	1095668	0.0	3350
NODE_161_length_1879_cov_21.0921_ID_29790	CR382134.2	100.00	1849	0	0	31	1879	1329578	1331426	0.0	3415
NODE_149_length_2071_cov_236.948_ID_39538	CR382134.2	100.00	2071	0	0	1	2071	2188	4258	0.0	3825
NODE_146_length_2092_cov_60.8385_ID_33632	CR382135.2	100.00	2092	0	0	1	2092	5771	7862	0.0	3864
NODE_143_length_2203_cov_17.5568_ID_28828	CR382139.2	100.00	2203	0	0	1	2203	1223782	1221580	0.0	4069
NODE_142_length_2203_cov_27.6932_ID_35082	CR382139.2	100.00	2203	0	0	1	2203	962386	964588	0.0	4069
NODE_13_length_278765_cov_20.0182_ID_5528	CR382138.2	100.00	273185	0	0	5551	278735	1592180	1865364	0.0	5.045e+05
NODE_139_length_2269_cov_228.396_ID_52646	CR382134.2	100.00	2269	0	0	1	2269	2083	4351	0.0	4191
NODE_133_length_2347_cov_27.2243_ID_32269	CR382134.2	100.00	2347	0	0	1	2347	1334725	1332379	0.0	4335
NODE_131_length_2444_cov_27.3932_ID_31285	CR382136.2	100.00	2444	0	0	1	2444	1595184	1592741	0.0	4514
NODE_130_length_2531_cov_27.4105_ID_34314	CR382136.2	100.00	2531	0	0	1	2531	34399	31869	0.0	4674
NODE_128_length_2626_cov_221.991_ID_52258	CR382134.2	100.00	2072	0	0	1	2072	2188	4259	0.0	3827
NODE_120_length_2743_cov_233.297_ID_59557	CR382134.2	100.00	2176	0	0	1	2176	2083	4258	0.0	4019
NODE_118_length_2812_cov_25.7664_ID_43463	CR382134.2	100.00	2812	0	0	1	2812	1107976	1110787	0.0	5193
NODE_117_length_3018_cov_26.242_ID_30165	CR382138.2	100.00	3018	0	0	1	3018	2299962	2296945	0.0	5574
NODE_114_length_3312_cov_19.7897_ID_67493	CR382136.2	100.00	3312	0	0	1	3312	14936	11625	0.0	6117
NODE_113_length_3469_cov_62.5888_ID_37206	CR382137.2	100.00	1877	0	0	1	1877	2005635	2007511	0.0	3467
NODE_111_length_3500_cov_16.2871_ID_27716	CR382139.2	100.00	3500	0	0	1	3500	961940	958441	0.0	6464
NODE_10_length_365995_cov_19.4662_ID_20781	CR382138.2	100.00	161586	2	1	204411	365995	907991	1069576	0.0	2.984e+05
NODE_108_length_3684_cov_25.6826_ID_28388	CR382136.2	100.00	3684	0	0	1	3684	47306	50989	0.0	6804
NODE_107_length_3752_cov_18.8696_ID_27337	CR382136.2	100.00	3752	0	0	1	3752	50908	54659	0.0	6929
NODE_105_length_3915_cov_23.229_ID_27287	CR382139.2	100.00	3868	0	0	1	3868	1355116	1358983	0.0	7143
NODE_102_length_4638_cov_50.2238_ID_28992	CR382138.2	100.00	4638	0	0	1	4638	19242	23879	0.0	8565
NODE_90_length_8512_cov_22.5133_ID_27439	CR382133.2	99.99	6739	1	0	1	6739	14757	8019	0.0	1.244e+04
NODE_81_length_10376_cov_26.5313_ID_24085	CR382139.2	99.99	10376	1	0	1	10376	2047824	2037449	0.0	1.916e+04
NODE_7_length_386049_cov_20.0221_ID_7268	CR382135.2	99.99	327620	43	6	58433	386049	914372	586756	0.0	6.047e+05
NODE_75_length_14462_cov_24.1233_ID_25521	CR382138.2	99.99	14462	2	0	1	14462	5324	19785	0.0	2.670e+04
NODE_60_length_49739_cov_20.1529_ID_21649	CR382135.2	99.99	49690	3	0	50	49739	586567	536878	0.0	9.174e+04
NODE_5_length_393654_cov_20.0501_ID_10050	CR382134.2	99.99	67745	4	0	1	67745	726102	658358	0.0	1.251e+05
NODE_4_length_435960_cov_19.9581_ID_14295	CR382133.2	99.99	435947	5	12	1	435915	1232773	796832	0.0	8.048e+05
NODE_42_length_103547_cov_19.8827_ID_13626	CR382134.2	99.99	103553	1	3	1	103547	8950	112502	0.0	1.912e+05
NODE_39_length_111608_cov_19.9429_ID_8433	CR382135.2	99.99	101787	8	3	9823	111608	1176702	1074918	0.0	1.879e+05
NODE_36_length_116278_cov_18.6774_ID_63163	CR382135.2	99.99	116278	6	0	1	116278	532080	415803	0.0	2.147e+05
NODE_2_length_478279_cov_19.831_ID_6273	CR382136.2	99.99	317832	1	4	160454	478279	1148789	1466605	0.0	5.868e+05
NODE_28_length_149666_cov_19.2164_ID_15762	CR382139.2	99.99	149687	1	12	1	149666	790859	940545	0.0	2.763e+05
NODE_23_length_162514_cov_20.2329_ID_18110	CR382139.2	99.99	162533	1	14	1	162514	1593830	1756359	0.0	3.000e+05
NODE_21_length_172824_cov_19.7585_ID_6495	CR382136.2	99.99	160704	5	5	1	160704	211766	372459	0.0	2.967e+05
NODE_15_length_223737_cov_36.5296_ID_55648	CR382139.2	99.99	93839	7	0	1	93839	1359070	1452908	0.0	1.733e+05
NODE_14_length_252932_cov_19.2674_ID_15475	CR382139.2	99.99	252943	2	2	1	252932	2009250	1756308	0.0	4.670e+05
NODE_12_length_313051_cov_21.0995_ID_13812	CR382136.2	99.99	55467	4	2	127915	183380	821116	876581	0.0	1.024e+05
NODE_11_length_359201_cov_20.2388_ID_14414	CR382135.2	99.99	359202	5	17	45	359201	1551310	1192109	0.0	6.630e+05
NODE_69_length_20909_cov_19.8694_ID_21851	CR382138.2	99.98	20911	0	1	3	20909	1369468	1390378	0.0	3.859e+04
NODE_40_length_109596_cov_20.1672_ID_20931	CR382136.2	99.98	32449	5	0	77107	109555	1086700	1119148	0.0	5.990e+04
NODE_3_length_446415_cov_19.8627_ID_15034	CR382133.2	99.98	305571	30	22	32	305561	796891	491322	0.0	5.638e+05
NODE_39_length_111608_cov_19.9429_ID_8433	CR382135.2	99.98	9953	1	1	1	9953	1186614	1176663	0.0	1.837e+04
NODE_30_length_144401_cov_19.9349_ID_22257	CR382135.2	99.98	124979	10	10	1	124970	247393	122424	0.0	2.306e+05
NODE_25_length_159887_cov_19.2867_ID_9779	CR382134.2	99.98	159807	1	11	56	159837	991349	831543	0.0	2.949e+05
NODE_21_length_172824_cov_19.7585_ID_6495	CR382136.2	99.98	12298	2	0	160527	172824	372378	384675	0.0	2.270e+04
NODE_16_length_219960_cov_19.8008_ID_11881	CR382138.2	99.98	154847	17	6	1	154841	486519	641363	0.0	2.858e+05
NODE_13_length_278765_cov_20.0182_ID_5528	CR382135.2	99.98	5934	1	0	2	5935	1074998	1069065	0.0	1.095e+04
NODE_13_length_278765_cov_20.0182_ID_5528	CR382134.2	99.98	5928	1	0	2	5929	332735	326808	0.0	1.094e+04
NODE_12_length_313051_cov_21.0995_ID_13812	CR382136.2	99.98	122418	15	8	5670	128080	698793	821206	0.0	2.259e+05
NODE_10_length_365995_cov_19.4662_ID_20781	CR382138.2	99.98	204631	19	15	18	204631	703521	908145	0.0	3.776e+05
NODE_9_length_369586_cov_19.407_ID_54492	CR382137.2	99.97	201782	47	5	1	201778	521877	723656	0.0	3.723e+05
NODE_1_length_781040_cov_20.4415_ID_5778	CR382139.2	99.97	94346	13	8	686700	781040	103070	8736	0.0	1.740e+05
NODE_15_length_223737_cov_36.5296_ID_55648	CR382139.2	99.97	130142	9	16	93624	223737	1452723	1582861	0.0	2.401e+05
NODE_12_length_313051_cov_21.0995_ID_13812	CR382136.2	99.97	126413	18	10	186648	313051	880233	1006638	0.0	2.332e+05
NODE_9_length_369586_cov_19.407_ID_54492	CR382137.2	99.96	168825	42	12	200778	369586	722749	891569	0.0	3.114e+05
NODE_96_length_5354_cov_77.2383_ID_60845	CR382133.2	99.96	2779	1	0	115	2893	340031	337253	0.0	5127
NODE_66_length_29842_cov_18.4589_ID_20459	CR382135.2	99.96	27254	6	5	1	27253	1551301	1578550	0.0	5.026e+04
NODE_50_length_75759_cov_19.0244_ID_18981	CR382135.2	99.96	75786	4	11	1	75759	993339	1069124	0.0	1.398e+05
NODE_18_length_207075_cov_19.409_ID_38841	CR382137.2	99.96	163453	43	12	14	163454	1576625	1740064	0.0	3.014e+05
NODE_16_length_219960_cov_19.8008_ID_11881	CR382138.2	99.96	63154	24	0	156807	219960	640262	703415	0.0	1.165e+05
NODE_140_length_2243_cov_67.5407_ID_35570	CR382135.2	99.96	2243	1	0	1	2243	13319	15561	0.0	4137
NODE_135_length_2320_cov_171.663_ID_41177	CR382139.2	99.96	2320	1	0	1	2320	2048586	2050905	0.0	4279
NODE_134_length_2333_cov_40.3529_ID_69902	CR382138.2	99.96	2333	1	0	1	2333	1022594	1024926	0.0	4303
NODE_3_length_446415_cov_19.8627_ID_15034	CR382133.2	99.95	14587	6	1	335072	349658	461649	447064	0.0	2.690e+04
NODE_35_length_129345_cov_18.9094_ID_21380	CR382137.2	99.95	43794	1	10	85569	129345	1394269	1350482	0.0	8.072e+04
NODE_90_length_8512_cov_22.5133_ID_27439	CR382133.2	99.94	1813	1	0	6700	8512	8148	6336	0.0	3343
NODE_168_length_1715_cov_45.6771_ID_69944	CR382138.2	99.94	1715	1	0	1	1715	1216719	1218433	0.0	3162
NODE_152_length_1960_cov_261.218_ID_63764	CR382138.2	99.94	1648	1	0	313	1960	1906	3553	0.0	3038
NODE_122_length_2707_cov_73.0049_ID_55917	CR382136.2	99.94	1644	1	0	241	1884	482857	484500	0.0	3031
NODE_96_length_5354_cov_77.2383_ID_60845	CR382136.2	99.93	4417	3	0	115	4531	480084	484500	0.0	8141
NODE_89_length_8840_cov_22.1448_ID_27136	CR382139.2	99.93	8840	6	0	1	8840	2028443	2037282	0.0	1.629e+04
NODE_43_length_103068_cov_20.1545_ID_45371	CR382134.2	99.93	94221	35	21	1	94201	1204719	1110507	0.0	1.736e+05
NODE_35_length_129345_cov_18.9094_ID_21380	CR382137.2	99.93	85789	5	15	1	85738	1480315	1394527	0.0	1.581e+05
NODE_22_length_163336_cov_20.6638_ID_16628	CR382135.2	99.93	87658	17	21	75727	163336	335737	248080	0.0	1.615e+05
NODE_22_length_163336_cov_20.6638_ID_16628	CR382135.2	99.93	54856	27	10	1	54851	414455	359605	0.0	1.011e+05
NODE_19_length_202380_cov_20.4512_ID_7000	CR382133.2	99.92	22482	14	4	179901	202380	118745	96266	0.0	4.141e+04
NODE_122_length_2707_cov_73.0049_ID_55917	CR382133.2	99.92	2591	2	0	117	2707	336858	334268	0.0	4774
NODE_96_length_5354_cov_77.2383_ID_60845	CR382136.2	99.91	1132	1	0	115	1246	485789	484658	0.0	2085
NODE_80_length_10467_cov_18.85_ID_65230	CR382136.2	99.91	10247	9	0	79	10325	10567	321	0.0	1.887e+04
NODE_7_length_386049_cov_20.0221_ID_7268	CR382135.2	99.91	60444	37	13	56	60491	975205	914769	0.0	1.113e+05
NODE_40_length_109596_cov_20.1672_ID_20931	CR382136.2	99.91	15370	14	0	61847	77216	1071311	1086680	0.0	2.831e+04
NODE_3_length_446415_cov_19.8627_ID_15034	CR382133.2	99.91	68437	45	13	377986	446415	418629	350200	0.0	1.260e+05
NODE_18_length_207075_cov_19.409_ID_38841	CR382137.2	99.91	44263	21	3	162831	207075	1739498	1783760	0.0	8.151e+04
NODE_145_length_2112_cov_99.9694_ID_36150	CR382139.2	99.91	2112	2	0	1	2112	942286	944397	0.0	3890
NODE_136_length_2316_cov_346.897_ID_49340	CR382133.2	99.91	2316	2	0	1	2316	346523	344208	0.0	4266
NODE_136_length_2316_cov_346.897_ID_49340	CR382133.2	99.91	2266	2	0	51	2316	349198	346933	0.0	4174
NODE_103_length_4388_cov_18.5001_ID_67167	CR382139.2	99.91	4388	4	0	1	4388	2028173	2023786	0.0	8082
NODE_220_length_1012_cov_274.938_ID_64589	CR382135.2	99.90	1012	1	0	1	1012	4260	3249	0.0	1864
NODE_52_length_69672_cov_18.9665_ID_40604	CR382135.2	99.89	48271	19	22	10653	58920	42600	90837	0.0	8.880e+04
NODE_96_length_5354_cov_77.2383_ID_60845	CR382133.2	99.88	2467	3	0	2888	5354	336734	334268	0.0	4540
NODE_13_length_278765_cov_20.0182_ID_5528	CR382135.2	99.88	5928	7	0	2	5929	1192487	1186560	0.0	1.091e+04
NODE_132_length_2409_cov_231.495_ID_50056	CR382134.2	99.88	2409	3	0	1	2409	1850	4258	0.0	4433
NODE_40_length_109596_cov_20.1672_ID_20931	CR382136.2	99.87	63874	59	15	1	63867	1007251	1071110	0.0	1.175e+05
NODE_3_length_446415_cov_19.8627_ID_15034	CR382133.2	99.87	28792	12	9	349654	378426	447027	418241	0.0	5.295e+04
NODE_175_length_1572_cov_62.8451_ID_41919	CR382133.2	99.87	1572	2	0	1	1572	334268	335839	0.0	2892
NODE_12_length_313051_cov_21.0995_ID_13812	CR382136.2	99.87	3974	5	0	183012	186985	876405	880378	0.0	7312
NODE_179_length_1455_cov_40.0543_ID_69946	CR382135.2	99.86	1457	0	2	1	1455	415857	414401	0.0	2678
NODE_189_length_1360_cov_42.3954_ID_69974	CR382136.2	99.85	1360	2	0	1	1360	1071324	1072683	0.0	2501
NODE_151_length_1992_cov_42.1063_ID_69998	CR382133.2	99.85	1993	2	1	1	1992	75055	73063	0.0	3663
NODE_121_length_2728_cov_41.8145_ID_42481	CR382136.2	99.85	2731	1	3	1	2728	46704	43974	0.0	5018
NODE_198_length_1218_cov_51.8779_ID_54996	CR382136.2	99.84	1218	2	0	1	1218	22096	20879	0.0	2239
NODE_194_length_1288_cov_136.41_ID_59785	CR382139.2	99.84	1237	2	0	1	1237	2935	1699	0.0	2274
NODE_159_length_1907_cov_53.3996_ID_38990	CR382136.2	99.84	1907	3	0	1	1907	59499	57593	0.0	3506
NODE_3_length_446415_cov_19.8627_ID_15034	CR382133.2	99.83	29945	32	18	305277	335205	491510	461570	0.0	5.499e+04
NODE_203_length_1133_cov_83.41_ID_70074	CR382139.2	99.82	1133	2	0	1	1133	585	1717	0.0	2082
NODE_67_length_29011_cov_18.2934_ID_23917	CR382138.2	99.81	10104	14	3	18912	29011	1582158	1592260	0.0	1.855e+04
NODE_216_length_1036_cov_281.422_ID_63278	CR382138.2	99.81	1036	2	0	1	1036	3553	2518	0.0	1903
NODE_215_length_1041_cov_420.845_ID_58005	CR382137.2	99.81	1041	2	0	1	1041	519076	520116	0.0	1912
NODE_47_length_85165_cov_20.3719_ID_16025	CR382134.2	99.79	64810	113	23	18865	83662	1029718	1094515	0.0	1.189e+05
NODE_115_length_3253_cov_98.3021_ID_68764	CR382139.2	99.79	3256	4	1	1	3253	947611	944356	0.0	5971
NODE_165_length_1804_cov_51.0286_ID_44062	CR382136.2	99.78	1804	4	0	1	1804	20217	22020	0.0	3310
NODE_193_length_1304_cov_45.6421_ID_69928	CR382138.2	99.77	1304	3	0	1	1304	342771	344074	0.0	2392
NODE_129_length_2610_cov_21.3479_ID_29928	CR382137.2	99.77	2611	4	2	1	2610	1565513	1562904	0.0	4787
NODE_155_length_1960_cov_260.539_ID_68125	CR382139.2	99.76	1648	4	0	313	1960	5273	6920	0.0	3022
NODE_106_length_3806_cov_55.2935_ID_70004	CR382136.2	99.76	3806	9	0	1	3806	19806	16001	0.0	6979
NODE_171_length_1632_cov_38.2739_ID_33242	CR382138.2	99.75	1632	4	0	1	1632	244495	242864	0.0	2992
NODE_154_length_1957_cov_262.336_ID_67980	CR382133.2	99.75	1582	4	0	376	1957	3122	4703	0.0	2900
NODE_144_length_2147_cov_117.922_ID_57233	CR382135.2	99.75	2007	5	0	141	2147	990495	988489	0.0	3679
NODE_73_length_19117_cov_18.744_ID_23394	CR382136.2	99.72	19116	0	15	56	19117	491806	510921	0.0	3.495e+04
NODE_218_length_1021_cov_277.282_ID_61327	CR382138.2	99.71	1024	0	1	1	1021	3814	2791	0.0	1871
NODE_67_length_29011_cov_18.2934_ID_23917	CR382138.2	99.66	19154	28	19	1	19120	1563168	1582318	0.0	3.498e+04
NODE_22_length_163336_cov_20.6638_ID_16628	CR382135.2	99.66	23206	67	11	52795	75995	358720	335523	0.0	4.240e+04
NODE_201_length_1140_cov_74.8055_ID_33506	CR382138.2	99.65	1140	4	0	1	1140	1557428	1556289	0.0	2084
NODE_201_length_1140_cov_74.8055_ID_33506	CR382134.2	99.65	1141	3	1	1	1140	1004710	1005850	0.0	2084
NODE_163_length_1874_cov_100.782_ID_32027	CR382137.2	99.63	1874	7	0	1	1874	508056	506183	0.0	3422
NODE_112_length_3496_cov_155.948_ID_54854	CR382135.2	99.63	3497	12	1	1	3496	16014	19510	0.0	6384
NODE_109_length_3548_cov_174.374_ID_43718	CR382134.2	99.62	1050	3	1	1	1050	1088	40	0.0	1916
NODE_216_length_1036_cov_281.422_ID_63278	CR382139.2	99.61	1036	4	0	1	1036	6920	5885	0.0	1892
NODE_138_length_2296_cov_42.7314_ID_52478	CR382134.2	99.61	2299	6	2	1	2296	8371	6073	0.0	4193
NODE_194_length_1288_cov_136.41_ID_59785	CR382133.2	99.60	1237	5	0	1	1237	1506	270	0.0	2257
NODE_141_length_2228_cov_357.221_ID_56297	CR382133.2	99.59	2173	9	0	1	2173	346933	349105	0.0	3964
NODE_141_length_2228_cov_357.221_ID_56297	CR382133.2	99.59	2173	9	0	1	2173	344208	346380	0.0	3964
NODE_47_length_85165_cov_20.3719_ID_16025	CR382134.2	99.58	14575	49	11	1	14569	1017070	1031638	0.0	2.657e+04
NODE_155_length_1960_cov_260.539_ID_68125	CR382138.2	99.58	1648	7	0	313	1960	1906	3553	0.0	3005
NODE_218_length_1021_cov_277.282_ID_61327	CR382139.2	99.51	1021	5	0	1	1021	7178	6158	0.0	1858
NODE_154_length_1957_cov_262.336_ID_67980	CR382133.2	99.51	1645	8	0	313	1957	1248955	1247311	0.0	2994
NODE_153_length_1960_cov_260.344_ID_67835	CR382138.2	99.51	1648	8	0	313	1960	2303119	2301472	0.0	3000
NODE_147_length_2086_cov_92.4057_ID_69112	CR382139.2	99.51	1015	5	0	1	1015	3132	4146	0.0	1847
NODE_150_length_2064_cov_91.3574_ID_45041	CR382134.2	99.47	2065	9	2	1	2064	1341857	1343920	0.0	3751
NODE_126_length_2661_cov_22.7817_ID_31739	CR382135.2	99.47	2664	8	5	1	2661	532467	535127	0.0	4837
NODE_125_length_2674_cov_371.439_ID_66737	CR382133.2	99.47	2266	12	0	409	2674	346473	344208	0.0	4119
NODE_136_length_2316_cov_346.897_ID_49340	CR382133.2	99.46	2053	9	2	1	2051	343798	341746	0.0	3729
NODE_211_length_1065_cov_35.6703_ID_39818	CR382136.2	99.44	1066	4	2	1	1065	21397	20333	0.0	1934
NODE_216_length_1036_cov_281.422_ID_63278	CR382138.2	99.42	1036	6	0	1	1036	2301472	2302507	0.0	1881
NODE_186_length_1386_cov_241.841_ID_64705	CR382133.2	99.42	1386	5	1	1	1386	3666	2284	0.0	2512
NODE_185_length_1389_cov_63.0052_ID_69956	CR382135.2	99.42	1389	8	0	1	1389	356908	358296	0.0	2521
NODE_218_length_1021_cov_277.282_ID_61327	CR382138.2	99.41	1021	6	0	1	1021	2301214	2302234	0.0	1853
NODE_68_length_27404_cov_21.0565_ID_23765	CR382137.2	99.39	17294	80	25	10124	27404	1563352	1546072	0.0	3.133e+04
NODE_153_length_1960_cov_260.344_ID_67835	CR382138.2	99.39	1648	10	0	313	1960	1906	3553	0.0	2988
NODE_152_length_1960_cov_261.218_ID_63764	CR382139.2	99.39	1648	10	0	313	1960	5273	6920	0.0	2988
NODE_174_length_1617_cov_129.097_ID_62011	CR382138.2	99.38	1617	10	0	1	1617	2292000	2293616	0.0	2931
NODE_125_length_2674_cov_371.439_ID_66737	CR382133.2	99.36	2674	17	0	1	2674	349606	346933	0.0	4844
NODE_124_length_2674_cov_367.609_ID_63921	CR382133.2	99.34	2266	15	0	409	2674	346473	344208	0.0	4102
NODE_155_length_1960_cov_260.539_ID_68125	CR382138.2	99.33	1648	11	0	313	1960	2303119	2301472	0.0	2983
NODE_155_length_1960_cov_260.539_ID_68125	CR382135.2	99.33	1648	11	0	313	1960	2364	4011	0.0	2983
NODE_153_length_1960_cov_260.344_ID_67835	CR382139.2	99.33	1648	11	0	313	1960	5273	6920	0.0	2983
NODE_152_length_1960_cov_261.218_ID_63764	CR382135.2	99.33	1648	11	0	313	1960	2364	4011	0.0	2983
NODE_216_length_1036_cov_281.422_ID_63278	CR382135.2	99.32	1036	7	0	1	1036	4011	2976	0.0	1875
NODE_216_length_1036_cov_281.422_ID_63278	CR382133.2	99.32	1036	7	0	1	1036	1247311	1248346	0.0	1875
NODE_218_length_1021_cov_277.282_ID_61327	CR382133.2	99.31	1021	7	0	1	1021	1247053	1248073	0.0	1847
NODE_169_length_1694_cov_37.7757_ID_37888	CR382134.2	99.29	1702	4	6	1	1694	1327304	1325603	0.0	3070
NODE_141_length_2228_cov_357.221_ID_56297	CR382139.2	99.29	1271	7	2	904	2173	955478	954209	0.0	2296
NODE_141_length_2228_cov_357.221_ID_56297	CR382136.2	99.29	1271	7	2	904	2173	489372	490641	0.0	2296
NODE_141_length_2228_cov_357.221_ID_56297	CR382135.2	99.29	1271	7	2	904	2173	977551	976282	0.0	2296
NODE_124_length_2674_cov_367.609_ID_63921	CR382133.2	99.29	2674	19	0	1	2674	349606	346933	0.0	4833
NODE_153_length_1960_cov_260.344_ID_67835	CR382135.2	99.27	1648	12	0	313	1960	2364	4011	0.0	2977
NODE_12_length_313051_cov_21.0995_ID_13812	CR382136.2	99.24	6432	30	13	1	6415	692869	699298	0.0	1.159e+04
NODE_216_length_1036_cov_281.422_ID_63278	CR382133.2	99.23	1036	8	0	1	1036	4703	3668	0.0	1869
NODE_154_length_1957_cov_262.336_ID_67980	CR382138.2	99.21	1648	10	1	313	1957	2303119	2301472	0.0	2968
NODE_154_length_1957_cov_262.336_ID_67980	CR382138.2	99.21	1648	10	1	313	1957	1906	3553	0.0	2968
NODE_154_length_1957_cov_262.336_ID_67980	CR382135.2	99.21	1648	10	1	313	1957	2364	4011	0.0	2968
NODE_152_length_1960_cov_261.218_ID_63764	CR382138.2	99.21	1648	13	0	313	1960	2303119	2301472	0.0	2972
NODE_193_length_1304_cov_45.6421_ID_69928	CR382136.2	99.16	1304	11	0	1	1304	211820	210517	0.0	2348
NODE_182_length_1411_cov_198.035_ID_62867	CR382133.2	99.15	1411	3	2	1	1411	2853	1452	0.0	2531
NODE_155_length_1960_cov_260.539_ID_68125	CR382133.2	99.15	1648	11	1	313	1960	1248955	1247311	0.0	2963
NODE_154_length_1957_cov_262.336_ID_67980	CR382139.2	99.15	1648	11	1	313	1957	5273	6920	0.0	2963
NODE_68_length_27404_cov_21.0565_ID_23765	CR382137.2	99.12	11816	79	23	52	11856	1576428	1564627	0.0	2.122e+04
NODE_220_length_1012_cov_274.938_ID_64589	CR382133.2	99.12	1021	0	2	1	1012	1247053	1248073	0.0	1827
NODE_189_length_1360_cov_42.3954_ID_69974	CR382136.2	99.12	1360	12	0	1	1360	1069110	1070469	0.0	2446
NODE_155_length_1960_cov_260.539_ID_68125	CR382133.2	99.12	1585	11	1	376	1960	3122	4703	0.0	2846
NODE_124_length_2674_cov_367.609_ID_63921	CR382138.2	99.10	1771	16	0	1	1771	1549812	1551582	0.0	3182
NODE_74_length_14743_cov_17.2243_ID_23140	CR382135.2	99.09	6156	30	26	1	6143	1581076	1587218	0.0	1.103e+04
NODE_153_length_1960_cov_260.344_ID_67835	CR382133.2	99.09	1648	12	1	313	1960	1248955	1247311	0.0	2957
NODE_184_length_1396_cov_89.921_ID_55532	CR382133.2	99.07	1398	10	3	1	1396	19413	20809	0.0	2507
NODE_156_length_1928_cov_81.4488_ID_50820	CR382136.2	99.07	1937	7	6	1	1928	1600505	1602439	0.0	3467
NODE_141_length_2228_cov_357.221_ID_56297	CR382138.2	99.06	1270	12	0	904	2173	1551582	1550313	0.0	2279
NODE_141_length_2228_cov_357.221_ID_56297	CR382133.2	99.06	1910	16	2	266	2173	341746	343655	0.0	3426
NODE_153_length_1960_cov_260.344_ID_67835	CR382133.2	99.05	1585	12	1	376	1960	3122	4703	0.0	2841
NODE_136_length_2316_cov_346.897_ID_49340	CR382138.2	99.05	1363	13	0	51	1413	1550220	1551582	0.0	2446
NODE_204_length_1131_cov_49.3625_ID_70048	CR382136.2	99.03	1131	0	5	1	1131	16001	14882	0.0	2017
NODE_152_length_1960_cov_261.218_ID_63764	CR382133.2	99.03	1648	13	1	313	1960	1248955	1247311	0.0	2952
NODE_138_length_2296_cov_42.7314_ID_52478	CR382136.2	99.03	1854	10	4	1	1847	24322	22470	0.0	3317
NODE_152_length_1960_cov_261.218_ID_63764	CR382133.2	98.99	1585	13	1	376	1960	3122	4703	0.0	2835
NODE_141_length_2228_cov_357.221_ID_56297	CR382134.2	98.98	1271	11	2	904	2173	998768	997499	0.0	2274
NODE_125_length_2674_cov_371.439_ID_66737	CR382138.2	98.98	1771	18	0	1	1771	1549812	1551582	0.0	3171
NODE_125_length_2674_cov_371.439_ID_66737	CR382133.2	98.95	2003	19	2	409	2409	343748	341746	0.0	3581
NODE_124_length_2674_cov_367.609_ID_63921	CR382137.2	98.93	1772	17	2	1	1771	516413	518183	0.0	3166
NODE_125_length_2674_cov_371.439_ID_66737	CR382139.2	98.87	1772	18	2	1	1771	953708	955478	0.0	3160
NODE_125_length_2674_cov_371.439_ID_66737	CR382136.2	98.87	1772	18	2	1	1771	491142	489372	0.0	3160
NODE_124_length_2674_cov_367.609_ID_63921	CR382139.2	98.87	1772	18	2	1	1771	953708	955478	0.0	3160
NODE_124_length_2674_cov_367.609_ID_63921	CR382136.2	98.87	1772	18	2	1	1771	491142	489372	0.0	3160
NODE_180_length_1449_cov_161.5_ID_46192	CR382137.2	98.84	1385	8	3	65	1449	2006106	2004730	0.0	2462
NODE_209_length_1106_cov_98.1865_ID_48360	CR382133.2	98.83	1108	9	4	1	1106	17425	18530	0.0	1971
NODE_136_length_2316_cov_346.897_ID_49340	CR382139.2	98.83	1364	14	2	51	1413	954116	955478	0.0	2429
NODE_136_length_2316_cov_346.897_ID_49340	CR382137.2	98.83	1364	14	2	51	1413	516821	518183	0.0	2429
NODE_136_length_2316_cov_346.897_ID_49340	CR382136.2	98.83	1364	14	2	51	1413	490734	489372	0.0	2429
NODE_136_length_2316_cov_346.897_ID_49340	CR382135.2	98.83	1364	14	2	51	1413	976189	977551	0.0	2429
NODE_220_length_1012_cov_274.938_ID_64589	CR382138.2	98.82	1021	3	2	1	1012	2301214	2302234	0.0	1810
NODE_141_length_2228_cov_357.221_ID_56297	CR382137.2	98.82	1271	13	2	904	2173	518183	516914	0.0	2263
NODE_125_length_2674_cov_371.439_ID_66737	CR382137.2	98.81	1772	19	2	1	1771	516413	518183	0.0	3155
NODE_158_length_1918_cov_131.334_ID_68890	CR382138.2	98.80	1924	17	3	1	1918	2291693	2293616	0.0	3421
NODE_124_length_2674_cov_367.609_ID_63921	CR382133.2	98.80	2003	22	2	409	2409	343748	341746	0.0	3565
NODE_198_length_1218_cov_51.8779_ID_54996	CR382134.2	98.78	1226	7	4	1	1218	6211	4986	0.0	2174
NODE_125_length_2674_cov_371.439_ID_66737	CR382135.2	98.76	1772	20	2	1	1771	975781	977551	0.0	3149
NODE_124_length_2674_cov_367.609_ID_63921	CR382135.2	98.76	1772	20	2	1	1771	975781	977551	0.0	3149
NODE_220_length_1012_cov_274.938_ID_64589	CR382139.2	98.73	1021	4	2	1	1012	7178	6158	0.0	1805
NODE_98_length_5057_cov_38.7269_ID_28274	CR382136.2	98.71	5097	25	20	1	5057	29989	24894	0.0	9009
NODE_43_length_103068_cov_20.1545_ID_45371	CR382134.2	98.70	10419	111	21	92662	103068	1109289	1098883	0.0	1.847e+04
NODE_157_length_1924_cov_132.208_ID_62545	CR382138.2	98.70	1925	23	2	1	1924	2293616	2291693	0.0	3415
NODE_66_length_29842_cov_18.4589_ID_20459	CR382135.2	98.66	2912	25	11	26938	29842	1581266	1578362	0.0	5149
NODE_191_length_1342_cov_92.5789_ID_39454	CR382133.2	98.66	1344	15	3	1	1342	20809	19467	0.0	2379
NODE_124_length_2674_cov_367.609_ID_63921	CR382134.2	98.65	1772	22	2	1	1771	996998	998768	0.0	3138
NODE_4_length_435960_cov_19.9581_ID_14295	CR382133.2	98.57	1332	17	2	355974	357304	879092	877762	0.0	2353
NODE_177_length_1541_cov_85.9731_ID_44595	CR382135.2	98.57	1543	19	3	1	1541	10311	8770	0.0	2724
NODE_191_length_1342_cov_92.5789_ID_39454	CR382135.2	98.51	1344	17	3	1	1342	10311	8969	0.0	2368
NODE_188_length_1369_cov_55.3699_ID_62411	CR382135.2	98.47	1373	14	7	1	1369	14192	15561	0.0	2412
NODE_136_length_2316_cov_346.897_ID_49340	CR382134.2	98.46	1364	19	2	51	1413	997406	998768	0.0	2401
NODE_124_length_2674_cov_367.609_ID_63921	CR382134.2	98.45	1480	20	3	1	1478	992340	993818	0.0	2603
NODE_141_length_2228_cov_357.221_ID_56297	CR382135.2	98.44	1216	15	4	904	2117	991280	990067	0.0	2137
NODE_218_length_1021_cov_277.282_ID_61327	CR382133.2	98.43	1021	7	2	1	1021	4952	3941	0.0	1788
NODE_125_length_2674_cov_371.439_ID_66737	CR382134.2	98.42	1772	26	2	1	1771	996998	998768	0.0	3116
NODE_182_length_1411_cov_198.035_ID_62867	CR382138.2	98.38	1108	9	4	1	1108	2303388	2304486	0.0	1938
NODE_160_length_1897_cov_49.4191_ID_42081	CR382138.2	98.38	1916	2	13	1	1897	27889	25984	0.0	3339
NODE_177_length_1541_cov_85.9731_ID_44595	CR382133.2	98.36	1344	19	3	1	1342	20809	19467	0.0	2357
NODE_185_length_1389_cov_63.0052_ID_69956	CR382135.2	98.35	1391	19	4	1	1389	359849	361237	0.0	2438
NODE_218_length_1021_cov_277.282_ID_61327	CR382135.2	98.33	1021	8	2	1	1021	4260	3249	0.0	1783
NODE_177_length_1541_cov_85.9731_ID_44595	CR382136.2	98.32	1544	20	6	1	1541	1595822	1597362	0.0	2702
NODE_184_length_1396_cov_89.921_ID_55532	CR382135.2	98.29	1344	20	3	55	1396	8969	10311	0.0	2351
NODE_4_length_435960_cov_19.9581_ID_14295	CR382133.2	98.27	1332	21	2	353655	354985	876773	875443	0.0	2331
NODE_178_length_1500_cov_46.191_ID_69900	CR382135.2	98.27	1501	24	2	1	1500	912854	914353	0.0	2627
NODE_178_length_1500_cov_46.191_ID_69900	CR382135.2	98.21	1505	17	8	1	1500	915309	916808	0.0	2621
NODE_136_length_2316_cov_346.897_ID_49340	CR382135.2	98.19	1216	18	4	200	1413	990067	991280	0.0	2121
NODE_125_length_2674_cov_371.439_ID_66737	CR382135.2	98.19	1216	18	4	558	1771	990067	991280	0.0	2121
NODE_125_length_2674_cov_371.439_ID_66737	CR382134.2	98.18	1480	24	3	1	1478	992340	993818	0.0	2580
NODE_220_length_1012_cov_274.938_ID_64589	CR382138.2	98.14	1024	7	2	1	1012	3814	2791	0.0	1775
NODE_191_length_1342_cov_92.5789_ID_39454	CR382136.2	98.14	1345	20	5	1	1342	1595822	1597164	0.0	2340
NODE_151_length_1992_cov_42.1063_ID_69998	CR382138.2	98.09	1993	36	2	1	1992	244441	246432	0.0	3469
NODE_109_length_3548_cov_174.374_ID_43718	CR382138.2	98.09	3557	53	11	2	3548	2290065	2293616	0.0	6178
NODE_101_length_4795_cov_124.581_ID_54236	CR382135.2	98.09	4818	62	26	1	4795	9394	14204	0.0	8360
NODE_165_length_1804_cov_51.0286_ID_44062	CR382134.2	98.08	1825	13	10	1	1804	4304	6127	0.0	3157
NODE_9_length_369586_cov_19.407_ID_54492	CR382139.2	98.06	1955	26	6	87	2032	950601	952552	0.0	3389
NODE_136_length_2316_cov_346.897_ID_49340	CR382134.2	98.04	1072	18	3	51	1120	992748	993818	0.0	1860
NODE_124_length_2674_cov_367.609_ID_63921	CR382135.2	98.03	1216	20	4	558	1771	990067	991280	0.0	2109
NODE_110_length_3547_cov_155.864_ID_48528	CR382138.2	98.01	3559	51	16	2	3547	2290065	2293616	0.0	6161
NODE_172_length_1618_cov_122.537_ID_47800	CR382136.2	97.97	1629	16	13	1	1618	1605419	1603797	0.0	2809
NODE_160_length_1897_cov_49.4191_ID_42081	CR382138.2	97.95	1466	17	3	1	1456	2293590	2295052	0.0	2529
NODE_184_length_1396_cov_89.921_ID_55532	CR382136.2	97.77	1345	25	5	55	1396	1597164	1595822	0.0	2313
NODE_182_length_1411_cov_198.035_ID_62867	CR382139.2	97.76	1117	7	5	1	1108	5004	3897	0.0	1908
NODE_157_length_1924_cov_132.208_ID_62545	CR382136.2	97.61	1928	35	10	1	1924	1599523	1597603	0.0	3295
NODE_205_length_1120_cov_108.823_ID_66429	CR382136.2	97.51	1126	22	2	1	1120	19808	20933	0.0	1919
NODE_208_length_1118_cov_22.593_ID_37088	CR382135.2	97.35	1130	9	13	1	1118	358539	359659	0.0	1901
NODE_211_length_1065_cov_35.6703_ID_39818	CR382134.2	97.32	1083	7	10	1	1062	5504	4423	0.0	1820
NODE_124_length_2674_cov_367.609_ID_63921	CR382139.2	97.27	1761	41	6	1	1756	940629	942387	0.0	2979
NODE_86_length_9633_cov_56.1489_ID_26429	CR382137.2	97.25	1163	32	0	1	1163	8888	7726	0.0	1971
NODE_124_length_2674_cov_367.609_ID_63921	CR382137.2	97.23	1298	32	4	1	1296	508767	507472	0.0	2194
NODE_180_length_1449_cov_161.5_ID_46192	CR382136.2	97.04	1455	31	10	1	1449	55383	56831	0.0	2438
NODE_125_length_2674_cov_371.439_ID_66737	CR382139.2	97.03	1720	42	8	1	1714	948708	946992	0.0	2885
NODE_109_length_3548_cov_174.374_ID_43718	CR382136.2	96.93	1400	32	10	1	1395	1603201	1604594	0.0	2337
NODE_174_length_1617_cov_129.097_ID_62011	CR382136.2	96.92	1621	39	10	1	1617	1597910	1599523	0.0	2706
NODE_125_length_2674_cov_371.439_ID_66737	CR382137.2	96.92	1298	36	4	1	1296	508767	507472	0.0	2172
NODE_110_length_3547_cov_155.864_ID_48528	CR382136.2	96.92	1395	41	2	1	1394	1603201	1604594	0.0	2337
NODE_1_length_781040_cov_20.4415_ID_5778	CR382136.2	96.90	11026	203	74	770077	781040	1581847	1592795	0.0	1.834e+04
NODE_197_length_1248_cov_108.593_ID_50510	CR382138.2	96.89	1255	28	10	1	1248	2293616	2292366	0.0	2091
NODE_110_length_3547_cov_155.864_ID_48528	CR382136.2	96.84	2086	48	14	1473	3547	1597445	1599523	0.0	3470
NODE_109_length_3548_cov_174.374_ID_43718	CR382136.2	96.84	2086	48	14	1474	3548	1597445	1599523	0.0	3470
NODE_47_length_85165_cov_20.3719_ID_16025	CR382134.2	96.73	3239	89	17	81936	85165	1095408	1098638	0.0	5378
NODE_124_length_2674_cov_367.609_ID_63921	CR382139.2	96.68	1719	50	6	1	1714	948708	946992	0.0	2852
NODE_158_length_1918_cov_131.334_ID_68890	CR382136.2	96.63	1928	48	13	1	1918	1597603	1599523	0.0	3184
NODE_110_length_3547_cov_155.864_ID_48528	CR382136.2	96.54	1389	32	9	1	1377	56831	55447	0.0	2285
NODE_137_length_2295_cov_124.249_ID_43105	CR382134.2	96.51	1635	49	7	613	2244	2632	4261	0.0	2697
NODE_125_length_2674_cov_371.439_ID_66737	CR382139.2	96.48	1761	55	6	1	1756	940629	942387	0.0	2902
NODE_101_length_4795_cov_124.581_ID_54236	CR382133.2	96.42	2233	66	14	1	2229	19892	22114	0.0	3668
NODE_83_length_10087_cov_37.904_ID_65044	CR382139.2	96.31	1138	11	9	8981	10087	8735	7598	0.0	1840
NODE_196_length_1256_cov_97.149_ID_42669	CR382138.2	96.26	1258	43	4	1	1256	2295280	2296535	0.0	2060
NODE_136_length_2316_cov_346.897_ID_49340	CR382139.2	96.16	1353	45	6	51	1398	941037	942387	0.0	2204
NODE_83_length_10087_cov_37.904_ID_65044	CR382138.2	96.11	1054	10	9	9062	10084	2299756	2300809	0.0	1690
NODE_180_length_1449_cov_161.5_ID_46192	CR382136.2	96.11	1387	42	6	65	1449	1604577	1603201	0.0	2252
NODE_141_length_2228_cov_357.221_ID_56297	CR382139.2	96.03	1260	43	6	919	2173	942387	941130	0.0	2043
NODE_202_length_1139_cov_121.082_ID_41007	CR382139.2	96.00	1149	34	6	1	1139	944046	942900	0.0	1857
NODE_3_length_446415_cov_19.8627_ID_15034	CR382133.2	95.96	1015	33	7	120577	121588	678622	677613	0.0	1640
NODE_3_length_446415_cov_19.8627_ID_15034	CR382133.2	95.96	1015	33	7	118298	119307	676343	675332	0.0	1640
NODE_135_length_2320_cov_171.663_ID_41177	CR382136.2	95.91	1222	43	7	1	1218	56831	55613	0.0	1973
NODE_83_length_10087_cov_37.904_ID_65044	CR382135.2	95.89	1144	11	11	8980	10087	5826	4683	0.0	1820
NODE_156_length_1928_cov_81.4488_ID_50820	CR382136.2	95.88	1600	58	8	333	1928	59188	57593	0.0	2582
NODE_136_length_2316_cov_346.897_ID_49340	CR382139.2	95.88	1311	47	6	51	1356	948300	946992	0.0	2115
NODE_141_length_2228_cov_357.221_ID_56297	CR382139.2	95.87	1210	43	6	961	2165	946992	948199	0.0	1951
NODE_110_length_3547_cov_155.864_ID_48528	CR382137.2	95.85	1399	37	10	1	1388	2004730	2006118	0.0	2242
NODE_83_length_10087_cov_37.904_ID_65044	CR382138.2	95.83	1151	3	14	8981	10087	5383	4234	0.0	1818
NODE_180_length_1449_cov_161.5_ID_46192	CR382134.2	95.63	1052	40	6	401	1449	40	1088	0.0	1683
NODE_110_length_3547_cov_155.864_ID_48528	CR382134.2	95.44	1052	42	6	1	1049	1088	40	0.0	1672
NODE_110_length_3547_cov_155.864_ID_48528	CR382138.2	95.34	2082	84	13	1473	3547	29938	27863	0.0	3295
NODE_109_length_3548_cov_174.374_ID_43718	CR382138.2	95.34	2082	84	13	1474	3548	29938	27863	0.0	3295
NODE_205_length_1120_cov_108.823_ID_66429	CR382136.2	95.31	1129	28	16	1	1120	46248	47360	0.0	1768
NODE_158_length_1918_cov_131.334_ID_68890	CR382135.2	95.28	1927	70	20	1	1918	8529	6615	0.0	3035
NODE_196_length_1256_cov_97.149_ID_42669	CR382137.2	95.23	1258	56	4	1	1256	10553	9298	0.0	1988
NODE_137_length_2295_cov_124.249_ID_43105	CR382137.2	95.22	1402	63	4	1	1400	9298	10697	0.0	2215
NODE_110_length_3547_cov_155.864_ID_48528	CR382135.2	95.20	2085	78	21	1473	3547	8687	6615	0.0	3277
NODE_109_length_3548_cov_174.374_ID_43718	CR382135.2	95.20	2085	78	21	1474	3548	8687	6615	0.0	3277
NODE_101_length_4795_cov_124.581_ID_54236	CR382134.2	95.16	1879	66	23	2928	4795	40	1904	0.0	2942
NODE_96_length_5354_cov_77.2383_ID_60845	CR382139.2	95.13	1990	90	6	1487	3474	963107	965091	0.0	3131
NODE_101_length_4795_cov_124.581_ID_54236	CR382136.2	95.12	2214	83	21	2594	4795	55447	57647	0.0	3467
NODE_135_length_2320_cov_171.663_ID_41177	CR382137.2	95.10	1224	49	10	1	1218	2004730	2005948	0.0	1917
NODE_135_length_2320_cov_171.663_ID_41177	CR382136.2	95.10	1224	49	10	1	1218	1603201	1604419	0.0	1917
NODE_109_length_3548_cov_174.374_ID_43718	CR382136.2	95.05	1394	44	18	1	1378	56831	55447	0.0	2169
NODE_180_length_1449_cov_161.5_ID_46192	CR382139.2	95.02	1225	48	11	231	1449	2049803	2048586	0.0	1912
NODE_158_length_1918_cov_131.334_ID_68890	CR382138.2	95.01	1924	84	12	1	1918	29780	27863	0.0	3011
NODE_96_length_5354_cov_77.2383_ID_60845	CR382139.2	94.99	1097	37	10	3783	4878	965316	966395	0.0	1705
NODE_175_length_1572_cov_62.8451_ID_41919	CR382139.2	94.99	1097	37	10	477	1572	966395	965316	0.0	1705
NODE_122_length_2707_cov_73.0049_ID_55917	CR382139.2	94.99	1097	37	10	1136	2231	965316	966395	0.0	1705
NODE_209_length_1106_cov_98.1865_ID_48360	CR382134.2	94.97	1114	43	13	1	1106	1340811	1339703	0.0	1735
NODE_159_length_1907_cov_53.3996_ID_38990	CR382136.2	94.97	1609	62	14	312	1907	1600837	1602439	0.0	2505
NODE_101_length_4795_cov_124.581_ID_54236	CR382138.2	94.97	2227	81	21	2580	4795	2291454	2289248	0.0	3463
NODE_109_length_3548_cov_174.374_ID_43718	CR382137.2	94.94	1402	45	15	1	1389	2004730	2006118	0.0	2172
NODE_150_length_2064_cov_91.3574_ID_45041	CR382136.2	94.90	1902	78	19	173	2064	1594847	1596739	0.0	2957
NODE_101_length_4795_cov_124.581_ID_54236	CR382139.2	94.86	2043	86	18	2761	4795	2049801	2047770	0.0	3173
NODE_217_length_1025_cov_35.3979_ID_38195	CR382133.2	94.82	1042	36	10	1	1025	334799	335839	0.0	1609
NODE_112_length_3496_cov_155.948_ID_54854	CR382137.2	94.73	1784	69	19	1549	3313	33673	35450	0.0	2750
NODE_157_length_1924_cov_132.208_ID_62545	CR382138.2	94.56	1930	87	13	1	1924	27863	29780	0.0	2966
NODE_200_length_1174_cov_60.1805_ID_49096	CR382134.2	94.50	1199	15	27	1	1174	1341235	1340063	0.0	1801
NODE_145_length_2112_cov_99.9694_ID_36150	CR382135.2	94.49	1780	73	14	1	1776	991164	992922	0.0	2721
NODE_109_length_3548_cov_174.374_ID_43718	CR382139.2	94.47	1230	46	19	1	1220	2048586	2049803	0.0	1875
NODE_150_length_2064_cov_91.3574_ID_45041	CR382135.2	94.42	1901	89	17	173	2064	11286	9394	0.0	2907
NODE_142_length_2203_cov_27.6932_ID_35082	CR382136.2	94.42	1487	76	6	722	2203	481456	482940	0.0	2279
NODE_157_length_1924_cov_132.208_ID_62545	CR382135.2	94.31	1933	83	23	1	1924	6615	8529	0.0	2935
NODE_142_length_2203_cov_27.6932_ID_35082	CR382133.2	94.25	1409	74	6	722	2125	338659	337253	0.0	2146
NODE_145_length_2112_cov_99.9694_ID_36150	CR382138.2	94.14	1110	51	13	674	1776	1546043	1547145	0.0	1677
NODE_174_length_1617_cov_129.097_ID_62011	CR382138.2	94.09	1623	84	12	1	1617	29479	27863	0.0	2455
NODE_101_length_4795_cov_124.581_ID_54236	CR382136.2	94.09	2318	89	36	2495	4795	1604671	1602385	0.0	3478
NODE_52_length_69672_cov_18.9665_ID_40604	CR382134.2	94.08	1047	40	11	1327	2364	5059	6092	0.0	1570
NODE_135_length_2320_cov_171.663_ID_41177	CR382134.2	94.05	1058	45	16	1	1049	1088	40	0.0	1589
NODE_156_length_1928_cov_81.4488_ID_50820	CR382138.2	94.00	1633	75	22	1	1619	2294806	2296429	0.0	2451
NODE_165_length_1804_cov_51.0286_ID_44062	CR382135.2	93.98	1047	41	11	736	1769	33208	34245	0.0	1565
NODE_174_length_1617_cov_129.097_ID_62011	CR382135.2	93.91	1626	78	20	1	1617	8228	6615	0.0	2435
NODE_198_length_1218_cov_51.8779_ID_54996	CR382135.2	93.89	1047	42	11	112	1145	34245	33208	0.0	1559
NODE_135_length_2320_cov_171.663_ID_41177	CR382138.2	93.80	1225	61	14	2	1218	2290065	2291282	0.0	1827
NODE_110_length_3547_cov_155.864_ID_48528	CR382139.2	93.72	1226	62	13	1	1219	2048586	2049803	0.0	1823
NODE_52_length_69672_cov_18.9665_ID_40604	CR382136.2	93.70	1047	44	11	1327	2364	20952	21985	0.0	1548
NODE_52_length_69672_cov_18.9665_ID_40604	CR382134.2	93.67	1138	47	17	1	1131	1335455	1334336	0.0	1679
NODE_145_length_2112_cov_99.9694_ID_36150	CR382138.2	93.64	1085	50	18	700	1776	1545913	1544840	0.0	1604
NODE_137_length_2295_cov_124.249_ID_43105	CR382136.2	93.53	1205	60	9	201	1404	19225	20412	0.0	1777
NODE_101_length_4795_cov_124.581_ID_54236	CR382136.2	93.42	2585	98	46	1	2558	1596739	1594200	0.0	3766
NODE_135_length_2320_cov_171.663_ID_41177	CR382135.2	93.39	1226	64	16	1	1216	13373	12155	0.0	1799
NODE_196_length_1256_cov_97.149_ID_42669	CR382136.2	93.38	1057	52	9	1	1056	20264	19225	0.0	1548
NODE_157_length_1924_cov_132.208_ID_62545	CR382133.2	93.29	1937	91	28	1	1924	17465	19375	0.0	2820
NODE_145_length_2112_cov_99.9694_ID_36150	CR382134.2	93.27	1783	97	16	1	1776	998652	1000418	0.0	2606
NODE_180_length_1449_cov_161.5_ID_46192	CR382138.2	93.25	1392	70	17	65	1448	2291440	2290065	0.0	2028
NODE_145_length_2112_cov_99.9694_ID_36150	CR382135.2	93.11	1786	94	22	1	1776	977435	979201	0.0	2590
NODE_157_length_1924_cov_132.208_ID_62545	CR382134.2	93.08	1937	100	30	1	1924	1325904	1323989	0.0	2804
NODE_202_length_1139_cov_121.082_ID_41007	CR382134.2	93.06	1152	62	13	1	1139	1000403	999257	0.0	1668
NODE_145_length_2112_cov_99.9694_ID_36150	CR382139.2	93.06	1786	95	22	1	1776	955362	957128	0.0	2584
NODE_110_length_3547_cov_155.864_ID_48528	CR382133.2	93.05	2029	96	31	1538	3547	19467	17465	0.0	2924
NODE_109_length_3548_cov_174.374_ID_43718	CR382133.2	93.05	2029	96	31	1539	3548	19467	17465	0.0	2924
NODE_102_length_4638_cov_50.2238_ID_28992	CR382134.2	93.05	1165	63	18	1	1156	1325244	1324089	0.0	1687
NODE_145_length_2112_cov_99.9694_ID_36150	CR382138.2	93.00	1786	96	22	1	1776	1551466	1553232	0.0	2579
NODE_145_length_2112_cov_99.9694_ID_36150	CR382136.2	93.00	1785	98	20	1	1776	489488	487722	0.0	2579
NODE_145_length_2112_cov_99.9694_ID_36150	CR382135.2	93.00	1786	96	22	1	1776	985302	987068	0.0	2579
NODE_202_length_1139_cov_121.082_ID_41007	CR382136.2	92.97	1152	63	13	1	1139	487737	488883	0.0	1663
NODE_102_length_4638_cov_50.2238_ID_28992	CR382134.2	92.96	1165	64	18	1	1156	1340113	1338958	0.0	1681
NODE_192_length_1320_cov_92.947_ID_58421	CR382136.2	92.94	1332	55	23	1	1320	1598219	1599523	0.0	1903
NODE_190_length_1346_cov_26.1084_ID_41603	CR382135.2	92.84	1187	70	15	1	1181	538394	539571	0.0	1707
NODE_110_length_3547_cov_155.864_ID_48528	CR382134.2	92.80	2096	108	36	1473	3547	1323831	1325904	0.0	2994
NODE_109_length_3548_cov_174.374_ID_43718	CR382134.2	92.80	2096	108	36	1474	3548	1323831	1325904	0.0	2994
NODE_146_length_2092_cov_60.8385_ID_33632	CR382136.2	92.74	1268	76	15	833	2092	1599535	1598276	0.0	1818
NODE_202_length_1139_cov_121.082_ID_41007	CR382139.2	92.71	1153	64	15	1	1139	957113	955967	0.0	1646
NODE_202_length_1139_cov_121.082_ID_41007	CR382138.2	92.71	1153	64	15	1	1139	1553217	1552071	0.0	1646
NODE_202_length_1139_cov_121.082_ID_41007	CR382135.2	92.71	1153	64	15	1	1139	987053	985907	0.0	1646
NODE_202_length_1139_cov_121.082_ID_41007	CR382135.2	92.71	1153	64	15	1	1139	979186	978040	0.0	1646
NODE_197_length_1248_cov_108.593_ID_50510	CR382135.2	92.67	1255	78	14	1	1248	6615	7862	0.0	1796
NODE_102_length_4638_cov_50.2238_ID_28992	CR382138.2	92.61	1163	65	21	1	1152	28531	29683	0.0	1652
NODE_158_length_1918_cov_131.334_ID_68890	CR382133.2	92.57	1937	99	31	1	1918	19375	17465	0.0	2737
NODE_145_length_2112_cov_99.9694_ID_36150	CR382137.2	92.54	1649	96	21	1	1640	514134	515764	0.0	2338
NODE_145_length_2112_cov_99.9694_ID_36150	CR382137.2	92.42	1650	96	22	1	1640	518067	519697	0.0	2327
NODE_110_length_3547_cov_155.864_ID_48528	CR382135.2	92.42	1412	74	22	1	1391	13373	11974	0.0	1984
NODE_202_length_1139_cov_121.082_ID_41007	CR382138.2	92.41	1094	63	15	1	1080	1547130	1546043	0.0	1543
NODE_159_length_1907_cov_53.3996_ID_38990	CR382137.2	92.37	1298	81	17	312	1598	10694	9404	0.0	1832
NODE_157_length_1924_cov_132.208_ID_62545	CR382134.2	92.36	1938	110	30	1	1924	1340771	1338858	0.0	2724
NODE_102_length_4638_cov_50.2238_ID_28992	CR382137.2	92.28	1153	77	9	3184	4327	9545	10694	0.0	1626
NODE_180_length_1449_cov_161.5_ID_46192	CR382135.2	92.27	1397	85	18	65	1449	11988	13373	0.0	1960
NODE_202_length_1139_cov_121.082_ID_41007	CR382137.2	92.25	1032	60	15	122	1139	515764	514739	0.0	1445
NODE_150_length_2064_cov_91.3574_ID_45041	CR382133.2	92.23	1904	122	26	173	2064	21781	19892	0.0	2673
NODE_109_length_3548_cov_174.374_ID_43718	CR382135.2	92.23	1415	72	27	1	1392	13373	11974	0.0	1969
NODE_146_length_2092_cov_60.8385_ID_33632	CR382138.2	92.22	1273	76	21	833	2092	2293628	2292366	0.0	1781
NODE_158_length_1918_cov_131.334_ID_68890	CR382134.2	92.21	1938	109	35	1	1918	1323989	1325904	0.0	2704
NODE_197_length_1248_cov_108.593_ID_50510	CR382138.2	92.20	1257	83	15	1	1248	27863	29113	0.0	1764
NODE_110_length_3547_cov_155.864_ID_48528	CR382134.2	92.13	2096	120	34	1473	3547	1338700	1340771	0.0	2915
NODE_109_length_3548_cov_174.374_ID_43718	CR382134.2	92.13	2096	120	34	1474	3548	1338700	1340771	0.0	2915
NODE_202_length_1139_cov_121.082_ID_41007	CR382137.2	92.05	1032	62	15	122	1139	519697	518672	0.0	1434
NODE_168_length_1715_cov_45.6771_ID_69944	CR382138.2	92.04	1696	106	22	1	1677	1107012	1105327	0.0	2357
NODE_174_length_1617_cov_129.097_ID_62011	CR382133.2	91.96	1630	92	28	1	1617	19068	17465	0.0	2248
NODE_159_length_1907_cov_53.3996_ID_38990	CR382138.2	91.91	1471	93	20	1	1460	23879	22424	0.0	2034
NODE_102_length_4638_cov_50.2238_ID_28992	CR382136.2	91.91	1471	93	20	3183	4638	58040	59499	0.0	2034
NODE_137_length_2295_cov_124.249_ID_43105	CR382138.2	91.88	1711	106	29	1	1696	2296535	2294843	0.0	2359
NODE_202_length_1139_cov_121.082_ID_41007	CR382138.2	91.87	1070	60	21	1	1054	1544855	1545913	0.0	1469
NODE_146_length_2092_cov_60.8385_ID_33632	CR382133.2	91.76	1323	73	27	782	2092	17404	18702	0.0	1807
NODE_99_length_4980_cov_18.6041_ID_29270	CR382136.2	91.73	1064	82	6	173	1233	480454	481514	0.0	1472
NODE_99_length_4980_cov_18.6041_ID_29270	CR382133.2	91.73	1064	82	6	173	1233	339661	338601	0.0	1472
NODE_96_length_5354_cov_77.2383_ID_60845	CR382139.2	91.73	1064	82	6	485	1545	966633	967693	0.0	1472
NODE_174_length_1617_cov_129.097_ID_62011	CR382134.2	91.72	1630	101	30	1	1617	1324296	1325904	0.0	2231
NODE_209_length_1106_cov_98.1865_ID_48360	CR382134.2	91.71	1122	66	20	1	1106	1325944	1324834	0.0	1531
NODE_197_length_1248_cov_108.593_ID_50510	CR382133.2	91.57	1257	78	18	1	1248	17465	18702	0.0	1709
NODE_22_length_163336_cov_20.6638_ID_16628	CR382135.2	91.54	1088	72	19	5693	6770	410244	409167	0.0	1482
NODE_158_length_1918_cov_131.334_ID_68890	CR382134.2	91.49	1938	121	33	1	1918	1338858	1340771	0.0	2625
NODE_63_length_37217_cov_21.069_ID_22823	CR382139.2	91.45	1391	88	30	1	1377	1224718	1223345	0.0	1881
NODE_196_length_1256_cov_97.149_ID_42669	CR382136.2	91.44	1156	82	16	1	1150	1600978	1602122	0.0	1570
NODE_84_length_9987_cov_78.6827_ID_44222	CR382137.2	91.41	1607	70	24	8396	9987	2006879	2005326	0.0	2141
NODE_10_length_365995_cov_19.4662_ID_20781	CR382138.2	91.23	1379	90	25	320667	322024	1022043	1023411	0.0	1847
NODE_10_length_365995_cov_19.4662_ID_20781	CR382138.2	91.23	1379	90	25	318462	319830	1024248	1025605	0.0	1847
NODE_1_length_781040_cov_20.4415_ID_5778	CR382135.2	91.02	1147	64	31	767337	768472	15571	14453	0.0	1511
NODE_29_length_147211_cov_19.6752_ID_17177	CR382138.2	90.90	2373	151	42	35633	37986	1218506	1216180	0.0	3125
NODE_102_length_4638_cov_50.2238_ID_28992	CR382133.2	90.89	1164	83	23	1	1152	18120	19272	0.0	1541
NODE_174_length_1617_cov_129.097_ID_62011	CR382134.2	90.86	1631	111	30	1	1617	1339165	1340771	0.0	2152
NODE_188_length_1369_cov_55.3699_ID_62411	CR382139.2	90.85	1137	65	31	261	1369	21298	22423	0.0	1487
NODE_140_length_2243_cov_67.5407_ID_35570	CR382139.2	90.85	1137	65	31	1135	2243	21298	22423	0.0	1487
NODE_140_length_2243_cov_67.5407_ID_35570	CR382136.2	90.82	1144	71	30	1	1135	1603255	1602137	0.0	1500
NODE_192_length_1320_cov_92.947_ID_58421	CR382138.2	90.81	1339	73	33	1	1320	2292309	2293616	0.0	1746
NODE_101_length_4795_cov_124.581_ID_54236	CR382134.2	90.80	2347	136	63	1	2298	1343920	1341605	0.0	3064
NODE_137_length_2295_cov_124.249_ID_43105	CR382138.2	90.57	1156	91	14	248	1397	22425	23568	0.0	1515
NODE_196_length_1256_cov_97.149_ID_42669	CR382138.2	90.44	1015	79	14	1	1009	23427	22425	0.0	1321
NODE_137_length_2295_cov_124.249_ID_43105	CR382136.2	90.43	1296	110	13	107	1397	57902	59188	0.0	1694
NODE_156_length_1928_cov_81.4488_ID_50820	CR382137.2	90.40	1302	101	23	332	1619	10695	9404	0.0	1690
NODE_75_length_14462_cov_24.1233_ID_25521	CR382138.2	90.37	1101	77	22	5999	7092	2302690	2301612	0.0	1419
NODE_75_length_14462_cov_24.1233_ID_25521	CR382133.2	90.36	1100	79	20	5999	7092	3485	4563	0.0	1419
NODE_4_length_435960_cov_19.9581_ID_14295	CR382139.2	90.34	1833	102	46	323445	325250	697301	699085	0.0	2335
NODE_1_length_781040_cov_20.4415_ID_5778	CR382133.2	90.34	1833	102	46	91801	93585	907497	909302	0.0	2335
NODE_22_length_163336_cov_20.6638_ID_16628	CR382135.2	90.28	1091	80	25	4212	5289	408763	407686	0.0	1404
NODE_192_length_1320_cov_92.947_ID_58421	CR382138.2	90.28	1338	82	32	1	1320	29170	27863	0.0	1707
NODE_159_length_1907_cov_53.3996_ID_38990	CR382136.2	90.26	1201	87	23	314	1506	20403	19225	0.0	1543
NODE_75_length_14462_cov_24.1233_ID_25521	CR382135.2	90.18	1100	81	20	5999	7092	2793	3871	0.0	1408
NODE_75_length_14462_cov_24.1233_ID_25521	CR382133.2	90.18	1100	81	20	5999	7092	1248529	1247451	0.0	1408
NODE_154_length_1957_cov_262.336_ID_67980	CR382138.2	90.18	1100	81	20	739	1817	11322	12415	0.0	1408
NODE_75_length_14462_cov_24.1233_ID_25521	CR382138.2	90.17	1099	83	18	5999	7092	2335	3413	0.0	1408
NODE_152_length_1960_cov_261.218_ID_63764	CR382138.2	90.17	1099	83	18	742	1820	11322	12415	0.0	1408
NODE_156_length_1928_cov_81.4488_ID_50820	CR382134.2	90.14	1095	82	22	38	1117	3715	2632	0.0	1400
NODE_149_length_2071_cov_236.948_ID_39538	CR382136.2	90.14	1095	82	22	445	1528	1601621	1600542	0.0	1400
NODE_139_length_2269_cov_228.396_ID_52646	CR382136.2	90.14	1095	82	22	550	1633	1601621	1600542	0.0	1400
NODE_128_length_2626_cov_221.991_ID_52258	CR382136.2	90.14	1095	82	22	445	1528	1601621	1600542	0.0	1400
NODE_120_length_2743_cov_233.297_ID_59557	CR382136.2	90.14	1095	82	22	550	1633	1601621	1600542	0.0	1400
NODE_102_length_4638_cov_50.2238_ID_28992	CR382135.2	90.13	1165	90	25	1	1152	7280	8432	0.0	1491
NODE_75_length_14462_cov_24.1233_ID_25521	CR382139.2	90.08	1099	84	18	5999	7092	5702	6780	0.0	1402
NODE_155_length_1960_cov_260.539_ID_68125	CR382138.2	90.08	1099	84	18	742	1820	11322	12415	0.0	1402
NODE_84_length_9987_cov_78.6827_ID_44222	CR382136.2	90.06	3210	225	63	5896	9070	1597496	1594346	0.0	4074
NODE_196_length_1256_cov_97.149_ID_42669	CR382136.2	90.04	1155	101	13	1	1150	59047	57902	0.0	1483
NODE_146_length_2092_cov_60.8385_ID_33632	CR382138.2	90.02	1272	106	18	833	2092	27851	29113	0.0	1626
NODE_153_length_1960_cov_260.344_ID_67835	CR382138.2	90.01	1101	81	22	742	1820	11322	12415	0.0	1397
NODE_96_length_5354_cov_77.2383_ID_60845	CR382139.2	89.94	1560	121	33	253	1796	952137	950598	0.0	1978
NODE_1_length_781040_cov_20.4415_ID_5778	CR382133.2	89.90	2019	182	21	779032	781040	1243543	1241537	0.0	2579
NODE_140_length_2243_cov_67.5407_ID_35570	CR382138.2	89.87	1145	82	30	1	1135	2290118	2288998	0.0	1441
NODE_84_length_9987_cov_78.6827_ID_44222	CR382135.2	89.86	4183	275	96	5896	9980	8636	12767	0.0	5238
NODE_132_length_2409_cov_231.495_ID_50056	CR382136.2	89.86	1095	85	22	783	1866	1601621	1600542	0.0	1384
NODE_102_length_4638_cov_50.2238_ID_28992	CR382138.2	89.86	1164	95	23	1	1152	2292948	2291796	0.0	1474
NODE_118_length_2812_cov_25.7664_ID_43463	CR382134.2	89.82	1326	111	21	1	1314	1110733	1112046	0.0	1679
NODE_9_length_369586_cov_19.407_ID_54492	CR382136.2	89.80	1617	133	29	25	1624	481823	480222	0.0	2043
NODE_9_length_369586_cov_19.407_ID_54492	CR382133.2	89.80	1617	133	29	25	1624	338292	339893	0.0	2043
NODE_149_length_2071_cov_236.948_ID_39538	CR382138.2	89.80	1098	81	27	445	1528	2295923	2294843	0.0	1378
NODE_139_length_2269_cov_228.396_ID_52646	CR382138.2	89.80	1098	81	27	550	1633	2295923	2294843	0.0	1378
NODE_128_length_2626_cov_221.991_ID_52258	CR382138.2	89.80	1098	81	27	445	1528	2295923	2294843	0.0	1378
NODE_120_length_2743_cov_233.297_ID_59557	CR382138.2	89.80	1098	81	27	550	1633	2295923	2294843	0.0	1378
NODE_102_length_4638_cov_50.2238_ID_28992	CR382136.2	89.80	1157	84	22	3181	4325	19269	20403	0.0	1452
NODE_209_length_1106_cov_98.1865_ID_48360	CR382135.2	89.76	1123	75	31	10	1106	6582	7690	0.0	1400
NODE_72_length_19355_cov_20.9214_ID_24815	CR382138.2	89.73	1081	77	20	1	1063	2303393	2304457	0.0	1351
NODE_76_length_13903_cov_18.3916_ID_23541	CR382136.2	89.70	1689	145	28	12226	13903	37234	38904	0.0	2128
NODE_88_length_9082_cov_18.928_ID_26303	CR382139.2	89.69	1697	144	30	2398	4075	2022162	2023846	0.0	2135
NODE_9_length_369586_cov_19.407_ID_54492	CR382137.2	89.68	1134	95	20	14823	15944	535223	536346	0.0	1426
NODE_9_length_369586_cov_19.407_ID_54492	CR382137.2	89.68	1134	95	20	13347	14470	536699	537820	0.0	1426
NODE_72_length_19355_cov_20.9214_ID_24815	CR382133.2	89.65	1082	76	22	1	1063	2848	1784	0.0	1345
NODE_140_length_2243_cov_67.5407_ID_35570	CR382134.2	89.63	1148	77	38	1	1135	1034	2152	0.0	1423
NODE_72_length_19355_cov_20.9214_ID_24815	CR382139.2	89.61	1088	74	21	1	1063	4999	3926	0.0	1347
NODE_60_length_49739_cov_20.1529_ID_21649	CR382135.2	89.61	2059	141	56	47046	49058	536694	534663	0.0	2549
NODE_53_length_67866_cov_19.5086_ID_13358	CR382139.2	89.60	1895	149	47	65996	67866	1222717	1220847	0.0	2364
NODE_192_length_1320_cov_92.947_ID_58421	CR382133.2	89.60	1336	82	33	1	1320	18759	17465	0.0	1644
NODE_84_length_9987_cov_78.6827_ID_44222	CR382134.2	89.57	2340	171	64	6640	8938	1343924	1341617	0.0	2902
NODE_190_length_1346_cov_26.1084_ID_41603	CR382135.2	89.56	1293	106	27	1	1280	532467	533743	0.0	1613
NODE_132_length_2409_cov_231.495_ID_50056	CR382138.2	89.53	1098	84	27	783	1866	2295923	2294843	0.0	1362
NODE_209_length_1106_cov_98.1865_ID_48360	CR382136.2	89.51	1115	85	22	13	1106	1599551	1598448	0.0	1382
NODE_159_length_1907_cov_53.3996_ID_38990	CR382138.2	89.49	1304	107	29	312	1598	2295139	2296429	0.0	1622
NODE_102_length_4638_cov_50.2238_ID_28992	CR382136.2	89.48	1169	97	26	1	1156	1598858	1597703	0.0	1454
NODE_209_length_1106_cov_98.1865_ID_48360	CR382138.2	89.45	1119	81	27	13	1106	27835	28941	0.0	1378
NODE_181_length_1417_cov_43.2841_ID_69912	CR382134.2	89.45	1204	109	18	212	1406	510669	511863	0.0	1504
NODE_102_length_4638_cov_50.2238_ID_28992	CR382138.2	89.41	1161	95	24	3184	4327	2296288	2295139	0.0	1437
NODE_146_length_2092_cov_60.8385_ID_33632	CR382134.2	89.32	1329	99	37	782	2092	1325965	1324662	0.0	1628
NODE_12_length_313051_cov_21.0995_ID_13812	CR382136.2	89.31	1076	69	19	99	1172	692628	693659	0.0	1308
NODE_118_length_2812_cov_25.7664_ID_43463	CR382134.2	89.28	1334	112	31	4	1321	1095653	1096971	0.0	1642
NODE_72_length_19355_cov_20.9214_ID_24815	CR382138.2	89.26	1089	76	26	1	1063	1641	568	0.0	1325
NODE_72_length_19355_cov_20.9214_ID_24815	CR382135.2	89.26	1089	76	26	1	1063	2099	1026	0.0	1325
NODE_192_length_1320_cov_92.947_ID_58421	CR382135.2	89.25	1339	91	36	1	1320	7919	6615	0.0	1626
NODE_99_length_4980_cov_18.6041_ID_29270	CR382139.2	89.23	1068	100	14	173	1233	951905	950846	0.0	1321
NODE_84_length_9987_cov_78.6827_ID_44222	CR382133.2	89.20	2685	215	60	6228	8877	19467	22111	0.0	3282
NODE_101_length_4795_cov_124.581_ID_54236	CR382137.2	89.12	3023	198	80	1755	4749	2006879	2003960	0.0	3639
NODE_96_length_5354_cov_77.2383_ID_60845	CR382134.2	88.97	1124	91	30	903	2011	1003113	1004218	0.0	1358
NODE_108_length_3684_cov_25.6826_ID_28388	CR382135.2	88.97	1006	70	29	227	1200	18528	19524	0.0	1205
NODE_99_length_4980_cov_18.6041_ID_29270	CR382137.2	88.94	1067	104	13	173	1233	523267	522209	0.0	1304
NODE_9_length_369586_cov_19.407_ID_54492	CR382139.2	88.85	1067	105	13	334	1392	967693	966633	0.0	1299
NODE_75_length_14462_cov_24.1233_ID_25521	CR382134.2	88.84	1290	110	27	13188	14462	1325970	1324700	0.0	1554
NODE_209_length_1106_cov_98.1865_ID_48360	CR382138.2	88.80	1125	97	20	1	1106	18537	19651	0.0	1352
NODE_96_length_5354_cov_77.2383_ID_60845	CR382137.2	88.77	1781	150	45	253	2011	523499	521747	0.0	2135
NODE_192_length_1320_cov_92.947_ID_58421	CR382134.2	88.76	1343	85	44	1	1320	1324605	1325904	0.0	1583
NODE_89_length_8840_cov_22.1448_ID_27136	CR382139.2	88.73	1251	120	18	3981	5218	2007213	2005971	0.0	1509
NODE_14_length_252932_cov_19.2674_ID_15475	CR382139.2	88.73	1251	120	18	2038	3280	2032423	2033660	0.0	1509
NODE_197_length_1248_cov_108.593_ID_50510	CR382134.2	88.69	1264	106	33	1	1248	1325904	1324662	0.0	1507
NODE_96_length_5354_cov_77.2383_ID_60845	CR382138.2	88.66	1146	91	34	884	2011	1559044	1557920	0.0	1360
NODE_140_length_2243_cov_67.5407_ID_35570	CR382139.2	88.65	1145	86	35	1	1135	2048640	2047530	0.0	1354
NODE_140_length_2243_cov_67.5407_ID_35570	CR382136.2	88.59	1148	81	41	1	1135	56777	57887	0.0	1349
NODE_156_length_1928_cov_81.4488_ID_50820	CR382138.2	88.57	1164	99	29	333	1481	23568	22424	0.0	1382
NODE_102_length_4638_cov_50.2238_ID_28992	CR382136.2	88.57	1164	98	29	3183	4327	1601984	1600837	0.0	1380
NODE_20_length_190678_cov_19.0519_ID_23266	CR382135.2	88.55	1781	161	39	15841	17604	22280	20526	0.0	2119
NODE_77_length_12356_cov_22.0374_ID_25178	CR382138.2	88.54	1780	163	37	1019	2773	49168	47405	0.0	2119
NODE_52_length_69672_cov_18.9665_ID_40604	CR382136.2	88.48	1189	105	28	23579	24752	59250	60421	0.0	1408
NODE_75_length_14462_cov_24.1233_ID_25521	CR382134.2	88.44	1289	115	23	13188	14462	1340837	1339569	0.0	1524
NODE_52_length_69672_cov_18.9665_ID_40604	CR382137.2	88.44	1081	110	13	39772	40841	29950	31026	0.0	1290
NODE_146_length_2092_cov_60.8385_ID_33632	CR382134.2	88.44	1332	103	40	782	2092	1340832	1339531	0.0	1559
NODE_52_length_69672_cov_18.9665_ID_40604	CR382136.2	88.40	1190	104	30	23579	24752	30626	31797	0.0	1402
NODE_52_length_69672_cov_18.9665_ID_40604	CR382133.2	88.39	1171	101	31	23598	24752	14528	15679	0.0	1376
NODE_75_length_14462_cov_24.1233_ID_25521	CR382137.2	88.36	1108	87	23	5992	7092	27495	28567	0.0	1293
NODE_52_length_69672_cov_18.9665_ID_40604	CR382134.2	88.35	1185	107	27	23582	24752	1328543	1327376	0.0	1395
NODE_156_length_1928_cov_81.4488_ID_50820	CR382136.2	88.34	1218	110	24	319	1527	20419	19225	0.0	1434
NODE_30_length_144401_cov_19.9349_ID_22257	CR382135.2	88.12	1852	161	42	98153	99966	151936	150106	0.0	2146
NODE_30_length_144401_cov_19.9349_ID_22257	CR382135.2	88.12	1852	161	42	95458	97288	149241	147428	0.0	2146
NODE_75_length_14462_cov_24.1233_ID_25521	CR382138.2	88.00	1258	117	32	13224	14462	27833	29075	0.0	1456
NODE_59_length_50926_cov_19.6925_ID_22533	CR382133.2	88.00	1283	113	32	15361	16631	1220804	1222057	0.0	1478
NODE_4_length_435960_cov_19.9581_ID_14295	CR382133.2	88.00	1283	113	32	10717	11970	55631	56901	0.0	1478
NODE_11_length_359201_cov_20.2388_ID_14414	CR382135.2	88.00	1033	97	21	96355	97379	1456475	1455462	0.0	1195
NODE_11_length_359201_cov_20.2388_ID_14414	CR382135.2	88.00	1033	97	21	94862	95875	1454982	1453958	0.0	1195
NODE_52_length_69672_cov_18.9665_ID_40604	CR382138.2	87.99	1191	107	32	23579	24752	23630	24801	0.0	1375
NODE_24_length_162035_cov_24.0002_ID_17665	CR382137.2	87.97	1871	158	58	16926	18758	911853	913694	0.0	2146
NODE_137_length_2295_cov_124.249_ID_43105	CR382136.2	87.93	1607	151	38	107	1696	1602122	1600542	0.0	1853
NODE_55_length_64935_cov_19.3584_ID_16268	CR382137.2	87.82	1535	156	31	6252	7771	1535122	1533604	0.0	1770
NODE_55_length_64935_cov_19.3584_ID_16268	CR382137.2	87.82	1535	156	31	10393	11911	1539263	1537744	0.0	1770
NODE_131_length_2444_cov_27.3932_ID_31285	CR382135.2	87.82	1026	62	37	1	985	10949	11952	0.0	1144
NODE_55_length_64935_cov_19.3584_ID_16268	CR382137.2	87.74	1583	157	34	10393	11957	1537155	1535592	0.0	1814
NODE_55_length_64935_cov_19.3584_ID_16268	CR382137.2	87.74	1583	157	33	8360	9923	1535122	1533558	0.0	1814
NODE_55_length_64935_cov_19.3584_ID_16268	CR382137.2	87.72	1613	160	38	8355	9949	1539268	1537676	0.0	1847
NODE_55_length_64935_cov_19.3584_ID_16268	CR382137.2	87.72	1613	160	38	6247	7839	1537160	1535566	0.0	1847
NODE_192_length_1320_cov_92.947_ID_58421	CR382134.2	87.72	1344	95	44	1	1320	1339474	1340771	0.0	1504
NODE_110_length_3547_cov_155.864_ID_48528	CR382138.2	87.67	1849	168	55	1727	3547	20393	18577	0.0	2097
NODE_109_length_3548_cov_174.374_ID_43718	CR382138.2	87.67	1849	168	55	1728	3548	20393	18577	0.0	2097
NODE_24_length_162035_cov_24.0002_ID_17665	CR382137.2	87.61	1872	163	60	20301	22142	908478	910310	0.0	2108
NODE_158_length_1918_cov_131.334_ID_68890	CR382138.2	87.61	1849	169	55	98	1918	20393	18577	0.0	2091
NODE_197_length_1248_cov_108.593_ID_50510	CR382134.2	87.59	1265	116	33	1	1248	1340771	1339531	0.0	1428
NODE_75_length_14462_cov_24.1233_ID_25521	CR382133.2	87.49	1287	122	30	13191	14462	17402	18664	0.0	1448
NODE_157_length_1924_cov_132.208_ID_62545	CR382138.2	87.49	1854	169	58	1	1824	18577	20397	0.0	2080
NODE_47_length_85165_cov_20.3719_ID_16025	CR382134.2	87.42	2710	278	61	26686	29365	1034516	1037192	0.0	3057
NODE_47_length_85165_cov_20.3719_ID_16025	CR382134.2	87.42	2710	278	60	23663	26339	1037539	1040218	0.0	3057
NODE_114_length_3312_cov_19.7897_ID_67493	CR382134.2	87.39	1229	130	22	2	1222	1333101	1331890	0.0	1387
NODE_5_length_393654_cov_20.0501_ID_10050	CR382139.2	87.15	1860	180	51	213539	215372	1584844	1583018	0.0	2056
NODE_60_length_49739_cov_20.1529_ID_21649	CR382135.2	87.06	1940	181	63	47083	48992	533604	531705	0.0	2128
NODE_126_length_2661_cov_22.7817_ID_31739	CR382135.2	87.01	1493	131	49	1	1454	535514	536982	0.0	1624
NODE_126_length_2661_cov_22.7817_ID_31739	CR382135.2	86.95	1157	116	33	1	1138	538394	539534	0.0	1267
NODE_209_length_1106_cov_98.1865_ID_48360	CR382138.2	86.90	1122	104	32	13	1106	2293644	2292538	0.0	1218
NODE_168_length_1715_cov_45.6771_ID_69944	CR382133.2	86.79	1158	93	27	140	1284	83210	82100	0.0	1236
NODE_70_length_20868_cov_18.4955_ID_25316	CR382138.2	86.78	1157	95	26	12659	13769	1216858	1218002	0.0	1236
NODE_43_length_103068_cov_20.1545_ID_45371	CR382134.2	86.72	1581	176	32	92651	94214	1094354	1092791	0.0	1725
NODE_7_length_386049_cov_20.0221_ID_7268	CR382135.2	86.41	1501	140	58	129519	130993	841188	839726	0.0	1583
NODE_7_length_386049_cov_20.0221_ID_7268	CR382135.2	86.41	1501	140	56	131617	133079	843286	841812	0.0	1583
NODE_199_length_1208_cov_22.222_ID_34752	CR382139.2	86.40	1228	127	39	1	1208	1224664	1225871	0.0	1306
NODE_78_length_11696_cov_150.149_ID_25986	CR382136.2	86.36	2404	227	85	9100	11457	7996	10344	0.0	2529
NODE_27_length_150079_cov_19.9456_ID_8223	CR382136.2	86.36	1078	90	41	235	1272	1606292	1605232	0.0	1123
NODE_118_length_2812_cov_25.7664_ID_43463	CR382134.2	86.36	1378	152	32	4	1361	1093033	1094394	0.0	1471
NODE_12_length_313051_cov_21.0995_ID_13812	CR382136.2	86.35	1048	85	31	907	1925	698265	699283	0.0	1090
NODE_133_length_2347_cov_27.2243_ID_32269	CR382136.2	86.34	1281	136	32	1087	2347	15465	14204	0.0	1360
NODE_75_length_14462_cov_24.1233_ID_25521	CR382136.2	86.32	1257	137	34	13224	14462	1599553	1598314	0.0	1336
NODE_47_length_85165_cov_20.3719_ID_16025	CR382134.2	86.21	1581	177	41	81938	83498	1107737	1109296	0.0	1674
NODE_174_length_1617_cov_129.097_ID_62011	CR382138.2	86.20	1645	167	55	1	1617	20189	18577	0.0	1725
NODE_197_length_1248_cov_108.593_ID_50510	CR382138.2	86.18	1266	138	36	1	1248	18577	19823	0.0	1334
NODE_27_length_150079_cov_19.9456_ID_8223	CR382138.2	86.17	1497	120	63	1	1438	24873	26341	0.0	1537
NODE_47_length_85165_cov_20.3719_ID_16025	CR382134.2	86.15	1523	177	32	81978	83483	1110534	1112039	0.0	1613
NODE_12_length_313051_cov_21.0995_ID_13812	CR382136.2	85.99	1042	85	33	5397	6400	693775	694793	0.0	1059
NODE_75_length_14462_cov_24.1233_ID_25521	CR382135.2	85.94	1294	137	42	13193	14462	6552	7824	0.0	1339
NODE_152_length_1960_cov_261.218_ID_63764	CR382137.2	85.84	1427	137	40	539	1939	27299	28686	0.0	1456
NODE_146_length_2092_cov_60.8385_ID_33632	CR382138.2	85.81	1332	144	43	782	2092	18516	19823	0.0	1371
NODE_192_length_1320_cov_92.947_ID_58421	CR382138.2	85.80	1345	125	49	1	1320	19880	18577	0.0	1365
NODE_154_length_1957_cov_262.336_ID_67980	CR382137.2	85.80	1430	132	46	536	1936	27299	28686	0.0	1450
NODE_155_length_1960_cov_260.539_ID_68125	CR382137.2	85.77	1427	138	40	539	1939	27299	28686	0.0	1450
NODE_153_length_1960_cov_260.344_ID_67835	CR382137.2	85.72	1429	135	43	539	1939	27299	28686	0.0	1445
NODE_131_length_2444_cov_27.3932_ID_31285	CR382136.2	85.62	1217	94	49	7	1179	32054	33233	0.0	1203
NODE_130_length_2531_cov_27.4105_ID_34314	CR382136.2	85.61	1216	96	50	1167	2346	1594006	1595178	0.0	1203
NODE_75_length_14462_cov_24.1233_ID_25521	CR382138.2	85.53	1265	135	42	13224	14462	2293646	2292404	0.0	1279
NODE_43_length_103068_cov_20.1545_ID_45371	CR382134.2	85.37	1558	190	37	92669	94207	1096956	1095418	0.0	1580
NODE_166_length_1788_cov_17.7784_ID_31503	CR382139.2	85.26	1031	83	45	1	1008	1584169	1585153	0.0	998
NODE_3_length_446415_cov_19.8627_ID_15034	CR382133.2	85.21	1521	161	56	160675	162160	638257	636766	0.0	1504
NODE_27_length_150079_cov_19.9456_ID_8223	CR382133.2	85.05	1311	131	57	1	1272	15751	17035	0.0	1275
NODE_77_length_12356_cov_22.0374_ID_25178	CR382134.2	84.75	1626	150	64	10761	12356	1337031	1335474	0.0	1539
NODE_167_length_1743_cov_19.5113_ID_30559	CR382135.2	84.75	1626	150	64	186	1743	30268	31863	0.0	1539
NODE_22_length_163336_cov_20.6638_ID_16628	CR382135.2	84.73	1238	159	29	1980	3202	414278	413056	0.0	1212
NODE_22_length_163336_cov_20.6638_ID_16628	CR382135.2	84.73	1238	159	29	178	1400	412476	411254	0.0	1212
NODE_30_length_144401_cov_19.9349_ID_22257	CR382136.2	84.64	1055	92	46	71486	72518	701623	702629	0.0	987
NODE_12_length_313051_cov_21.0995_ID_13812	CR382135.2	84.64	1055	92	46	8497	9503	175908	174876	0.0	987
NODE_216_length_1036_cov_281.422_ID_63278	CR382137.2	84.60	1026	99	34	22	1024	28686	27697	0.0	965
NODE_201_length_1140_cov_74.8055_ID_33506	CR382136.2	84.41	1084	129	40	77	1140	482491	483554	0.0	1029
NODE_17_length_212278_cov_20.2157_ID_11290	CR382134.2	84.39	1743	197	70	162133	163838	166673	164969	0.0	1642
NODE_17_length_212278_cov_20.2157_ID_11290	CR382134.2	84.39	1743	197	70	160190	161894	164730	163025	0.0	1642
NODE_3_length_446415_cov_19.8627_ID_15034	CR382133.2	84.35	1521	174	55	158663	160154	636245	634760	0.0	1432
NODE_192_length_1320_cov_92.947_ID_58421	CR382134.2	84.35	1342	130	59	1	1305	1332379	1333677	0.0	1242
NODE_40_length_109596_cov_20.1672_ID_20931	CR382136.2	84.30	3026	356	108	106398	109349	1112854	1115834	0.0	2846
NODE_40_length_109596_cov_20.1672_ID_20931	CR382136.2	84.30	3025	358	107	103261	106241	1115991	1118942	0.0	2846
NODE_40_length_109596_cov_20.1672_ID_20931	CR382136.2	84.16	1679	218	41	54856	56507	440734	439077	0.0	1583
NODE_45_length_94926_cov_19.3516_ID_12796	CR382136.2	84.15	1678	220	41	54295	55952	1063757	1062106	0.0	1583
NODE_219_length_1014_cov_70.6361_ID_69988	CR382135.2	84.10	1019	130	31	1	1003	566821	567823	0.0	955
NODE_181_length_1417_cov_43.2841_ID_69912	CR382138.2	83.82	1434	174	46	22	1414	2217157	2215741	0.0	1310
NODE_96_length_5354_cov_77.2383_ID_60845	CR382135.2	83.77	1035	107	52	1017	2025	990067	991066	0.0	924
NODE_36_length_116278_cov_18.6774_ID_63163	CR382135.2	83.77	1103	146	25	71142	72226	462482	461395	0.0	1014
NODE_36_length_116278_cov_18.6774_ID_63163	CR382135.2	83.77	1103	146	25	69599	70686	460939	459855	0.0	1014
NODE_5_length_393654_cov_20.0501_ID_10050	CR382138.2	83.74	1851	224	63	213572	215372	2215144	2216967	0.0	1679
NODE_6_length_386253_cov_20.0772_ID_5317	CR382134.2	83.73	1850	226	62	34638	36461	510669	512469	0.0	1679
NODE_141_length_2228_cov_357.221_ID_56297	CR382136.2	83.67	1084	114	54	1118	2165	481994	480938	0.0	963
NODE_141_length_2228_cov_357.221_ID_56297	CR382133.2	83.67	1084	114	54	1118	2165	338121	339177	0.0	963
NODE_3_length_446415_cov_19.8627_ID_15034	CR382135.2	83.63	1759	226	61	337597	339324	159854	161581	0.0	1596
NODE_30_length_144401_cov_19.9349_ID_22257	CR382133.2	83.63	1759	226	61	85813	87540	457397	459124	0.0	1596
NODE_6_length_386253_cov_20.0772_ID_5317	CR382139.2	83.57	2008	253	65	34448	36427	1582828	1584786	0.0	1808
NODE_113_length_3469_cov_62.5888_ID_37206	CR382135.2	83.38	1336	112	61	1	1245	12465	11149	0.0	1136
NODE_92_length_8289_cov_21.0857_ID_26161	CR382135.2	83.35	1129	152	36	5364	6474	99002	100112	0.0	1011
NODE_143_length_2203_cov_17.5568_ID_28828	CR382139.2	83.05	1162	149	46	1066	2203	1227687	1226550	0.0	1011
NODE_62_length_37346_cov_18.4062_ID_22107	CR382136.2	82.99	2516	309	84	10166	12651	72381	74807	0.0	2165
NODE_27_length_150079_cov_19.9456_ID_8223	CR382138.2	82.98	2515	311	84	11889	14315	2279137	2276652	0.0	2165
NODE_136_length_2316_cov_346.897_ID_49340	CR382136.2	82.88	1174	135	55	65	1199	480848	481994	0.0	994
NODE_136_length_2316_cov_346.897_ID_49340	CR382133.2	82.88	1174	135	55	65	1199	339267	338121	0.0	994
NODE_40_length_109596_cov_20.1672_ID_20931	CR382138.2	82.87	1197	170	33	100437	101616	736877	735699	0.0	1042
NODE_10_length_365995_cov_19.4662_ID_20781	CR382136.2	82.87	1197	170	33	32197	33375	1111209	1110030	0.0	1042
NODE_9_length_369586_cov_19.407_ID_54492	CR382135.2	82.83	1252	179	35	61917	63150	914879	916112	0.0	1088
NODE_96_length_5354_cov_77.2383_ID_60845	CR382133.2	82.81	1175	134	57	879	2025	346459	345325	0.0	989
NODE_96_length_5354_cov_77.2383_ID_60845	CR382133.2	82.81	1175	134	57	879	2025	343734	342600	0.0	989
NODE_9_length_369586_cov_19.407_ID_54492	CR382135.2	82.74	1257	175	41	61915	63150	912422	913657	0.0	1081
NODE_7_length_386049_cov_20.0221_ID_7268	CR382137.2	82.71	1255	175	41	59148	60381	585026	583793	0.0	1077
NODE_96_length_5354_cov_77.2383_ID_60845	CR382134.2	82.69	1467	181	69	2351	3783	1004621	1006048	0.0	1234
NODE_43_length_103068_cov_20.1545_ID_45371	CR382134.2	82.62	1559	217	53	92668	94201	1106605	1105076	0.0	1328
NODE_43_length_103068_cov_20.1545_ID_45371	CR382134.2	82.50	1560	221	51	95346	96877	1112040	1110505	0.0	1321
NODE_96_length_5354_cov_77.2383_ID_60845	CR382138.2	82.47	1466	185	68	2351	3783	1557517	1556091	0.0	1218
NODE_3_length_446415_cov_19.8627_ID_15034	CR382133.2	82.39	1028	141	36	115009	116016	683561	682554	0.0	859
NODE_3_length_446415_cov_19.8627_ID_15034	CR382133.2	82.39	1028	141	36	113359	114366	681911	680904	0.0	859
NODE_77_length_12356_cov_22.0374_ID_25178	CR382136.2	82.35	1575	233	45	4279	5830	118547	120099	0.0	1327
NODE_27_length_150079_cov_19.9456_ID_8223	CR382135.2	82.35	1575	233	44	58055	59607	23786	25337	0.0	1327
NODE_110_length_3547_cov_155.864_ID_48528	CR382134.2	82.03	2137	243	98	1473	3532	1331605	1333677	0.0	1688
NODE_109_length_3548_cov_174.374_ID_43718	CR382134.2	82.03	2137	243	98	1474	3533	1331605	1333677	0.0	1688
NODE_115_length_3253_cov_98.3021_ID_68764	CR382136.2	81.92	1156	148	51	624	1759	489377	488263	0.0	920
NODE_130_length_2531_cov_27.4105_ID_34314	CR382135.2	81.91	1028	113	52	1362	2346	11952	10955	0.0	800
NODE_118_length_2812_cov_25.7664_ID_43463	CR382134.2	81.89	1331	196	41	1	1310	1105302	1106608	0.0	1081
NODE_29_length_147211_cov_19.6752_ID_17177	CR382133.2	81.70	1175	130	44	36158	37311	82100	83210	0.0	900
NODE_70_length_20868_cov_18.4955_ID_25316	CR382138.2	81.67	1173	134	42	12659	13769	1106873	1105720	0.0	900
NODE_41_length_105080_cov_19.6404_ID_18691	CR382134.2	81.63	1568	214	73	40770	42299	764538	766069	0.0	1232
NODE_41_length_105080_cov_19.6404_ID_18691	CR382134.2	81.63	1568	214	73	38086	39617	767222	768751	0.0	1232
NODE_115_length_3253_cov_98.3021_ID_68764	CR382139.2	81.59	1157	150	53	624	1759	955473	956587	0.0	898
NODE_115_length_3253_cov_98.3021_ID_68764	CR382138.2	81.59	1157	150	53	624	1759	1551577	1552691	0.0	898
NODE_115_length_3253_cov_98.3021_ID_68764	CR382135.2	81.59	1157	150	53	624	1759	977546	978660	0.0	898
NODE_124_length_2674_cov_367.609_ID_63921	CR382134.2	81.53	1153	143	57	536	1650	1003205	1004325	0.0	885
NODE_115_length_3253_cov_98.3021_ID_68764	CR382137.2	81.50	1157	151	57	624	1759	518178	519292	0.0	893
NODE_115_length_3253_cov_98.3021_ID_68764	CR382137.2	81.50	1157	151	57	624	1759	514245	515359	0.0	893
NODE_115_length_3253_cov_98.3021_ID_68764	CR382135.2	81.50	1157	151	56	624	1759	985413	986527	0.0	893
NODE_206_length_1122_cov_23.0075_ID_32467	CR382138.2	81.48	1150	157	50	1	1122	1391265	1392386	0.0	893
NODE_125_length_2674_cov_371.439_ID_66737	CR382136.2	81.47	1495	193	71	111	1557	480536	481994	0.0	1149
NODE_125_length_2674_cov_371.439_ID_66737	CR382133.2	81.47	1495	193	71	111	1557	339579	338121	0.0	1149
NODE_124_length_2674_cov_367.609_ID_63921	CR382136.2	81.45	1493	197	68	111	1557	480536	481994	0.0	1149
NODE_124_length_2674_cov_367.609_ID_63921	CR382133.2	81.45	1493	197	68	111	1557	339579	338121	0.0	1149
NODE_98_length_5057_cov_38.7269_ID_28274	CR382139.2	81.42	1292	217	23	1379	2659	698921	697642	0.0	1035
NODE_1_length_781040_cov_20.4415_ID_5778	CR382136.2	81.42	1292	217	23	91965	93244	28571	27291	0.0	1035
NODE_53_length_67866_cov_19.5086_ID_13358	CR382135.2	81.40	1876	297	50	66014	67863	1387476	1385627	0.0	1483
NODE_115_length_3253_cov_98.3021_ID_68764	CR382134.2	81.40	1156	154	51	624	1759	998763	999877	0.0	887
NODE_141_length_2228_cov_357.221_ID_56297	CR382137.2	81.32	1103	137	55	1025	2091	521640	522709	0.0	832
NODE_102_length_4638_cov_50.2238_ID_28992	CR382134.2	81.19	1212	127	69	1	1152	1333036	1331866	0.0	881
NODE_157_length_1924_cov_132.208_ID_62545	CR382134.2	81.14	1978	241	93	16	1924	1333677	1331763	0.0	1465
NODE_141_length_2228_cov_357.221_ID_56297	CR382134.2	81.13	1155	144	62	1025	2139	1004325	1003205	0.0	857
NODE_43_length_103068_cov_20.1545_ID_45371	CR382134.2	80.95	1564	239	55	95343	96875	1109285	1107750	0.0	1182
NODE_192_length_1320_cov_92.947_ID_58421	CR382136.2	80.93	1311	154	73	1	1264	14204	15465	0.0	948
NODE_141_length_2228_cov_357.221_ID_56297	CR382138.2	80.92	1153	150	61	1025	2139	1557813	1558933	0.0	846
NODE_43_length_103068_cov_20.1545_ID_45371	CR382134.2	80.91	1524	230	60	95343	96834	1094339	1092845	0.0	1146
NODE_158_length_1918_cov_131.334_ID_68890	CR382134.2	80.83	1977	243	94	1	1903	1331763	1333677	0.0	1426
NODE_9_length_369586_cov_19.407_ID_54492	CR382137.2	80.75	1818	296	50	69008	70798	699834	698044	0.0	1369
NODE_9_length_369586_cov_19.407_ID_54492	CR382137.2	80.73	1816	300	50	176166	177956	592674	590884	0.0	1369
NODE_98_length_5057_cov_38.7269_ID_28274	CR382133.2	80.68	1413	227	43	1375	2764	907668	909057	0.0	1055
NODE_4_length_435960_cov_19.9581_ID_14295	CR382136.2	80.68	1413	227	43	323690	325079	27186	28575	0.0	1055
NODE_6_length_386253_cov_20.0772_ID_5317	CR382138.2	80.63	1621	216	93	243742	245316	2010127	2008559	0.0	1164
NODE_6_length_386253_cov_20.0772_ID_5317	CR382138.2	80.63	1621	216	93	241479	243047	2007864	2006290	0.0	1164
NODE_43_length_103068_cov_20.1545_ID_45371	CR382134.2	80.61	1537	227	70	95343	96842	1096959	1095457	0.0	1122
NODE_60_length_49739_cov_20.1529_ID_21649	CR382135.2	80.54	1968	298	78	17999	19923	571900	569975	0.0	1434
NODE_60_length_49739_cov_20.1529_ID_21649	CR382135.2	80.40	1969	299	79	14717	16642	568618	566694	0.0	1417
NODE_136_length_2316_cov_346.897_ID_49340	CR382134.2	80.38	1249	164	69	89	1292	1003113	1004325	0.0	874
NODE_27_length_150079_cov_19.9456_ID_8223	CR382134.2	80.34	1063	122	61	267	1272	1342279	1341247	0.0	725
NODE_197_length_1248_cov_108.593_ID_50510	CR382134.2	80.31	1112	145	52	16	1084	1333677	1332597	0.0	773
NODE_96_length_5354_cov_77.2383_ID_60845	CR382138.2	80.25	1737	237	93	336	2025	1549691	1551368	0.0	1210
NODE_47_length_85165_cov_20.3719_ID_16025	CR382134.2	80.24	1528	233	68	81992	83486	1105117	1106608	0.0	1085
NODE_125_length_2674_cov_371.439_ID_66737	CR382134.2	80.22	1249	166	66	447	1650	1003113	1004325	0.0	863
NODE_124_length_2674_cov_367.609_ID_63921	CR382138.2	80.22	1259	172	66	435	1650	1559037	1557813	0.0	874
NODE_41_length_105080_cov_19.6404_ID_18691	CR382135.2	80.12	1152	191	34	42611	43743	277897	279029	0.0	824
NODE_22_length_163336_cov_20.6638_ID_16628	CR382134.2	80.10	1151	193	34	132435	133567	770195	769063	0.0	824
NODE_136_length_2316_cov_346.897_ID_49340	CR382138.2	80.10	1261	170	71	77	1292	1559037	1557813	0.0	863
NODE_102_length_4638_cov_50.2238_ID_28992	CR382136.2	80.10	1191	138	63	1	1128	14869	13715	0.0	795
NODE_114_length_3312_cov_19.7897_ID_67493	CR382138.2	80.03	1262	148	66	2	1222	19171	20369	0.0	839
NODE_209_length_1106_cov_98.1865_ID_48360	CR382134.2	80.00	1110	127	70	56	1106	1333678	1332605	0.0	732
NODE_125_length_2674_cov_371.439_ID_66737	CR382138.2	80.00	1260	173	67	435	1650	1559037	1557813	0.0	857
NODE_26_length_150656_cov_19.1621_ID_8053	CR382139.2	79.99	1339	220	41	77114	78428	1575258	1576572	0.0	944
NODE_197_length_1248_cov_108.593_ID_50510	CR382136.2	79.96	1078	130	66	57	1087	15465	14427	0.0	715
NODE_15_length_223737_cov_36.5296_ID_55648	CR382138.2	79.96	1337	224	39	216134	217448	1470211	1471525	0.0	944
NODE_136_length_2316_cov_346.897_ID_49340	CR382137.2	79.95	1262	167	71	77	1292	522861	521640	0.0	850
NODE_96_length_5354_cov_77.2383_ID_60845	CR382137.2	79.88	1829	248	106	251	2025	516207	517969	0.0	1229
NODE_78_length_11696_cov_150.149_ID_25986	CR382136.2	79.87	1083	142	52	6692	7736	14569	13525	0.0	723
NODE_11_length_359201_cov_20.2388_ID_14414	CR382139.2	79.78	4452	712	177	163861	168211	1227669	1223305	0.0	3062
NODE_161_length_1879_cov_21.0921_ID_29790	CR382133.2	79.74	1012	126	56	559	1515	21433	20446	0.0	660
NODE_96_length_5354_cov_77.2383_ID_60845	CR382133.2	79.71	1833	244	114	251	2025	349812	348050	0.0	1206
NODE_96_length_5354_cov_77.2383_ID_60845	CR382135.2	79.69	1832	246	112	251	2025	975575	977337	0.0	1206
NODE_96_length_5354_cov_77.2383_ID_60845	CR382139.2	79.59	1832	248	112	251	2025	953502	955264	0.0	1195
NODE_96_length_5354_cov_77.2383_ID_60845	CR382136.2	79.59	1832	248	112	251	2025	491348	489586	0.0	1195
NODE_174_length_1617_cov_129.097_ID_62011	CR382134.2	79.52	1670	212	91	1	1602	1332070	1333677	0.0	1070
NODE_96_length_5354_cov_77.2383_ID_60845	CR382139.2	79.51	1830	256	104	251	2025	940423	942188	0.0	1192
NODE_96_length_5354_cov_77.2383_ID_60845	CR382139.2	79.45	1830	257	104	251	2025	948914	947149	0.0	1186
NODE_96_length_5354_cov_77.2383_ID_60845	CR382137.2	79.42	1555	217	98	251	1755	508973	507472	0.0	1003
NODE_115_length_3253_cov_98.3021_ID_68764	CR382139.2	79.41	1603	241	75	610	2178	942383	943930	0.0	1050
NODE_133_length_2347_cov_27.2243_ID_32269	CR382136.2	79.39	1349	169	70	1049	2347	1599508	1598219	0.0	850
NODE_145_length_2112_cov_99.9694_ID_36150	CR382139.2	79.35	1603	242	75	98	1645	946999	945431	0.0	1044
NODE_96_length_5354_cov_77.2383_ID_60845	CR382134.2	79.31	1832	253	112	251	2025	996792	998554	0.0	1168
NODE_133_length_2347_cov_27.2243_ID_32269	CR382133.2	79.31	1353	153	85	1049	2347	17480	18759	0.0	830
NODE_74_length_14743_cov_17.2243_ID_23140	CR382136.2	79.24	1161	131	76	10250	11330	1572653	1571523	0.0	708
NODE_22_length_163336_cov_20.6638_ID_16628	CR382135.2	79.22	1251	196	62	1960	3178	416021	414803	0.0	811
NODE_96_length_5354_cov_77.2383_ID_60845	CR382134.2	79.21	1751	246	109	251	1949	992134	993818	0.0	1109
NODE_11_length_359201_cov_20.2388_ID_14414	CR382139.2	78.95	4342	716	184	163858	168093	1222702	1218453	0.0	2772
NODE_123_length_2687_cov_21.8951_ID_28596	CR382138.2	78.90	1237	193	65	1485	2687	1389176	1390378	0.0	776
NODE_125_length_2674_cov_371.439_ID_66737	CR382137.2	78.87	1604	235	85	102	1650	523194	521640	0.0	989
NODE_8_length_375572_cov_20.0416_ID_19272	CR382137.2	78.84	1607	257	79	71831	73396	358058	356494	0.0	1007
NODE_179_length_1455_cov_40.0543_ID_69946	CR382135.2	78.84	1082	175	52	1	1055	412332	411278	0.0	680
NODE_124_length_2674_cov_367.609_ID_63921	CR382137.2	78.84	1602	239	83	102	1650	523194	521640	0.0	989
NODE_8_length_375572_cov_20.0416_ID_19272	CR382137.2	78.82	1605	261	78	66637	68201	352864	351299	0.0	1007
NODE_32_length_142518_cov_19.7514_ID_9629	CR382138.2	78.76	1309	208	68	138048	139321	1187766	1186493	0.0	813
NODE_29_length_147211_cov_19.6752_ID_17177	CR382138.2	78.76	1309	208	68	116931	118204	483340	482067	0.0	813
NODE_124_length_2674_cov_367.609_ID_63921	CR382139.2	78.76	1257	199	63	111	1333	951823	950601	0.0	780
NODE_115_length_3253_cov_98.3021_ID_68764	CR382135.2	78.68	1576	224	98	624	2162	991275	992775	0.0	946
NODE_125_length_2674_cov_371.439_ID_66737	CR382139.2	78.62	1258	199	63	111	1333	951823	950601	0.0	769
NODE_179_length_1455_cov_40.0543_ID_69946	CR382135.2	78.60	1075	176	52	4	1051	414131	413084	0.0	662
NODE_22_length_163336_cov_20.6638_ID_16628	CR382135.2	78.55	1240	198	63	167	1372	416012	414807	0.0	754
NODE_9_length_369586_cov_19.407_ID_54492	CR382138.2	78.48	1580	245	92	18	1550	1551213	1549682	0.0	946
NODE_169_length_1694_cov_37.7757_ID_37888	CR382136.2	78.42	1075	132	80	92	1102	41489	42527	1e-173	608
NODE_52_length_69672_cov_18.9665_ID_40604	CR382137.2	78.40	2218	359	114	35743	37899	31418	33576	0.0	1332
NODE_1_length_781040_cov_20.4415_ID_5778	CR382133.2	78.40	1662	261	90	735779	737391	43329	41717	0.0	990
NODE_59_length_50926_cov_19.6925_ID_22533	CR382139.2	78.39	1661	263	89	28933	30545	53991	52379	0.0	990
NODE_88_length_9082_cov_18.928_ID_26303	CR382134.2	78.38	1073	136	77	6653	7691	1327213	1326203	7e-173	608
NODE_133_length_2347_cov_27.2243_ID_32269	CR382138.2	78.29	1359	169	90	1049	2347	27878	29170	0.0	760
NODE_9_length_369586_cov_19.407_ID_54492	CR382133.2	78.09	1661	251	110	18	1622	348205	349808	0.0	946
NODE_8_length_375572_cov_20.0416_ID_19272	CR382137.2	78.09	1337	213	79	314808	316104	95327	94031	0.0	773
NODE_9_length_369586_cov_19.407_ID_54492	CR382139.2	78.06	1659	255	102	18	1622	947307	948910	0.0	946
NODE_9_length_369586_cov_19.407_ID_54492	CR382137.2	78.06	1659	255	106	18	1622	517814	516211	0.0	946
NODE_8_length_375572_cov_20.0416_ID_19272	CR382137.2	78.05	1335	217	74	329368	330664	109887	108591	0.0	773
NODE_75_length_14462_cov_24.1233_ID_25521	CR382134.2	78.04	1120	150	75	13272	14336	1333675	1332597	2e-175	617
NODE_143_length_2203_cov_17.5568_ID_28828	CR382135.2	78.00	1150	189	60	1081	2198	1387479	1386362	0.0	664
NODE_133_length_2347_cov_27.2243_ID_32269	CR382134.2	78.00	1359	166	96	1048	2347	1325889	1324605	0.0	730
NODE_75_length_14462_cov_24.1233_ID_25521	CR382138.2	77.99	3616	596	191	1356	4871	1392693	1389178	0.0	2084
NODE_9_length_369586_cov_19.407_ID_54492	CR382139.2	77.97	1657	260	102	18	1622	942030	940427	0.0	941
NODE_9_length_369586_cov_19.407_ID_54492	CR382135.2	77.68	1662	256	111	18	1622	977182	975579	0.0	907
NODE_133_length_2347_cov_27.2243_ID_32269	CR382135.2	77.65	1356	180	89	1049	2347	6630	7919	0.0	712
NODE_9_length_369586_cov_19.407_ID_54492	CR382139.2	77.56	1662	258	111	18	1622	955109	953506	0.0	896
NODE_9_length_369586_cov_19.407_ID_54492	CR382136.2	77.56	1662	258	111	18	1622	489741	491344	0.0	896
NODE_9_length_369586_cov_19.407_ID_54492	CR382134.2	77.56	1662	258	111	18	1622	998399	996796	0.0	896
NODE_4_length_435960_cov_19.9581_ID_14295	CR382136.2	77.56	1239	181	87	293756	294947	1063317	1062129	0.0	658
NODE_133_length_2347_cov_27.2243_ID_32269	CR382138.2	77.54	1358	181	85	1049	2347	2293601	2292309	0.0	704
NODE_40_length_109596_cov_20.1672_ID_20931	CR382133.2	77.51	1236	187	84	54879	56067	937800	938991	0.0	658
NODE_133_length_2347_cov_27.2243_ID_32269	CR382138.2	77.50	1360	169	99	1051	2347	18595	19880	0.0	689
NODE_9_length_369586_cov_19.407_ID_54492	CR382134.2	77.44	1662	260	111	18	1622	993741	992138	0.0	885
NODE_9_length_369586_cov_19.407_ID_54492	CR382137.2	77.37	1538	243	101	137	1622	507485	508969	0.0	815
NODE_8_length_375572_cov_20.0416_ID_19272	CR382135.2	77.22	1598	272	85	329160	330716	228793	230339	0.0	850
NODE_30_length_144401_cov_19.9349_ID_22257	CR382137.2	77.22	1598	272	84	17055	18601	93979	95535	0.0	850
NODE_133_length_2347_cov_27.2243_ID_32269	CR382134.2	77.13	1364	167	104	1048	2347	1340756	1339474	0.0	656
NODE_84_length_9987_cov_78.6827_ID_44222	CR382136.2	77.03	1576	252	90	7536	9066	31388	32898	0.0	804
NODE_202_length_1139_cov_121.082_ID_41007	CR382139.2	76.85	1054	167	68	133	1139	945447	946470	3e-148	523
NODE_78_length_11696_cov_150.149_ID_25986	CR382138.2	76.83	1023	137	75	6684	7647	2292677	2291696	1e-135	484
NODE_26_length_150656_cov_19.1621_ID_8053	CR382139.2	76.75	1604	264	102	102826	104372	268762	270313	0.0	795
NODE_1_length_781040_cov_20.4415_ID_5778	CR382138.2	76.75	1604	264	103	520435	521986	1497469	1495923	0.0	795
NODE_78_length_11696_cov_150.149_ID_25986	CR382133.2	76.67	1020	144	71	6684	7647	18391	19372	7e-134	479
NODE_47_length_85165_cov_20.3719_ID_16025	CR382134.2	76.59	1149	197	67	7465	8577	1023160	1024272	4e-159	566
NODE_47_length_85165_cov_20.3719_ID_16025	CR382134.2	76.59	1149	197	67	6091	7203	1024534	1025646	4e-159	566
NODE_7_length_386049_cov_20.0221_ID_7268	CR382136.2	76.55	1292	210	89	59138	60381	1069771	1071017	4e-175	621
NODE_69_length_20909_cov_19.8694_ID_21851	CR382138.2	76.55	1245	204	85	19709	20909	10194	8994	3e-170	601
NODE_78_length_11696_cov_150.149_ID_25986	CR382134.2	76.34	1023	142	77	6684	7647	1339842	1338861	3e-127	457
NODE_78_length_11696_cov_150.149_ID_25986	CR382134.2	76.29	1025	139	81	6684	7647	1324973	1323992	1e-125	451
NODE_7_length_386049_cov_20.0221_ID_7268	CR382136.2	76.22	1295	209	94	59138	60381	1071985	1073231	8e-167	593
NODE_40_length_109596_cov_20.1672_ID_20931	CR382135.2	76.10	1339	230	82	62521	63815	916122	914830	1e-174	617
NODE_9_length_369586_cov_19.407_ID_54492	CR382137.2	76.09	1150	197	70	314663	315773	1876519	1875409	2e-147	529
NODE_38_length_111902_cov_18.4182_ID_9419	CR382137.2	76.09	1150	197	70	19391	20501	836646	837756	6e-148	529
NODE_88_length_9082_cov_18.928_ID_26303	CR382133.2	75.85	1085	163	81	6653	7672	15842	16892	2e-128	460
NODE_1_length_781040_cov_20.4415_ID_5778	CR382139.2	75.78	1821	294	134	676267	678019	119211	117470	0.0	784
NODE_1_length_781040_cov_20.4415_ID_5778	CR382139.2	75.77	1820	296	131	671537	673278	114481	112729	0.0	784
NODE_9_length_369586_cov_19.407_ID_54492	CR382136.2	75.72	1289	218	88	61915	63154	1073233	1071991	3e-156	558
NODE_40_length_109596_cov_20.1672_ID_20931	CR382137.2	75.54	1288	222	86	62527	63769	585030	583791	2e-153	547
NODE_101_length_4795_cov_124.581_ID_54236	CR382136.2	75.53	2350	372	173	298	2558	30803	33038	0.0	966
NODE_96_length_5354_cov_77.2383_ID_60845	CR382137.2	75.25	1216	200	95	251	1417	512616	511453	7e-136	484
NODE_84_length_9987_cov_78.6827_ID_44222	CR382133.2	75.18	1539	272	99	7536	9019	15270	16753	7e-178	625
NODE_119_length_2756_cov_89.157_ID_70018	CR382139.2	74.92	1188	220	72	1604	2752	6684	5536	3e-132	472
NODE_119_length_2756_cov_89.157_ID_70018	CR382138.2	74.92	1188	220	72	1604	2752	3317	2169	3e-132	472
NODE_40_length_109596_cov_20.1672_ID_20931	CR382133.2	74.90	1191	180	101	55279	56414	110435	109309	5e-119	433
NODE_19_length_202380_cov_20.4512_ID_7000	CR382136.2	74.85	1189	184	100	188211	189337	1062529	1063664	9e-119	433
NODE_74_length_14743_cov_17.2243_ID_23140	CR382136.2	74.83	1478	278	92	6999	8429	358203	359633	6e-165	582
NODE_119_length_2756_cov_89.157_ID_70018	CR382135.2	74.83	1188	221	72	1604	2752	3775	2627	1e-130	466
NODE_119_length_2756_cov_89.157_ID_70018	CR382133.2	74.83	1188	221	72	1604	2752	1247547	1248695	1e-130	466
NODE_119_length_2756_cov_89.157_ID_70018	CR382138.2	74.79	1190	218	75	1604	2752	2301708	2302856	6e-129	460
NODE_119_length_2756_cov_89.157_ID_70018	CR382133.2	74.77	1189	220	73	1604	2752	4467	3319	6e-129	460
NODE_151_length_1992_cov_42.1063_ID_69998	CR382139.2	74.56	1435	251	109	38	1414	45556	46934	5e-148	523
NODE_84_length_9987_cov_78.6827_ID_44222	CR382136.2	74.55	1053	164	85	8004	9016	41388	42376	2e-99	364
NODE_1_length_781040_cov_20.4415_ID_5778	CR382133.2	74.51	1432	257	104	742836	744214	73642	75018	2e-145	523
NODE_32_length_142518_cov_19.7514_ID_9629	CR382139.2	74.47	1081	207	60	9794	10835	1701916	1702966	5e-110	403
NODE_23_length_162514_cov_20.2329_ID_18110	CR382138.2	74.47	1081	207	58	108089	109139	353813	354854	6e-110	403
NODE_96_length_5354_cov_77.2383_ID_60845	CR382138.2	74.41	1063	165	97	3791	4799	1556124	1555115	2e-97	357
NODE_175_length_1572_cov_62.8451_ID_41919	CR382138.2	74.41	1063	165	97	556	1564	1555115	1556124	4e-98	357
NODE_122_length_2707_cov_73.0049_ID_55917	CR382138.2	74.41	1063	165	97	1144	2152	1556124	1555115	8e-98	357
NODE_123_length_2687_cov_21.8951_ID_28596	CR382138.2	74.28	1252	236	82	1479	2687	10202	8994	1e-125	449
NODE_84_length_9987_cov_78.6827_ID_44222	CR382136.2	74.17	1471	261	108	7536	8954	60012	61415	1e-140	501
NODE_4_length_435960_cov_19.9581_ID_14295	CR382135.2	73.89	1214	211	98	349355	350512	490875	492038	4e-105	388
NODE_1_length_781040_cov_20.4415_ID_5778	CR382138.2	73.88	1432	266	104	742836	744214	245854	244478	2e-130	473
NODE_36_length_116278_cov_18.6774_ID_63163	CR382133.2	73.87	1213	213	96	40043	41206	882235	883392	1e-105	388
NODE_150_length_2064_cov_91.3574_ID_45041	CR382133.2	73.64	1840	318	146	1	1767	16430	14685	5e-158	556
NODE_10_length_365995_cov_19.4662_ID_20781	CR382137.2	73.62	1016	172	83	105299	106257	643426	644402	1e-79	303
NODE_9_length_369586_cov_19.407_ID_54492	CR382138.2	73.60	1015	174	82	121548	122524	808801	809759	1e-79	303
NODE_61_length_37901_cov_18.5672_ID_19475	CR382139.2	73.43	1558	272	135	6863	8349	1220871	1222357	1e-125	453
NODE_11_length_359201_cov_20.2388_ID_14414	CR382134.2	72.84	1642	306	135	164175	165746	1315372	1316943	2e-118	433
NODE_61_length_37901_cov_18.5672_ID_19475	CR382135.2	72.80	1640	310	135	6806	8377	1385591	1387162	2e-119	433
NODE_8_length_375572_cov_20.0416_ID_19272	CR382134.2	72.69	1556	289	121	329227	330716	1269943	1268458	8e-107	394
NODE_51_length_72865_cov_19.6583_ID_12060	CR382137.2	72.69	1556	289	120	63126	64611	93979	95468	2e-107	394
NODE_150_length_2064_cov_91.3574_ID_45041	CR382138.2	72.65	1843	331	152	1	1767	25552	23807	3e-126	451
NODE_68_length_27404_cov_21.0565_ID_23765	CR382135.2	72.23	1228	239	96	25226	26402	84321	85497	4e-75	285
NODE_52_length_69672_cov_18.9665_ID_40604	CR382137.2	72.23	1228	239	96	52404	53580	1548250	1547074	1e-74	285
NODE_150_length_2064_cov_91.3574_ID_45041	CR382136.2	71.55	1838	360	141	1	1767	61172	59427	1e-94	346
