NODE_1_length_868079_cov_35.4867_ID_3457	CR382138.2	90.25	1497	120	23	817896	819380	2211171	2212653	0.0	1932.0
NODE_1_length_868079_cov_35.4867_ID_3457	CR382138.2	90.9	1307	111	8	782578	783878	2175512	2176816	0.0	1748.0
NODE_1_length_868079_cov_35.4867_ID_3457	CR382136.2	94.51	2512	114	24	287443	289943	1061683	1064181	0.0	3853.0
NODE_1_length_868079_cov_35.4867_ID_3457	CR382136.2	94.96	1111	39	16	21670	22771	781787	782889	0.0	1725.0
NODE_2_length_632767_cov_34.637_ID_14960	CR382138.2	90.56	2002	144	37	555929	557904	824624	822642	0.0	2608.0
NODE_2_length_632767_cov_34.637_ID_14960	CR382138.2	90.28	1163	61	47	98385	99518	1290939	1289800	0.0	1474.0
NODE_3_length_610127_cov_34.1103_ID_9381	CR382137.2	91.16	2263	178	20	82872	85121	612499	614752	0.0	3051.0
NODE_3_length_610127_cov_34.1103_ID_9381	CR382137.2	90.95	1481	99	29	434064	435525	961540	963004	0.0	1960.0
NODE_4_length_568668_cov_34.0918_ID_5933	CR382137.2	90.19	2131	183	22	184398	186518	1533270	1531156	0.0	2754.0
NODE_5_length_492603_cov_35.8368_ID_3167	CR382136.2	92.78	1385	73	23	290070	291435	1375556	1376932	0.0	1978.0
NODE_5_length_492603_cov_35.8368_ID_3167	CR382136.2	94.07	1215	51	18	367211	368416	1453447	1454649	0.0	1825.0
NODE_7_length_477912_cov_33.9664_ID_3898	CR382133.2	92.8	3599	190	63	438327	441893	725345	721784	0.0	5147.0
NODE_7_length_477912_cov_33.9664_ID_3898	CR382133.2	90.34	1139	71	28	16024	17129	1174026	1172894	0.0	1458.0
NODE_8_length_420801_cov_34.7658_ID_10030	CR382134.2	90.32	2480	174	49	399852	402314	594652	597082	0.0	3190.0
NODE_8_length_420801_cov_34.7658_ID_10030	CR382134.2	90.35	2094	181	20	193510	195590	384358	386443	0.0	2728.0
NODE_8_length_420801_cov_34.7658_ID_10030	CR382134.2	90.28	1482	99	33	70747	72205	255405	256864	0.0	1897.0
NODE_8_length_420801_cov_34.7658_ID_10030	CR382134.2	90.08	1432	113	26	28169	29588	212675	214089	0.0	1831.0
NODE_9_length_405733_cov_34.5204_ID_6323	CR382138.2	91.39	2486	169	38	11322	13788	355101	357560	0.0	3363.0
NODE_13_length_281259_cov_34.196_ID_5079	CR382138.2	90.91	1166	68	33	116680	117833	174419	175558	0.0	1531.0
NODE_17_length_261917_cov_32.8292_ID_15277	CR382137.2	90.95	1481	99	29	174603	176064	963004	961540	0.0	1960.0
NODE_18_length_256572_cov_33.9778_ID_8571	CR382139.2	90.43	2142	172	33	41381	43506	244896	242772	0.0	2789.0
NODE_24_length_209967_cov_36.188_ID_7943	CR382134.2	90.31	1569	80	57	160790	162325	1204454	1205983	0.0	1989.0
NODE_26_length_188724_cov_36.181_ID_10266	CR382136.2	90.21	1788	145	22	5238	7017	500421	502186	0.0	2305.0
NODE_26_length_188724_cov_36.181_ID_10266	CR382136.2	93.33	1319	64	23	181766	183074	685928	687232	0.0	1927.0
NODE_27_length_180801_cov_34.1253_ID_5551	CR382135.2	90.59	1923	149	29	48026	49930	1513432	1511524	0.0	2519.0
NODE_30_length_154374_cov_33.7699_ID_5271	CR382138.2	91.5	3389	274	11	105223	108605	1501950	1505330	0.0	4650.0
NODE_43_length_49480_cov_37.8212_ID_16377	CR382135.2	95.51	1603	58	13	12145	13741	580488	578894	0.0	2549.0
NODE_44_length_44469_cov_37.7959_ID_14331	CR382134.2	93.88	1339	65	16	24955	26284	87381	86051	0.0	2002.0
NODE_62_length_5509_cov_765.714_ID_31570	CR382137.2	91.35	3065	235	30	2460	5509	7735	10784	0.0	4165.0
NODE_62_length_5509_cov_765.714_ID_31570	CR382138.2	90.09	1918	164	25	3522	5426	2297036	2295132	0.0	2466.0
NODE_68_length_4005_cov_29.0228_ID_19172	CR382137.2	93.14	1923	101	25	943	2853	23330	25233	0.0	2791.0
NODE_68_length_4005_cov_29.0228_ID_19172	CR382133.2	92.87	1613	93	16	1211	2816	1235261	1233664	0.0	2322.0
NODE_83_length_2082_cov_74.7282_ID_32194	CR382139.2	91.68	1647	104	27	396	2028	8330	6703	0.0	2252.0
NODE_83_length_2082_cov_74.7282_ID_32194	CR382138.2	91.81	1637	103	20	396	2028	2300080	2301689	0.0	2252.0
NODE_83_length_2082_cov_74.7282_ID_32194	CR382138.2	91.62	1646	110	22	396	2028	4966	3336	0.0	2250.0
NODE_83_length_2082_cov_74.7282_ID_32194	CR382135.2	91.01	1646	111	27	396	2028	5415	3794	0.0	2185.0
NODE_83_length_2082_cov_74.7282_ID_32194	CR382133.2	90.88	1655	105	31	396	2028	6116	4486	0.0	2178.0
NODE_103_length_1350_cov_88.2718_ID_32116	CR382136.2	96.67	1351	37	8	1	1347	210483	211829	0.0	2239.0
NODE_103_length_1350_cov_88.2718_ID_32116	CR382138.2	96.45	1354	40	8	1	1350	344108	342759	0.0	2228.0
NODE_113_length_1143_cov_1140.03_ID_30681	CR382137.2	91.02	1091	86	12	59	1143	9700	10784	0.0	1461.0
NODE_113_length_1143_cov_1140.03_ID_30681	CR382136.2	90.5	1000	81	13	70	1063	19424	20415	0.0	1308.0
