NODE_1_length_677929_cov_39.0555_ID_3797	CR382139.2	90.43	2142	172	33	675279	677404	244896	242772	0.0	2789.0
NODE_2_length_667030_cov_40.0539_ID_6289	CR382138.2	90.25	1497	120	23	66379	67863	2212653	2211171	0.0	1932.0
NODE_2_length_667030_cov_40.0539_ID_6289	CR382138.2	90.9	1307	111	8	101878	103178	2176816	2175512	0.0	1748.0
NODE_2_length_667030_cov_40.0539_ID_6289	CR382136.2	94.51	2512	114	24	595791	598291	1064181	1061683	0.0	3853.0
NODE_3_length_473900_cov_36.294_ID_17668	CR382138.2	90.56	2002	144	37	74811	76786	822642	824624	0.0	2608.0
NODE_5_length_433519_cov_36.663_ID_9167	CR382137.2	91.16	2263	178	20	82872	85121	612499	614752	0.0	3051.0
NODE_8_length_377952_cov_36.9882_ID_8715	CR382138.2	91.39	2486	169	38	364165	366631	357560	355101	0.0	3363.0
NODE_9_length_365344_cov_39.9134_ID_4255	CR382133.2	90.34	1139	71	28	15159	16264	1174026	1172894	0.0	1458.0
NODE_13_length_259292_cov_39.2323_ID_33820	CR382134.2	90.32	2480	174	49	238298	240760	594652	597082	0.0	3190.0
NODE_13_length_259292_cov_39.2323_ID_33820	CR382134.2	90.35	2094	181	20	33289	35369	384358	386443	0.0	2728.0
NODE_16_length_218584_cov_39.5523_ID_39673	CR382136.2	94.96	1111	39	16	21703	22804	781787	782889	0.0	1725.0
NODE_17_length_211021_cov_39.308_ID_7252	CR382134.2	90.31	1569	80	57	161581	163116	1204454	1205983	0.0	1989.0
NODE_18_length_209296_cov_42.2094_ID_5219	CR382135.2	90.59	1923	149	29	76219	78123	1513432	1511524	0.0	2519.0
NODE_21_length_202705_cov_39.113_ID_14529	CR382136.2	92.78	1385	73	23	197759	199124	1376932	1375556	0.0	1978.0
NODE_21_length_202705_cov_39.113_ID_14529	CR382136.2	94.07	1215	51	18	120782	121987	1454649	1453447	0.0	1825.0
NODE_23_length_188927_cov_38.5172_ID_10126	CR382136.2	90.21	1788	145	22	5428	7207	500421	502186	0.0	2305.0
NODE_23_length_188927_cov_38.5172_ID_10126	CR382136.2	93.33	1319	64	23	182001	183309	685928	687232	0.0	1927.0
NODE_27_length_176478_cov_33.8509_ID_6526	CR382137.2	90.95	1481	99	29	389	1850	961540	963004	0.0	1960.0
NODE_30_length_158891_cov_38.34_ID_4419	CR382138.2	90.28	1163	61	47	59373	60506	1289800	1290939	0.0	1474.0
NODE_32_length_151194_cov_34.3926_ID_5053	CR382138.2	91.5	3389	274	11	42590	45972	1505330	1501950	0.0	4650.0
NODE_35_length_125146_cov_37.0941_ID_5003	CR382138.2	90.91	1166	68	33	104355	105508	174419	175558	0.0	1531.0
NODE_36_length_120391_cov_41.0564_ID_40056	CR382134.2	90.28	1482	99	33	48369	49827	256864	255405	0.0	1897.0
NODE_36_length_120391_cov_41.0564_ID_40056	CR382134.2	90.08	1432	113	26	90987	92406	214089	212675	0.0	1831.0
NODE_41_length_110809_cov_39.9697_ID_17335	CR382136.2	93.0	2356	146	18	679	3025	1604411	1602066	0.0	3419.0
NODE_41_length_110809_cov_39.9697_ID_17335	CR382136.2	92.2	2359	151	27	679	3025	55621	57958	0.0	3306.0
NODE_41_length_110809_cov_39.9697_ID_17335	CR382136.2	92.05	1157	66	18	3793	4941	35217	34079	0.0	1604.0
NODE_41_length_110809_cov_39.9697_ID_17335	CR382139.2	91.92	2351	160	25	685	3025	2049789	2047459	0.0	3262.0
NODE_41_length_110809_cov_39.9697_ID_17335	CR382134.2	92.94	2197	131	19	840	3025	40	2223	0.0	3177.0
NODE_41_length_110809_cov_39.9697_ID_17335	CR382138.2	90.95	2376	174	36	685	3039	2291267	2288912	0.0	3158.0
NODE_41_length_110809_cov_39.9697_ID_17335	CR382137.2	93.39	1982	118	12	685	2661	2005933	2003960	0.0	2922.0
NODE_43_length_81836_cov_36.7508_ID_19624	CR382137.2	90.19	2131	183	22	46923	49043	1531156	1533270	0.0	2754.0
NODE_47_length_75861_cov_37.7002_ID_10631	CR382133.2	92.8	3599	190	63	36067	39633	725345	721784	0.0	5147.0
NODE_52_length_44589_cov_44.855_ID_16888	CR382134.2	93.8	1339	66	16	25074	26403	87381	86051	0.0	1997.0
NODE_65_length_21810_cov_38.9873_ID_20680	CR382135.2	95.57	1603	57	13	8071	9667	578894	580488	0.0	2555.0
NODE_67_length_17750_cov_38.8546_ID_19818	CR382137.2	93.14	1923	101	25	5205	7115	23330	25233	0.0	2791.0
NODE_67_length_17750_cov_38.8546_ID_19818	CR382133.2	92.87	1613	93	16	5473	7078	1235261	1233664	0.0	2322.0
NODE_69_length_15849_cov_54.8755_ID_33046	CR382134.2	90.78	1150	85	20	5065	6205	19444	18307	0.0	1517.0
NODE_81_length_5183_cov_689.046_ID_35504	CR382137.2	91.58	2756	208	24	1	2744	10478	7735	0.0	3783.0
NODE_81_length_5183_cov_689.046_ID_35504	CR382138.2	91.47	1688	132	12	1	1682	2295355	2297036	0.0	2309.0
NODE_103_length_2059_cov_86.6327_ID_40544	CR382139.2	91.68	1647	104	27	425	2057	8330	6703	0.0	2252.0
NODE_103_length_2059_cov_86.6327_ID_40544	CR382138.2	91.81	1637	103	20	425	2057	2300080	2301689	0.0	2252.0
NODE_103_length_2059_cov_86.6327_ID_40544	CR382138.2	91.62	1646	110	22	425	2057	4966	3336	0.0	2250.0
NODE_103_length_2059_cov_86.6327_ID_40544	CR382135.2	91.01	1646	111	27	425	2057	5415	3794	0.0	2185.0
NODE_103_length_2059_cov_86.6327_ID_40544	CR382133.2	90.88	1655	105	31	425	2057	6116	4486	0.0	2178.0
NODE_124_length_1350_cov_97.7151_ID_40472	CR382136.2	96.67	1351	37	8	1	1347	210483	211829	0.0	2239.0
NODE_124_length_1350_cov_97.7151_ID_40472	CR382138.2	96.45	1354	40	8	1	1350	344108	342759	0.0	2228.0
